-- Found ament_cmake: 0.9.11 (/opt/ros/foxy/share/ament_cmake/cmake)
-- Using PYTHON_EXECUTABLE: /usr/bin/python3
-- Override CMake install command with custom implementation using symlinks instead of copying resources
-- Found rclcpp: 2.4.2 (/opt/ros/foxy/share/rclcpp/cmake)
-- Using all available rosidl_typesupport_c: rosidl_typesupport_fastrtps_c;rosidl_typesupport_introspection_c
-- Found rosidl_adapter: 1.3.0 (/opt/ros/foxy/share/rosidl_adapter/cmake)
-- Using all available rosidl_typesupport_cpp: rosidl_typesupport_fastrtps_cpp;rosidl_typesupport_introspection_cpp
-- Found rmw_implementation_cmake: 1.0.4 (/opt/ros/foxy/share/rmw_implementation_cmake/cmake)
-- Using RMW implementation 'rmw_fastrtps_cpp' as default
-- Found sensor_msgs: 2.0.5 (/opt/ros/foxy/share/sensor_msgs/cmake)
-- Found nav_msgs: 2.0.5 (/opt/ros/foxy/share/nav_msgs/cmake)
-- Found ament_lint_auto: 0.9.8 (/opt/ros/foxy/share/ament_lint_auto/cmake)
-- Added test 'copyright' to check source files copyright and LICENSE
-- Added test 'cppcheck' to perform static code analysis on C / C++ code
-- Configured cppcheck include dirs: 
-- Configured cppcheck exclude dirs and/or files: 
-- Added test 'cpplint' to check C / C++ code against the Google style
-- Configured cpplint exclude dirs and/or files: 
-- Added test 'lint_cmake' to check CMake code style
-- Added test 'uncrustify' to check C / C++ code style
-- Configured uncrustify additional arguments: 
-- Added test 'xmllint' to check XML markup files
-- Configuring done (1.3s)
-- Generating done (0.1s)
-- Build files have been written to: /home/yumjunstar/Desktop/YJW/RoboticsProgram/Project/LostChildProject-ROS2_SLAM_Toolbox-Yolov8/build/keyboard_control
[ 50%] [32mBuilding CXX object CMakeFiles/keyboard_publisher.dir/src/keyboard_control.cpp.o[0m
[100%] [32m[1mLinking CXX executable keyboard_publisher[0m
[100%] Built target keyboard_publisher
-- Install configuration: ""
-- Execute custom install script
-- Symlinking: /home/yumjunstar/Desktop/YJW/RoboticsProgram/Project/LostChildProject-ROS2_SLAM_Toolbox-Yolov8/install/keyboard_control/lib/keyboard_control/keyboard_publisher
-- Up-to-date symlink: /home/yumjunstar/Desktop/YJW/RoboticsProgram/Project/LostChildProject-ROS2_SLAM_Toolbox-Yolov8/install/keyboard_control/share/ament_index/resource_index/package_run_dependencies/keyboard_control
-- Up-to-date symlink: /home/yumjunstar/Desktop/YJW/RoboticsProgram/Project/LostChildProject-ROS2_SLAM_Toolbox-Yolov8/install/keyboard_control/share/ament_index/resource_index/parent_prefix_path/keyboard_control
-- Up-to-date symlink: /home/yumjunstar/Desktop/YJW/RoboticsProgram/Project/LostChildProject-ROS2_SLAM_Toolbox-Yolov8/install/keyboard_control/share/keyboard_control/environment/ament_prefix_path.sh
-- Up-to-date symlink: /home/yumjunstar/Desktop/YJW/RoboticsProgram/Project/LostChildProject-ROS2_SLAM_Toolbox-Yolov8/install/keyboard_control/share/keyboard_control/environment/ament_prefix_path.dsv
-- Up-to-date symlink: /home/yumjunstar/Desktop/YJW/RoboticsProgram/Project/LostChildProject-ROS2_SLAM_Toolbox-Yolov8/install/keyboard_control/share/keyboard_control/environment/path.sh
-- Up-to-date symlink: /home/yumjunstar/Desktop/YJW/RoboticsProgram/Project/LostChildProject-ROS2_SLAM_Toolbox-Yolov8/install/keyboard_control/share/keyboard_control/environment/path.dsv
-- Up-to-date symlink: /home/yumjunstar/Desktop/YJW/RoboticsProgram/Project/LostChildProject-ROS2_SLAM_Toolbox-Yolov8/install/keyboard_control/share/keyboard_control/local_setup.bash
-- Up-to-date symlink: /home/yumjunstar/Desktop/YJW/RoboticsProgram/Project/LostChildProject-ROS2_SLAM_Toolbox-Yolov8/install/keyboard_control/share/keyboard_control/local_setup.sh
-- Up-to-date symlink: /home/yumjunstar/Desktop/YJW/RoboticsProgram/Project/LostChildProject-ROS2_SLAM_Toolbox-Yolov8/install/keyboard_control/share/keyboard_control/local_setup.zsh
-- Up-to-date symlink: /home/yumjunstar/Desktop/YJW/RoboticsProgram/Project/LostChildProject-ROS2_SLAM_Toolbox-Yolov8/install/keyboard_control/share/keyboard_control/local_setup.dsv
-- Symlinking: /home/yumjunstar/Desktop/YJW/RoboticsProgram/Project/LostChildProject-ROS2_SLAM_Toolbox-Yolov8/install/keyboard_control/share/keyboard_control/package.dsv
-- Up-to-date symlink: /home/yumjunstar/Desktop/YJW/RoboticsProgram/Project/LostChildProject-ROS2_SLAM_Toolbox-Yolov8/install/keyboard_control/share/ament_index/resource_index/packages/keyboard_control
-- Up-to-date symlink: /home/yumjunstar/Desktop/YJW/RoboticsProgram/Project/LostChildProject-ROS2_SLAM_Toolbox-Yolov8/install/keyboard_control/share/keyboard_control/cmake/keyboard_controlConfig.cmake
-- Up-to-date symlink: /home/yumjunstar/Desktop/YJW/RoboticsProgram/Project/LostChildProject-ROS2_SLAM_Toolbox-Yolov8/install/keyboard_control/share/keyboard_control/cmake/keyboard_controlConfig-version.cmake
-- Up-to-date symlink: /home/yumjunstar/Desktop/YJW/RoboticsProgram/Project/LostChildProject-ROS2_SLAM_Toolbox-Yolov8/install/keyboard_control/share/keyboard_control/package.xml
