[2.575s] Invoking command in '/home/yumjunstar/Desktop/YJW/RoboticsProgram/Project/LostChildProject-ROS2_SLAM_Toolbox-Yolov8/build/object_detection': PYTHONPATH=/home/yumjunstar/Desktop/YJW/RoboticsProgram/Project/LostChildProject-ROS2_SLAM_Toolbox-Yolov8/build/object_detection/prefix_override:/home/yumjunstar/Desktop/YJW/RoboticsProgram/Project/LostChildProject-ROS2_SLAM_Toolbox-Yolov8/install/object_detection/lib/python3.8/site-packages:${PYTHONPATH} /usr/bin/python3 setup.py develop --editable --build-directory /home/yumjunstar/Desktop/YJW/RoboticsProgram/Project/LostChildProject-ROS2_SLAM_Toolbox-Yolov8/build/object_detection/build --no-deps install_data
[3.006s] running develop
[3.336s] running egg_info
[3.336s] creating object_detection.egg-info
[3.336s] writing object_detection.egg-info/PKG-INFO
[3.337s] writing dependency_links to object_detection.egg-info/dependency_links.txt
[3.337s] writing entry points to object_detection.egg-info/entry_points.txt
[3.337s] writing requirements to object_detection.egg-info/requires.txt
[3.337s] writing top-level names to object_detection.egg-info/top_level.txt
[3.339s] writing manifest file 'object_detection.egg-info/SOURCES.txt'
[3.400s] reading manifest file 'object_detection.egg-info/SOURCES.txt'
[3.404s] writing manifest file 'object_detection.egg-info/SOURCES.txt'
[3.469s] running build_ext
[3.469s] Creating /home/yumjunstar/Desktop/YJW/RoboticsProgram/Project/LostChildProject-ROS2_SLAM_Toolbox-Yolov8/install/object_detection/lib/python3.8/site-packages/site.py
[3.473s] Creating /home/yumjunstar/Desktop/YJW/RoboticsProgram/Project/LostChildProject-ROS2_SLAM_Toolbox-Yolov8/install/object_detection/lib/python3.8/site-packages/object-detection.egg-link (link to .)
[3.475s] 
[3.475s] Installed /home/yumjunstar/Desktop/YJW/RoboticsProgram/Project/LostChildProject-ROS2_SLAM_Toolbox-Yolov8/build/object_detection
[3.475s] running install_data
[3.475s] creating /home/yumjunstar/Desktop/YJW/RoboticsProgram/Project/LostChildProject-ROS2_SLAM_Toolbox-Yolov8/install/object_detection/share/ament_index
[3.476s] creating /home/yumjunstar/Desktop/YJW/RoboticsProgram/Project/LostChildProject-ROS2_SLAM_Toolbox-Yolov8/install/object_detection/share/ament_index/resource_index
[3.476s] creating /home/yumjunstar/Desktop/YJW/RoboticsProgram/Project/LostChildProject-ROS2_SLAM_Toolbox-Yolov8/install/object_detection/share/ament_index/resource_index/packages
[3.476s] copying resource/object_detection -> /home/yumjunstar/Desktop/YJW/RoboticsProgram/Project/LostChildProject-ROS2_SLAM_Toolbox-Yolov8/install/object_detection/share/ament_index/resource_index/packages
[3.477s] copying package.xml -> /home/yumjunstar/Desktop/YJW/RoboticsProgram/Project/LostChildProject-ROS2_SLAM_Toolbox-Yolov8/install/object_detection/share/object_detection
[3.954s] Invoked command in '/home/yumjunstar/Desktop/YJW/RoboticsProgram/Project/LostChildProject-ROS2_SLAM_Toolbox-Yolov8/build/object_detection' returned '0': PYTHONPATH=/home/yumjunstar/Desktop/YJW/RoboticsProgram/Project/LostChildProject-ROS2_SLAM_Toolbox-Yolov8/build/object_detection/prefix_override:/home/yumjunstar/Desktop/YJW/RoboticsProgram/Project/LostChildProject-ROS2_SLAM_Toolbox-Yolov8/install/object_detection/lib/python3.8/site-packages:${PYTHONPATH} /usr/bin/python3 setup.py develop --editable --build-directory /home/yumjunstar/Desktop/YJW/RoboticsProgram/Project/LostChildProject-ROS2_SLAM_Toolbox-Yolov8/build/object_detection/build --no-deps install_data
