[1.619s] Invoking command in '/home/yumjunstar/Desktop/YJW/RoboticsProgram/Project/LostChildProject-ROS2_SLAM_Toolbox-Yolov8/build/msg_interface': CMAKE_PREFIX_PATH=/home/yumjunstar/Desktop/YJW/RoboticsProgram/Project/Kim_Hyun_Jun/ROS2_SLAM-main/lostchild/install/slam_toolbox:/home/yumjunstar/Desktop/YJW/RoboticsProgram/Project/Kim_Hyun_Jun/ROS2_SLAM-main/lostchild/install/msg_interface:/home/yumjunstar/Desktop/YJW/RoboticsProgram/Project/LostChildProject-ROS2_SLAM_Toolbox-Yolov8/install/slam_toolbox:/home/yumjunstar/Desktop/YJW/RoboticsProgram/Project/LostChildProject-ROS2_SLAM_Toolbox-Yolov8/install/keyboard_control:/home/yumjunstar/Desktop/YJW/RoboticsProgram/Project/Kim_Hyun_Jun/ROS2_SLAM-main/lostchild/install/robot_localization:/home/yumjunstar/Desktop/YJW/RoboticsProgram/Project/Kim_Hyun_Jun/ROS2_SLAM-main/lostchild/install/beagle_sub_pub:/home/yumjunstar/Desktop/YJW/RoboticsProgram/Project/Kim_Hyun_Jun/ROS2_SLAM-main/lostchild/install/tf_transformations:/home/yumjunstar/Desktop/YJW/RoboticsProgram/Project/Kim_Hyun_Jun/ROS2_SLAM-main/lostchild/install/static_tf:/home/yumjunstar/Desktop/YJW/RoboticsProgram/Project/Kim_Hyun_Jun/ROS2_SLAM-main/lostchild/install/motor:/home/yumjunstar/Desktop/YJW/RoboticsProgram/Project/Kim_Hyun_Jun/ROS2_SLAM-main/lostchild/install/lidar:/home/yumjunstar/Desktop/YJW/RoboticsProgram/Project/Kim_Hyun_Jun/ROS2_SLAM-main/lostchild/install/camera:/home/yumjunstar/Desktop/YJW/RoboticsProgram/Project/LostChildProject-ROS2_SLAM_Toolbox-Yolov8/install/robot_localization:/home/yumjunstar/Desktop/YJW/RoboticsProgram/Project/LostChildProject-ROS2_SLAM_Toolbox-Yolov8/install/beagle_sub_pub:/home/yumjunstar/Desktop/YJW/RoboticsProgram/Project/LostChildProject-ROS2_SLAM_Toolbox-Yolov8/install/tf_transformations:/home/yumjunstar/Desktop/YJW/RoboticsProgram/Project/LostChildProject-ROS2_SLAM_Toolbox-Yolov8/install/teleop_twist_keyboard:/home/yumjunstar/Desktop/YJW/RoboticsProgram/Project/LostChildProject-ROS2_SLAM_Toolbox-Yolov8/install/static_tf:/home/yumjunstar/Desktop/YJW/RoboticsProgram/Project/LostChildProject-ROS2_SLAM_Toolbox-Yolov8/install/object_detection:/home/yumjunstar/Desktop/YJW/RoboticsProgram/Project/LostChildProject-ROS2_SLAM_Toolbox-Yolov8/install/motor:/home/yumjunstar/Desktop/YJW/RoboticsProgram/Project/LostChildProject-ROS2_SLAM_Toolbox-Yolov8/install/lidar:/home/yumjunstar/Desktop/YJW/RoboticsProgram/Project/LostChildProject-ROS2_SLAM_Toolbox-Yolov8/install/camera_undistort:/home/yumjunstar/Desktop/YJW/RoboticsProgram/Project/LostChildProject-ROS2_SLAM_Toolbox-Yolov8/install/camera:/opt/ros/foxy:/home/yumjunstar/Desktop/YJW/RoboticsProgram/Project/LostChildProject-ROS2_SLAM_Toolbox-Yolov8/install/karto_sdk /home/yumjunstar/.local/bin/cmake /home/yumjunstar/Desktop/YJW/RoboticsProgram/Project/LostChildProject-ROS2_SLAM_Toolbox-Yolov8/src/msg_interface -DAMENT_CMAKE_SYMLINK_INSTALL=1 -DCMAKE_INSTALL_PREFIX=/home/yumjunstar/Desktop/YJW/RoboticsProgram/Project/LostChildProject-ROS2_SLAM_Toolbox-Yolov8/install/msg_interface
[1.960s] -- The C compiler identification is GNU 9.4.0
[1.960s] -- The CXX compiler identification is GNU 9.4.0
[1.972s] -- Detecting C compiler ABI info
[2.202s] -- Detecting C compiler ABI info - done
[2.223s] -- Check for working C compiler: /usr/bin/cc - skipped
[2.227s] -- Detecting C compile features
[2.229s] -- Detecting C compile features - done
[2.248s] -- Detecting CXX compiler ABI info
[2.531s] -- Detecting CXX compiler ABI info - done
[2.553s] -- Check for working CXX compiler: /usr/bin/c++ - skipped
[2.554s] -- Detecting CXX compile features
[2.555s] -- Detecting CXX compile features - done
[2.578s] -- Found ament_cmake: 0.9.11 (/opt/ros/foxy/share/ament_cmake/cmake)
[2.694s] -- Found PythonInterp: /usr/bin/python3 (found suitable version "3.8.10", minimum required is "3") 
[2.694s] -- Using PYTHON_EXECUTABLE: /usr/bin/python3
[3.340s] -- Override CMake install command with custom implementation using symlinks instead of copying resources
[3.566s] -- Found builtin_interfaces: 1.0.0 (/opt/ros/foxy/share/builtin_interfaces/cmake)
[3.749s] -- Using all available rosidl_typesupport_c: rosidl_typesupport_fastrtps_c;rosidl_typesupport_introspection_c
[3.786s] -- Found rosidl_adapter: 1.3.0 (/opt/ros/foxy/share/rosidl_adapter/cmake)
[4.090s] -- Found OpenSSL: /usr/lib/x86_64-linux-gnu/libcrypto.so (found version "1.1.1f")  
[4.153s] -- Found FastRTPS: /opt/ros/foxy/include  
[4.466s] -- Using all available rosidl_typesupport_cpp: rosidl_typesupport_fastrtps_cpp;rosidl_typesupport_introspection_cpp
[4.529s] -- Found rosidl_default_generators: 1.0.1 (/opt/ros/foxy/share/rosidl_default_generators/cmake)
[4.640s] -- Found PythonInterp: /usr/bin/python3 (found version "3.8.10") 
[4.896s] -- Found ament_cmake_ros: 0.9.2 (/opt/ros/foxy/share/ament_cmake_ros/cmake)
[5.077s] -- Using all available rosidl_typesupport_c: rosidl_typesupport_fastrtps_c;rosidl_typesupport_introspection_c
[5.093s] -- Using all available rosidl_typesupport_cpp: rosidl_typesupport_fastrtps_cpp;rosidl_typesupport_introspection_cpp
[5.147s] -- Found PythonInterp: /usr/bin/python3 (found suitable version "3.8.10", minimum required is "3.5") 
[5.149s] -- Found python_cmake_module: 0.8.1 (/opt/ros/foxy/share/python_cmake_module/cmake)
[5.204s] -- Found PythonLibs: /usr/lib/x86_64-linux-gnu/libpython3.8.so (found suitable version "3.8.10", minimum required is "3.5") 
[5.204s] -- Using PYTHON_EXECUTABLE: /usr/bin/python3
[5.204s] -- Using PYTHON_INCLUDE_DIRS: /usr/include/python3.8
[5.204s] -- Using PYTHON_LIBRARIES: /usr/lib/x86_64-linux-gnu/libpython3.8.so
[5.249s] -- Found PythonExtra: .so  
[5.334s] -- Configuring done (3.7s)
[5.368s] -- Generating done (0.0s)
[5.370s] -- Build files have been written to: /home/yumjunstar/Desktop/YJW/RoboticsProgram/Project/LostChildProject-ROS2_SLAM_Toolbox-Yolov8/build/msg_interface
[5.716s] Invoked command in '/home/yumjunstar/Desktop/YJW/RoboticsProgram/Project/LostChildProject-ROS2_SLAM_Toolbox-Yolov8/build/msg_interface' returned '0': CMAKE_PREFIX_PATH=/home/yumjunstar/Desktop/YJW/RoboticsProgram/Project/Kim_Hyun_Jun/ROS2_SLAM-main/lostchild/install/slam_toolbox:/home/yumjunstar/Desktop/YJW/RoboticsProgram/Project/Kim_Hyun_Jun/ROS2_SLAM-main/lostchild/install/msg_interface:/home/yumjunstar/Desktop/YJW/RoboticsProgram/Project/LostChildProject-ROS2_SLAM_Toolbox-Yolov8/install/slam_toolbox:/home/yumjunstar/Desktop/YJW/RoboticsProgram/Project/LostChildProject-ROS2_SLAM_Toolbox-Yolov8/install/keyboard_control:/home/yumjunstar/Desktop/YJW/RoboticsProgram/Project/Kim_Hyun_Jun/ROS2_SLAM-main/lostchild/install/robot_localization:/home/yumjunstar/Desktop/YJW/RoboticsProgram/Project/Kim_Hyun_Jun/ROS2_SLAM-main/lostchild/install/beagle_sub_pub:/home/yumjunstar/Desktop/YJW/RoboticsProgram/Project/Kim_Hyun_Jun/ROS2_SLAM-main/lostchild/install/tf_transformations:/home/yumjunstar/Desktop/YJW/RoboticsProgram/Project/Kim_Hyun_Jun/ROS2_SLAM-main/lostchild/install/static_tf:/home/yumjunstar/Desktop/YJW/RoboticsProgram/Project/Kim_Hyun_Jun/ROS2_SLAM-main/lostchild/install/motor:/home/yumjunstar/Desktop/YJW/RoboticsProgram/Project/Kim_Hyun_Jun/ROS2_SLAM-main/lostchild/install/lidar:/home/yumjunstar/Desktop/YJW/RoboticsProgram/Project/Kim_Hyun_Jun/ROS2_SLAM-main/lostchild/install/camera:/home/yumjunstar/Desktop/YJW/RoboticsProgram/Project/LostChildProject-ROS2_SLAM_Toolbox-Yolov8/install/robot_localization:/home/yumjunstar/Desktop/YJW/RoboticsProgram/Project/LostChildProject-ROS2_SLAM_Toolbox-Yolov8/install/beagle_sub_pub:/home/yumjunstar/Desktop/YJW/RoboticsProgram/Project/LostChildProject-ROS2_SLAM_Toolbox-Yolov8/install/tf_transformations:/home/yumjunstar/Desktop/YJW/RoboticsProgram/Project/LostChildProject-ROS2_SLAM_Toolbox-Yolov8/install/teleop_twist_keyboard:/home/yumjunstar/Desktop/YJW/RoboticsProgram/Project/LostChildProject-ROS2_SLAM_Toolbox-Yolov8/install/static_tf:/home/yumjunstar/Desktop/YJW/RoboticsProgram/Project/LostChildProject-ROS2_SLAM_Toolbox-Yolov8/install/object_detection:/home/yumjunstar/Desktop/YJW/RoboticsProgram/Project/LostChildProject-ROS2_SLAM_Toolbox-Yolov8/install/motor:/home/yumjunstar/Desktop/YJW/RoboticsProgram/Project/LostChildProject-ROS2_SLAM_Toolbox-Yolov8/install/lidar:/home/yumjunstar/Desktop/YJW/RoboticsProgram/Project/LostChildProject-ROS2_SLAM_Toolbox-Yolov8/install/camera_undistort:/home/yumjunstar/Desktop/YJW/RoboticsProgram/Project/LostChildProject-ROS2_SLAM_Toolbox-Yolov8/install/camera:/opt/ros/foxy:/home/yumjunstar/Desktop/YJW/RoboticsProgram/Project/LostChildProject-ROS2_SLAM_Toolbox-Yolov8/install/karto_sdk /home/yumjunstar/.local/bin/cmake /home/yumjunstar/Desktop/YJW/RoboticsProgram/Project/LostChildProject-ROS2_SLAM_Toolbox-Yolov8/src/msg_interface -DAMENT_CMAKE_SYMLINK_INSTALL=1 -DCMAKE_INSTALL_PREFIX=/home/yumjunstar/Desktop/YJW/RoboticsProgram/Project/LostChildProject-ROS2_SLAM_Toolbox-Yolov8/install/msg_interface
[5.718s] Invoking command in '/home/yumjunstar/Desktop/YJW/RoboticsProgram/Project/LostChildProject-ROS2_SLAM_Toolbox-Yolov8/build/msg_interface': CMAKE_PREFIX_PATH=/home/yumjunstar/Desktop/YJW/RoboticsProgram/Project/Kim_Hyun_Jun/ROS2_SLAM-main/lostchild/install/slam_toolbox:/home/yumjunstar/Desktop/YJW/RoboticsProgram/Project/Kim_Hyun_Jun/ROS2_SLAM-main/lostchild/install/msg_interface:/home/yumjunstar/Desktop/YJW/RoboticsProgram/Project/LostChildProject-ROS2_SLAM_Toolbox-Yolov8/install/slam_toolbox:/home/yumjunstar/Desktop/YJW/RoboticsProgram/Project/LostChildProject-ROS2_SLAM_Toolbox-Yolov8/install/keyboard_control:/home/yumjunstar/Desktop/YJW/RoboticsProgram/Project/Kim_Hyun_Jun/ROS2_SLAM-main/lostchild/install/robot_localization:/home/yumjunstar/Desktop/YJW/RoboticsProgram/Project/Kim_Hyun_Jun/ROS2_SLAM-main/lostchild/install/beagle_sub_pub:/home/yumjunstar/Desktop/YJW/RoboticsProgram/Project/Kim_Hyun_Jun/ROS2_SLAM-main/lostchild/install/tf_transformations:/home/yumjunstar/Desktop/YJW/RoboticsProgram/Project/Kim_Hyun_Jun/ROS2_SLAM-main/lostchild/install/static_tf:/home/yumjunstar/Desktop/YJW/RoboticsProgram/Project/Kim_Hyun_Jun/ROS2_SLAM-main/lostchild/install/motor:/home/yumjunstar/Desktop/YJW/RoboticsProgram/Project/Kim_Hyun_Jun/ROS2_SLAM-main/lostchild/install/lidar:/home/yumjunstar/Desktop/YJW/RoboticsProgram/Project/Kim_Hyun_Jun/ROS2_SLAM-main/lostchild/install/camera:/home/yumjunstar/Desktop/YJW/RoboticsProgram/Project/LostChildProject-ROS2_SLAM_Toolbox-Yolov8/install/robot_localization:/home/yumjunstar/Desktop/YJW/RoboticsProgram/Project/LostChildProject-ROS2_SLAM_Toolbox-Yolov8/install/beagle_sub_pub:/home/yumjunstar/Desktop/YJW/RoboticsProgram/Project/LostChildProject-ROS2_SLAM_Toolbox-Yolov8/install/tf_transformations:/home/yumjunstar/Desktop/YJW/RoboticsProgram/Project/LostChildProject-ROS2_SLAM_Toolbox-Yolov8/install/teleop_twist_keyboard:/home/yumjunstar/Desktop/YJW/RoboticsProgram/Project/LostChildProject-ROS2_SLAM_Toolbox-Yolov8/install/static_tf:/home/yumjunstar/Desktop/YJW/RoboticsProgram/Project/LostChildProject-ROS2_SLAM_Toolbox-Yolov8/install/object_detection:/home/yumjunstar/Desktop/YJW/RoboticsProgram/Project/LostChildProject-ROS2_SLAM_Toolbox-Yolov8/install/motor:/home/yumjunstar/Desktop/YJW/RoboticsProgram/Project/LostChildProject-ROS2_SLAM_Toolbox-Yolov8/install/lidar:/home/yumjunstar/Desktop/YJW/RoboticsProgram/Project/LostChildProject-ROS2_SLAM_Toolbox-Yolov8/install/camera_undistort:/home/yumjunstar/Desktop/YJW/RoboticsProgram/Project/LostChildProject-ROS2_SLAM_Toolbox-Yolov8/install/camera:/opt/ros/foxy:/home/yumjunstar/Desktop/YJW/RoboticsProgram/Project/LostChildProject-ROS2_SLAM_Toolbox-Yolov8/install/karto_sdk /home/yumjunstar/.local/bin/cmake --build /home/yumjunstar/Desktop/YJW/RoboticsProgram/Project/LostChildProject-ROS2_SLAM_Toolbox-Yolov8/build/msg_interface -- -j8 -l8
[5.817s] [  3%] [34m[1mGenerating C code for ROS interfaces[0m
[5.824s] [  6%] [34m[1mGenerating C++ code for ROS interfaces[0m
[6.276s] [  6%] Built target msg_interface__cpp
[6.281s] [  9%] [34m[1mGenerating C++ type support dispatch for ROS interfaces[0m
[6.282s] [ 12%] [34m[1mGenerating C++ type support for eProsima Fast-RTPS[0m
[6.285s] [ 16%] [34m[1mGenerating C++ introspection for ROS interfaces[0m
[6.293s] [ 19%] [32mBuilding C object CMakeFiles/msg_interface__rosidl_generator_c.dir/rosidl_generator_c/msg_interface/msg/detail/arithmetic__functions.c.o[0m
[6.360s] [ 22%] [32m[1mLinking C shared library libmsg_interface__rosidl_generator_c.so[0m
[6.399s] [ 22%] Built target msg_interface__rosidl_generator_c
[6.405s] [ 29%] [34m[1mGenerating C introspection for ROS interfaces[0m
[6.405s] [ 29%] [34m[1mGenerating C type support dispatch for ROS interfaces[0m
[6.577s] [ 32%] [32mBuilding CXX object CMakeFiles/msg_interface__rosidl_typesupport_cpp.dir/rosidl_typesupport_cpp/msg_interface/msg/arithmetic__type_support.cpp.o[0m
[6.582s] [ 35%] [32mBuilding CXX object CMakeFiles/msg_interface__rosidl_typesupport_introspection_cpp.dir/rosidl_typesupport_introspection_cpp/msg_interface/msg/detail/arithmetic__type_support.cpp.o[0m
[6.666s] [ 38%] [32mBuilding CXX object CMakeFiles/msg_interface__rosidl_typesupport_c.dir/rosidl_typesupport_c/msg_interface/msg/arithmetic__type_support.cpp.o[0m
[6.694s] [ 41%] [32m[1mLinking CXX shared library libmsg_interface__rosidl_typesupport_c.so[0m
[6.728s] [ 45%] [32mBuilding CXX object CMakeFiles/msg_interface__rosidl_typesupport_fastrtps_cpp.dir/rosidl_typesupport_fastrtps_cpp/msg_interface/msg/detail/dds_fastrtps/arithmetic__type_support.cpp.o[0m
[6.738s] [ 45%] Built target msg_interface__rosidl_typesupport_c
[6.809s] [ 48%] [32mBuilding C object CMakeFiles/msg_interface__rosidl_typesupport_introspection_c.dir/rosidl_typesupport_introspection_c/msg_interface/msg/detail/arithmetic__type_support.c.o[0m
[6.838s] [ 51%] [32m[1mLinking C shared library libmsg_interface__rosidl_typesupport_introspection_c.so[0m
[6.857s] [ 51%] Built target msg_interface__rosidl_typesupport_introspection_c
[6.903s] [ 54%] [32m[1mLinking CXX shared library libmsg_interface__rosidl_typesupport_cpp.so[0m
[6.914s] [ 58%] [32m[1mLinking CXX shared library libmsg_interface__rosidl_typesupport_introspection_cpp.so[0m
[6.933s] [ 58%] Built target msg_interface__rosidl_typesupport_cpp
[6.976s] [ 58%] Built target msg_interface__rosidl_typesupport_introspection_cpp
[7.165s] [ 61%] [32m[1mLinking CXX shared library libmsg_interface__rosidl_typesupport_fastrtps_cpp.so[0m
[7.263s] [ 61%] Built target msg_interface__rosidl_typesupport_fastrtps_cpp
[7.268s] [ 64%] [34m[1mGenerating C type support for eProsima Fast-RTPS[0m
[7.537s] [ 67%] [32mBuilding CXX object CMakeFiles/msg_interface__rosidl_typesupport_fastrtps_c.dir/rosidl_typesupport_fastrtps_c/msg_interface/msg/detail/arithmetic__type_support_c.cpp.o[0m
[7.843s] [ 70%] [32m[1mLinking CXX shared library libmsg_interface__rosidl_typesupport_fastrtps_c.so[0m
[7.923s] [ 70%] Built target msg_interface__rosidl_typesupport_fastrtps_c
[7.932s] [ 70%] Built target msg_interface
[7.940s] [ 74%] [34m[1mGenerating Python code for ROS interfaces[0m
[8.460s] [ 74%] Built target msg_interface__py
[8.470s] [ 77%] [32mBuilding C object CMakeFiles/msg_interface__python.dir/rosidl_generator_py/msg_interface/msg/_arithmetic_s.c.o[0m
[8.577s] [ 80%] [32m[1mLinking C shared library rosidl_generator_py/msg_interface/libmsg_interface__python.so[0m
[8.607s] [ 80%] Built target msg_interface__python
[8.616s] [ 90%] [32mBuilding C object CMakeFiles/msg_interface__rosidl_typesupport_fastrtps_c__pyext.dir/rosidl_generator_py/msg_interface/_msg_interface_s.ep.rosidl_typesupport_fastrtps_c.c.o[0m
[8.616s] [ 90%] [32mBuilding C object CMakeFiles/msg_interface__rosidl_typesupport_c__pyext.dir/rosidl_generator_py/msg_interface/_msg_interface_s.ep.rosidl_typesupport_c.c.o[0m
[8.616s] [ 90%] [32mBuilding C object CMakeFiles/msg_interface__rosidl_typesupport_introspection_c__pyext.dir/rosidl_generator_py/msg_interface/_msg_interface_s.ep.rosidl_typesupport_introspection_c.c.o[0m
[8.683s] [ 96%] [32m[1mLinking C shared library rosidl_generator_py/msg_interface/msg_interface_s__rosidl_typesupport_introspection_c.cpython-38-x86_64-linux-gnu.so[0m
[8.684s] [ 96%] [32m[1mLinking C shared library rosidl_generator_py/msg_interface/msg_interface_s__rosidl_typesupport_c.cpython-38-x86_64-linux-gnu.so[0m
[8.684s] [100%] [32m[1mLinking CXX shared library rosidl_generator_py/msg_interface/msg_interface_s__rosidl_typesupport_fastrtps_c.cpython-38-x86_64-linux-gnu.so[0m
[8.705s] [100%] Built target msg_interface__rosidl_typesupport_introspection_c__pyext
[8.706s] [100%] Built target msg_interface__rosidl_typesupport_c__pyext
[8.734s] [100%] Built target msg_interface__rosidl_typesupport_fastrtps_c__pyext
