[0.501s] Invoking command in '/home/kim/lostchild/src/robot_localization': AMENT_PREFIX_PATH=/home/kim/lostchild/src/install/tf_transformations:${AMENT_PREFIX_PATH} PYTHONPATH=/home/kim/lostchild/src/build/robot_localization/prefix_override:/home/kim/lostchild/src/install/robot_localization/lib/python3.8/site-packages:/home/kim/lostchild/src/install/tf_transformations/lib/python3.8/site-packages:${PYTHONPATH} /usr/bin/python3 setup.py egg_info --egg-base ../build/robot_localization build --build-base /home/kim/lostchild/src/build/robot_localization/build install --record /home/kim/lostchild/src/build/robot_localization/install.log --install-scripts $base/lib/robot_localization --single-version-externally-managed
[0.663s] running egg_info
[0.664s] writing ../build/robot_localization/robot_localization.egg-info/PKG-INFO
[0.664s] writing dependency_links to ../build/robot_localization/robot_localization.egg-info/dependency_links.txt
[0.664s] writing entry points to ../build/robot_localization/robot_localization.egg-info/entry_points.txt
[0.664s] writing requirements to ../build/robot_localization/robot_localization.egg-info/requires.txt
[0.664s] writing top-level names to ../build/robot_localization/robot_localization.egg-info/top_level.txt
[0.689s] reading manifest file '../build/robot_localization/robot_localization.egg-info/SOURCES.txt'
[0.690s] writing manifest file '../build/robot_localization/robot_localization.egg-info/SOURCES.txt'
[0.690s] running build
[0.690s] running build_py
[0.690s] running install
[0.690s] running install_lib
[0.691s] running install_data
[0.692s] running install_egg_info
[0.693s] removing '/home/kim/lostchild/src/install/robot_localization/lib/python3.8/site-packages/robot_localization-0.0.0-py3.8.egg-info' (and everything under it)
[0.693s] Copying ../build/robot_localization/robot_localization.egg-info to /home/kim/lostchild/src/install/robot_localization/lib/python3.8/site-packages/robot_localization-0.0.0-py3.8.egg-info
[0.693s] running install_scripts
[0.705s] Installing robot_localization script to /home/kim/lostchild/src/install/robot_localization/lib/robot_localization
[0.705s] writing list of installed files to '/home/kim/lostchild/src/build/robot_localization/install.log'
[0.720s] Invoked command in '/home/kim/lostchild/src/robot_localization' returned '0': AMENT_PREFIX_PATH=/home/kim/lostchild/src/install/tf_transformations:${AMENT_PREFIX_PATH} PYTHONPATH=/home/kim/lostchild/src/build/robot_localization/prefix_override:/home/kim/lostchild/src/install/robot_localization/lib/python3.8/site-packages:/home/kim/lostchild/src/install/tf_transformations/lib/python3.8/site-packages:${PYTHONPATH} /usr/bin/python3 setup.py egg_info --egg-base ../build/robot_localization build --build-base /home/kim/lostchild/src/build/robot_localization/build install --record /home/kim/lostchild/src/build/robot_localization/install.log --install-scripts $base/lib/robot_localization --single-version-externally-managed
