[1.824s] Invoking command in '/home/yumjunstar/Desktop/YJW/RoboticsProgram/Project/LostChildProject-ROS2_SLAM_Toolbox-Yolov8/build/static_tf': PYTHONPATH=/home/yumjunstar/Desktop/YJW/RoboticsProgram/Project/LostChildProject-ROS2_SLAM_Toolbox-Yolov8/build/static_tf/prefix_override:/home/yumjunstar/Desktop/YJW/RoboticsProgram/Project/LostChildProject-ROS2_SLAM_Toolbox-Yolov8/install/static_tf/lib/python3.8/site-packages:${PYTHONPATH} /usr/bin/python3 setup.py develop --editable --build-directory /home/yumjunstar/Desktop/YJW/RoboticsProgram/Project/LostChildProject-ROS2_SLAM_Toolbox-Yolov8/build/static_tf/build --no-deps install_data
[2.297s] running develop
[2.597s] running egg_info
[2.597s] creating static_tf.egg-info
[2.597s] writing static_tf.egg-info/PKG-INFO
[2.598s] writing dependency_links to static_tf.egg-info/dependency_links.txt
[2.598s] writing entry points to static_tf.egg-info/entry_points.txt
[2.598s] writing requirements to static_tf.egg-info/requires.txt
[2.598s] writing top-level names to static_tf.egg-info/top_level.txt
[2.600s] writing manifest file 'static_tf.egg-info/SOURCES.txt'
[2.649s] reading manifest file 'static_tf.egg-info/SOURCES.txt'
[2.649s] writing manifest file 'static_tf.egg-info/SOURCES.txt'
[2.699s] running build_ext
[2.699s] Creating /home/yumjunstar/Desktop/YJW/RoboticsProgram/Project/LostChildProject-ROS2_SLAM_Toolbox-Yolov8/install/static_tf/lib/python3.8/site-packages/site.py
[2.701s] Creating /home/yumjunstar/Desktop/YJW/RoboticsProgram/Project/LostChildProject-ROS2_SLAM_Toolbox-Yolov8/install/static_tf/lib/python3.8/site-packages/static-tf.egg-link (link to .)
[2.702s] 
[2.702s] Installed /home/yumjunstar/Desktop/YJW/RoboticsProgram/Project/LostChildProject-ROS2_SLAM_Toolbox-Yolov8/build/static_tf
[2.702s] running install_data
[2.703s] creating /home/yumjunstar/Desktop/YJW/RoboticsProgram/Project/LostChildProject-ROS2_SLAM_Toolbox-Yolov8/install/static_tf/share/ament_index
[2.703s] creating /home/yumjunstar/Desktop/YJW/RoboticsProgram/Project/LostChildProject-ROS2_SLAM_Toolbox-Yolov8/install/static_tf/share/ament_index/resource_index
[2.703s] creating /home/yumjunstar/Desktop/YJW/RoboticsProgram/Project/LostChildProject-ROS2_SLAM_Toolbox-Yolov8/install/static_tf/share/ament_index/resource_index/packages
[2.703s] copying resource/static_tf -> /home/yumjunstar/Desktop/YJW/RoboticsProgram/Project/LostChildProject-ROS2_SLAM_Toolbox-Yolov8/install/static_tf/share/ament_index/resource_index/packages
[2.703s] copying package.xml -> /home/yumjunstar/Desktop/YJW/RoboticsProgram/Project/LostChildProject-ROS2_SLAM_Toolbox-Yolov8/install/static_tf/share/static_tf
[2.765s] Invoked command in '/home/yumjunstar/Desktop/YJW/RoboticsProgram/Project/LostChildProject-ROS2_SLAM_Toolbox-Yolov8/build/static_tf' returned '0': PYTHONPATH=/home/yumjunstar/Desktop/YJW/RoboticsProgram/Project/LostChildProject-ROS2_SLAM_Toolbox-Yolov8/build/static_tf/prefix_override:/home/yumjunstar/Desktop/YJW/RoboticsProgram/Project/LostChildProject-ROS2_SLAM_Toolbox-Yolov8/install/static_tf/lib/python3.8/site-packages:${PYTHONPATH} /usr/bin/python3 setup.py develop --editable --build-directory /home/yumjunstar/Desktop/YJW/RoboticsProgram/Project/LostChildProject-ROS2_SLAM_Toolbox-Yolov8/build/static_tf/build --no-deps install_data
