[0.261s] Invoking command in '/home/yumjunstar/Desktop/YJW/RoboticsProgram/Project/LostChildProject-ROS2_SLAM_Toolbox-Yolov8/build/karto_sdk': /home/yumjunstar/.local/bin/cmake /home/yumjunstar/Desktop/YJW/RoboticsProgram/Project/LostChildProject-ROS2_SLAM_Toolbox-Yolov8/src/slam_toolbox-foxy-devel/lib/karto_sdk -DCATKIN_INSTALL_INTO_PREFIX_ROOT=0 -DCATKIN_SYMLINK_INSTALL=ON -DCMAKE_INSTALL_PREFIX=/home/yumjunstar/Desktop/YJW/RoboticsProgram/Project/LostChildProject-ROS2_SLAM_Toolbox-Yolov8/install/karto_sdk
[0.335s] -- The C compiler identification is GNU 9.4.0
[0.383s] -- The CXX compiler identification is GNU 9.4.0
[0.391s] -- Detecting C compiler ABI info
[0.436s] -- Detecting C compiler ABI info - done
[0.450s] -- Check for working C compiler: /usr/bin/cc - skipped
[0.450s] -- Detecting C compile features
[0.451s] -- Detecting C compile features - done
[0.454s] -- Detecting CXX compiler ABI info
[0.507s] -- Detecting CXX compiler ABI info - done
[0.518s] -- Check for working CXX compiler: /usr/bin/c++ - skipped
[0.518s] -- Detecting CXX compile features
[0.518s] -- Detecting CXX compile features - done
[0.520s] -- Found ament_cmake: 0.9.11 (/opt/ros/foxy/share/ament_cmake/cmake)
[0.554s] -- Found PythonInterp: /usr/bin/python3 (found suitable version "3.8.10", minimum required is "3") 
[0.554s] -- Using PYTHON_EXECUTABLE: /usr/bin/python3
[0.813s] -- Found rclcpp: 2.4.2 (/opt/ros/foxy/share/rclcpp/cmake)
[0.892s] -- Using all available rosidl_typesupport_c: rosidl_typesupport_fastrtps_c;rosidl_typesupport_introspection_c
[0.904s] -- Found rosidl_adapter: 1.3.0 (/opt/ros/foxy/share/rosidl_adapter/cmake)
[0.969s] -- Found OpenSSL: /usr/lib/x86_64-linux-gnu/libcrypto.so (found version "1.1.1f")  
[1.000s] -- Found FastRTPS: /opt/ros/foxy/include  
[1.075s] -- Using all available rosidl_typesupport_cpp: rosidl_typesupport_fastrtps_cpp;rosidl_typesupport_introspection_cpp
[1.136s] -- Found rmw_implementation_cmake: 1.0.4 (/opt/ros/foxy/share/rmw_implementation_cmake/cmake)
[1.137s] -- Using RMW implementation 'rmw_fastrtps_cpp' as default
[1.138s] -- Performing Test CMAKE_HAVE_LIBC_PTHREAD
[1.188s] -- Performing Test CMAKE_HAVE_LIBC_PTHREAD - Failed
[1.188s] -- Looking for pthread_create in pthreads
[1.227s] -- Looking for pthread_create in pthreads - not found
[1.227s] -- Looking for pthread_create in pthread
[1.277s] -- Looking for pthread_create in pthread - found
[1.278s] -- Found Threads: TRUE  
[1.436s] -- Found Boost: /usr/lib/x86_64-linux-gnu/cmake/Boost-1.71.0/BoostConfig.cmake (found version "1.71.0") found components: system serialization filesystem thread 
[1.531s] -- Configuring done (1.2s)
[1.543s] -- Generating done (0.0s)
[1.545s] [33mCMake Warning:
[1.545s]   Manually-specified variables were not used by the project:
[1.545s] 
[1.546s]     CATKIN_INSTALL_INTO_PREFIX_ROOT
[1.546s]     CATKIN_SYMLINK_INSTALL
[1.546s] 
[1.546s] [0m
[1.546s] -- Build files have been written to: /home/yumjunstar/Desktop/YJW/RoboticsProgram/Project/LostChildProject-ROS2_SLAM_Toolbox-Yolov8/build/karto_sdk
[1.558s] Invoked command in '/home/yumjunstar/Desktop/YJW/RoboticsProgram/Project/LostChildProject-ROS2_SLAM_Toolbox-Yolov8/build/karto_sdk' returned '0': /home/yumjunstar/.local/bin/cmake /home/yumjunstar/Desktop/YJW/RoboticsProgram/Project/LostChildProject-ROS2_SLAM_Toolbox-Yolov8/src/slam_toolbox-foxy-devel/lib/karto_sdk -DCATKIN_INSTALL_INTO_PREFIX_ROOT=0 -DCATKIN_SYMLINK_INSTALL=ON -DCMAKE_INSTALL_PREFIX=/home/yumjunstar/Desktop/YJW/RoboticsProgram/Project/LostChildProject-ROS2_SLAM_Toolbox-Yolov8/install/karto_sdk
[1.559s] Invoking command in '/home/yumjunstar/Desktop/YJW/RoboticsProgram/Project/LostChildProject-ROS2_SLAM_Toolbox-Yolov8/build/karto_sdk': /home/yumjunstar/.local/bin/cmake --build /home/yumjunstar/Desktop/YJW/RoboticsProgram/Project/LostChildProject-ROS2_SLAM_Toolbox-Yolov8/build/karto_sdk -- -j8 -l8
[1.605s] [ 33%] [32mBuilding CXX object CMakeFiles/kartoSlamToolbox.dir/src/Karto.cpp.o[0m
[1.605s] [ 66%] [32mBuilding CXX object CMakeFiles/kartoSlamToolbox.dir/src/Mapper.cpp.o[0m
[25.868s] [100%] [32m[1mLinking CXX shared library libkartoSlamToolbox.so[0m
[26.279s] [100%] Built target kartoSlamToolbox
[26.290s] Invoked command in '/home/yumjunstar/Desktop/YJW/RoboticsProgram/Project/LostChildProject-ROS2_SLAM_Toolbox-Yolov8/build/karto_sdk' returned '0': /home/yumjunstar/.local/bin/cmake --build /home/yumjunstar/Desktop/YJW/RoboticsProgram/Project/LostChildProject-ROS2_SLAM_Toolbox-Yolov8/build/karto_sdk -- -j8 -l8
[26.470s] Invoking command in '/home/yumjunstar/Desktop/YJW/RoboticsProgram/Project/LostChildProject-ROS2_SLAM_Toolbox-Yolov8/build/karto_sdk': /home/yumjunstar/.local/bin/cmake --install /home/yumjunstar/Desktop/YJW/RoboticsProgram/Project/LostChildProject-ROS2_SLAM_Toolbox-Yolov8/build/karto_sdk
[26.514s] -- Install configuration: "Release"
[26.514s] -- Installing: /home/yumjunstar/Desktop/YJW/RoboticsProgram/Project/LostChildProject-ROS2_SLAM_Toolbox-Yolov8/install/karto_sdk/include/
[26.515s] -- Installing: /home/yumjunstar/Desktop/YJW/RoboticsProgram/Project/LostChildProject-ROS2_SLAM_Toolbox-Yolov8/install/karto_sdk/include//karto_sdk
[26.515s] -- Installing: /home/yumjunstar/Desktop/YJW/RoboticsProgram/Project/LostChildProject-ROS2_SLAM_Toolbox-Yolov8/install/karto_sdk/include//karto_sdk/Mapper.h
[26.515s] -- Installing: /home/yumjunstar/Desktop/YJW/RoboticsProgram/Project/LostChildProject-ROS2_SLAM_Toolbox-Yolov8/install/karto_sdk/include//karto_sdk/Karto.h
[26.515s] -- Installing: /home/yumjunstar/Desktop/YJW/RoboticsProgram/Project/LostChildProject-ROS2_SLAM_Toolbox-Yolov8/install/karto_sdk/include//karto_sdk/nanoflann_adaptors.h
[26.515s] -- Installing: /home/yumjunstar/Desktop/YJW/RoboticsProgram/Project/LostChildProject-ROS2_SLAM_Toolbox-Yolov8/install/karto_sdk/include//karto_sdk/Math.h
[26.516s] -- Installing: /home/yumjunstar/Desktop/YJW/RoboticsProgram/Project/LostChildProject-ROS2_SLAM_Toolbox-Yolov8/install/karto_sdk/include//karto_sdk/Macros.h
[26.516s] -- Installing: /home/yumjunstar/Desktop/YJW/RoboticsProgram/Project/LostChildProject-ROS2_SLAM_Toolbox-Yolov8/install/karto_sdk/include//karto_sdk/Types.h
[26.516s] -- Installing: /home/yumjunstar/Desktop/YJW/RoboticsProgram/Project/LostChildProject-ROS2_SLAM_Toolbox-Yolov8/install/karto_sdk/include//karto_sdk/nanoflann.hpp
[26.516s] -- Installing: /home/yumjunstar/Desktop/YJW/RoboticsProgram/Project/LostChildProject-ROS2_SLAM_Toolbox-Yolov8/install/karto_sdk/lib/libkartoSlamToolbox.so
[26.520s] -- Set runtime path of "/home/yumjunstar/Desktop/YJW/RoboticsProgram/Project/LostChildProject-ROS2_SLAM_Toolbox-Yolov8/install/karto_sdk/lib/libkartoSlamToolbox.so" to ""
[26.520s] -- Installing: /home/yumjunstar/Desktop/YJW/RoboticsProgram/Project/LostChildProject-ROS2_SLAM_Toolbox-Yolov8/install/karto_sdk/share/karto_sdk/environment/library_path.sh
[26.520s] -- Installing: /home/yumjunstar/Desktop/YJW/RoboticsProgram/Project/LostChildProject-ROS2_SLAM_Toolbox-Yolov8/install/karto_sdk/share/karto_sdk/environment/library_path.dsv
[26.520s] -- Installing: /home/yumjunstar/Desktop/YJW/RoboticsProgram/Project/LostChildProject-ROS2_SLAM_Toolbox-Yolov8/install/karto_sdk/share/ament_index/resource_index/package_run_dependencies/karto_sdk
[26.521s] -- Installing: /home/yumjunstar/Desktop/YJW/RoboticsProgram/Project/LostChildProject-ROS2_SLAM_Toolbox-Yolov8/install/karto_sdk/share/ament_index/resource_index/parent_prefix_path/karto_sdk
[26.521s] -- Installing: /home/yumjunstar/Desktop/YJW/RoboticsProgram/Project/LostChildProject-ROS2_SLAM_Toolbox-Yolov8/install/karto_sdk/share/karto_sdk/environment/ament_prefix_path.sh
[26.521s] -- Installing: /home/yumjunstar/Desktop/YJW/RoboticsProgram/Project/LostChildProject-ROS2_SLAM_Toolbox-Yolov8/install/karto_sdk/share/karto_sdk/environment/ament_prefix_path.dsv
[26.521s] -- Installing: /home/yumjunstar/Desktop/YJW/RoboticsProgram/Project/LostChildProject-ROS2_SLAM_Toolbox-Yolov8/install/karto_sdk/share/karto_sdk/environment/path.sh
[26.521s] -- Installing: /home/yumjunstar/Desktop/YJW/RoboticsProgram/Project/LostChildProject-ROS2_SLAM_Toolbox-Yolov8/install/karto_sdk/share/karto_sdk/environment/path.dsv
[26.521s] -- Installing: /home/yumjunstar/Desktop/YJW/RoboticsProgram/Project/LostChildProject-ROS2_SLAM_Toolbox-Yolov8/install/karto_sdk/share/karto_sdk/local_setup.bash
[26.521s] -- Installing: /home/yumjunstar/Desktop/YJW/RoboticsProgram/Project/LostChildProject-ROS2_SLAM_Toolbox-Yolov8/install/karto_sdk/share/karto_sdk/local_setup.sh
[26.522s] -- Installing: /home/yumjunstar/Desktop/YJW/RoboticsProgram/Project/LostChildProject-ROS2_SLAM_Toolbox-Yolov8/install/karto_sdk/share/karto_sdk/local_setup.zsh
[26.522s] -- Installing: /home/yumjunstar/Desktop/YJW/RoboticsProgram/Project/LostChildProject-ROS2_SLAM_Toolbox-Yolov8/install/karto_sdk/share/karto_sdk/local_setup.dsv
[26.522s] -- Installing: /home/yumjunstar/Desktop/YJW/RoboticsProgram/Project/LostChildProject-ROS2_SLAM_Toolbox-Yolov8/install/karto_sdk/share/karto_sdk/package.dsv
[26.522s] -- Installing: /home/yumjunstar/Desktop/YJW/RoboticsProgram/Project/LostChildProject-ROS2_SLAM_Toolbox-Yolov8/install/karto_sdk/share/ament_index/resource_index/packages/karto_sdk
[26.522s] -- Installing: /home/yumjunstar/Desktop/YJW/RoboticsProgram/Project/LostChildProject-ROS2_SLAM_Toolbox-Yolov8/install/karto_sdk/share/karto_sdk/cmake/ament_cmake_export_libraries-extras.cmake
[26.522s] -- Installing: /home/yumjunstar/Desktop/YJW/RoboticsProgram/Project/LostChildProject-ROS2_SLAM_Toolbox-Yolov8/install/karto_sdk/share/karto_sdk/cmake/ament_cmake_export_include_directories-extras.cmake
[26.523s] -- Installing: /home/yumjunstar/Desktop/YJW/RoboticsProgram/Project/LostChildProject-ROS2_SLAM_Toolbox-Yolov8/install/karto_sdk/share/karto_sdk/cmake/ament_cmake_export_dependencies-extras.cmake
[26.523s] -- Installing: /home/yumjunstar/Desktop/YJW/RoboticsProgram/Project/LostChildProject-ROS2_SLAM_Toolbox-Yolov8/install/karto_sdk/share/karto_sdk/cmake/karto_sdkConfig.cmake
[26.523s] -- Installing: /home/yumjunstar/Desktop/YJW/RoboticsProgram/Project/LostChildProject-ROS2_SLAM_Toolbox-Yolov8/install/karto_sdk/share/karto_sdk/cmake/karto_sdkConfig-version.cmake
[26.523s] -- Installing: /home/yumjunstar/Desktop/YJW/RoboticsProgram/Project/LostChildProject-ROS2_SLAM_Toolbox-Yolov8/install/karto_sdk/share/karto_sdk/package.xml
[26.529s] Invoked command in '/home/yumjunstar/Desktop/YJW/RoboticsProgram/Project/LostChildProject-ROS2_SLAM_Toolbox-Yolov8/build/karto_sdk' returned '0': /home/yumjunstar/.local/bin/cmake --install /home/yumjunstar/Desktop/YJW/RoboticsProgram/Project/LostChildProject-ROS2_SLAM_Toolbox-Yolov8/build/karto_sdk
