[2.013s] Invoking command in '/home/yumjunstar/Desktop/YJW/RoboticsProgram/Project/LostChildProject-ROS2_SLAM_Toolbox-Yolov8/build/msg_interface': CMAKE_PREFIX_PATH=${CMAKE_PREFIX_PATH}:/home/yumjunstar/Desktop/YJW/RoboticsProgram/Project/LostChildProject-ROS2_SLAM_Toolbox-Yolov8/install/robot_localization:/home/yumjunstar/Desktop/YJW/RoboticsProgram/Project/LostChildProject-ROS2_SLAM_Toolbox-Yolov8/install/beagle_sub_pub:/home/yumjunstar/Desktop/YJW/RoboticsProgram/Project/LostChildProject-ROS2_SLAM_Toolbox-Yolov8/install/tf_transformations:/home/yumjunstar/Desktop/YJW/RoboticsProgram/Project/LostChildProject-ROS2_SLAM_Toolbox-Yolov8/install/teleop_twist_keyboard:/home/yumjunstar/Desktop/YJW/RoboticsProgram/Project/LostChildProject-ROS2_SLAM_Toolbox-Yolov8/install/static_tf:/home/yumjunstar/Desktop/YJW/RoboticsProgram/Project/LostChildProject-ROS2_SLAM_Toolbox-Yolov8/install/object_detection:/home/yumjunstar/Desktop/YJW/RoboticsProgram/Project/LostChildProject-ROS2_SLAM_Toolbox-Yolov8/install/motor:/home/yumjunstar/Desktop/YJW/RoboticsProgram/Project/LostChildProject-ROS2_SLAM_Toolbox-Yolov8/install/lidar:/home/yumjunstar/Desktop/YJW/RoboticsProgram/Project/LostChildProject-ROS2_SLAM_Toolbox-Yolov8/install/camera_undistort:/home/yumjunstar/Desktop/YJW/RoboticsProgram/Project/LostChildProject-ROS2_SLAM_Toolbox-Yolov8/install/camera:/opt/ros/foxy /home/yumjunstar/.local/bin/cmake --build /home/yumjunstar/Desktop/YJW/RoboticsProgram/Project/LostChildProject-ROS2_SLAM_Toolbox-Yolov8/build/msg_interface -- -j8 -l8
[3.478s] [  3%] Built target msg_interface__cpp
[3.478s] [ 12%] Built target msg_interface__rosidl_generator_c
[3.479s] [ 22%] Built target msg_interface__rosidl_typesupport_cpp
[3.479s] [ 32%] Built target msg_interface__rosidl_typesupport_fastrtps_cpp
[3.480s] [ 41%] Built target msg_interface__rosidl_typesupport_c
[3.481s] [ 51%] Built target msg_interface__rosidl_typesupport_introspection_c
[3.481s] [ 61%] Built target msg_interface__rosidl_typesupport_introspection_cpp
[3.481s] [ 70%] Built target msg_interface__rosidl_typesupport_fastrtps_c
[3.482s] [ 70%] Built target msg_interface
[3.482s] [ 74%] Built target msg_interface__py
[3.483s] [ 80%] Built target msg_interface__python
[3.483s] [ 87%] Built target msg_interface__rosidl_typesupport_fastrtps_c__pyext
[3.484s] [ 93%] Built target msg_interface__rosidl_typesupport_introspection_c__pyext
[3.484s] [100%] Built target msg_interface__rosidl_typesupport_c__pyext
[3.489s] Invoked command in '/home/yumjunstar/Desktop/YJW/RoboticsProgram/Project/LostChildProject-ROS2_SLAM_Toolbox-Yolov8/build/msg_interface' returned '0': CMAKE_PREFIX_PATH=${CMAKE_PREFIX_PATH}:/home/yumjunstar/Desktop/YJW/RoboticsProgram/Project/LostChildProject-ROS2_SLAM_Toolbox-Yolov8/install/robot_localization:/home/yumjunstar/Desktop/YJW/RoboticsProgram/Project/LostChildProject-ROS2_SLAM_Toolbox-Yolov8/install/beagle_sub_pub:/home/yumjunstar/Desktop/YJW/RoboticsProgram/Project/LostChildProject-ROS2_SLAM_Toolbox-Yolov8/install/tf_transformations:/home/yumjunstar/Desktop/YJW/RoboticsProgram/Project/LostChildProject-ROS2_SLAM_Toolbox-Yolov8/install/teleop_twist_keyboard:/home/yumjunstar/Desktop/YJW/RoboticsProgram/Project/LostChildProject-ROS2_SLAM_Toolbox-Yolov8/install/static_tf:/home/yumjunstar/Desktop/YJW/RoboticsProgram/Project/LostChildProject-ROS2_SLAM_Toolbox-Yolov8/install/object_detection:/home/yumjunstar/Desktop/YJW/RoboticsProgram/Project/LostChildProject-ROS2_SLAM_Toolbox-Yolov8/install/motor:/home/yumjunstar/Desktop/YJW/RoboticsProgram/Project/LostChildProject-ROS2_SLAM_Toolbox-Yolov8/install/lidar:/home/yumjunstar/Desktop/YJW/RoboticsProgram/Project/LostChildProject-ROS2_SLAM_Toolbox-Yolov8/install/camera_undistort:/home/yumjunstar/Desktop/YJW/RoboticsProgram/Project/LostChildProject-ROS2_SLAM_Toolbox-Yolov8/install/camera:/opt/ros/foxy /home/yumjunstar/.local/bin/cmake --build /home/yumjunstar/Desktop/YJW/RoboticsProgram/Project/LostChildProject-ROS2_SLAM_Toolbox-Yolov8/build/msg_interface -- -j8 -l8
[4.424s] Invoking command in '/home/yumjunstar/Desktop/YJW/RoboticsProgram/Project/LostChildProject-ROS2_SLAM_Toolbox-Yolov8/build/msg_interface': CMAKE_PREFIX_PATH=${CMAKE_PREFIX_PATH}:/home/yumjunstar/Desktop/YJW/RoboticsProgram/Project/LostChildProject-ROS2_SLAM_Toolbox-Yolov8/install/robot_localization:/home/yumjunstar/Desktop/YJW/RoboticsProgram/Project/LostChildProject-ROS2_SLAM_Toolbox-Yolov8/install/beagle_sub_pub:/home/yumjunstar/Desktop/YJW/RoboticsProgram/Project/LostChildProject-ROS2_SLAM_Toolbox-Yolov8/install/tf_transformations:/home/yumjunstar/Desktop/YJW/RoboticsProgram/Project/LostChildProject-ROS2_SLAM_Toolbox-Yolov8/install/teleop_twist_keyboard:/home/yumjunstar/Desktop/YJW/RoboticsProgram/Project/LostChildProject-ROS2_SLAM_Toolbox-Yolov8/install/static_tf:/home/yumjunstar/Desktop/YJW/RoboticsProgram/Project/LostChildProject-ROS2_SLAM_Toolbox-Yolov8/install/object_detection:/home/yumjunstar/Desktop/YJW/RoboticsProgram/Project/LostChildProject-ROS2_SLAM_Toolbox-Yolov8/install/motor:/home/yumjunstar/Desktop/YJW/RoboticsProgram/Project/LostChildProject-ROS2_SLAM_Toolbox-Yolov8/install/lidar:/home/yumjunstar/Desktop/YJW/RoboticsProgram/Project/LostChildProject-ROS2_SLAM_Toolbox-Yolov8/install/camera_undistort:/home/yumjunstar/Desktop/YJW/RoboticsProgram/Project/LostChildProject-ROS2_SLAM_Toolbox-Yolov8/install/camera:/opt/ros/foxy /home/yumjunstar/.local/bin/cmake --install /home/yumjunstar/Desktop/YJW/RoboticsProgram/Project/LostChildProject-ROS2_SLAM_Toolbox-Yolov8/build/msg_interface
[4.623s] -- Install configuration: ""
[4.625s] -- Execute custom install script
[4.626s] -- Up-to-date symlink: /home/yumjunstar/Desktop/YJW/RoboticsProgram/Project/LostChildProject-ROS2_SLAM_Toolbox-Yolov8/install/msg_interface/share/ament_index/resource_index/rosidl_interfaces/msg_interface
[4.627s] -- Up-to-date symlink: /home/yumjunstar/Desktop/YJW/RoboticsProgram/Project/LostChildProject-ROS2_SLAM_Toolbox-Yolov8/install/msg_interface/include/msg_interface/msg/arithmetic.h
[4.628s] -- Up-to-date symlink: /home/yumjunstar/Desktop/YJW/RoboticsProgram/Project/LostChildProject-ROS2_SLAM_Toolbox-Yolov8/install/msg_interface/include/msg_interface/msg/detail/arithmetic__functions.h
[4.629s] -- Up-to-date symlink: /home/yumjunstar/Desktop/YJW/RoboticsProgram/Project/LostChildProject-ROS2_SLAM_Toolbox-Yolov8/install/msg_interface/include/msg_interface/msg/detail/arithmetic__struct.h
[4.629s] -- Up-to-date symlink: /home/yumjunstar/Desktop/YJW/RoboticsProgram/Project/LostChildProject-ROS2_SLAM_Toolbox-Yolov8/install/msg_interface/include/msg_interface/msg/detail/arithmetic__type_support.h
[4.630s] -- Up-to-date symlink: /home/yumjunstar/Desktop/YJW/RoboticsProgram/Project/LostChildProject-ROS2_SLAM_Toolbox-Yolov8/install/msg_interface/include/msg_interface/msg/rosidl_generator_c__visibility_control.h
[4.630s] -- Up-to-date symlink: /home/yumjunstar/Desktop/YJW/RoboticsProgram/Project/LostChildProject-ROS2_SLAM_Toolbox-Yolov8/install/msg_interface/share/msg_interface/environment/library_path.sh
[4.631s] -- Up-to-date symlink: /home/yumjunstar/Desktop/YJW/RoboticsProgram/Project/LostChildProject-ROS2_SLAM_Toolbox-Yolov8/install/msg_interface/share/msg_interface/environment/library_path.dsv
[4.633s] -- Up-to-date symlink: /home/yumjunstar/Desktop/YJW/RoboticsProgram/Project/LostChildProject-ROS2_SLAM_Toolbox-Yolov8/install/msg_interface/include/msg_interface/msg/detail/arithmetic__rosidl_typesupport_fastrtps_c.h
[4.633s] -- Up-to-date symlink: /home/yumjunstar/Desktop/YJW/RoboticsProgram/Project/LostChildProject-ROS2_SLAM_Toolbox-Yolov8/install/msg_interface/include/msg_interface/msg/rosidl_typesupport_fastrtps_c__visibility_control.h
[4.634s] -- Up-to-date symlink: /home/yumjunstar/Desktop/YJW/RoboticsProgram/Project/LostChildProject-ROS2_SLAM_Toolbox-Yolov8/install/msg_interface/lib/libmsg_interface__rosidl_typesupport_fastrtps_c.so
[4.636s] -- Up-to-date symlink: /home/yumjunstar/Desktop/YJW/RoboticsProgram/Project/LostChildProject-ROS2_SLAM_Toolbox-Yolov8/install/msg_interface/include/msg_interface/msg/detail/arithmetic__rosidl_typesupport_fastrtps_cpp.hpp
[4.636s] -- Up-to-date symlink: /home/yumjunstar/Desktop/YJW/RoboticsProgram/Project/LostChildProject-ROS2_SLAM_Toolbox-Yolov8/install/msg_interface/include/msg_interface/msg/rosidl_typesupport_fastrtps_cpp__visibility_control.h
[4.637s] -- Up-to-date symlink: /home/yumjunstar/Desktop/YJW/RoboticsProgram/Project/LostChildProject-ROS2_SLAM_Toolbox-Yolov8/install/msg_interface/lib/libmsg_interface__rosidl_typesupport_fastrtps_cpp.so
[4.639s] -- Up-to-date symlink: /home/yumjunstar/Desktop/YJW/RoboticsProgram/Project/LostChildProject-ROS2_SLAM_Toolbox-Yolov8/install/msg_interface/include/msg_interface/msg/detail/arithmetic__rosidl_typesupport_introspection_c.h
[4.639s] -- Up-to-date symlink: /home/yumjunstar/Desktop/YJW/RoboticsProgram/Project/LostChildProject-ROS2_SLAM_Toolbox-Yolov8/install/msg_interface/include/msg_interface/msg/rosidl_typesupport_introspection_c__visibility_control.h
[4.641s] -- Up-to-date symlink: /home/yumjunstar/Desktop/YJW/RoboticsProgram/Project/LostChildProject-ROS2_SLAM_Toolbox-Yolov8/install/msg_interface/include/msg_interface/msg/arithmetic.hpp
[4.641s] -- Up-to-date symlink: /home/yumjunstar/Desktop/YJW/RoboticsProgram/Project/LostChildProject-ROS2_SLAM_Toolbox-Yolov8/install/msg_interface/include/msg_interface/msg/detail/arithmetic__builder.hpp
[4.641s] -- Up-to-date symlink: /home/yumjunstar/Desktop/YJW/RoboticsProgram/Project/LostChildProject-ROS2_SLAM_Toolbox-Yolov8/install/msg_interface/include/msg_interface/msg/detail/arithmetic__struct.hpp
[4.642s] -- Up-to-date symlink: /home/yumjunstar/Desktop/YJW/RoboticsProgram/Project/LostChildProject-ROS2_SLAM_Toolbox-Yolov8/install/msg_interface/include/msg_interface/msg/detail/arithmetic__traits.hpp
[4.643s] -- Up-to-date symlink: /home/yumjunstar/Desktop/YJW/RoboticsProgram/Project/LostChildProject-ROS2_SLAM_Toolbox-Yolov8/install/msg_interface/include/msg_interface/msg/detail/arithmetic__rosidl_typesupport_introspection_cpp.hpp
[4.644s] -- Up-to-date symlink: /home/yumjunstar/Desktop/YJW/RoboticsProgram/Project/LostChildProject-ROS2_SLAM_Toolbox-Yolov8/install/msg_interface/share/msg_interface/environment/pythonpath.sh
[4.645s] -- Up-to-date symlink: /home/yumjunstar/Desktop/YJW/RoboticsProgram/Project/LostChildProject-ROS2_SLAM_Toolbox-Yolov8/install/msg_interface/share/msg_interface/environment/pythonpath.dsv
[4.645s] -- Up-to-date symlink: /home/yumjunstar/Desktop/YJW/RoboticsProgram/Project/LostChildProject-ROS2_SLAM_Toolbox-Yolov8/install/msg_interface/lib/python3.8/site-packages/msg_interface/__init__.py
[4.646s] -- Up-to-date symlink: /home/yumjunstar/Desktop/YJW/RoboticsProgram/Project/LostChildProject-ROS2_SLAM_Toolbox-Yolov8/install/msg_interface/lib/python3.8/site-packages/msg_interface/msg/__init__.py
[4.647s] -- Up-to-date symlink: /home/yumjunstar/Desktop/YJW/RoboticsProgram/Project/LostChildProject-ROS2_SLAM_Toolbox-Yolov8/install/msg_interface/lib/python3.8/site-packages/msg_interface/msg/_arithmetic.py
[4.648s] -- Up-to-date symlink: /home/yumjunstar/Desktop/YJW/RoboticsProgram/Project/LostChildProject-ROS2_SLAM_Toolbox-Yolov8/install/msg_interface/lib/python3.8/site-packages/msg_interface/msg_interface_s__rosidl_typesupport_fastrtps_c.cpython-38-x86_64-linux-gnu.so
[4.649s] -- Up-to-date symlink: /home/yumjunstar/Desktop/YJW/RoboticsProgram/Project/LostChildProject-ROS2_SLAM_Toolbox-Yolov8/install/msg_interface/lib/python3.8/site-packages/msg_interface/msg_interface_s__rosidl_typesupport_introspection_c.cpython-38-x86_64-linux-gnu.so
[4.650s] -- Up-to-date symlink: /home/yumjunstar/Desktop/YJW/RoboticsProgram/Project/LostChildProject-ROS2_SLAM_Toolbox-Yolov8/install/msg_interface/lib/python3.8/site-packages/msg_interface/msg_interface_s__rosidl_typesupport_c.cpython-38-x86_64-linux-gnu.so
[4.651s] -- Up-to-date symlink: /home/yumjunstar/Desktop/YJW/RoboticsProgram/Project/LostChildProject-ROS2_SLAM_Toolbox-Yolov8/install/msg_interface/lib/libmsg_interface__python.so
[4.651s] -- Up-to-date symlink: /home/yumjunstar/Desktop/YJW/RoboticsProgram/Project/LostChildProject-ROS2_SLAM_Toolbox-Yolov8/install/msg_interface/share/msg_interface/msg/Arithmetic.idl
[4.652s] -- Up-to-date symlink: /home/yumjunstar/Desktop/YJW/RoboticsProgram/Project/LostChildProject-ROS2_SLAM_Toolbox-Yolov8/install/msg_interface/share/msg_interface/msg/Arithmetic.msg
[4.653s] -- Up-to-date symlink: /home/yumjunstar/Desktop/YJW/RoboticsProgram/Project/LostChildProject-ROS2_SLAM_Toolbox-Yolov8/install/msg_interface/share/ament_index/resource_index/package_run_dependencies/msg_interface
[4.654s] -- Up-to-date symlink: /home/yumjunstar/Desktop/YJW/RoboticsProgram/Project/LostChildProject-ROS2_SLAM_Toolbox-Yolov8/install/msg_interface/share/ament_index/resource_index/parent_prefix_path/msg_interface
[4.654s] -- Up-to-date symlink: /home/yumjunstar/Desktop/YJW/RoboticsProgram/Project/LostChildProject-ROS2_SLAM_Toolbox-Yolov8/install/msg_interface/share/msg_interface/environment/ament_prefix_path.sh
[4.655s] -- Up-to-date symlink: /home/yumjunstar/Desktop/YJW/RoboticsProgram/Project/LostChildProject-ROS2_SLAM_Toolbox-Yolov8/install/msg_interface/share/msg_interface/environment/ament_prefix_path.dsv
[4.656s] -- Up-to-date symlink: /home/yumjunstar/Desktop/YJW/RoboticsProgram/Project/LostChildProject-ROS2_SLAM_Toolbox-Yolov8/install/msg_interface/share/msg_interface/environment/path.sh
[4.656s] -- Up-to-date symlink: /home/yumjunstar/Desktop/YJW/RoboticsProgram/Project/LostChildProject-ROS2_SLAM_Toolbox-Yolov8/install/msg_interface/share/msg_interface/environment/path.dsv
[4.657s] -- Up-to-date symlink: /home/yumjunstar/Desktop/YJW/RoboticsProgram/Project/LostChildProject-ROS2_SLAM_Toolbox-Yolov8/install/msg_interface/share/msg_interface/local_setup.bash
[4.658s] -- Up-to-date symlink: /home/yumjunstar/Desktop/YJW/RoboticsProgram/Project/LostChildProject-ROS2_SLAM_Toolbox-Yolov8/install/msg_interface/share/msg_interface/local_setup.sh
[4.658s] -- Up-to-date symlink: /home/yumjunstar/Desktop/YJW/RoboticsProgram/Project/LostChildProject-ROS2_SLAM_Toolbox-Yolov8/install/msg_interface/share/msg_interface/local_setup.zsh
[4.659s] -- Up-to-date symlink: /home/yumjunstar/Desktop/YJW/RoboticsProgram/Project/LostChildProject-ROS2_SLAM_Toolbox-Yolov8/install/msg_interface/share/msg_interface/local_setup.dsv
[4.659s] -- Symlinking: /home/yumjunstar/Desktop/YJW/RoboticsProgram/Project/LostChildProject-ROS2_SLAM_Toolbox-Yolov8/install/msg_interface/share/msg_interface/package.dsv
[4.669s] -- Up-to-date symlink: /home/yumjunstar/Desktop/YJW/RoboticsProgram/Project/LostChildProject-ROS2_SLAM_Toolbox-Yolov8/install/msg_interface/share/ament_index/resource_index/packages/msg_interface
[4.670s] -- Up-to-date symlink: /home/yumjunstar/Desktop/YJW/RoboticsProgram/Project/LostChildProject-ROS2_SLAM_Toolbox-Yolov8/install/msg_interface/share/msg_interface/cmake/rosidl_cmake-extras.cmake
[4.670s] -- Up-to-date symlink: /home/yumjunstar/Desktop/YJW/RoboticsProgram/Project/LostChildProject-ROS2_SLAM_Toolbox-Yolov8/install/msg_interface/share/msg_interface/cmake/ament_cmake_export_dependencies-extras.cmake
[4.671s] -- Up-to-date symlink: /home/yumjunstar/Desktop/YJW/RoboticsProgram/Project/LostChildProject-ROS2_SLAM_Toolbox-Yolov8/install/msg_interface/share/msg_interface/cmake/ament_cmake_export_libraries-extras.cmake
[4.672s] -- Up-to-date symlink: /home/yumjunstar/Desktop/YJW/RoboticsProgram/Project/LostChildProject-ROS2_SLAM_Toolbox-Yolov8/install/msg_interface/share/msg_interface/cmake/ament_cmake_export_targets-extras.cmake
[4.672s] -- Up-to-date symlink: /home/yumjunstar/Desktop/YJW/RoboticsProgram/Project/LostChildProject-ROS2_SLAM_Toolbox-Yolov8/install/msg_interface/share/msg_interface/cmake/ament_cmake_export_include_directories-extras.cmake
[4.673s] -- Up-to-date symlink: /home/yumjunstar/Desktop/YJW/RoboticsProgram/Project/LostChildProject-ROS2_SLAM_Toolbox-Yolov8/install/msg_interface/share/msg_interface/cmake/rosidl_cmake_export_typesupport_libraries-extras.cmake
[4.674s] -- Up-to-date symlink: /home/yumjunstar/Desktop/YJW/RoboticsProgram/Project/LostChildProject-ROS2_SLAM_Toolbox-Yolov8/install/msg_interface/share/msg_interface/cmake/rosidl_cmake_export_typesupport_targets-extras.cmake
[4.674s] -- Up-to-date symlink: /home/yumjunstar/Desktop/YJW/RoboticsProgram/Project/LostChildProject-ROS2_SLAM_Toolbox-Yolov8/install/msg_interface/share/msg_interface/cmake/msg_interfaceConfig.cmake
[4.675s] -- Up-to-date symlink: /home/yumjunstar/Desktop/YJW/RoboticsProgram/Project/LostChildProject-ROS2_SLAM_Toolbox-Yolov8/install/msg_interface/share/msg_interface/cmake/msg_interfaceConfig-version.cmake
[4.676s] -- Up-to-date symlink: /home/yumjunstar/Desktop/YJW/RoboticsProgram/Project/LostChildProject-ROS2_SLAM_Toolbox-Yolov8/install/msg_interface/share/msg_interface/package.xml
[4.676s] -- Up-to-date: /home/yumjunstar/Desktop/YJW/RoboticsProgram/Project/LostChildProject-ROS2_SLAM_Toolbox-Yolov8/install/msg_interface/lib/libmsg_interface__rosidl_generator_c.so
[4.677s] -- Up-to-date: /home/yumjunstar/Desktop/YJW/RoboticsProgram/Project/LostChildProject-ROS2_SLAM_Toolbox-Yolov8/install/msg_interface/lib/libmsg_interface__rosidl_typesupport_introspection_c.so
[4.678s] -- Up-to-date: /home/yumjunstar/Desktop/YJW/RoboticsProgram/Project/LostChildProject-ROS2_SLAM_Toolbox-Yolov8/install/msg_interface/lib/libmsg_interface__rosidl_typesupport_c.so
[4.679s] -- Up-to-date: /home/yumjunstar/Desktop/YJW/RoboticsProgram/Project/LostChildProject-ROS2_SLAM_Toolbox-Yolov8/install/msg_interface/lib/libmsg_interface__rosidl_typesupport_introspection_cpp.so
[4.680s] -- Up-to-date: /home/yumjunstar/Desktop/YJW/RoboticsProgram/Project/LostChildProject-ROS2_SLAM_Toolbox-Yolov8/install/msg_interface/lib/libmsg_interface__rosidl_typesupport_cpp.so
[4.872s] -- Up-to-date: /home/yumjunstar/Desktop/YJW/RoboticsProgram/Project/LostChildProject-ROS2_SLAM_Toolbox-Yolov8/install/msg_interface/share/msg_interface/cmake/msg_interface__rosidl_generator_cExport.cmake
[4.872s] -- Up-to-date: /home/yumjunstar/Desktop/YJW/RoboticsProgram/Project/LostChildProject-ROS2_SLAM_Toolbox-Yolov8/install/msg_interface/share/msg_interface/cmake/msg_interface__rosidl_generator_cExport-noconfig.cmake
[4.873s] -- Up-to-date: /home/yumjunstar/Desktop/YJW/RoboticsProgram/Project/LostChildProject-ROS2_SLAM_Toolbox-Yolov8/install/msg_interface/share/msg_interface/cmake/msg_interface__rosidl_typesupport_introspection_cExport.cmake
[4.874s] -- Up-to-date: /home/yumjunstar/Desktop/YJW/RoboticsProgram/Project/LostChildProject-ROS2_SLAM_Toolbox-Yolov8/install/msg_interface/share/msg_interface/cmake/msg_interface__rosidl_typesupport_introspection_cExport-noconfig.cmake
[4.875s] -- Up-to-date: /home/yumjunstar/Desktop/YJW/RoboticsProgram/Project/LostChildProject-ROS2_SLAM_Toolbox-Yolov8/install/msg_interface/share/msg_interface/cmake/msg_interface__rosidl_typesupport_cExport.cmake
[4.875s] -- Up-to-date: /home/yumjunstar/Desktop/YJW/RoboticsProgram/Project/LostChildProject-ROS2_SLAM_Toolbox-Yolov8/install/msg_interface/share/msg_interface/cmake/msg_interface__rosidl_typesupport_cExport-noconfig.cmake
[4.876s] -- Up-to-date: /home/yumjunstar/Desktop/YJW/RoboticsProgram/Project/LostChildProject-ROS2_SLAM_Toolbox-Yolov8/install/msg_interface/share/msg_interface/cmake/msg_interface__rosidl_generator_cppExport.cmake
[4.877s] -- Up-to-date: /home/yumjunstar/Desktop/YJW/RoboticsProgram/Project/LostChildProject-ROS2_SLAM_Toolbox-Yolov8/install/msg_interface/share/msg_interface/cmake/msg_interface__rosidl_typesupport_introspection_cppExport.cmake
[4.878s] -- Up-to-date: /home/yumjunstar/Desktop/YJW/RoboticsProgram/Project/LostChildProject-ROS2_SLAM_Toolbox-Yolov8/install/msg_interface/share/msg_interface/cmake/msg_interface__rosidl_typesupport_introspection_cppExport-noconfig.cmake
[4.879s] -- Up-to-date: /home/yumjunstar/Desktop/YJW/RoboticsProgram/Project/LostChildProject-ROS2_SLAM_Toolbox-Yolov8/install/msg_interface/share/msg_interface/cmake/msg_interface__rosidl_typesupport_cppExport.cmake
[4.880s] -- Up-to-date: /home/yumjunstar/Desktop/YJW/RoboticsProgram/Project/LostChildProject-ROS2_SLAM_Toolbox-Yolov8/install/msg_interface/share/msg_interface/cmake/msg_interface__rosidl_typesupport_cppExport-noconfig.cmake
[4.905s] Invoked command in '/home/yumjunstar/Desktop/YJW/RoboticsProgram/Project/LostChildProject-ROS2_SLAM_Toolbox-Yolov8/build/msg_interface' returned '0': CMAKE_PREFIX_PATH=${CMAKE_PREFIX_PATH}:/home/yumjunstar/Desktop/YJW/RoboticsProgram/Project/LostChildProject-ROS2_SLAM_Toolbox-Yolov8/install/robot_localization:/home/yumjunstar/Desktop/YJW/RoboticsProgram/Project/LostChildProject-ROS2_SLAM_Toolbox-Yolov8/install/beagle_sub_pub:/home/yumjunstar/Desktop/YJW/RoboticsProgram/Project/LostChildProject-ROS2_SLAM_Toolbox-Yolov8/install/tf_transformations:/home/yumjunstar/Desktop/YJW/RoboticsProgram/Project/LostChildProject-ROS2_SLAM_Toolbox-Yolov8/install/teleop_twist_keyboard:/home/yumjunstar/Desktop/YJW/RoboticsProgram/Project/LostChildProject-ROS2_SLAM_Toolbox-Yolov8/install/static_tf:/home/yumjunstar/Desktop/YJW/RoboticsProgram/Project/LostChildProject-ROS2_SLAM_Toolbox-Yolov8/install/object_detection:/home/yumjunstar/Desktop/YJW/RoboticsProgram/Project/LostChildProject-ROS2_SLAM_Toolbox-Yolov8/install/motor:/home/yumjunstar/Desktop/YJW/RoboticsProgram/Project/LostChildProject-ROS2_SLAM_Toolbox-Yolov8/install/lidar:/home/yumjunstar/Desktop/YJW/RoboticsProgram/Project/LostChildProject-ROS2_SLAM_Toolbox-Yolov8/install/camera_undistort:/home/yumjunstar/Desktop/YJW/RoboticsProgram/Project/LostChildProject-ROS2_SLAM_Toolbox-Yolov8/install/camera:/opt/ros/foxy /home/yumjunstar/.local/bin/cmake --install /home/yumjunstar/Desktop/YJW/RoboticsProgram/Project/LostChildProject-ROS2_SLAM_Toolbox-Yolov8/build/msg_interface
