[0.885s] Invoking command in '/home/kim/lostchild/src/tf_transformations': PYTHONPATH=/home/kim/lostchild/src/build/tf_transformations/prefix_override:/home/kim/lostchild/src/install/tf_transformations/lib/python3.8/site-packages:${PYTHONPATH} /usr/bin/python3 setup.py egg_info --egg-base ../build/tf_transformations build --build-base /home/kim/lostchild/src/build/tf_transformations/build install --record /home/kim/lostchild/src/build/tf_transformations/install.log --single-version-externally-managed
[1.050s] running egg_info
[1.050s] creating ../build/tf_transformations/tf_transformations.egg-info
[1.051s] writing ../build/tf_transformations/tf_transformations.egg-info/PKG-INFO
[1.051s] writing dependency_links to ../build/tf_transformations/tf_transformations.egg-info/dependency_links.txt
[1.051s] writing requirements to ../build/tf_transformations/tf_transformations.egg-info/requires.txt
[1.051s] writing top-level names to ../build/tf_transformations/tf_transformations.egg-info/top_level.txt
[1.052s] writing manifest file '../build/tf_transformations/tf_transformations.egg-info/SOURCES.txt'
[1.077s] reading manifest file '../build/tf_transformations/tf_transformations.egg-info/SOURCES.txt'
[1.077s] writing manifest file '../build/tf_transformations/tf_transformations.egg-info/SOURCES.txt'
[1.077s] running build
[1.077s] running build_py
[1.077s] creating /home/kim/lostchild/src/build/tf_transformations/build
[1.077s] creating /home/kim/lostchild/src/build/tf_transformations/build/lib
[1.077s] creating /home/kim/lostchild/src/build/tf_transformations/build/lib/tf_transformations
[1.077s] copying tf_transformations/__init__.py -> /home/kim/lostchild/src/build/tf_transformations/build/lib/tf_transformations
[1.077s] running install
[1.078s] running install_lib
[1.078s] creating /home/kim/lostchild/src/install/tf_transformations/lib/python3.8/site-packages/tf_transformations
[1.078s] copying /home/kim/lostchild/src/build/tf_transformations/build/lib/tf_transformations/__init__.py -> /home/kim/lostchild/src/install/tf_transformations/lib/python3.8/site-packages/tf_transformations
[1.079s] byte-compiling /home/kim/lostchild/src/install/tf_transformations/lib/python3.8/site-packages/tf_transformations/__init__.py to __init__.cpython-38.pyc
[1.083s] running install_data
[1.083s] creating /home/kim/lostchild/src/install/tf_transformations/share/ament_index
[1.083s] creating /home/kim/lostchild/src/install/tf_transformations/share/ament_index/resource_index
[1.084s] creating /home/kim/lostchild/src/install/tf_transformations/share/ament_index/resource_index/packages
[1.084s] copying resource/tf_transformations -> /home/kim/lostchild/src/install/tf_transformations/share/ament_index/resource_index/packages
[1.084s] copying package.xml -> /home/kim/lostchild/src/install/tf_transformations/share/tf_transformations
[1.084s] running install_egg_info
[1.084s] Copying ../build/tf_transformations/tf_transformations.egg-info to /home/kim/lostchild/src/install/tf_transformations/lib/python3.8/site-packages/tf_transformations-1.0.0-py3.8.egg-info
[1.085s] running install_scripts
[1.096s] writing list of installed files to '/home/kim/lostchild/src/build/tf_transformations/install.log'
[1.133s] Invoked command in '/home/kim/lostchild/src/tf_transformations' returned '0': PYTHONPATH=/home/kim/lostchild/src/build/tf_transformations/prefix_override:/home/kim/lostchild/src/install/tf_transformations/lib/python3.8/site-packages:${PYTHONPATH} /usr/bin/python3 setup.py egg_info --egg-base ../build/tf_transformations build --build-base /home/kim/lostchild/src/build/tf_transformations/build install --record /home/kim/lostchild/src/build/tf_transformations/install.log --single-version-externally-managed
