[1.637s] Invoking command in '/home/yumjunstar/Desktop/YJW/RoboticsProgram/Project/LostChildProject-ROS2_SLAM_Toolbox-Yolov8/build/msg_interface': CMAKE_PREFIX_PATH=${CMAKE_PREFIX_PATH}:/home/yumjunstar/Desktop/YJW/RoboticsProgram/Project/LostChildProject-ROS2_SLAM_Toolbox-Yolov8/install/robot_localization:/home/yumjunstar/Desktop/YJW/RoboticsProgram/Project/LostChildProject-ROS2_SLAM_Toolbox-Yolov8/install/beagle_sub_pub:/home/yumjunstar/Desktop/YJW/RoboticsProgram/Project/LostChildProject-ROS2_SLAM_Toolbox-Yolov8/install/tf_transformations:/home/yumjunstar/Desktop/YJW/RoboticsProgram/Project/LostChildProject-ROS2_SLAM_Toolbox-Yolov8/install/static_tf:/home/yumjunstar/Desktop/YJW/RoboticsProgram/Project/LostChildProject-ROS2_SLAM_Toolbox-Yolov8/install/object_detection:/home/yumjunstar/Desktop/YJW/RoboticsProgram/Project/LostChildProject-ROS2_SLAM_Toolbox-Yolov8/install/motor:/home/yumjunstar/Desktop/YJW/RoboticsProgram/Project/LostChildProject-ROS2_SLAM_Toolbox-Yolov8/install/lidar:/home/yumjunstar/Desktop/YJW/RoboticsProgram/Project/LostChildProject-ROS2_SLAM_Toolbox-Yolov8/install/camera:/opt/ros/foxy /home/yumjunstar/.local/bin/cmake --build /home/yumjunstar/Desktop/YJW/RoboticsProgram/Project/LostChildProject-ROS2_SLAM_Toolbox-Yolov8/build/msg_interface -- -j8 -l8
[1.952s] -- Found ament_cmake: 0.9.11 (/opt/ros/foxy/share/ament_cmake/cmake)
[1.952s] -- Found PythonInterp: /usr/bin/python3 (found suitable version "3.8.10", minimum required is "3") 
[1.953s] -- Using PYTHON_EXECUTABLE: /usr/bin/python3
[1.991s] -- Override CMake install command with custom implementation using symlinks instead of copying resources
[2.009s] -- Found builtin_interfaces: 1.0.0 (/opt/ros/foxy/share/builtin_interfaces/cmake)
[2.048s] -- Using all available rosidl_typesupport_c: rosidl_typesupport_fastrtps_c;rosidl_typesupport_introspection_c
[2.058s] -- Found rosidl_adapter: 1.3.0 (/opt/ros/foxy/share/rosidl_adapter/cmake)
[2.381s] -- Using all available rosidl_typesupport_cpp: rosidl_typesupport_fastrtps_cpp;rosidl_typesupport_introspection_cpp
[2.483s] -- Found rosidl_default_generators: 1.0.1 (/opt/ros/foxy/share/rosidl_default_generators/cmake)
[2.646s] -- Found PythonInterp: /usr/bin/python3 (found version "3.8.10") 
[3.264s] -- Found ament_cmake_ros: 0.9.2 (/opt/ros/foxy/share/ament_cmake_ros/cmake)
[3.671s] -- Using all available rosidl_typesupport_c: rosidl_typesupport_fastrtps_c;rosidl_typesupport_introspection_c
[3.746s] -- Using all available rosidl_typesupport_cpp: rosidl_typesupport_fastrtps_cpp;rosidl_typesupport_introspection_cpp
[3.855s] -- Found PythonInterp: /usr/bin/python3 (found suitable version "3.8.10", minimum required is "3.5") 
[3.856s] -- Found python_cmake_module: 0.8.1 (/opt/ros/foxy/share/python_cmake_module/cmake)
[3.949s] -- Using PYTHON_EXECUTABLE: /usr/bin/python3
[3.950s] -- Using PYTHON_INCLUDE_DIRS: /usr/include/python3.8
[3.951s] -- Using PYTHON_LIBRARIES: /usr/lib/x86_64-linux-gnu/libpython3.8.so
[4.102s] -- Configuring done (2.4s)
[4.233s] -- Generating done (0.1s)
[4.240s] -- Build files have been written to: /home/yumjunstar/Desktop/YJW/RoboticsProgram/Project/LostChildProject-ROS2_SLAM_Toolbox-Yolov8/build/msg_interface
[4.267s] [  2%] [34m[1mGenerating C code for ROS interfaces[0m
[4.274s] [  4%] [34m[1mGenerating C++ code for ROS interfaces[0m
[5.282s] [  4%] Built target msg_interface__cpp
[5.292s] [  6%] [34m[1mGenerating C++ introspection for ROS interfaces[0m
[5.296s] [  8%] [34m[1mGenerating C++ type support dispatch for ROS interfaces[0m
[5.297s] [ 10%] [34m[1mGenerating C++ type support for eProsima Fast-RTPS[0m
[5.309s] [ 12%] [32mBuilding C object CMakeFiles/msg_interface__rosidl_generator_c.dir/rosidl_generator_c/msg_interface/msg/detail/arithmetic__functions.c.o[0m
[5.310s] [ 14%] [32mBuilding C object CMakeFiles/msg_interface__rosidl_generator_c.dir/rosidl_generator_c/msg_interface/action/detail/a_string__functions.c.o[0m
[5.314s] [ 17%] [32mBuilding C object CMakeFiles/msg_interface__rosidl_generator_c.dir/rosidl_generator_c/msg_interface/srv/detail/add_to_queue__functions.c.o[0m
[5.602s] [ 19%] [32m[1mLinking C shared library libmsg_interface__rosidl_generator_c.so[0m
[5.652s] [ 19%] Built target msg_interface__rosidl_generator_c
[5.660s] [ 23%] [34m[1mGenerating C type support dispatch for ROS interfaces[0m
[5.660s] [ 23%] [34m[1mGenerating C introspection for ROS interfaces[0m
[6.045s] [ 25%] [32mBuilding CXX object CMakeFiles/msg_interface__rosidl_typesupport_cpp.dir/rosidl_typesupport_cpp/msg_interface/msg/arithmetic__type_support.cpp.o[0m
[6.084s] [ 27%] [32mBuilding CXX object CMakeFiles/msg_interface__rosidl_typesupport_cpp.dir/rosidl_typesupport_cpp/msg_interface/srv/add_to_queue__type_support.cpp.o[0m
[6.090s] [ 29%] [32mBuilding CXX object CMakeFiles/msg_interface__rosidl_typesupport_cpp.dir/rosidl_typesupport_cpp/msg_interface/action/a_string__type_support.cpp.o[0m
[6.190s] [ 31%] [32mBuilding CXX object CMakeFiles/msg_interface__rosidl_typesupport_introspection_cpp.dir/rosidl_typesupport_introspection_cpp/msg_interface/srv/detail/add_to_queue__type_support.cpp.o[0m
[6.196s] [ 34%] [32mBuilding CXX object CMakeFiles/msg_interface__rosidl_typesupport_introspection_cpp.dir/rosidl_typesupport_introspection_cpp/msg_interface/msg/detail/arithmetic__type_support.cpp.o[0m
[6.623s] [ 36%] [32mBuilding CXX object CMakeFiles/msg_interface__rosidl_typesupport_c.dir/rosidl_typesupport_c/msg_interface/msg/arithmetic__type_support.cpp.o[0m
[6.714s] [ 38%] [32mBuilding CXX object CMakeFiles/msg_interface__rosidl_typesupport_c.dir/rosidl_typesupport_c/msg_interface/srv/add_to_queue__type_support.cpp.o[0m
[6.761s] [ 40%] [32mBuilding C object CMakeFiles/msg_interface__rosidl_typesupport_introspection_c.dir/rosidl_typesupport_introspection_c/msg_interface/msg/detail/arithmetic__type_support.c.o[0m
[6.766s] [ 42%] [32mBuilding CXX object CMakeFiles/msg_interface__rosidl_typesupport_fastrtps_cpp.dir/rosidl_typesupport_fastrtps_cpp/msg_interface/msg/detail/dds_fastrtps/arithmetic__type_support.cpp.o[0m
[6.815s] [ 44%] [32mBuilding CXX object CMakeFiles/msg_interface__rosidl_typesupport_c.dir/rosidl_typesupport_c/msg_interface/action/a_string__type_support.cpp.o[0m
[6.908s] [ 46%] [32mBuilding C object CMakeFiles/msg_interface__rosidl_typesupport_introspection_c.dir/rosidl_typesupport_introspection_c/msg_interface/srv/detail/add_to_queue__type_support.c.o[0m
[6.928s] [ 48%] [32m[1mLinking CXX shared library libmsg_interface__rosidl_typesupport_c.so[0m
[7.029s] [ 51%] [32mBuilding C object CMakeFiles/msg_interface__rosidl_typesupport_introspection_c.dir/rosidl_typesupport_introspection_c/msg_interface/action/detail/a_string__type_support.c.o[0m
[7.136s] [ 51%] Built target msg_interface__rosidl_typesupport_c
[7.175s] [ 53%] [32mBuilding CXX object CMakeFiles/msg_interface__rosidl_typesupport_fastrtps_cpp.dir/rosidl_typesupport_fastrtps_cpp/msg_interface/srv/detail/dds_fastrtps/add_to_queue__type_support.cpp.o[0m
[7.181s] [ 55%] [32mBuilding CXX object CMakeFiles/msg_interface__rosidl_typesupport_fastrtps_cpp.dir/rosidl_typesupport_fastrtps_cpp/msg_interface/action/detail/dds_fastrtps/a_string__type_support.cpp.o[0m
[7.190s] [ 57%] [32mBuilding CXX object CMakeFiles/msg_interface__rosidl_typesupport_introspection_cpp.dir/rosidl_typesupport_introspection_cpp/msg_interface/action/detail/a_string__type_support.cpp.o[0m
[7.206s] [ 59%] [32m[1mLinking C shared library libmsg_interface__rosidl_typesupport_introspection_c.so[0m
[7.261s] [ 61%] [32m[1mLinking CXX shared library libmsg_interface__rosidl_typesupport_cpp.so[0m
[7.360s] [ 61%] Built target msg_interface__rosidl_typesupport_introspection_c
[7.449s] [ 61%] Built target msg_interface__rosidl_typesupport_cpp
[7.976s] [ 63%] [32m[1mLinking CXX shared library libmsg_interface__rosidl_typesupport_introspection_cpp.so[0m
[8.134s] [ 63%] Built target msg_interface__rosidl_typesupport_introspection_cpp
[8.297s] [ 65%] [32m[1mLinking CXX shared library libmsg_interface__rosidl_typesupport_fastrtps_cpp.so[0m
[8.450s] [ 65%] Built target msg_interface__rosidl_typesupport_fastrtps_cpp
[8.458s] [ 68%] [34m[1mGenerating C type support for eProsima Fast-RTPS[0m
[9.128s] [ 70%] [32mBuilding CXX object CMakeFiles/msg_interface__rosidl_typesupport_fastrtps_c.dir/rosidl_typesupport_fastrtps_c/msg_interface/msg/detail/arithmetic__type_support_c.cpp.o[0m
[9.128s] [ 72%] [32mBuilding CXX object CMakeFiles/msg_interface__rosidl_typesupport_fastrtps_c.dir/rosidl_typesupport_fastrtps_c/msg_interface/srv/detail/add_to_queue__type_support_c.cpp.o[0m
[9.128s] [ 74%] [32mBuilding CXX object CMakeFiles/msg_interface__rosidl_typesupport_fastrtps_c.dir/rosidl_typesupport_fastrtps_c/msg_interface/action/detail/a_string__type_support_c.cpp.o[0m
[9.594s] [ 76%] [32m[1mLinking CXX shared library libmsg_interface__rosidl_typesupport_fastrtps_c.so[0m
[9.672s] [ 76%] Built target msg_interface__rosidl_typesupport_fastrtps_c
[9.680s] [ 76%] Built target msg_interface
[9.691s] [ 78%] [34m[1mGenerating Python code for ROS interfaces[0m
[10.902s] [ 78%] Built target msg_interface__py
[10.914s] [ 80%] [32mBuilding C object CMakeFiles/msg_interface__python.dir/rosidl_generator_py/msg_interface/msg/_arithmetic_s.c.o[0m
[10.914s] [ 82%] [32mBuilding C object CMakeFiles/msg_interface__python.dir/rosidl_generator_py/msg_interface/srv/_add_to_queue_s.c.o[0m
[10.914s] [ 85%] [32mBuilding C object CMakeFiles/msg_interface__python.dir/rosidl_generator_py/msg_interface/action/_a_string_s.c.o[0m
[11.071s] [ 87%] [32m[1mLinking C shared library rosidl_generator_py/msg_interface/libmsg_interface__python.so[0m
[11.105s] [ 87%] Built target msg_interface__python
[11.116s] [ 89%] [32mBuilding C object CMakeFiles/msg_interface__rosidl_typesupport_introspection_c__pyext.dir/rosidl_generator_py/msg_interface/_msg_interface_s.ep.rosidl_typesupport_introspection_c.c.o[0m
[11.117s] [ 93%] [32mBuilding C object CMakeFiles/msg_interface__rosidl_typesupport_c__pyext.dir/rosidl_generator_py/msg_interface/_msg_interface_s.ep.rosidl_typesupport_c.c.o[0m
[11.117s] [ 93%] [32mBuilding C object CMakeFiles/msg_interface__rosidl_typesupport_fastrtps_c__pyext.dir/rosidl_generator_py/msg_interface/_msg_interface_s.ep.rosidl_typesupport_fastrtps_c.c.o[0m
[11.248s] [ 95%] [32m[1mLinking C shared library rosidl_generator_py/msg_interface/msg_interface_s__rosidl_typesupport_c.cpython-38-x86_64-linux-gnu.so[0m
[11.254s] [ 97%] [32m[1mLinking C shared library rosidl_generator_py/msg_interface/msg_interface_s__rosidl_typesupport_introspection_c.cpython-38-x86_64-linux-gnu.so[0m
[11.298s] [ 97%] Built target msg_interface__rosidl_typesupport_introspection_c__pyext
[11.308s] [ 97%] Built target msg_interface__rosidl_typesupport_c__pyext
[11.319s] [100%] [32m[1mLinking CXX shared library rosidl_generator_py/msg_interface/msg_interface_s__rosidl_typesupport_fastrtps_c.cpython-38-x86_64-linux-gnu.so[0m
[11.391s] [100%] Built target msg_interface__rosidl_typesupport_fastrtps_c__pyext
[11.403s] Invoked command in '/home/yumjunstar/Desktop/YJW/RoboticsProgram/Project/LostChildProject-ROS2_SLAM_Toolbox-Yolov8/build/msg_interface' returned '0': CMAKE_PREFIX_PATH=${CMAKE_PREFIX_PATH}:/home/yumjunstar/Desktop/YJW/RoboticsProgram/Project/LostChildProject-ROS2_SLAM_Toolbox-Yolov8/install/robot_localization:/home/yumjunstar/Desktop/YJW/RoboticsProgram/Project/LostChildProject-ROS2_SLAM_Toolbox-Yolov8/install/beagle_sub_pub:/home/yumjunstar/Desktop/YJW/RoboticsProgram/Project/LostChildProject-ROS2_SLAM_Toolbox-Yolov8/install/tf_transformations:/home/yumjunstar/Desktop/YJW/RoboticsProgram/Project/LostChildProject-ROS2_SLAM_Toolbox-Yolov8/install/static_tf:/home/yumjunstar/Desktop/YJW/RoboticsProgram/Project/LostChildProject-ROS2_SLAM_Toolbox-Yolov8/install/object_detection:/home/yumjunstar/Desktop/YJW/RoboticsProgram/Project/LostChildProject-ROS2_SLAM_Toolbox-Yolov8/install/motor:/home/yumjunstar/Desktop/YJW/RoboticsProgram/Project/LostChildProject-ROS2_SLAM_Toolbox-Yolov8/install/lidar:/home/yumjunstar/Desktop/YJW/RoboticsProgram/Project/LostChildProject-ROS2_SLAM_Toolbox-Yolov8/install/camera:/opt/ros/foxy /home/yumjunstar/.local/bin/cmake --build /home/yumjunstar/Desktop/YJW/RoboticsProgram/Project/LostChildProject-ROS2_SLAM_Toolbox-Yolov8/build/msg_interface -- -j8 -l8
[11.522s] Invoking command in '/home/yumjunstar/Desktop/YJW/RoboticsProgram/Project/LostChildProject-ROS2_SLAM_Toolbox-Yolov8/build/msg_interface': CMAKE_PREFIX_PATH=${CMAKE_PREFIX_PATH}:/home/yumjunstar/Desktop/YJW/RoboticsProgram/Project/LostChildProject-ROS2_SLAM_Toolbox-Yolov8/install/robot_localization:/home/yumjunstar/Desktop/YJW/RoboticsProgram/Project/LostChildProject-ROS2_SLAM_Toolbox-Yolov8/install/beagle_sub_pub:/home/yumjunstar/Desktop/YJW/RoboticsProgram/Project/LostChildProject-ROS2_SLAM_Toolbox-Yolov8/install/tf_transformations:/home/yumjunstar/Desktop/YJW/RoboticsProgram/Project/LostChildProject-ROS2_SLAM_Toolbox-Yolov8/install/static_tf:/home/yumjunstar/Desktop/YJW/RoboticsProgram/Project/LostChildProject-ROS2_SLAM_Toolbox-Yolov8/install/object_detection:/home/yumjunstar/Desktop/YJW/RoboticsProgram/Project/LostChildProject-ROS2_SLAM_Toolbox-Yolov8/install/motor:/home/yumjunstar/Desktop/YJW/RoboticsProgram/Project/LostChildProject-ROS2_SLAM_Toolbox-Yolov8/install/lidar:/home/yumjunstar/Desktop/YJW/RoboticsProgram/Project/LostChildProject-ROS2_SLAM_Toolbox-Yolov8/install/camera:/opt/ros/foxy /home/yumjunstar/.local/bin/cmake --install /home/yumjunstar/Desktop/YJW/RoboticsProgram/Project/LostChildProject-ROS2_SLAM_Toolbox-Yolov8/build/msg_interface
[11.585s] -- Install configuration: ""
[11.586s] -- Execute custom install script
[11.587s] -- Up-to-date symlink: /home/yumjunstar/Desktop/YJW/RoboticsProgram/Project/LostChildProject-ROS2_SLAM_Toolbox-Yolov8/install/msg_interface/share/ament_index/resource_index/rosidl_interfaces/msg_interface
[11.588s] -- Up-to-date symlink: /home/yumjunstar/Desktop/YJW/RoboticsProgram/Project/LostChildProject-ROS2_SLAM_Toolbox-Yolov8/install/msg_interface/include/msg_interface/action/a_string.h
[11.588s] -- Up-to-date symlink: /home/yumjunstar/Desktop/YJW/RoboticsProgram/Project/LostChildProject-ROS2_SLAM_Toolbox-Yolov8/install/msg_interface/include/msg_interface/action/detail/a_string__functions.h
[11.588s] -- Up-to-date symlink: /home/yumjunstar/Desktop/YJW/RoboticsProgram/Project/LostChildProject-ROS2_SLAM_Toolbox-Yolov8/install/msg_interface/include/msg_interface/action/detail/a_string__struct.h
[11.588s] -- Up-to-date symlink: /home/yumjunstar/Desktop/YJW/RoboticsProgram/Project/LostChildProject-ROS2_SLAM_Toolbox-Yolov8/install/msg_interface/include/msg_interface/action/detail/a_string__type_support.h
[11.589s] -- Up-to-date symlink: /home/yumjunstar/Desktop/YJW/RoboticsProgram/Project/LostChildProject-ROS2_SLAM_Toolbox-Yolov8/install/msg_interface/include/msg_interface/msg/arithmetic.h
[11.589s] -- Up-to-date symlink: /home/yumjunstar/Desktop/YJW/RoboticsProgram/Project/LostChildProject-ROS2_SLAM_Toolbox-Yolov8/install/msg_interface/include/msg_interface/msg/detail/arithmetic__functions.h
[11.589s] -- Up-to-date symlink: /home/yumjunstar/Desktop/YJW/RoboticsProgram/Project/LostChildProject-ROS2_SLAM_Toolbox-Yolov8/install/msg_interface/include/msg_interface/msg/detail/arithmetic__struct.h
[11.590s] -- Up-to-date symlink: /home/yumjunstar/Desktop/YJW/RoboticsProgram/Project/LostChildProject-ROS2_SLAM_Toolbox-Yolov8/install/msg_interface/include/msg_interface/msg/detail/arithmetic__type_support.h
[11.590s] -- Up-to-date symlink: /home/yumjunstar/Desktop/YJW/RoboticsProgram/Project/LostChildProject-ROS2_SLAM_Toolbox-Yolov8/install/msg_interface/include/msg_interface/msg/rosidl_generator_c__visibility_control.h
[11.590s] -- Up-to-date symlink: /home/yumjunstar/Desktop/YJW/RoboticsProgram/Project/LostChildProject-ROS2_SLAM_Toolbox-Yolov8/install/msg_interface/include/msg_interface/srv/add_to_queue.h
[11.590s] -- Up-to-date symlink: /home/yumjunstar/Desktop/YJW/RoboticsProgram/Project/LostChildProject-ROS2_SLAM_Toolbox-Yolov8/install/msg_interface/include/msg_interface/srv/detail/add_to_queue__functions.h
[11.590s] -- Up-to-date symlink: /home/yumjunstar/Desktop/YJW/RoboticsProgram/Project/LostChildProject-ROS2_SLAM_Toolbox-Yolov8/install/msg_interface/include/msg_interface/srv/detail/add_to_queue__struct.h
[11.591s] -- Up-to-date symlink: /home/yumjunstar/Desktop/YJW/RoboticsProgram/Project/LostChildProject-ROS2_SLAM_Toolbox-Yolov8/install/msg_interface/include/msg_interface/srv/detail/add_to_queue__type_support.h
[11.591s] -- Up-to-date symlink: /home/yumjunstar/Desktop/YJW/RoboticsProgram/Project/LostChildProject-ROS2_SLAM_Toolbox-Yolov8/install/msg_interface/share/msg_interface/environment/library_path.sh
[11.591s] -- Up-to-date symlink: /home/yumjunstar/Desktop/YJW/RoboticsProgram/Project/LostChildProject-ROS2_SLAM_Toolbox-Yolov8/install/msg_interface/share/msg_interface/environment/library_path.dsv
[11.592s] -- Up-to-date symlink: /home/yumjunstar/Desktop/YJW/RoboticsProgram/Project/LostChildProject-ROS2_SLAM_Toolbox-Yolov8/install/msg_interface/include/msg_interface/action/detail/a_string__rosidl_typesupport_fastrtps_c.h
[11.592s] -- Up-to-date symlink: /home/yumjunstar/Desktop/YJW/RoboticsProgram/Project/LostChildProject-ROS2_SLAM_Toolbox-Yolov8/install/msg_interface/include/msg_interface/msg/detail/arithmetic__rosidl_typesupport_fastrtps_c.h
[11.592s] -- Up-to-date symlink: /home/yumjunstar/Desktop/YJW/RoboticsProgram/Project/LostChildProject-ROS2_SLAM_Toolbox-Yolov8/install/msg_interface/include/msg_interface/msg/rosidl_typesupport_fastrtps_c__visibility_control.h
[11.592s] -- Up-to-date symlink: /home/yumjunstar/Desktop/YJW/RoboticsProgram/Project/LostChildProject-ROS2_SLAM_Toolbox-Yolov8/install/msg_interface/include/msg_interface/srv/detail/add_to_queue__rosidl_typesupport_fastrtps_c.h
[11.593s] -- Up-to-date symlink: /home/yumjunstar/Desktop/YJW/RoboticsProgram/Project/LostChildProject-ROS2_SLAM_Toolbox-Yolov8/install/msg_interface/lib/libmsg_interface__rosidl_typesupport_fastrtps_c.so
[11.594s] -- Up-to-date symlink: /home/yumjunstar/Desktop/YJW/RoboticsProgram/Project/LostChildProject-ROS2_SLAM_Toolbox-Yolov8/install/msg_interface/include/msg_interface/action/detail/a_string__rosidl_typesupport_fastrtps_cpp.hpp
[11.594s] -- Up-to-date symlink: /home/yumjunstar/Desktop/YJW/RoboticsProgram/Project/LostChildProject-ROS2_SLAM_Toolbox-Yolov8/install/msg_interface/include/msg_interface/msg/detail/arithmetic__rosidl_typesupport_fastrtps_cpp.hpp
[11.594s] -- Up-to-date symlink: /home/yumjunstar/Desktop/YJW/RoboticsProgram/Project/LostChildProject-ROS2_SLAM_Toolbox-Yolov8/install/msg_interface/include/msg_interface/msg/rosidl_typesupport_fastrtps_cpp__visibility_control.h
[11.595s] -- Up-to-date symlink: /home/yumjunstar/Desktop/YJW/RoboticsProgram/Project/LostChildProject-ROS2_SLAM_Toolbox-Yolov8/install/msg_interface/include/msg_interface/srv/detail/add_to_queue__rosidl_typesupport_fastrtps_cpp.hpp
[11.595s] -- Up-to-date symlink: /home/yumjunstar/Desktop/YJW/RoboticsProgram/Project/LostChildProject-ROS2_SLAM_Toolbox-Yolov8/install/msg_interface/lib/libmsg_interface__rosidl_typesupport_fastrtps_cpp.so
[11.596s] -- Up-to-date symlink: /home/yumjunstar/Desktop/YJW/RoboticsProgram/Project/LostChildProject-ROS2_SLAM_Toolbox-Yolov8/install/msg_interface/include/msg_interface/action/detail/a_string__rosidl_typesupport_introspection_c.h
[11.596s] -- Up-to-date symlink: /home/yumjunstar/Desktop/YJW/RoboticsProgram/Project/LostChildProject-ROS2_SLAM_Toolbox-Yolov8/install/msg_interface/include/msg_interface/msg/detail/arithmetic__rosidl_typesupport_introspection_c.h
[11.596s] -- Up-to-date symlink: /home/yumjunstar/Desktop/YJW/RoboticsProgram/Project/LostChildProject-ROS2_SLAM_Toolbox-Yolov8/install/msg_interface/include/msg_interface/msg/rosidl_typesupport_introspection_c__visibility_control.h
[11.597s] -- Up-to-date symlink: /home/yumjunstar/Desktop/YJW/RoboticsProgram/Project/LostChildProject-ROS2_SLAM_Toolbox-Yolov8/install/msg_interface/include/msg_interface/srv/detail/add_to_queue__rosidl_typesupport_introspection_c.h
[11.597s] -- Up-to-date symlink: /home/yumjunstar/Desktop/YJW/RoboticsProgram/Project/LostChildProject-ROS2_SLAM_Toolbox-Yolov8/install/msg_interface/include/msg_interface/action/a_string.hpp
[11.598s] -- Up-to-date symlink: /home/yumjunstar/Desktop/YJW/RoboticsProgram/Project/LostChildProject-ROS2_SLAM_Toolbox-Yolov8/install/msg_interface/include/msg_interface/action/detail/a_string__builder.hpp
[11.598s] -- Up-to-date symlink: /home/yumjunstar/Desktop/YJW/RoboticsProgram/Project/LostChildProject-ROS2_SLAM_Toolbox-Yolov8/install/msg_interface/include/msg_interface/action/detail/a_string__struct.hpp
[11.598s] -- Up-to-date symlink: /home/yumjunstar/Desktop/YJW/RoboticsProgram/Project/LostChildProject-ROS2_SLAM_Toolbox-Yolov8/install/msg_interface/include/msg_interface/action/detail/a_string__traits.hpp
[11.598s] -- Up-to-date symlink: /home/yumjunstar/Desktop/YJW/RoboticsProgram/Project/LostChildProject-ROS2_SLAM_Toolbox-Yolov8/install/msg_interface/include/msg_interface/msg/arithmetic.hpp
[11.599s] -- Up-to-date symlink: /home/yumjunstar/Desktop/YJW/RoboticsProgram/Project/LostChildProject-ROS2_SLAM_Toolbox-Yolov8/install/msg_interface/include/msg_interface/msg/detail/arithmetic__builder.hpp
[11.599s] -- Up-to-date symlink: /home/yumjunstar/Desktop/YJW/RoboticsProgram/Project/LostChildProject-ROS2_SLAM_Toolbox-Yolov8/install/msg_interface/include/msg_interface/msg/detail/arithmetic__struct.hpp
[11.599s] -- Up-to-date symlink: /home/yumjunstar/Desktop/YJW/RoboticsProgram/Project/LostChildProject-ROS2_SLAM_Toolbox-Yolov8/install/msg_interface/include/msg_interface/msg/detail/arithmetic__traits.hpp
[11.600s] -- Up-to-date symlink: /home/yumjunstar/Desktop/YJW/RoboticsProgram/Project/LostChildProject-ROS2_SLAM_Toolbox-Yolov8/install/msg_interface/include/msg_interface/srv/add_to_queue.hpp
[11.601s] -- Up-to-date symlink: /home/yumjunstar/Desktop/YJW/RoboticsProgram/Project/LostChildProject-ROS2_SLAM_Toolbox-Yolov8/install/msg_interface/include/msg_interface/srv/detail/add_to_queue__builder.hpp
[11.601s] -- Up-to-date symlink: /home/yumjunstar/Desktop/YJW/RoboticsProgram/Project/LostChildProject-ROS2_SLAM_Toolbox-Yolov8/install/msg_interface/include/msg_interface/srv/detail/add_to_queue__struct.hpp
[11.601s] -- Up-to-date symlink: /home/yumjunstar/Desktop/YJW/RoboticsProgram/Project/LostChildProject-ROS2_SLAM_Toolbox-Yolov8/install/msg_interface/include/msg_interface/srv/detail/add_to_queue__traits.hpp
[11.602s] -- Up-to-date symlink: /home/yumjunstar/Desktop/YJW/RoboticsProgram/Project/LostChildProject-ROS2_SLAM_Toolbox-Yolov8/install/msg_interface/include/msg_interface/action/detail/a_string__rosidl_typesupport_introspection_cpp.hpp
[11.603s] -- Up-to-date symlink: /home/yumjunstar/Desktop/YJW/RoboticsProgram/Project/LostChildProject-ROS2_SLAM_Toolbox-Yolov8/install/msg_interface/include/msg_interface/msg/detail/arithmetic__rosidl_typesupport_introspection_cpp.hpp
[11.603s] -- Up-to-date symlink: /home/yumjunstar/Desktop/YJW/RoboticsProgram/Project/LostChildProject-ROS2_SLAM_Toolbox-Yolov8/install/msg_interface/include/msg_interface/srv/detail/add_to_queue__rosidl_typesupport_introspection_cpp.hpp
[11.604s] -- Up-to-date symlink: /home/yumjunstar/Desktop/YJW/RoboticsProgram/Project/LostChildProject-ROS2_SLAM_Toolbox-Yolov8/install/msg_interface/share/msg_interface/environment/pythonpath.sh
[11.604s] -- Up-to-date symlink: /home/yumjunstar/Desktop/YJW/RoboticsProgram/Project/LostChildProject-ROS2_SLAM_Toolbox-Yolov8/install/msg_interface/share/msg_interface/environment/pythonpath.dsv
[11.604s] -- Up-to-date symlink: /home/yumjunstar/Desktop/YJW/RoboticsProgram/Project/LostChildProject-ROS2_SLAM_Toolbox-Yolov8/install/msg_interface/lib/python3.8/site-packages/msg_interface/__init__.py
[11.605s] -- Up-to-date symlink: /home/yumjunstar/Desktop/YJW/RoboticsProgram/Project/LostChildProject-ROS2_SLAM_Toolbox-Yolov8/install/msg_interface/lib/python3.8/site-packages/msg_interface/msg/__init__.py
[11.605s] -- Up-to-date symlink: /home/yumjunstar/Desktop/YJW/RoboticsProgram/Project/LostChildProject-ROS2_SLAM_Toolbox-Yolov8/install/msg_interface/lib/python3.8/site-packages/msg_interface/msg/_arithmetic.py
[11.606s] -- Up-to-date symlink: /home/yumjunstar/Desktop/YJW/RoboticsProgram/Project/LostChildProject-ROS2_SLAM_Toolbox-Yolov8/install/msg_interface/lib/python3.8/site-packages/msg_interface/srv/__init__.py
[11.606s] -- Up-to-date symlink: /home/yumjunstar/Desktop/YJW/RoboticsProgram/Project/LostChildProject-ROS2_SLAM_Toolbox-Yolov8/install/msg_interface/lib/python3.8/site-packages/msg_interface/srv/_add_to_queue.py
[11.607s] -- Up-to-date symlink: /home/yumjunstar/Desktop/YJW/RoboticsProgram/Project/LostChildProject-ROS2_SLAM_Toolbox-Yolov8/install/msg_interface/lib/python3.8/site-packages/msg_interface/action/__init__.py
[11.607s] -- Up-to-date symlink: /home/yumjunstar/Desktop/YJW/RoboticsProgram/Project/LostChildProject-ROS2_SLAM_Toolbox-Yolov8/install/msg_interface/lib/python3.8/site-packages/msg_interface/action/_a_string.py
[11.608s] -- Up-to-date symlink: /home/yumjunstar/Desktop/YJW/RoboticsProgram/Project/LostChildProject-ROS2_SLAM_Toolbox-Yolov8/install/msg_interface/lib/python3.8/site-packages/msg_interface/msg_interface_s__rosidl_typesupport_fastrtps_c.cpython-38-x86_64-linux-gnu.so
[11.609s] -- Up-to-date symlink: /home/yumjunstar/Desktop/YJW/RoboticsProgram/Project/LostChildProject-ROS2_SLAM_Toolbox-Yolov8/install/msg_interface/lib/python3.8/site-packages/msg_interface/msg_interface_s__rosidl_typesupport_introspection_c.cpython-38-x86_64-linux-gnu.so
[11.610s] -- Up-to-date symlink: /home/yumjunstar/Desktop/YJW/RoboticsProgram/Project/LostChildProject-ROS2_SLAM_Toolbox-Yolov8/install/msg_interface/lib/python3.8/site-packages/msg_interface/msg_interface_s__rosidl_typesupport_c.cpython-38-x86_64-linux-gnu.so
[11.611s] -- Up-to-date symlink: /home/yumjunstar/Desktop/YJW/RoboticsProgram/Project/LostChildProject-ROS2_SLAM_Toolbox-Yolov8/install/msg_interface/lib/libmsg_interface__python.so
[11.611s] -- Up-to-date symlink: /home/yumjunstar/Desktop/YJW/RoboticsProgram/Project/LostChildProject-ROS2_SLAM_Toolbox-Yolov8/install/msg_interface/share/msg_interface/msg/Arithmetic.idl
[11.611s] -- Up-to-date symlink: /home/yumjunstar/Desktop/YJW/RoboticsProgram/Project/LostChildProject-ROS2_SLAM_Toolbox-Yolov8/install/msg_interface/share/msg_interface/srv/AddToQueue.idl
[11.611s] -- Up-to-date symlink: /home/yumjunstar/Desktop/YJW/RoboticsProgram/Project/LostChildProject-ROS2_SLAM_Toolbox-Yolov8/install/msg_interface/share/msg_interface/action/AString.idl
[11.612s] -- Up-to-date symlink: /home/yumjunstar/Desktop/YJW/RoboticsProgram/Project/LostChildProject-ROS2_SLAM_Toolbox-Yolov8/install/msg_interface/share/msg_interface/msg/Arithmetic.msg
[11.612s] -- Up-to-date symlink: /home/yumjunstar/Desktop/YJW/RoboticsProgram/Project/LostChildProject-ROS2_SLAM_Toolbox-Yolov8/install/msg_interface/share/msg_interface/srv/AddToQueue.srv
[11.612s] -- Up-to-date symlink: /home/yumjunstar/Desktop/YJW/RoboticsProgram/Project/LostChildProject-ROS2_SLAM_Toolbox-Yolov8/install/msg_interface/share/msg_interface/srv/AddToQueue_Request.msg
[11.613s] -- Up-to-date symlink: /home/yumjunstar/Desktop/YJW/RoboticsProgram/Project/LostChildProject-ROS2_SLAM_Toolbox-Yolov8/install/msg_interface/share/msg_interface/srv/AddToQueue_Response.msg
[11.613s] -- Up-to-date symlink: /home/yumjunstar/Desktop/YJW/RoboticsProgram/Project/LostChildProject-ROS2_SLAM_Toolbox-Yolov8/install/msg_interface/share/msg_interface/action/AString.action
[11.613s] -- Up-to-date symlink: /home/yumjunstar/Desktop/YJW/RoboticsProgram/Project/LostChildProject-ROS2_SLAM_Toolbox-Yolov8/install/msg_interface/share/ament_index/resource_index/package_run_dependencies/msg_interface
[11.614s] -- Up-to-date symlink: /home/yumjunstar/Desktop/YJW/RoboticsProgram/Project/LostChildProject-ROS2_SLAM_Toolbox-Yolov8/install/msg_interface/share/ament_index/resource_index/parent_prefix_path/msg_interface
[11.614s] -- Up-to-date symlink: /home/yumjunstar/Desktop/YJW/RoboticsProgram/Project/LostChildProject-ROS2_SLAM_Toolbox-Yolov8/install/msg_interface/share/msg_interface/environment/ament_prefix_path.sh
[11.614s] -- Up-to-date symlink: /home/yumjunstar/Desktop/YJW/RoboticsProgram/Project/LostChildProject-ROS2_SLAM_Toolbox-Yolov8/install/msg_interface/share/msg_interface/environment/ament_prefix_path.dsv
[11.615s] -- Up-to-date symlink: /home/yumjunstar/Desktop/YJW/RoboticsProgram/Project/LostChildProject-ROS2_SLAM_Toolbox-Yolov8/install/msg_interface/share/msg_interface/environment/path.sh
[11.615s] -- Up-to-date symlink: /home/yumjunstar/Desktop/YJW/RoboticsProgram/Project/LostChildProject-ROS2_SLAM_Toolbox-Yolov8/install/msg_interface/share/msg_interface/environment/path.dsv
[11.615s] -- Up-to-date symlink: /home/yumjunstar/Desktop/YJW/RoboticsProgram/Project/LostChildProject-ROS2_SLAM_Toolbox-Yolov8/install/msg_interface/share/msg_interface/local_setup.bash
[11.616s] -- Up-to-date symlink: /home/yumjunstar/Desktop/YJW/RoboticsProgram/Project/LostChildProject-ROS2_SLAM_Toolbox-Yolov8/install/msg_interface/share/msg_interface/local_setup.sh
[11.616s] -- Up-to-date symlink: /home/yumjunstar/Desktop/YJW/RoboticsProgram/Project/LostChildProject-ROS2_SLAM_Toolbox-Yolov8/install/msg_interface/share/msg_interface/local_setup.zsh
[11.616s] -- Up-to-date symlink: /home/yumjunstar/Desktop/YJW/RoboticsProgram/Project/LostChildProject-ROS2_SLAM_Toolbox-Yolov8/install/msg_interface/share/msg_interface/local_setup.dsv
[11.616s] -- Symlinking: /home/yumjunstar/Desktop/YJW/RoboticsProgram/Project/LostChildProject-ROS2_SLAM_Toolbox-Yolov8/install/msg_interface/share/msg_interface/package.dsv
[11.620s] -- Up-to-date symlink: /home/yumjunstar/Desktop/YJW/RoboticsProgram/Project/LostChildProject-ROS2_SLAM_Toolbox-Yolov8/install/msg_interface/share/ament_index/resource_index/packages/msg_interface
[11.620s] -- Up-to-date symlink: /home/yumjunstar/Desktop/YJW/RoboticsProgram/Project/LostChildProject-ROS2_SLAM_Toolbox-Yolov8/install/msg_interface/share/msg_interface/cmake/rosidl_cmake-extras.cmake
[11.621s] -- Up-to-date symlink: /home/yumjunstar/Desktop/YJW/RoboticsProgram/Project/LostChildProject-ROS2_SLAM_Toolbox-Yolov8/install/msg_interface/share/msg_interface/cmake/ament_cmake_export_dependencies-extras.cmake
[11.621s] -- Up-to-date symlink: /home/yumjunstar/Desktop/YJW/RoboticsProgram/Project/LostChildProject-ROS2_SLAM_Toolbox-Yolov8/install/msg_interface/share/msg_interface/cmake/ament_cmake_export_libraries-extras.cmake
[11.621s] -- Up-to-date symlink: /home/yumjunstar/Desktop/YJW/RoboticsProgram/Project/LostChildProject-ROS2_SLAM_Toolbox-Yolov8/install/msg_interface/share/msg_interface/cmake/ament_cmake_export_targets-extras.cmake
[11.622s] -- Up-to-date symlink: /home/yumjunstar/Desktop/YJW/RoboticsProgram/Project/LostChildProject-ROS2_SLAM_Toolbox-Yolov8/install/msg_interface/share/msg_interface/cmake/ament_cmake_export_include_directories-extras.cmake
[11.622s] -- Up-to-date symlink: /home/yumjunstar/Desktop/YJW/RoboticsProgram/Project/LostChildProject-ROS2_SLAM_Toolbox-Yolov8/install/msg_interface/share/msg_interface/cmake/rosidl_cmake_export_typesupport_libraries-extras.cmake
[11.623s] -- Up-to-date symlink: /home/yumjunstar/Desktop/YJW/RoboticsProgram/Project/LostChildProject-ROS2_SLAM_Toolbox-Yolov8/install/msg_interface/share/msg_interface/cmake/rosidl_cmake_export_typesupport_targets-extras.cmake
[11.623s] -- Up-to-date symlink: /home/yumjunstar/Desktop/YJW/RoboticsProgram/Project/LostChildProject-ROS2_SLAM_Toolbox-Yolov8/install/msg_interface/share/msg_interface/cmake/msg_interfaceConfig.cmake
[11.623s] -- Up-to-date symlink: /home/yumjunstar/Desktop/YJW/RoboticsProgram/Project/LostChildProject-ROS2_SLAM_Toolbox-Yolov8/install/msg_interface/share/msg_interface/cmake/msg_interfaceConfig-version.cmake
[11.623s] -- Up-to-date symlink: /home/yumjunstar/Desktop/YJW/RoboticsProgram/Project/LostChildProject-ROS2_SLAM_Toolbox-Yolov8/install/msg_interface/share/msg_interface/package.xml
[11.624s] -- Installing: /home/yumjunstar/Desktop/YJW/RoboticsProgram/Project/LostChildProject-ROS2_SLAM_Toolbox-Yolov8/install/msg_interface/lib/libmsg_interface__rosidl_generator_c.so
[11.630s] -- Set runtime path of "/home/yumjunstar/Desktop/YJW/RoboticsProgram/Project/LostChildProject-ROS2_SLAM_Toolbox-Yolov8/install/msg_interface/lib/libmsg_interface__rosidl_generator_c.so" to ""
[11.631s] -- Installing: /home/yumjunstar/Desktop/YJW/RoboticsProgram/Project/LostChildProject-ROS2_SLAM_Toolbox-Yolov8/install/msg_interface/lib/libmsg_interface__rosidl_typesupport_introspection_c.so
[11.631s] -- Set runtime path of "/home/yumjunstar/Desktop/YJW/RoboticsProgram/Project/LostChildProject-ROS2_SLAM_Toolbox-Yolov8/install/msg_interface/lib/libmsg_interface__rosidl_typesupport_introspection_c.so" to ""
[11.631s] -- Installing: /home/yumjunstar/Desktop/YJW/RoboticsProgram/Project/LostChildProject-ROS2_SLAM_Toolbox-Yolov8/install/msg_interface/lib/libmsg_interface__rosidl_typesupport_c.so
[11.632s] -- Set runtime path of "/home/yumjunstar/Desktop/YJW/RoboticsProgram/Project/LostChildProject-ROS2_SLAM_Toolbox-Yolov8/install/msg_interface/lib/libmsg_interface__rosidl_typesupport_c.so" to ""
[11.632s] -- Installing: /home/yumjunstar/Desktop/YJW/RoboticsProgram/Project/LostChildProject-ROS2_SLAM_Toolbox-Yolov8/install/msg_interface/lib/libmsg_interface__rosidl_typesupport_introspection_cpp.so
[11.633s] -- Set runtime path of "/home/yumjunstar/Desktop/YJW/RoboticsProgram/Project/LostChildProject-ROS2_SLAM_Toolbox-Yolov8/install/msg_interface/lib/libmsg_interface__rosidl_typesupport_introspection_cpp.so" to ""
[11.633s] -- Installing: /home/yumjunstar/Desktop/YJW/RoboticsProgram/Project/LostChildProject-ROS2_SLAM_Toolbox-Yolov8/install/msg_interface/lib/libmsg_interface__rosidl_typesupport_cpp.so
[11.633s] -- Set runtime path of "/home/yumjunstar/Desktop/YJW/RoboticsProgram/Project/LostChildProject-ROS2_SLAM_Toolbox-Yolov8/install/msg_interface/lib/libmsg_interface__rosidl_typesupport_cpp.so" to ""
[11.690s] Compiling '/home/yumjunstar/Desktop/YJW/RoboticsProgram/Project/LostChildProject-ROS2_SLAM_Toolbox-Yolov8/install/msg_interface/lib/python3.8/site-packages/msg_interface/__init__.py'...
[11.696s] -- Up-to-date: /home/yumjunstar/Desktop/YJW/RoboticsProgram/Project/LostChildProject-ROS2_SLAM_Toolbox-Yolov8/install/msg_interface/share/msg_interface/cmake/msg_interface__rosidl_generator_cExport.cmake
[11.696s] -- Up-to-date: /home/yumjunstar/Desktop/YJW/RoboticsProgram/Project/LostChildProject-ROS2_SLAM_Toolbox-Yolov8/install/msg_interface/share/msg_interface/cmake/msg_interface__rosidl_generator_cExport-noconfig.cmake
[11.696s] -- Up-to-date: /home/yumjunstar/Desktop/YJW/RoboticsProgram/Project/LostChildProject-ROS2_SLAM_Toolbox-Yolov8/install/msg_interface/share/msg_interface/cmake/msg_interface__rosidl_typesupport_introspection_cExport.cmake
[11.696s] -- Up-to-date: /home/yumjunstar/Desktop/YJW/RoboticsProgram/Project/LostChildProject-ROS2_SLAM_Toolbox-Yolov8/install/msg_interface/share/msg_interface/cmake/msg_interface__rosidl_typesupport_introspection_cExport-noconfig.cmake
[11.696s] -- Up-to-date: /home/yumjunstar/Desktop/YJW/RoboticsProgram/Project/LostChildProject-ROS2_SLAM_Toolbox-Yolov8/install/msg_interface/share/msg_interface/cmake/msg_interface__rosidl_typesupport_cExport.cmake
[11.696s] -- Up-to-date: /home/yumjunstar/Desktop/YJW/RoboticsProgram/Project/LostChildProject-ROS2_SLAM_Toolbox-Yolov8/install/msg_interface/share/msg_interface/cmake/msg_interface__rosidl_typesupport_cExport-noconfig.cmake
[11.696s] -- Up-to-date: /home/yumjunstar/Desktop/YJW/RoboticsProgram/Project/LostChildProject-ROS2_SLAM_Toolbox-Yolov8/install/msg_interface/share/msg_interface/cmake/msg_interface__rosidl_generator_cppExport.cmake
[11.696s] -- Up-to-date: /home/yumjunstar/Desktop/YJW/RoboticsProgram/Project/LostChildProject-ROS2_SLAM_Toolbox-Yolov8/install/msg_interface/share/msg_interface/cmake/msg_interface__rosidl_typesupport_introspection_cppExport.cmake
[11.696s] -- Up-to-date: /home/yumjunstar/Desktop/YJW/RoboticsProgram/Project/LostChildProject-ROS2_SLAM_Toolbox-Yolov8/install/msg_interface/share/msg_interface/cmake/msg_interface__rosidl_typesupport_introspection_cppExport-noconfig.cmake
[11.696s] -- Up-to-date: /home/yumjunstar/Desktop/YJW/RoboticsProgram/Project/LostChildProject-ROS2_SLAM_Toolbox-Yolov8/install/msg_interface/share/msg_interface/cmake/msg_interface__rosidl_typesupport_cppExport.cmake
[11.696s] -- Up-to-date: /home/yumjunstar/Desktop/YJW/RoboticsProgram/Project/LostChildProject-ROS2_SLAM_Toolbox-Yolov8/install/msg_interface/share/msg_interface/cmake/msg_interface__rosidl_typesupport_cppExport-noconfig.cmake
[11.707s] Invoked command in '/home/yumjunstar/Desktop/YJW/RoboticsProgram/Project/LostChildProject-ROS2_SLAM_Toolbox-Yolov8/build/msg_interface' returned '0': CMAKE_PREFIX_PATH=${CMAKE_PREFIX_PATH}:/home/yumjunstar/Desktop/YJW/RoboticsProgram/Project/LostChildProject-ROS2_SLAM_Toolbox-Yolov8/install/robot_localization:/home/yumjunstar/Desktop/YJW/RoboticsProgram/Project/LostChildProject-ROS2_SLAM_Toolbox-Yolov8/install/beagle_sub_pub:/home/yumjunstar/Desktop/YJW/RoboticsProgram/Project/LostChildProject-ROS2_SLAM_Toolbox-Yolov8/install/tf_transformations:/home/yumjunstar/Desktop/YJW/RoboticsProgram/Project/LostChildProject-ROS2_SLAM_Toolbox-Yolov8/install/static_tf:/home/yumjunstar/Desktop/YJW/RoboticsProgram/Project/LostChildProject-ROS2_SLAM_Toolbox-Yolov8/install/object_detection:/home/yumjunstar/Desktop/YJW/RoboticsProgram/Project/LostChildProject-ROS2_SLAM_Toolbox-Yolov8/install/motor:/home/yumjunstar/Desktop/YJW/RoboticsProgram/Project/LostChildProject-ROS2_SLAM_Toolbox-Yolov8/install/lidar:/home/yumjunstar/Desktop/YJW/RoboticsProgram/Project/LostChildProject-ROS2_SLAM_Toolbox-Yolov8/install/camera:/opt/ros/foxy /home/yumjunstar/.local/bin/cmake --install /home/yumjunstar/Desktop/YJW/RoboticsProgram/Project/LostChildProject-ROS2_SLAM_Toolbox-Yolov8/build/msg_interface
