running develop
running egg_info
creating camera_undistort.egg-info
writing camera_undistort.egg-info/PKG-INFO
writing dependency_links to camera_undistort.egg-info/dependency_links.txt
writing entry points to camera_undistort.egg-info/entry_points.txt
writing requirements to camera_undistort.egg-info/requires.txt
writing top-level names to camera_undistort.egg-info/top_level.txt
writing manifest file 'camera_undistort.egg-info/SOURCES.txt'
reading manifest file 'camera_undistort.egg-info/SOURCES.txt'
writing manifest file 'camera_undistort.egg-info/SOURCES.txt'
running build_ext
Creating /home/yumjunstar/Desktop/YJW/RoboticsProgram/Project/LostChildProject-ROS2_SLAM_Toolbox-Yolov8/install/camera_undistort/lib/python3.8/site-packages/site.py
Creating /home/yumjunstar/Desktop/YJW/RoboticsProgram/Project/LostChildProject-ROS2_SLAM_Toolbox-Yolov8/install/camera_undistort/lib/python3.8/site-packages/camera-undistort.egg-link (link to .)

Installed /home/yumjunstar/Desktop/YJW/RoboticsProgram/Project/LostChildProject-ROS2_SLAM_Toolbox-Yolov8/build/camera_undistort
running install_data
creating /home/yumjunstar/Desktop/YJW/RoboticsProgram/Project/LostChildProject-ROS2_SLAM_Toolbox-Yolov8/install/camera_undistort/share/ament_index
creating /home/yumjunstar/Desktop/YJW/RoboticsProgram/Project/LostChildProject-ROS2_SLAM_Toolbox-Yolov8/install/camera_undistort/share/ament_index/resource_index
creating /home/yumjunstar/Desktop/YJW/RoboticsProgram/Project/LostChildProject-ROS2_SLAM_Toolbox-Yolov8/install/camera_undistort/share/ament_index/resource_index/packages
copying resource/camera_undistort -> /home/yumjunstar/Desktop/YJW/RoboticsProgram/Project/LostChildProject-ROS2_SLAM_Toolbox-Yolov8/install/camera_undistort/share/ament_index/resource_index/packages
copying package.xml -> /home/yumjunstar/Desktop/YJW/RoboticsProgram/Project/LostChildProject-ROS2_SLAM_Toolbox-Yolov8/install/camera_undistort/share/camera_undistort
