[  1%] Built target slam_toolbox__cpp
[ 10%] Built target slam_toolbox__rosidl_generator_c
[ 19%] Built target slam_toolbox__rosidl_typesupport_introspection_cpp
[ 28%] Built target slam_toolbox__rosidl_typesupport_cpp
[ 37%] Built target slam_toolbox__rosidl_typesupport_introspection_c
[ 47%] Built target slam_toolbox__rosidl_typesupport_c
[ 55%] Built target slam_toolbox__rosidl_typesupport_fastrtps_cpp
[ 64%] Built target slam_toolbox__rosidl_typesupport_fastrtps_c
[ 64%] Built target slam_toolbox
[ 66%] Built target kartoSlamToolbox
[ 67%] Built target slam_toolbox__py
[ 75%] Built target slam_toolbox__python
[ 77%] Built target SlamToolboxPlugin
[ 79%] Built target ceres_solver_plugin
[ 80%] Built target slam_toolbox__rosidl_typesupport_introspection_c__pyext
[ 81%] Built target slam_toolbox__rosidl_typesupport_c__pyext
[ 82%] Built target slam_toolbox__rosidl_typesupport_fastrtps_c__pyext
[ 87%] Built target toolbox_common
[ 89%] Built target sync_slam_toolbox
[ 90%] Built target localization_slam_toolbox
[ 95%] Built target lifelong_slam_toolbox
[ 95%] Built target async_slam_toolbox
[ 95%] Built target merge_maps_kinematic
[ 96%] Built target sync_slam_toolbox_node
[ 97%] Built target lifelong_slam_toolbox_node
[ 99%] Built target localization_slam_toolbox_node
[100%] Built target async_slam_toolbox_node
