[0.292s] Invoking command in '/home/yumjunstar/Desktop/YJW/RoboticsProgram/Project/LostChildProject-ROS2_SLAM_Toolbox-Yolov8/build/slam_toolbox': CMAKE_PREFIX_PATH=/home/yumjunstar/Desktop/YJW/RoboticsProgram/Project/Kim_Hyun_Jun/ROS2_SLAM-main/lostchild/install/slam_toolbox:/home/yumjunstar/Desktop/YJW/RoboticsProgram/Project/Kim_Hyun_Jun/ROS2_SLAM-main/lostchild/install/msg_interface:/home/yumjunstar/Desktop/YJW/RoboticsProgram/Project/LostChildProject-ROS2_SLAM_Toolbox-Yolov8/install/slam_toolbox:/home/yumjunstar/Desktop/YJW/RoboticsProgram/Project/LostChildProject-ROS2_SLAM_Toolbox-Yolov8/install/keyboard_control:/home/yumjunstar/Desktop/YJW/RoboticsProgram/Project/Kim_Hyun_Jun/ROS2_SLAM-main/lostchild/install/robot_localization:/home/yumjunstar/Desktop/YJW/RoboticsProgram/Project/Kim_Hyun_Jun/ROS2_SLAM-main/lostchild/install/beagle_sub_pub:/home/yumjunstar/Desktop/YJW/RoboticsProgram/Project/Kim_Hyun_Jun/ROS2_SLAM-main/lostchild/install/tf_transformations:/home/yumjunstar/Desktop/YJW/RoboticsProgram/Project/Kim_Hyun_Jun/ROS2_SLAM-main/lostchild/install/static_tf:/home/yumjunstar/Desktop/YJW/RoboticsProgram/Project/Kim_Hyun_Jun/ROS2_SLAM-main/lostchild/install/motor:/home/yumjunstar/Desktop/YJW/RoboticsProgram/Project/Kim_Hyun_Jun/ROS2_SLAM-main/lostchild/install/lidar:/home/yumjunstar/Desktop/YJW/RoboticsProgram/Project/Kim_Hyun_Jun/ROS2_SLAM-main/lostchild/install/camera:/home/yumjunstar/Desktop/YJW/RoboticsProgram/Project/LostChildProject-ROS2_SLAM_Toolbox-Yolov8/install/robot_localization:/home/yumjunstar/Desktop/YJW/RoboticsProgram/Project/LostChildProject-ROS2_SLAM_Toolbox-Yolov8/install/beagle_sub_pub:/home/yumjunstar/Desktop/YJW/RoboticsProgram/Project/LostChildProject-ROS2_SLAM_Toolbox-Yolov8/install/tf_transformations:/home/yumjunstar/Desktop/YJW/RoboticsProgram/Project/LostChildProject-ROS2_SLAM_Toolbox-Yolov8/install/teleop_twist_keyboard:/home/yumjunstar/Desktop/YJW/RoboticsProgram/Project/LostChildProject-ROS2_SLAM_Toolbox-Yolov8/install/static_tf:/home/yumjunstar/Desktop/YJW/RoboticsProgram/Project/LostChildProject-ROS2_SLAM_Toolbox-Yolov8/install/object_detection:/home/yumjunstar/Desktop/YJW/RoboticsProgram/Project/LostChildProject-ROS2_SLAM_Toolbox-Yolov8/install/motor:/home/yumjunstar/Desktop/YJW/RoboticsProgram/Project/LostChildProject-ROS2_SLAM_Toolbox-Yolov8/install/lidar:/home/yumjunstar/Desktop/YJW/RoboticsProgram/Project/LostChildProject-ROS2_SLAM_Toolbox-Yolov8/install/camera_undistort:/home/yumjunstar/Desktop/YJW/RoboticsProgram/Project/LostChildProject-ROS2_SLAM_Toolbox-Yolov8/install/camera:/opt/ros/foxy:/home/yumjunstar/Desktop/YJW/RoboticsProgram/Project/LostChildProject-ROS2_SLAM_Toolbox-Yolov8/install/karto_sdk /home/yumjunstar/.local/bin/cmake --build /home/yumjunstar/Desktop/YJW/RoboticsProgram/Project/LostChildProject-ROS2_SLAM_Toolbox-Yolov8/build/slam_toolbox -- -j8 -l8
[0.418s] [  1%] Built target slam_toolbox__cpp
[0.428s] [ 10%] Built target slam_toolbox__rosidl_generator_c
[0.448s] [ 19%] Built target slam_toolbox__rosidl_typesupport_introspection_cpp
[0.449s] [ 28%] Built target slam_toolbox__rosidl_typesupport_cpp
[0.453s] [ 37%] Built target slam_toolbox__rosidl_typesupport_introspection_c
[0.453s] [ 47%] Built target slam_toolbox__rosidl_typesupport_c
[0.453s] [ 55%] Built target slam_toolbox__rosidl_typesupport_fastrtps_cpp
[0.475s] [ 64%] Built target slam_toolbox__rosidl_typesupport_fastrtps_c
[0.484s] [ 64%] Built target slam_toolbox
[0.490s] [ 66%] Built target kartoSlamToolbox
[0.495s] [ 67%] Built target slam_toolbox__py
[0.517s] [ 75%] Built target slam_toolbox__python
[0.527s] [ 77%] Built target SlamToolboxPlugin
[0.527s] [ 79%] Built target ceres_solver_plugin
[0.531s] [ 80%] Built target slam_toolbox__rosidl_typesupport_introspection_c__pyext
[0.532s] [ 81%] Built target slam_toolbox__rosidl_typesupport_c__pyext
[0.532s] [ 82%] Built target slam_toolbox__rosidl_typesupport_fastrtps_c__pyext
[0.540s] [ 87%] Built target toolbox_common
[0.574s] [ 89%] Built target sync_slam_toolbox
[0.576s] [ 90%] Built target localization_slam_toolbox
[0.581s] [ 95%] Built target lifelong_slam_toolbox
[0.581s] [ 95%] Built target async_slam_toolbox
[0.581s] [ 95%] Built target merge_maps_kinematic
[0.604s] [ 96%] Built target sync_slam_toolbox_node
[0.610s] [ 97%] Built target lifelong_slam_toolbox_node
[0.612s] [ 99%] Built target localization_slam_toolbox_node
[0.616s] [100%] Built target async_slam_toolbox_node
[1.305s] Invoked command in '/home/yumjunstar/Desktop/YJW/RoboticsProgram/Project/LostChildProject-ROS2_SLAM_Toolbox-Yolov8/build/slam_toolbox' returned '0': CMAKE_PREFIX_PATH=/home/yumjunstar/Desktop/YJW/RoboticsProgram/Project/Kim_Hyun_Jun/ROS2_SLAM-main/lostchild/install/slam_toolbox:/home/yumjunstar/Desktop/YJW/RoboticsProgram/Project/Kim_Hyun_Jun/ROS2_SLAM-main/lostchild/install/msg_interface:/home/yumjunstar/Desktop/YJW/RoboticsProgram/Project/LostChildProject-ROS2_SLAM_Toolbox-Yolov8/install/slam_toolbox:/home/yumjunstar/Desktop/YJW/RoboticsProgram/Project/LostChildProject-ROS2_SLAM_Toolbox-Yolov8/install/keyboard_control:/home/yumjunstar/Desktop/YJW/RoboticsProgram/Project/Kim_Hyun_Jun/ROS2_SLAM-main/lostchild/install/robot_localization:/home/yumjunstar/Desktop/YJW/RoboticsProgram/Project/Kim_Hyun_Jun/ROS2_SLAM-main/lostchild/install/beagle_sub_pub:/home/yumjunstar/Desktop/YJW/RoboticsProgram/Project/Kim_Hyun_Jun/ROS2_SLAM-main/lostchild/install/tf_transformations:/home/yumjunstar/Desktop/YJW/RoboticsProgram/Project/Kim_Hyun_Jun/ROS2_SLAM-main/lostchild/install/static_tf:/home/yumjunstar/Desktop/YJW/RoboticsProgram/Project/Kim_Hyun_Jun/ROS2_SLAM-main/lostchild/install/motor:/home/yumjunstar/Desktop/YJW/RoboticsProgram/Project/Kim_Hyun_Jun/ROS2_SLAM-main/lostchild/install/lidar:/home/yumjunstar/Desktop/YJW/RoboticsProgram/Project/Kim_Hyun_Jun/ROS2_SLAM-main/lostchild/install/camera:/home/yumjunstar/Desktop/YJW/RoboticsProgram/Project/LostChildProject-ROS2_SLAM_Toolbox-Yolov8/install/robot_localization:/home/yumjunstar/Desktop/YJW/RoboticsProgram/Project/LostChildProject-ROS2_SLAM_Toolbox-Yolov8/install/beagle_sub_pub:/home/yumjunstar/Desktop/YJW/RoboticsProgram/Project/LostChildProject-ROS2_SLAM_Toolbox-Yolov8/install/tf_transformations:/home/yumjunstar/Desktop/YJW/RoboticsProgram/Project/LostChildProject-ROS2_SLAM_Toolbox-Yolov8/install/teleop_twist_keyboard:/home/yumjunstar/Desktop/YJW/RoboticsProgram/Project/LostChildProject-ROS2_SLAM_Toolbox-Yolov8/install/static_tf:/home/yumjunstar/Desktop/YJW/RoboticsProgram/Project/LostChildProject-ROS2_SLAM_Toolbox-Yolov8/install/object_detection:/home/yumjunstar/Desktop/YJW/RoboticsProgram/Project/LostChildProject-ROS2_SLAM_Toolbox-Yolov8/install/motor:/home/yumjunstar/Desktop/YJW/RoboticsProgram/Project/LostChildProject-ROS2_SLAM_Toolbox-Yolov8/install/lidar:/home/yumjunstar/Desktop/YJW/RoboticsProgram/Project/LostChildProject-ROS2_SLAM_Toolbox-Yolov8/install/camera_undistort:/home/yumjunstar/Desktop/YJW/RoboticsProgram/Project/LostChildProject-ROS2_SLAM_Toolbox-Yolov8/install/camera:/opt/ros/foxy:/home/yumjunstar/Desktop/YJW/RoboticsProgram/Project/LostChildProject-ROS2_SLAM_Toolbox-Yolov8/install/karto_sdk /home/yumjunstar/.local/bin/cmake --build /home/yumjunstar/Desktop/YJW/RoboticsProgram/Project/LostChildProject-ROS2_SLAM_Toolbox-Yolov8/build/slam_toolbox -- -j8 -l8
