[1.273s] Invoking command in '/home/yumjunstar/Desktop/YJW/RoboticsProgram/Project/LostChildProject-ROS2_SLAM_Toolbox-Yolov8/build/keyboard_control': CMAKE_PREFIX_PATH=/home/yumjunstar/Desktop/YJW/RoboticsProgram/Project/LostChildProject-ROS2_SLAM_Toolbox-Yolov8/install/slam_toolbox:/home/yumjunstar/Desktop/YJW/RoboticsProgram/Project/LostChildProject-ROS2_SLAM_Toolbox-Yolov8/install/keyboard_control:/home/yumjunstar/Desktop/YJW/RoboticsProgram/Project/LostChildProject-ROS2_SLAM_Toolbox-Yolov8/install/robot_localization:/home/yumjunstar/Desktop/YJW/RoboticsProgram/Project/LostChildProject-ROS2_SLAM_Toolbox-Yolov8/install/beagle_sub_pub:/home/yumjunstar/Desktop/YJW/RoboticsProgram/Project/LostChildProject-ROS2_SLAM_Toolbox-Yolov8/install/tf_transformations:/home/yumjunstar/Desktop/YJW/RoboticsProgram/Project/LostChildProject-ROS2_SLAM_Toolbox-Yolov8/install/teleop_twist_keyboard:/home/yumjunstar/Desktop/YJW/RoboticsProgram/Project/LostChildProject-ROS2_SLAM_Toolbox-Yolov8/install/static_tf:/home/yumjunstar/Desktop/YJW/RoboticsProgram/Project/LostChildProject-ROS2_SLAM_Toolbox-Yolov8/install/object_detection:/home/yumjunstar/Desktop/YJW/RoboticsProgram/Project/LostChildProject-ROS2_SLAM_Toolbox-Yolov8/install/motor:/home/yumjunstar/Desktop/YJW/RoboticsProgram/Project/LostChildProject-ROS2_SLAM_Toolbox-Yolov8/install/lidar:/home/yumjunstar/Desktop/YJW/RoboticsProgram/Project/LostChildProject-ROS2_SLAM_Toolbox-Yolov8/install/camera_undistort:/home/yumjunstar/Desktop/YJW/RoboticsProgram/Project/LostChildProject-ROS2_SLAM_Toolbox-Yolov8/install/camera:/opt/ros/foxy:/home/yumjunstar/Desktop/YJW/RoboticsProgram/Project/LostChildProject-ROS2_SLAM_Toolbox-Yolov8/install/karto_sdk /home/yumjunstar/.local/bin/cmake --build /home/yumjunstar/Desktop/YJW/RoboticsProgram/Project/LostChildProject-ROS2_SLAM_Toolbox-Yolov8/build/keyboard_control -- -j8 -l8
[2.454s] [ 50%] [32mBuilding CXX object CMakeFiles/keyboard_publisher.dir/src/keyboard_control.cpp.o[0m
[3.609s] [01m[K/home/yumjunstar/Desktop/YJW/RoboticsProgram/Project/LostChildProject-ROS2_SLAM_Toolbox-Yolov8/src/keyboard_control/src/keyboard_control.cpp:21:2:[m[K [01;31m[Kerror: [m[Kexpected ‘[01m[K;[m[K’ after class definition
[3.610s]    21 | }
[3.610s]       |  [01;31m[K^[m[K
[3.610s]       |  [32m[K;[m[K
[3.611s] [01m[K/home/yumjunstar/Desktop/YJW/RoboticsProgram/Project/LostChildProject-ROS2_SLAM_Toolbox-Yolov8/src/keyboard_control/src/keyboard_control.cpp:[m[K In constructor ‘[01m[KKeyboardPublisher::KeyboardPublisher()[m[K’:
[3.611s] [01m[K/home/yumjunstar/Desktop/YJW/RoboticsProgram/Project/LostChildProject-ROS2_SLAM_Toolbox-Yolov8/src/keyboard_control/src/keyboard_control.cpp:11:55:[m[K [01;31m[Kerror: [m[Kclass ‘[01m[KKeyboardPublisher[m[K’ does not have any field named ‘[01m[Kcount_[m[K’
[3.611s]    11 |     KeyboardPublisher() : Node("keyboard_publisher"), [01;31m[Kcount_[m[K(0)
[3.611s]       |                                                       [01;31m[K^~~~~~[m[K
[3.625s] [01m[K/home/yumjunstar/Desktop/YJW/RoboticsProgram/Project/LostChildProject-ROS2_SLAM_Toolbox-Yolov8/src/keyboard_control/src/keyboard_control.cpp:13:9:[m[K [01;31m[Kerror: [m[K‘[01m[Kpublisher_[m[K’ was not declared in this scope; did you mean ‘[01m[Krcl_publisher_t[m[K’?
[3.625s]    13 |         [01;31m[Kpublisher_[m[K = this->create_publisher<std_msgs::eee>("topic", 10);
[3.625s]       |         [01;31m[K^~~~~~~~~~[m[K
[3.625s]       |         [32m[Krcl_publisher_t[m[K
[3.630s] [01m[K/home/yumjunstar/Desktop/YJW/RoboticsProgram/Project/LostChildProject-ROS2_SLAM_Toolbox-Yolov8/src/keyboard_control/src/keyboard_control.cpp:13:45:[m[K [01;31m[Kerror: [m[K‘[01m[Kstd_msgs[m[K’ was not declared in this scope
[3.630s]    13 |         publisher_ = this->create_publisher<[01;31m[Kstd_msgs[m[K::eee>("topic", 10);
[3.630s]       |                                             [01;31m[K^~~~~~~~[m[K
[3.631s] [01m[K/home/yumjunstar/Desktop/YJW/RoboticsProgram/Project/LostChildProject-ROS2_SLAM_Toolbox-Yolov8/src/keyboard_control/src/keyboard_control.cpp:13:28:[m[K [01;31m[Kerror: [m[Kparse error in template argument list
[3.631s]    13 |         publisher_ = this->[01;31m[Kcreate_publisher<std_msgs::eee>[m[K("topic", 10);
[3.631s]       |                            [01;31m[K^~~~~~~~~~~~~~~~~~~~~~~~~~~~~~~[m[K
[3.632s] [01m[K/home/yumjunstar/Desktop/YJW/RoboticsProgram/Project/LostChildProject-ROS2_SLAM_Toolbox-Yolov8/src/keyboard_control/src/keyboard_control.cpp:13:71:[m[K [01;31m[Kerror: [m[Kno matching function for call to ‘[01m[KKeyboardPublisher::create_publisher<<expression error> >(const char [6], int)[m[K’
[3.632s]    13 |         publisher_ = this->create_publisher<std_msgs::eee>("topic", 10[01;31m[K)[m[K;
[3.632s]       |                                                                       [01;31m[K^[m[K
[3.633s] In file included from [01m[K/opt/ros/foxy/include/rclcpp/executors/single_threaded_executor.hpp:28[m[K,
[3.633s]                  from [01m[K/opt/ros/foxy/include/rclcpp/executors.hpp:22[m[K,
[3.633s]                  from [01m[K/opt/ros/foxy/include/rclcpp/rclcpp.hpp:146[m[K,
[3.633s]                  from [01m[K/home/yumjunstar/Desktop/YJW/RoboticsProgram/Project/LostChildProject-ROS2_SLAM_Toolbox-Yolov8/src/keyboard_control/src/keyboard_control.cpp:3[m[K:
[3.634s] [01m[K/opt/ros/foxy/include/rclcpp/node.hpp:184:3:[m[K [01;36m[Knote: [m[Kcandidate: ‘[01m[Ktemplate<class MessageT, class AllocatorT, class PublisherT> std::shared_ptr<PublisherT> rclcpp::Node::create_publisher(const string&, const rclcpp::QoS&, const rclcpp::PublisherOptionsWithAllocator<AllocatorT>&)[m[K’
[3.634s]   184 |   [01;36m[Kcreate_publisher[m[K(
[3.634s]       |   [01;36m[K^~~~~~~~~~~~~~~~[m[K
[3.634s] [01m[K/opt/ros/foxy/include/rclcpp/node.hpp:184:3:[m[K [01;36m[Knote: [m[K  template argument deduction/substitution failed:
[3.635s] [01m[K/home/yumjunstar/Desktop/YJW/RoboticsProgram/Project/LostChildProject-ROS2_SLAM_Toolbox-Yolov8/src/keyboard_control/src/keyboard_control.cpp:13:71:[m[K [01;31m[Kerror: [m[Ktemplate argument 1 is invalid
[3.635s]    13 |         publisher_ = this->create_publisher<std_msgs::eee>("topic", 10[01;31m[K)[m[K;
[3.635s]       |                                                                       [01;31m[K^[m[K
[3.639s] [01m[K/home/yumjunstar/Desktop/YJW/RoboticsProgram/Project/LostChildProject-ROS2_SLAM_Toolbox-Yolov8/src/keyboard_control/src/keyboard_control.cpp:14:9:[m[K [01;31m[Kerror: [m[K‘[01m[Ktimer_[m[K’ was not declared in this scope; did you mean ‘[01m[Ktimer_t[m[K’?
[3.639s]    14 |         [01;31m[Ktimer_[m[K = this->create_wall_timer(
[3.639s]       |         [01;31m[K^~~~~~[m[K
[3.639s]       |         [32m[Ktimer_t[m[K
[3.640s] [01m[K/home/yumjunstar/Desktop/YJW/RoboticsProgram/Project/LostChildProject-ROS2_SLAM_Toolbox-Yolov8/src/keyboard_control/src/keyboard_control.cpp:15:31:[m[K [01;31m[Kerror: [m[K‘[01m[KMinimalPublisher[m[K’ has not been declared
[3.640s]    15 |             500ms, std::bind(&[01;31m[KMinimalPublisher[m[K::timer_callback, this));
[3.640s]       |                               [01;31m[K^~~~~~~~~~~~~~~~[m[K
[3.643s] [01m[K/home/yumjunstar/Desktop/YJW/RoboticsProgram/Project/LostChildProject-ROS2_SLAM_Toolbox-Yolov8/src/keyboard_control/src/keyboard_control.cpp:[m[K In function ‘[01m[Kint main(int, char**)[m[K’:
[3.643s] [01m[K/home/yumjunstar/Desktop/YJW/RoboticsProgram/Project/LostChildProject-ROS2_SLAM_Toolbox-Yolov8/src/keyboard_control/src/keyboard_control.cpp:25:23:[m[K [01;31m[Kerror: [m[K‘[01m[Kmake_shard[m[K’ is not a member of ‘[01m[Kstd[m[K’; did you mean ‘[01m[Kmake_shared[m[K’?
[3.643s]    25 |     rclcpp::spin(std::[01;31m[Kmake_shard[m[K<KeyboardPublisher>())
[3.643s]       |                       [01;31m[K^~~~~~~~~~[m[K
[3.643s]       |                       [32m[Kmake_shared[m[K
[3.643s] [01m[K/home/yumjunstar/Desktop/YJW/RoboticsProgram/Project/LostChildProject-ROS2_SLAM_Toolbox-Yolov8/src/keyboard_control/src/keyboard_control.cpp:25:51:[m[K [01;31m[Kerror: [m[Kexpected primary-expression before ‘[01m[K>[m[K’ token
[3.644s]    25 |     rclcpp::spin(std::make_shard<KeyboardPublisher[01;31m[K>[m[K())
[3.644s]       |                                                   [01;31m[K^[m[K
[3.644s] [01m[K/home/yumjunstar/Desktop/YJW/RoboticsProgram/Project/LostChildProject-ROS2_SLAM_Toolbox-Yolov8/src/keyboard_control/src/keyboard_control.cpp:25:53:[m[K [01;31m[Kerror: [m[Kexpected primary-expression before ‘[01m[K)[m[K’ token
[3.644s]    25 |     rclcpp::spin(std::make_shard<KeyboardPublisher>([01;31m[K)[m[K)
[3.644s]       |                                                     [01;31m[K^[m[K
[4.508s] make[2]: *** [CMakeFiles/keyboard_publisher.dir/build.make:76: CMakeFiles/keyboard_publisher.dir/src/keyboard_control.cpp.o] Error 1
[4.508s] make[1]: *** [CMakeFiles/Makefile2:137: CMakeFiles/keyboard_publisher.dir/all] Error 2
[4.509s] make: *** [Makefile:146: all] Error 2
[4.523s] Invoked command in '/home/yumjunstar/Desktop/YJW/RoboticsProgram/Project/LostChildProject-ROS2_SLAM_Toolbox-Yolov8/build/keyboard_control' returned '2': CMAKE_PREFIX_PATH=/home/yumjunstar/Desktop/YJW/RoboticsProgram/Project/LostChildProject-ROS2_SLAM_Toolbox-Yolov8/install/slam_toolbox:/home/yumjunstar/Desktop/YJW/RoboticsProgram/Project/LostChildProject-ROS2_SLAM_Toolbox-Yolov8/install/keyboard_control:/home/yumjunstar/Desktop/YJW/RoboticsProgram/Project/LostChildProject-ROS2_SLAM_Toolbox-Yolov8/install/robot_localization:/home/yumjunstar/Desktop/YJW/RoboticsProgram/Project/LostChildProject-ROS2_SLAM_Toolbox-Yolov8/install/beagle_sub_pub:/home/yumjunstar/Desktop/YJW/RoboticsProgram/Project/LostChildProject-ROS2_SLAM_Toolbox-Yolov8/install/tf_transformations:/home/yumjunstar/Desktop/YJW/RoboticsProgram/Project/LostChildProject-ROS2_SLAM_Toolbox-Yolov8/install/teleop_twist_keyboard:/home/yumjunstar/Desktop/YJW/RoboticsProgram/Project/LostChildProject-ROS2_SLAM_Toolbox-Yolov8/install/static_tf:/home/yumjunstar/Desktop/YJW/RoboticsProgram/Project/LostChildProject-ROS2_SLAM_Toolbox-Yolov8/install/object_detection:/home/yumjunstar/Desktop/YJW/RoboticsProgram/Project/LostChildProject-ROS2_SLAM_Toolbox-Yolov8/install/motor:/home/yumjunstar/Desktop/YJW/RoboticsProgram/Project/LostChildProject-ROS2_SLAM_Toolbox-Yolov8/install/lidar:/home/yumjunstar/Desktop/YJW/RoboticsProgram/Project/LostChildProject-ROS2_SLAM_Toolbox-Yolov8/install/camera_undistort:/home/yumjunstar/Desktop/YJW/RoboticsProgram/Project/LostChildProject-ROS2_SLAM_Toolbox-Yolov8/install/camera:/opt/ros/foxy:/home/yumjunstar/Desktop/YJW/RoboticsProgram/Project/LostChildProject-ROS2_SLAM_Toolbox-Yolov8/install/karto_sdk /home/yumjunstar/.local/bin/cmake --build /home/yumjunstar/Desktop/YJW/RoboticsProgram/Project/LostChildProject-ROS2_SLAM_Toolbox-Yolov8/build/keyboard_control -- -j8 -l8
