[1.591s] Invoking command in '/home/yumjunstar/Desktop/YJW/RoboticsProgram/Project/LostChildProject-ROS2_SLAM_Toolbox-Yolov8/build/msg_interface': CMAKE_PREFIX_PATH=${CMAKE_PREFIX_PATH}:/home/yumjunstar/Desktop/YJW/RoboticsProgram/Project/LostChildProject-ROS2_SLAM_Toolbox-Yolov8/install/robot_localization:/home/yumjunstar/Desktop/YJW/RoboticsProgram/Project/LostChildProject-ROS2_SLAM_Toolbox-Yolov8/install/beagle_sub_pub:/home/yumjunstar/Desktop/YJW/RoboticsProgram/Project/LostChildProject-ROS2_SLAM_Toolbox-Yolov8/install/tf_transformations:/home/yumjunstar/Desktop/YJW/RoboticsProgram/Project/LostChildProject-ROS2_SLAM_Toolbox-Yolov8/install/static_tf:/home/yumjunstar/Desktop/YJW/RoboticsProgram/Project/LostChildProject-ROS2_SLAM_Toolbox-Yolov8/install/object_detection:/home/yumjunstar/Desktop/YJW/RoboticsProgram/Project/LostChildProject-ROS2_SLAM_Toolbox-Yolov8/install/motor:/home/yumjunstar/Desktop/YJW/RoboticsProgram/Project/LostChildProject-ROS2_SLAM_Toolbox-Yolov8/install/lidar:/home/yumjunstar/Desktop/YJW/RoboticsProgram/Project/LostChildProject-ROS2_SLAM_Toolbox-Yolov8/install/camera:/opt/ros/foxy /home/yumjunstar/.local/bin/cmake --build /home/yumjunstar/Desktop/YJW/RoboticsProgram/Project/LostChildProject-ROS2_SLAM_Toolbox-Yolov8/build/msg_interface -- -j8 -l8
[1.866s] -- Found ament_cmake: 0.9.11 (/opt/ros/foxy/share/ament_cmake/cmake)
[1.866s] -- Found PythonInterp: /usr/bin/python3 (found suitable version "3.8.10", minimum required is "3") 
[1.866s] -- Using PYTHON_EXECUTABLE: /usr/bin/python3
[1.925s] -- Override CMake install command with custom implementation using symlinks instead of copying resources
[1.944s] -- Found builtin_interfaces: 1.0.0 (/opt/ros/foxy/share/builtin_interfaces/cmake)
[1.979s] -- Using all available rosidl_typesupport_c: rosidl_typesupport_fastrtps_c;rosidl_typesupport_introspection_c
[1.984s] -- Found rosidl_adapter: 1.3.0 (/opt/ros/foxy/share/rosidl_adapter/cmake)
[2.219s] -- Using all available rosidl_typesupport_cpp: rosidl_typesupport_fastrtps_cpp;rosidl_typesupport_introspection_cpp
[2.287s] -- Found rosidl_default_generators: 1.0.1 (/opt/ros/foxy/share/rosidl_default_generators/cmake)
[2.383s] -- Found PythonInterp: /usr/bin/python3 (found version "3.8.10") 
[2.846s] -- Found ament_cmake_ros: 0.9.2 (/opt/ros/foxy/share/ament_cmake_ros/cmake)
[3.125s] -- Using all available rosidl_typesupport_c: rosidl_typesupport_fastrtps_c;rosidl_typesupport_introspection_c
[3.193s] -- Using all available rosidl_typesupport_cpp: rosidl_typesupport_fastrtps_cpp;rosidl_typesupport_introspection_cpp
[3.296s] -- Found PythonInterp: /usr/bin/python3 (found suitable version "3.8.10", minimum required is "3.5") 
[3.298s] -- Found python_cmake_module: 0.8.1 (/opt/ros/foxy/share/python_cmake_module/cmake)
[3.380s] -- Using PYTHON_EXECUTABLE: /usr/bin/python3
[3.380s] -- Using PYTHON_INCLUDE_DIRS: /usr/include/python3.8
[3.381s] -- Using PYTHON_LIBRARIES: /usr/lib/x86_64-linux-gnu/libpython3.8.so
[3.503s] -- Configuring done (1.9s)
[3.635s] -- Generating done (0.1s)
[3.642s] -- Build files have been written to: /home/yumjunstar/Desktop/YJW/RoboticsProgram/Project/LostChildProject-ROS2_SLAM_Toolbox-Yolov8/build/msg_interface
[3.679s] [  2%] [34m[1mGenerating C code for ROS interfaces[0m
[3.687s] [  4%] [34m[1mGenerating C++ code for ROS interfaces[0m
[4.449s] [  4%] Built target msg_interface__cpp
[4.454s] [  6%] [34m[1mGenerating C++ type support dispatch for ROS interfaces[0m
[4.455s] [  8%] [34m[1mGenerating C++ type support for eProsima Fast-RTPS[0m
[4.455s] [ 10%] [34m[1mGenerating C++ introspection for ROS interfaces[0m
[4.724s] [ 14%] [32mBuilding C object CMakeFiles/msg_interface__rosidl_generator_c.dir/rosidl_generator_c/msg_interface/srv/detail/add_to_queue__functions.c.o[0m
[4.724s] [ 17%] [32mBuilding C object CMakeFiles/msg_interface__rosidl_generator_c.dir/rosidl_generator_c/msg_interface/action/detail/a_string__functions.c.o[0m
[4.724s] [ 17%] [32mBuilding C object CMakeFiles/msg_interface__rosidl_generator_c.dir/rosidl_generator_c/msg_interface/msg/detail/arithmetic__functions.c.o[0m
[4.951s] [ 19%] [32m[1mLinking C shared library libmsg_interface__rosidl_generator_c.so[0m
[5.001s] [ 19%] Built target msg_interface__rosidl_generator_c
[5.014s] [ 21%] [34m[1mGenerating C introspection for ROS interfaces[0m
[5.019s] [ 23%] [34m[1mGenerating C type support dispatch for ROS interfaces[0m
[5.277s] [ 25%] [32mBuilding CXX object CMakeFiles/msg_interface__rosidl_typesupport_cpp.dir/rosidl_typesupport_cpp/msg_interface/msg/arithmetic__type_support.cpp.o[0m
[5.278s] [ 27%] [32mBuilding CXX object CMakeFiles/msg_interface__rosidl_typesupport_cpp.dir/rosidl_typesupport_cpp/msg_interface/srv/add_to_queue__type_support.cpp.o[0m
[5.287s] [ 29%] [32mBuilding CXX object CMakeFiles/msg_interface__rosidl_typesupport_cpp.dir/rosidl_typesupport_cpp/msg_interface/action/a_string__type_support.cpp.o[0m
[5.501s] [ 31%] [32mBuilding CXX object CMakeFiles/msg_interface__rosidl_typesupport_introspection_cpp.dir/rosidl_typesupport_introspection_cpp/msg_interface/srv/detail/add_to_queue__type_support.cpp.o[0m
[5.508s] [ 34%] [32mBuilding CXX object CMakeFiles/msg_interface__rosidl_typesupport_introspection_cpp.dir/rosidl_typesupport_introspection_cpp/msg_interface/msg/detail/arithmetic__type_support.cpp.o[0m
[6.495s] [ 36%] [32mBuilding CXX object CMakeFiles/msg_interface__rosidl_typesupport_fastrtps_cpp.dir/rosidl_typesupport_fastrtps_cpp/msg_interface/msg/detail/dds_fastrtps/arithmetic__type_support.cpp.o[0m
[6.699s] [ 38%] [32mBuilding CXX object CMakeFiles/msg_interface__rosidl_typesupport_fastrtps_cpp.dir/rosidl_typesupport_fastrtps_cpp/msg_interface/srv/detail/dds_fastrtps/add_to_queue__type_support.cpp.o[0m
[6.836s] [ 40%] [32mBuilding CXX object CMakeFiles/msg_interface__rosidl_typesupport_c.dir/rosidl_typesupport_c/msg_interface/msg/arithmetic__type_support.cpp.o[0m
[6.963s] [ 42%] [32mBuilding CXX object CMakeFiles/msg_interface__rosidl_typesupport_c.dir/rosidl_typesupport_c/msg_interface/srv/add_to_queue__type_support.cpp.o[0m
[7.191s] [ 44%] [32mBuilding CXX object CMakeFiles/msg_interface__rosidl_typesupport_c.dir/rosidl_typesupport_c/msg_interface/action/a_string__type_support.cpp.o[0m
[7.276s] [ 46%] [32mBuilding CXX object CMakeFiles/msg_interface__rosidl_typesupport_fastrtps_cpp.dir/rosidl_typesupport_fastrtps_cpp/msg_interface/action/detail/dds_fastrtps/a_string__type_support.cpp.o[0m
[7.472s] [ 48%] [32mBuilding CXX object CMakeFiles/msg_interface__rosidl_typesupport_introspection_cpp.dir/rosidl_typesupport_introspection_cpp/msg_interface/action/detail/a_string__type_support.cpp.o[0m
[7.548s] [ 51%] [32m[1mLinking CXX shared library libmsg_interface__rosidl_typesupport_c.so[0m
[7.724s] [ 53%] [32m[1mLinking CXX shared library libmsg_interface__rosidl_typesupport_cpp.so[0m
[7.830s] [ 53%] Built target msg_interface__rosidl_typesupport_c
[7.969s] [ 53%] Built target msg_interface__rosidl_typesupport_cpp
[8.208s] [ 55%] [32mBuilding C object CMakeFiles/msg_interface__rosidl_typesupport_introspection_c.dir/rosidl_typesupport_introspection_c/msg_interface/msg/detail/arithmetic__type_support.c.o[0m
[8.228s] [ 57%] [32mBuilding C object CMakeFiles/msg_interface__rosidl_typesupport_introspection_c.dir/rosidl_typesupport_introspection_c/msg_interface/srv/detail/add_to_queue__type_support.c.o[0m
[8.254s] [ 59%] [32mBuilding C object CMakeFiles/msg_interface__rosidl_typesupport_introspection_c.dir/rosidl_typesupport_introspection_c/msg_interface/action/detail/a_string__type_support.c.o[0m
[8.523s] [ 61%] [32m[1mLinking C shared library libmsg_interface__rosidl_typesupport_introspection_c.so[0m
[8.597s] [ 61%] Built target msg_interface__rosidl_typesupport_introspection_c
[9.118s] [ 63%] [32m[1mLinking CXX shared library libmsg_interface__rosidl_typesupport_introspection_cpp.so[0m
[9.257s] [ 63%] Built target msg_interface__rosidl_typesupport_introspection_cpp
[9.400s] [ 65%] [32m[1mLinking CXX shared library libmsg_interface__rosidl_typesupport_fastrtps_cpp.so[0m
[9.579s] [ 65%] Built target msg_interface__rosidl_typesupport_fastrtps_cpp
[9.588s] [ 68%] [34m[1mGenerating C type support for eProsima Fast-RTPS[0m
[10.698s] [ 70%] [32mBuilding CXX object CMakeFiles/msg_interface__rosidl_typesupport_fastrtps_c.dir/rosidl_typesupport_fastrtps_c/msg_interface/msg/detail/arithmetic__type_support_c.cpp.o[0m
[10.699s] [ 74%] [32mBuilding CXX object CMakeFiles/msg_interface__rosidl_typesupport_fastrtps_c.dir/rosidl_typesupport_fastrtps_c/msg_interface/action/detail/a_string__type_support_c.cpp.o[0m
[10.699s] [ 74%] [32mBuilding CXX object CMakeFiles/msg_interface__rosidl_typesupport_fastrtps_c.dir/rosidl_typesupport_fastrtps_c/msg_interface/srv/detail/add_to_queue__type_support_c.cpp.o[0m
[11.579s] [ 76%] [32m[1mLinking CXX shared library libmsg_interface__rosidl_typesupport_fastrtps_c.so[0m
[11.703s] [ 76%] Built target msg_interface__rosidl_typesupport_fastrtps_c
[11.715s] [ 76%] Built target msg_interface
[11.728s] [ 78%] [34m[1mGenerating Python code for ROS interfaces[0m
[13.569s] [ 78%] Built target msg_interface__py
[13.596s] [ 80%] [32mBuilding C object CMakeFiles/msg_interface__python.dir/rosidl_generator_py/msg_interface/msg/_arithmetic_s.c.o[0m
[13.596s] [ 82%] [32mBuilding C object CMakeFiles/msg_interface__python.dir/rosidl_generator_py/msg_interface/srv/_add_to_queue_s.c.o[0m
[13.597s] [ 85%] [32mBuilding C object CMakeFiles/msg_interface__python.dir/rosidl_generator_py/msg_interface/action/_a_string_s.c.o[0m
[13.858s] [ 87%] [32m[1mLinking C shared library rosidl_generator_py/msg_interface/libmsg_interface__python.so[0m
[13.912s] [ 87%] Built target msg_interface__python
[13.931s] [ 91%] [32mBuilding C object CMakeFiles/msg_interface__rosidl_typesupport_fastrtps_c__pyext.dir/rosidl_generator_py/msg_interface/_msg_interface_s.ep.rosidl_typesupport_fastrtps_c.c.o[0m
[13.932s] [ 91%] [32mBuilding C object CMakeFiles/msg_interface__rosidl_typesupport_c__pyext.dir/rosidl_generator_py/msg_interface/_msg_interface_s.ep.rosidl_typesupport_c.c.o[0m
[13.932s] [ 93%] [32mBuilding C object CMakeFiles/msg_interface__rosidl_typesupport_introspection_c__pyext.dir/rosidl_generator_py/msg_interface/_msg_interface_s.ep.rosidl_typesupport_introspection_c.c.o[0m
[14.182s] [ 95%] [32m[1mLinking CXX shared library rosidl_generator_py/msg_interface/msg_interface_s__rosidl_typesupport_fastrtps_c.cpython-38-x86_64-linux-gnu.so[0m
[14.187s] [ 97%] [32m[1mLinking C shared library rosidl_generator_py/msg_interface/msg_interface_s__rosidl_typesupport_c.cpython-38-x86_64-linux-gnu.so[0m
[14.191s] [100%] [32m[1mLinking C shared library rosidl_generator_py/msg_interface/msg_interface_s__rosidl_typesupport_introspection_c.cpython-38-x86_64-linux-gnu.so[0m
[14.256s] [100%] Built target msg_interface__rosidl_typesupport_c__pyext
[14.265s] [100%] Built target msg_interface__rosidl_typesupport_introspection_c__pyext
[14.308s] [100%] Built target msg_interface__rosidl_typesupport_fastrtps_c__pyext
[14.334s] Invoked command in '/home/yumjunstar/Desktop/YJW/RoboticsProgram/Project/LostChildProject-ROS2_SLAM_Toolbox-Yolov8/build/msg_interface' returned '0': CMAKE_PREFIX_PATH=${CMAKE_PREFIX_PATH}:/home/yumjunstar/Desktop/YJW/RoboticsProgram/Project/LostChildProject-ROS2_SLAM_Toolbox-Yolov8/install/robot_localization:/home/yumjunstar/Desktop/YJW/RoboticsProgram/Project/LostChildProject-ROS2_SLAM_Toolbox-Yolov8/install/beagle_sub_pub:/home/yumjunstar/Desktop/YJW/RoboticsProgram/Project/LostChildProject-ROS2_SLAM_Toolbox-Yolov8/install/tf_transformations:/home/yumjunstar/Desktop/YJW/RoboticsProgram/Project/LostChildProject-ROS2_SLAM_Toolbox-Yolov8/install/static_tf:/home/yumjunstar/Desktop/YJW/RoboticsProgram/Project/LostChildProject-ROS2_SLAM_Toolbox-Yolov8/install/object_detection:/home/yumjunstar/Desktop/YJW/RoboticsProgram/Project/LostChildProject-ROS2_SLAM_Toolbox-Yolov8/install/motor:/home/yumjunstar/Desktop/YJW/RoboticsProgram/Project/LostChildProject-ROS2_SLAM_Toolbox-Yolov8/install/lidar:/home/yumjunstar/Desktop/YJW/RoboticsProgram/Project/LostChildProject-ROS2_SLAM_Toolbox-Yolov8/install/camera:/opt/ros/foxy /home/yumjunstar/.local/bin/cmake --build /home/yumjunstar/Desktop/YJW/RoboticsProgram/Project/LostChildProject-ROS2_SLAM_Toolbox-Yolov8/build/msg_interface -- -j8 -l8
[14.603s] Invoking command in '/home/yumjunstar/Desktop/YJW/RoboticsProgram/Project/LostChildProject-ROS2_SLAM_Toolbox-Yolov8/build/msg_interface': CMAKE_PREFIX_PATH=${CMAKE_PREFIX_PATH}:/home/yumjunstar/Desktop/YJW/RoboticsProgram/Project/LostChildProject-ROS2_SLAM_Toolbox-Yolov8/install/robot_localization:/home/yumjunstar/Desktop/YJW/RoboticsProgram/Project/LostChildProject-ROS2_SLAM_Toolbox-Yolov8/install/beagle_sub_pub:/home/yumjunstar/Desktop/YJW/RoboticsProgram/Project/LostChildProject-ROS2_SLAM_Toolbox-Yolov8/install/tf_transformations:/home/yumjunstar/Desktop/YJW/RoboticsProgram/Project/LostChildProject-ROS2_SLAM_Toolbox-Yolov8/install/static_tf:/home/yumjunstar/Desktop/YJW/RoboticsProgram/Project/LostChildProject-ROS2_SLAM_Toolbox-Yolov8/install/object_detection:/home/yumjunstar/Desktop/YJW/RoboticsProgram/Project/LostChildProject-ROS2_SLAM_Toolbox-Yolov8/install/motor:/home/yumjunstar/Desktop/YJW/RoboticsProgram/Project/LostChildProject-ROS2_SLAM_Toolbox-Yolov8/install/lidar:/home/yumjunstar/Desktop/YJW/RoboticsProgram/Project/LostChildProject-ROS2_SLAM_Toolbox-Yolov8/install/camera:/opt/ros/foxy /home/yumjunstar/.local/bin/cmake --install /home/yumjunstar/Desktop/YJW/RoboticsProgram/Project/LostChildProject-ROS2_SLAM_Toolbox-Yolov8/build/msg_interface
[14.695s] -- Install configuration: ""
[14.697s] -- Execute custom install script
[14.697s] -- Up-to-date symlink: /home/yumjunstar/Desktop/YJW/RoboticsProgram/Project/LostChildProject-ROS2_SLAM_Toolbox-Yolov8/install/msg_interface/share/ament_index/resource_index/rosidl_interfaces/msg_interface
[14.698s] -- Up-to-date symlink: /home/yumjunstar/Desktop/YJW/RoboticsProgram/Project/LostChildProject-ROS2_SLAM_Toolbox-Yolov8/install/msg_interface/include/msg_interface/action/a_string.h
[14.699s] -- Up-to-date symlink: /home/yumjunstar/Desktop/YJW/RoboticsProgram/Project/LostChildProject-ROS2_SLAM_Toolbox-Yolov8/install/msg_interface/include/msg_interface/action/detail/a_string__functions.h
[14.699s] -- Up-to-date symlink: /home/yumjunstar/Desktop/YJW/RoboticsProgram/Project/LostChildProject-ROS2_SLAM_Toolbox-Yolov8/install/msg_interface/include/msg_interface/action/detail/a_string__struct.h
[14.700s] -- Up-to-date symlink: /home/yumjunstar/Desktop/YJW/RoboticsProgram/Project/LostChildProject-ROS2_SLAM_Toolbox-Yolov8/install/msg_interface/include/msg_interface/action/detail/a_string__type_support.h
[14.700s] -- Up-to-date symlink: /home/yumjunstar/Desktop/YJW/RoboticsProgram/Project/LostChildProject-ROS2_SLAM_Toolbox-Yolov8/install/msg_interface/include/msg_interface/msg/arithmetic.h
[14.700s] -- Up-to-date symlink: /home/yumjunstar/Desktop/YJW/RoboticsProgram/Project/LostChildProject-ROS2_SLAM_Toolbox-Yolov8/install/msg_interface/include/msg_interface/msg/detail/arithmetic__functions.h
[14.701s] -- Up-to-date symlink: /home/yumjunstar/Desktop/YJW/RoboticsProgram/Project/LostChildProject-ROS2_SLAM_Toolbox-Yolov8/install/msg_interface/include/msg_interface/msg/detail/arithmetic__struct.h
[14.701s] -- Up-to-date symlink: /home/yumjunstar/Desktop/YJW/RoboticsProgram/Project/LostChildProject-ROS2_SLAM_Toolbox-Yolov8/install/msg_interface/include/msg_interface/msg/detail/arithmetic__type_support.h
[14.702s] -- Up-to-date symlink: /home/yumjunstar/Desktop/YJW/RoboticsProgram/Project/LostChildProject-ROS2_SLAM_Toolbox-Yolov8/install/msg_interface/include/msg_interface/msg/rosidl_generator_c__visibility_control.h
[14.702s] -- Up-to-date symlink: /home/yumjunstar/Desktop/YJW/RoboticsProgram/Project/LostChildProject-ROS2_SLAM_Toolbox-Yolov8/install/msg_interface/include/msg_interface/srv/add_to_queue.h
[14.702s] -- Up-to-date symlink: /home/yumjunstar/Desktop/YJW/RoboticsProgram/Project/LostChildProject-ROS2_SLAM_Toolbox-Yolov8/install/msg_interface/include/msg_interface/srv/detail/add_to_queue__functions.h
[14.703s] -- Up-to-date symlink: /home/yumjunstar/Desktop/YJW/RoboticsProgram/Project/LostChildProject-ROS2_SLAM_Toolbox-Yolov8/install/msg_interface/include/msg_interface/srv/detail/add_to_queue__struct.h
[14.703s] -- Up-to-date symlink: /home/yumjunstar/Desktop/YJW/RoboticsProgram/Project/LostChildProject-ROS2_SLAM_Toolbox-Yolov8/install/msg_interface/include/msg_interface/srv/detail/add_to_queue__type_support.h
[14.704s] -- Up-to-date symlink: /home/yumjunstar/Desktop/YJW/RoboticsProgram/Project/LostChildProject-ROS2_SLAM_Toolbox-Yolov8/install/msg_interface/share/msg_interface/environment/library_path.sh
[14.704s] -- Up-to-date symlink: /home/yumjunstar/Desktop/YJW/RoboticsProgram/Project/LostChildProject-ROS2_SLAM_Toolbox-Yolov8/install/msg_interface/share/msg_interface/environment/library_path.dsv
[14.706s] -- Up-to-date symlink: /home/yumjunstar/Desktop/YJW/RoboticsProgram/Project/LostChildProject-ROS2_SLAM_Toolbox-Yolov8/install/msg_interface/include/msg_interface/action/detail/a_string__rosidl_typesupport_fastrtps_c.h
[14.707s] -- Up-to-date symlink: /home/yumjunstar/Desktop/YJW/RoboticsProgram/Project/LostChildProject-ROS2_SLAM_Toolbox-Yolov8/install/msg_interface/include/msg_interface/msg/detail/arithmetic__rosidl_typesupport_fastrtps_c.h
[14.707s] -- Up-to-date symlink: /home/yumjunstar/Desktop/YJW/RoboticsProgram/Project/LostChildProject-ROS2_SLAM_Toolbox-Yolov8/install/msg_interface/include/msg_interface/msg/rosidl_typesupport_fastrtps_c__visibility_control.h
[14.707s] -- Up-to-date symlink: /home/yumjunstar/Desktop/YJW/RoboticsProgram/Project/LostChildProject-ROS2_SLAM_Toolbox-Yolov8/install/msg_interface/include/msg_interface/srv/detail/add_to_queue__rosidl_typesupport_fastrtps_c.h
[14.708s] -- Up-to-date symlink: /home/yumjunstar/Desktop/YJW/RoboticsProgram/Project/LostChildProject-ROS2_SLAM_Toolbox-Yolov8/install/msg_interface/lib/libmsg_interface__rosidl_typesupport_fastrtps_c.so
[14.710s] -- Up-to-date symlink: /home/yumjunstar/Desktop/YJW/RoboticsProgram/Project/LostChildProject-ROS2_SLAM_Toolbox-Yolov8/install/msg_interface/include/msg_interface/action/detail/a_string__rosidl_typesupport_fastrtps_cpp.hpp
[14.710s] -- Up-to-date symlink: /home/yumjunstar/Desktop/YJW/RoboticsProgram/Project/LostChildProject-ROS2_SLAM_Toolbox-Yolov8/install/msg_interface/include/msg_interface/msg/detail/arithmetic__rosidl_typesupport_fastrtps_cpp.hpp
[14.711s] -- Up-to-date symlink: /home/yumjunstar/Desktop/YJW/RoboticsProgram/Project/LostChildProject-ROS2_SLAM_Toolbox-Yolov8/install/msg_interface/include/msg_interface/msg/rosidl_typesupport_fastrtps_cpp__visibility_control.h
[14.711s] -- Up-to-date symlink: /home/yumjunstar/Desktop/YJW/RoboticsProgram/Project/LostChildProject-ROS2_SLAM_Toolbox-Yolov8/install/msg_interface/include/msg_interface/srv/detail/add_to_queue__rosidl_typesupport_fastrtps_cpp.hpp
[14.712s] -- Up-to-date symlink: /home/yumjunstar/Desktop/YJW/RoboticsProgram/Project/LostChildProject-ROS2_SLAM_Toolbox-Yolov8/install/msg_interface/lib/libmsg_interface__rosidl_typesupport_fastrtps_cpp.so
[14.713s] -- Up-to-date symlink: /home/yumjunstar/Desktop/YJW/RoboticsProgram/Project/LostChildProject-ROS2_SLAM_Toolbox-Yolov8/install/msg_interface/include/msg_interface/action/detail/a_string__rosidl_typesupport_introspection_c.h
[14.713s] -- Up-to-date symlink: /home/yumjunstar/Desktop/YJW/RoboticsProgram/Project/LostChildProject-ROS2_SLAM_Toolbox-Yolov8/install/msg_interface/include/msg_interface/msg/detail/arithmetic__rosidl_typesupport_introspection_c.h
[14.714s] -- Up-to-date symlink: /home/yumjunstar/Desktop/YJW/RoboticsProgram/Project/LostChildProject-ROS2_SLAM_Toolbox-Yolov8/install/msg_interface/include/msg_interface/msg/rosidl_typesupport_introspection_c__visibility_control.h
[14.714s] -- Up-to-date symlink: /home/yumjunstar/Desktop/YJW/RoboticsProgram/Project/LostChildProject-ROS2_SLAM_Toolbox-Yolov8/install/msg_interface/include/msg_interface/srv/detail/add_to_queue__rosidl_typesupport_introspection_c.h
[14.715s] -- Up-to-date symlink: /home/yumjunstar/Desktop/YJW/RoboticsProgram/Project/LostChildProject-ROS2_SLAM_Toolbox-Yolov8/install/msg_interface/include/msg_interface/action/a_string.hpp
[14.716s] -- Up-to-date symlink: /home/yumjunstar/Desktop/YJW/RoboticsProgram/Project/LostChildProject-ROS2_SLAM_Toolbox-Yolov8/install/msg_interface/include/msg_interface/action/detail/a_string__builder.hpp
[14.716s] -- Up-to-date symlink: /home/yumjunstar/Desktop/YJW/RoboticsProgram/Project/LostChildProject-ROS2_SLAM_Toolbox-Yolov8/install/msg_interface/include/msg_interface/action/detail/a_string__struct.hpp
[14.716s] -- Up-to-date symlink: /home/yumjunstar/Desktop/YJW/RoboticsProgram/Project/LostChildProject-ROS2_SLAM_Toolbox-Yolov8/install/msg_interface/include/msg_interface/action/detail/a_string__traits.hpp
[14.716s] -- Up-to-date symlink: /home/yumjunstar/Desktop/YJW/RoboticsProgram/Project/LostChildProject-ROS2_SLAM_Toolbox-Yolov8/install/msg_interface/include/msg_interface/msg/arithmetic.hpp
[14.717s] -- Up-to-date symlink: /home/yumjunstar/Desktop/YJW/RoboticsProgram/Project/LostChildProject-ROS2_SLAM_Toolbox-Yolov8/install/msg_interface/include/msg_interface/msg/detail/arithmetic__builder.hpp
[14.717s] -- Up-to-date symlink: /home/yumjunstar/Desktop/YJW/RoboticsProgram/Project/LostChildProject-ROS2_SLAM_Toolbox-Yolov8/install/msg_interface/include/msg_interface/msg/detail/arithmetic__struct.hpp
[14.718s] -- Up-to-date symlink: /home/yumjunstar/Desktop/YJW/RoboticsProgram/Project/LostChildProject-ROS2_SLAM_Toolbox-Yolov8/install/msg_interface/include/msg_interface/msg/detail/arithmetic__traits.hpp
[14.718s] -- Up-to-date symlink: /home/yumjunstar/Desktop/YJW/RoboticsProgram/Project/LostChildProject-ROS2_SLAM_Toolbox-Yolov8/install/msg_interface/include/msg_interface/srv/add_to_queue.hpp
[14.718s] -- Up-to-date symlink: /home/yumjunstar/Desktop/YJW/RoboticsProgram/Project/LostChildProject-ROS2_SLAM_Toolbox-Yolov8/install/msg_interface/include/msg_interface/srv/detail/add_to_queue__builder.hpp
[14.719s] -- Up-to-date symlink: /home/yumjunstar/Desktop/YJW/RoboticsProgram/Project/LostChildProject-ROS2_SLAM_Toolbox-Yolov8/install/msg_interface/include/msg_interface/srv/detail/add_to_queue__struct.hpp
[14.719s] -- Up-to-date symlink: /home/yumjunstar/Desktop/YJW/RoboticsProgram/Project/LostChildProject-ROS2_SLAM_Toolbox-Yolov8/install/msg_interface/include/msg_interface/srv/detail/add_to_queue__traits.hpp
[14.720s] -- Up-to-date symlink: /home/yumjunstar/Desktop/YJW/RoboticsProgram/Project/LostChildProject-ROS2_SLAM_Toolbox-Yolov8/install/msg_interface/include/msg_interface/action/detail/a_string__rosidl_typesupport_introspection_cpp.hpp
[14.720s] -- Up-to-date symlink: /home/yumjunstar/Desktop/YJW/RoboticsProgram/Project/LostChildProject-ROS2_SLAM_Toolbox-Yolov8/install/msg_interface/include/msg_interface/msg/detail/arithmetic__rosidl_typesupport_introspection_cpp.hpp
[14.720s] -- Up-to-date symlink: /home/yumjunstar/Desktop/YJW/RoboticsProgram/Project/LostChildProject-ROS2_SLAM_Toolbox-Yolov8/install/msg_interface/include/msg_interface/srv/detail/add_to_queue__rosidl_typesupport_introspection_cpp.hpp
[14.721s] -- Up-to-date symlink: /home/yumjunstar/Desktop/YJW/RoboticsProgram/Project/LostChildProject-ROS2_SLAM_Toolbox-Yolov8/install/msg_interface/share/msg_interface/environment/pythonpath.sh
[14.722s] -- Up-to-date symlink: /home/yumjunstar/Desktop/YJW/RoboticsProgram/Project/LostChildProject-ROS2_SLAM_Toolbox-Yolov8/install/msg_interface/share/msg_interface/environment/pythonpath.dsv
[14.723s] -- Up-to-date symlink: /home/yumjunstar/Desktop/YJW/RoboticsProgram/Project/LostChildProject-ROS2_SLAM_Toolbox-Yolov8/install/msg_interface/lib/python3.8/site-packages/msg_interface/__init__.py
[14.723s] -- Up-to-date symlink: /home/yumjunstar/Desktop/YJW/RoboticsProgram/Project/LostChildProject-ROS2_SLAM_Toolbox-Yolov8/install/msg_interface/lib/python3.8/site-packages/msg_interface/msg/__init__.py
[14.724s] -- Up-to-date symlink: /home/yumjunstar/Desktop/YJW/RoboticsProgram/Project/LostChildProject-ROS2_SLAM_Toolbox-Yolov8/install/msg_interface/lib/python3.8/site-packages/msg_interface/msg/_arithmetic.py
[14.725s] -- Up-to-date symlink: /home/yumjunstar/Desktop/YJW/RoboticsProgram/Project/LostChildProject-ROS2_SLAM_Toolbox-Yolov8/install/msg_interface/lib/python3.8/site-packages/msg_interface/srv/__init__.py
[14.725s] -- Up-to-date symlink: /home/yumjunstar/Desktop/YJW/RoboticsProgram/Project/LostChildProject-ROS2_SLAM_Toolbox-Yolov8/install/msg_interface/lib/python3.8/site-packages/msg_interface/srv/_add_to_queue.py
[14.725s] -- Up-to-date symlink: /home/yumjunstar/Desktop/YJW/RoboticsProgram/Project/LostChildProject-ROS2_SLAM_Toolbox-Yolov8/install/msg_interface/lib/python3.8/site-packages/msg_interface/action/__init__.py
[14.726s] -- Up-to-date symlink: /home/yumjunstar/Desktop/YJW/RoboticsProgram/Project/LostChildProject-ROS2_SLAM_Toolbox-Yolov8/install/msg_interface/lib/python3.8/site-packages/msg_interface/action/_a_string.py
[14.726s] -- Up-to-date symlink: /home/yumjunstar/Desktop/YJW/RoboticsProgram/Project/LostChildProject-ROS2_SLAM_Toolbox-Yolov8/install/msg_interface/lib/python3.8/site-packages/msg_interface/msg_interface_s__rosidl_typesupport_fastrtps_c.cpython-38-x86_64-linux-gnu.so
[14.727s] -- Up-to-date symlink: /home/yumjunstar/Desktop/YJW/RoboticsProgram/Project/LostChildProject-ROS2_SLAM_Toolbox-Yolov8/install/msg_interface/lib/python3.8/site-packages/msg_interface/msg_interface_s__rosidl_typesupport_introspection_c.cpython-38-x86_64-linux-gnu.so
[14.728s] -- Up-to-date symlink: /home/yumjunstar/Desktop/YJW/RoboticsProgram/Project/LostChildProject-ROS2_SLAM_Toolbox-Yolov8/install/msg_interface/lib/python3.8/site-packages/msg_interface/msg_interface_s__rosidl_typesupport_c.cpython-38-x86_64-linux-gnu.so
[14.728s] -- Up-to-date symlink: /home/yumjunstar/Desktop/YJW/RoboticsProgram/Project/LostChildProject-ROS2_SLAM_Toolbox-Yolov8/install/msg_interface/lib/libmsg_interface__python.so
[14.729s] -- Up-to-date symlink: /home/yumjunstar/Desktop/YJW/RoboticsProgram/Project/LostChildProject-ROS2_SLAM_Toolbox-Yolov8/install/msg_interface/share/msg_interface/msg/Arithmetic.idl
[14.729s] -- Up-to-date symlink: /home/yumjunstar/Desktop/YJW/RoboticsProgram/Project/LostChildProject-ROS2_SLAM_Toolbox-Yolov8/install/msg_interface/share/msg_interface/srv/AddToQueue.idl
[14.729s] -- Up-to-date symlink: /home/yumjunstar/Desktop/YJW/RoboticsProgram/Project/LostChildProject-ROS2_SLAM_Toolbox-Yolov8/install/msg_interface/share/msg_interface/action/AString.idl
[14.730s] -- Up-to-date symlink: /home/yumjunstar/Desktop/YJW/RoboticsProgram/Project/LostChildProject-ROS2_SLAM_Toolbox-Yolov8/install/msg_interface/share/msg_interface/msg/Arithmetic.msg
[14.730s] -- Up-to-date symlink: /home/yumjunstar/Desktop/YJW/RoboticsProgram/Project/LostChildProject-ROS2_SLAM_Toolbox-Yolov8/install/msg_interface/share/msg_interface/srv/AddToQueue.srv
[14.731s] -- Up-to-date symlink: /home/yumjunstar/Desktop/YJW/RoboticsProgram/Project/LostChildProject-ROS2_SLAM_Toolbox-Yolov8/install/msg_interface/share/msg_interface/srv/AddToQueue_Request.msg
[14.731s] -- Up-to-date symlink: /home/yumjunstar/Desktop/YJW/RoboticsProgram/Project/LostChildProject-ROS2_SLAM_Toolbox-Yolov8/install/msg_interface/share/msg_interface/srv/AddToQueue_Response.msg
[14.731s] -- Up-to-date symlink: /home/yumjunstar/Desktop/YJW/RoboticsProgram/Project/LostChildProject-ROS2_SLAM_Toolbox-Yolov8/install/msg_interface/share/msg_interface/action/AString.action
[14.732s] -- Up-to-date symlink: /home/yumjunstar/Desktop/YJW/RoboticsProgram/Project/LostChildProject-ROS2_SLAM_Toolbox-Yolov8/install/msg_interface/share/ament_index/resource_index/package_run_dependencies/msg_interface
[14.732s] -- Up-to-date symlink: /home/yumjunstar/Desktop/YJW/RoboticsProgram/Project/LostChildProject-ROS2_SLAM_Toolbox-Yolov8/install/msg_interface/share/ament_index/resource_index/parent_prefix_path/msg_interface
[14.732s] -- Up-to-date symlink: /home/yumjunstar/Desktop/YJW/RoboticsProgram/Project/LostChildProject-ROS2_SLAM_Toolbox-Yolov8/install/msg_interface/share/msg_interface/environment/ament_prefix_path.sh
[14.733s] -- Up-to-date symlink: /home/yumjunstar/Desktop/YJW/RoboticsProgram/Project/LostChildProject-ROS2_SLAM_Toolbox-Yolov8/install/msg_interface/share/msg_interface/environment/ament_prefix_path.dsv
[14.733s] -- Up-to-date symlink: /home/yumjunstar/Desktop/YJW/RoboticsProgram/Project/LostChildProject-ROS2_SLAM_Toolbox-Yolov8/install/msg_interface/share/msg_interface/environment/path.sh
[14.734s] -- Up-to-date symlink: /home/yumjunstar/Desktop/YJW/RoboticsProgram/Project/LostChildProject-ROS2_SLAM_Toolbox-Yolov8/install/msg_interface/share/msg_interface/environment/path.dsv
[14.738s] -- Up-to-date symlink: /home/yumjunstar/Desktop/YJW/RoboticsProgram/Project/LostChildProject-ROS2_SLAM_Toolbox-Yolov8/install/msg_interface/share/msg_interface/local_setup.bash
[14.738s] -- Up-to-date symlink: /home/yumjunstar/Desktop/YJW/RoboticsProgram/Project/LostChildProject-ROS2_SLAM_Toolbox-Yolov8/install/msg_interface/share/msg_interface/local_setup.sh
[14.738s] -- Up-to-date symlink: /home/yumjunstar/Desktop/YJW/RoboticsProgram/Project/LostChildProject-ROS2_SLAM_Toolbox-Yolov8/install/msg_interface/share/msg_interface/local_setup.zsh
[14.739s] -- Up-to-date symlink: /home/yumjunstar/Desktop/YJW/RoboticsProgram/Project/LostChildProject-ROS2_SLAM_Toolbox-Yolov8/install/msg_interface/share/msg_interface/local_setup.dsv
[14.739s] -- Symlinking: /home/yumjunstar/Desktop/YJW/RoboticsProgram/Project/LostChildProject-ROS2_SLAM_Toolbox-Yolov8/install/msg_interface/share/msg_interface/package.dsv
[14.743s] -- Up-to-date symlink: /home/yumjunstar/Desktop/YJW/RoboticsProgram/Project/LostChildProject-ROS2_SLAM_Toolbox-Yolov8/install/msg_interface/share/ament_index/resource_index/packages/msg_interface
[14.743s] -- Up-to-date symlink: /home/yumjunstar/Desktop/YJW/RoboticsProgram/Project/LostChildProject-ROS2_SLAM_Toolbox-Yolov8/install/msg_interface/share/msg_interface/cmake/rosidl_cmake-extras.cmake
[14.744s] -- Up-to-date symlink: /home/yumjunstar/Desktop/YJW/RoboticsProgram/Project/LostChildProject-ROS2_SLAM_Toolbox-Yolov8/install/msg_interface/share/msg_interface/cmake/ament_cmake_export_dependencies-extras.cmake
[14.744s] -- Up-to-date symlink: /home/yumjunstar/Desktop/YJW/RoboticsProgram/Project/LostChildProject-ROS2_SLAM_Toolbox-Yolov8/install/msg_interface/share/msg_interface/cmake/ament_cmake_export_libraries-extras.cmake
[14.744s] -- Up-to-date symlink: /home/yumjunstar/Desktop/YJW/RoboticsProgram/Project/LostChildProject-ROS2_SLAM_Toolbox-Yolov8/install/msg_interface/share/msg_interface/cmake/ament_cmake_export_targets-extras.cmake
[14.745s] -- Up-to-date symlink: /home/yumjunstar/Desktop/YJW/RoboticsProgram/Project/LostChildProject-ROS2_SLAM_Toolbox-Yolov8/install/msg_interface/share/msg_interface/cmake/ament_cmake_export_include_directories-extras.cmake
[14.745s] -- Up-to-date symlink: /home/yumjunstar/Desktop/YJW/RoboticsProgram/Project/LostChildProject-ROS2_SLAM_Toolbox-Yolov8/install/msg_interface/share/msg_interface/cmake/rosidl_cmake_export_typesupport_libraries-extras.cmake
[14.746s] -- Up-to-date symlink: /home/yumjunstar/Desktop/YJW/RoboticsProgram/Project/LostChildProject-ROS2_SLAM_Toolbox-Yolov8/install/msg_interface/share/msg_interface/cmake/rosidl_cmake_export_typesupport_targets-extras.cmake
[14.746s] -- Up-to-date symlink: /home/yumjunstar/Desktop/YJW/RoboticsProgram/Project/LostChildProject-ROS2_SLAM_Toolbox-Yolov8/install/msg_interface/share/msg_interface/cmake/msg_interfaceConfig.cmake
[14.746s] -- Up-to-date symlink: /home/yumjunstar/Desktop/YJW/RoboticsProgram/Project/LostChildProject-ROS2_SLAM_Toolbox-Yolov8/install/msg_interface/share/msg_interface/cmake/msg_interfaceConfig-version.cmake
[14.747s] -- Up-to-date symlink: /home/yumjunstar/Desktop/YJW/RoboticsProgram/Project/LostChildProject-ROS2_SLAM_Toolbox-Yolov8/install/msg_interface/share/msg_interface/package.xml
[14.747s] -- Installing: /home/yumjunstar/Desktop/YJW/RoboticsProgram/Project/LostChildProject-ROS2_SLAM_Toolbox-Yolov8/install/msg_interface/lib/libmsg_interface__rosidl_generator_c.so
[14.748s] -- Set runtime path of "/home/yumjunstar/Desktop/YJW/RoboticsProgram/Project/LostChildProject-ROS2_SLAM_Toolbox-Yolov8/install/msg_interface/lib/libmsg_interface__rosidl_generator_c.so" to ""
[14.748s] -- Installing: /home/yumjunstar/Desktop/YJW/RoboticsProgram/Project/LostChildProject-ROS2_SLAM_Toolbox-Yolov8/install/msg_interface/lib/libmsg_interface__rosidl_typesupport_introspection_c.so
[14.749s] -- Set runtime path of "/home/yumjunstar/Desktop/YJW/RoboticsProgram/Project/LostChildProject-ROS2_SLAM_Toolbox-Yolov8/install/msg_interface/lib/libmsg_interface__rosidl_typesupport_introspection_c.so" to ""
[14.749s] -- Installing: /home/yumjunstar/Desktop/YJW/RoboticsProgram/Project/LostChildProject-ROS2_SLAM_Toolbox-Yolov8/install/msg_interface/lib/libmsg_interface__rosidl_typesupport_c.so
[14.750s] -- Set runtime path of "/home/yumjunstar/Desktop/YJW/RoboticsProgram/Project/LostChildProject-ROS2_SLAM_Toolbox-Yolov8/install/msg_interface/lib/libmsg_interface__rosidl_typesupport_c.so" to ""
[14.750s] -- Installing: /home/yumjunstar/Desktop/YJW/RoboticsProgram/Project/LostChildProject-ROS2_SLAM_Toolbox-Yolov8/install/msg_interface/lib/libmsg_interface__rosidl_typesupport_introspection_cpp.so
[14.751s] -- Set runtime path of "/home/yumjunstar/Desktop/YJW/RoboticsProgram/Project/LostChildProject-ROS2_SLAM_Toolbox-Yolov8/install/msg_interface/lib/libmsg_interface__rosidl_typesupport_introspection_cpp.so" to ""
[14.751s] -- Installing: /home/yumjunstar/Desktop/YJW/RoboticsProgram/Project/LostChildProject-ROS2_SLAM_Toolbox-Yolov8/install/msg_interface/lib/libmsg_interface__rosidl_typesupport_cpp.so
[14.752s] -- Set runtime path of "/home/yumjunstar/Desktop/YJW/RoboticsProgram/Project/LostChildProject-ROS2_SLAM_Toolbox-Yolov8/install/msg_interface/lib/libmsg_interface__rosidl_typesupport_cpp.so" to ""
[14.848s] Compiling '/home/yumjunstar/Desktop/YJW/RoboticsProgram/Project/LostChildProject-ROS2_SLAM_Toolbox-Yolov8/install/msg_interface/lib/python3.8/site-packages/msg_interface/__init__.py'...
[14.858s] -- Up-to-date: /home/yumjunstar/Desktop/YJW/RoboticsProgram/Project/LostChildProject-ROS2_SLAM_Toolbox-Yolov8/install/msg_interface/share/msg_interface/cmake/msg_interface__rosidl_generator_cExport.cmake
[14.858s] -- Up-to-date: /home/yumjunstar/Desktop/YJW/RoboticsProgram/Project/LostChildProject-ROS2_SLAM_Toolbox-Yolov8/install/msg_interface/share/msg_interface/cmake/msg_interface__rosidl_generator_cExport-noconfig.cmake
[14.859s] -- Up-to-date: /home/yumjunstar/Desktop/YJW/RoboticsProgram/Project/LostChildProject-ROS2_SLAM_Toolbox-Yolov8/install/msg_interface/share/msg_interface/cmake/msg_interface__rosidl_typesupport_introspection_cExport.cmake
[14.859s] -- Up-to-date: /home/yumjunstar/Desktop/YJW/RoboticsProgram/Project/LostChildProject-ROS2_SLAM_Toolbox-Yolov8/install/msg_interface/share/msg_interface/cmake/msg_interface__rosidl_typesupport_introspection_cExport-noconfig.cmake
[14.859s] -- Up-to-date: /home/yumjunstar/Desktop/YJW/RoboticsProgram/Project/LostChildProject-ROS2_SLAM_Toolbox-Yolov8/install/msg_interface/share/msg_interface/cmake/msg_interface__rosidl_typesupport_cExport.cmake
[14.859s] -- Up-to-date: /home/yumjunstar/Desktop/YJW/RoboticsProgram/Project/LostChildProject-ROS2_SLAM_Toolbox-Yolov8/install/msg_interface/share/msg_interface/cmake/msg_interface__rosidl_typesupport_cExport-noconfig.cmake
[14.859s] -- Up-to-date: /home/yumjunstar/Desktop/YJW/RoboticsProgram/Project/LostChildProject-ROS2_SLAM_Toolbox-Yolov8/install/msg_interface/share/msg_interface/cmake/msg_interface__rosidl_generator_cppExport.cmake
[14.860s] -- Up-to-date: /home/yumjunstar/Desktop/YJW/RoboticsProgram/Project/LostChildProject-ROS2_SLAM_Toolbox-Yolov8/install/msg_interface/share/msg_interface/cmake/msg_interface__rosidl_typesupport_introspection_cppExport.cmake
[14.860s] -- Up-to-date: /home/yumjunstar/Desktop/YJW/RoboticsProgram/Project/LostChildProject-ROS2_SLAM_Toolbox-Yolov8/install/msg_interface/share/msg_interface/cmake/msg_interface__rosidl_typesupport_introspection_cppExport-noconfig.cmake
[14.860s] -- Up-to-date: /home/yumjunstar/Desktop/YJW/RoboticsProgram/Project/LostChildProject-ROS2_SLAM_Toolbox-Yolov8/install/msg_interface/share/msg_interface/cmake/msg_interface__rosidl_typesupport_cppExport.cmake
[14.860s] -- Up-to-date: /home/yumjunstar/Desktop/YJW/RoboticsProgram/Project/LostChildProject-ROS2_SLAM_Toolbox-Yolov8/install/msg_interface/share/msg_interface/cmake/msg_interface__rosidl_typesupport_cppExport-noconfig.cmake
[14.874s] Invoked command in '/home/yumjunstar/Desktop/YJW/RoboticsProgram/Project/LostChildProject-ROS2_SLAM_Toolbox-Yolov8/build/msg_interface' returned '0': CMAKE_PREFIX_PATH=${CMAKE_PREFIX_PATH}:/home/yumjunstar/Desktop/YJW/RoboticsProgram/Project/LostChildProject-ROS2_SLAM_Toolbox-Yolov8/install/robot_localization:/home/yumjunstar/Desktop/YJW/RoboticsProgram/Project/LostChildProject-ROS2_SLAM_Toolbox-Yolov8/install/beagle_sub_pub:/home/yumjunstar/Desktop/YJW/RoboticsProgram/Project/LostChildProject-ROS2_SLAM_Toolbox-Yolov8/install/tf_transformations:/home/yumjunstar/Desktop/YJW/RoboticsProgram/Project/LostChildProject-ROS2_SLAM_Toolbox-Yolov8/install/static_tf:/home/yumjunstar/Desktop/YJW/RoboticsProgram/Project/LostChildProject-ROS2_SLAM_Toolbox-Yolov8/install/object_detection:/home/yumjunstar/Desktop/YJW/RoboticsProgram/Project/LostChildProject-ROS2_SLAM_Toolbox-Yolov8/install/motor:/home/yumjunstar/Desktop/YJW/RoboticsProgram/Project/LostChildProject-ROS2_SLAM_Toolbox-Yolov8/install/lidar:/home/yumjunstar/Desktop/YJW/RoboticsProgram/Project/LostChildProject-ROS2_SLAM_Toolbox-Yolov8/install/camera:/opt/ros/foxy /home/yumjunstar/.local/bin/cmake --install /home/yumjunstar/Desktop/YJW/RoboticsProgram/Project/LostChildProject-ROS2_SLAM_Toolbox-Yolov8/build/msg_interface
