[4.045s] Invoking command in '/home/yumjunstar/Desktop/YJW/RoboticsProgram/Project/LostChildProject-ROS2_SLAM_Toolbox-Yolov8/build/slam_toolbox': CMAKE_PREFIX_PATH=${CMAKE_PREFIX_PATH}:/home/yumjunstar/Desktop/YJW/RoboticsProgram/Project/LostChildProject-ROS2_SLAM_Toolbox-Yolov8/install/robot_localization:/home/yumjunstar/Desktop/YJW/RoboticsProgram/Project/LostChildProject-ROS2_SLAM_Toolbox-Yolov8/install/beagle_sub_pub:/home/yumjunstar/Desktop/YJW/RoboticsProgram/Project/LostChildProject-ROS2_SLAM_Toolbox-Yolov8/install/tf_transformations:/home/yumjunstar/Desktop/YJW/RoboticsProgram/Project/LostChildProject-ROS2_SLAM_Toolbox-Yolov8/install/static_tf:/home/yumjunstar/Desktop/YJW/RoboticsProgram/Project/LostChildProject-ROS2_SLAM_Toolbox-Yolov8/install/object_detection:/home/yumjunstar/Desktop/YJW/RoboticsProgram/Project/LostChildProject-ROS2_SLAM_Toolbox-Yolov8/install/motor:/home/yumjunstar/Desktop/YJW/RoboticsProgram/Project/LostChildProject-ROS2_SLAM_Toolbox-Yolov8/install/lidar:/home/yumjunstar/Desktop/YJW/RoboticsProgram/Project/LostChildProject-ROS2_SLAM_Toolbox-Yolov8/install/camera:/opt/ros/foxy /home/yumjunstar/.local/bin/cmake --build /home/yumjunstar/Desktop/YJW/RoboticsProgram/Project/LostChildProject-ROS2_SLAM_Toolbox-Yolov8/build/slam_toolbox -- -j8 -l8
[4.490s] [  1%] Built target slam_toolbox__cpp
[4.569s] [ 10%] Built target slam_toolbox__rosidl_generator_c
[4.772s] [ 12%] Built target kartoSlamToolbox
[4.786s] [ 21%] Built target slam_toolbox__rosidl_typesupport_fastrtps_cpp
[4.794s] [ 30%] Built target slam_toolbox__rosidl_typesupport_introspection_cpp
[4.798s] [ 39%] Built target slam_toolbox__rosidl_typesupport_cpp
[4.803s] [ 48%] Built target slam_toolbox__rosidl_typesupport_c
[4.828s] [ 57%] Built target slam_toolbox__rosidl_typesupport_introspection_c
[5.010s] [ 66%] Built target slam_toolbox__rosidl_typesupport_fastrtps_c
[5.146s] [ 66%] Built target slam_toolbox
[5.262s] [ 67%] Built target slam_toolbox__py
[5.383s] [ 69%] Built target SlamToolboxPlugin
[5.454s] [ 71%] Built target ceres_solver_plugin
[5.495s] [ 79%] Built target slam_toolbox__python
[5.650s] [ 84%] Built target toolbox_common
[5.691s] [ 85%] Built target slam_toolbox__rosidl_typesupport_fastrtps_c__pyext
[5.722s] [ 86%] Built target slam_toolbox__rosidl_typesupport_c__pyext
[5.733s] [ 87%] Built target slam_toolbox__rosidl_typesupport_introspection_c__pyext
[5.944s] [ 89%] Built target lifelong_slam_toolbox
[5.992s] [ 91%] Built target async_slam_toolbox
[5.996s] [ 93%] Built target sync_slam_toolbox
[6.052s] [ 94%] Built target merge_maps_kinematic
[6.071s] [ 95%] Built target localization_slam_toolbox
[6.240s] [ 96%] Built target lifelong_slam_toolbox_node
[6.270s] [ 97%] Built target async_slam_toolbox_node
[6.270s] [ 98%] Built target sync_slam_toolbox_node
[6.294s] [100%] Built target localization_slam_toolbox_node
[6.363s] Invoked command in '/home/yumjunstar/Desktop/YJW/RoboticsProgram/Project/LostChildProject-ROS2_SLAM_Toolbox-Yolov8/build/slam_toolbox' returned '0': CMAKE_PREFIX_PATH=${CMAKE_PREFIX_PATH}:/home/yumjunstar/Desktop/YJW/RoboticsProgram/Project/LostChildProject-ROS2_SLAM_Toolbox-Yolov8/install/robot_localization:/home/yumjunstar/Desktop/YJW/RoboticsProgram/Project/LostChildProject-ROS2_SLAM_Toolbox-Yolov8/install/beagle_sub_pub:/home/yumjunstar/Desktop/YJW/RoboticsProgram/Project/LostChildProject-ROS2_SLAM_Toolbox-Yolov8/install/tf_transformations:/home/yumjunstar/Desktop/YJW/RoboticsProgram/Project/LostChildProject-ROS2_SLAM_Toolbox-Yolov8/install/static_tf:/home/yumjunstar/Desktop/YJW/RoboticsProgram/Project/LostChildProject-ROS2_SLAM_Toolbox-Yolov8/install/object_detection:/home/yumjunstar/Desktop/YJW/RoboticsProgram/Project/LostChildProject-ROS2_SLAM_Toolbox-Yolov8/install/motor:/home/yumjunstar/Desktop/YJW/RoboticsProgram/Project/LostChildProject-ROS2_SLAM_Toolbox-Yolov8/install/lidar:/home/yumjunstar/Desktop/YJW/RoboticsProgram/Project/LostChildProject-ROS2_SLAM_Toolbox-Yolov8/install/camera:/opt/ros/foxy /home/yumjunstar/.local/bin/cmake --build /home/yumjunstar/Desktop/YJW/RoboticsProgram/Project/LostChildProject-ROS2_SLAM_Toolbox-Yolov8/build/slam_toolbox -- -j8 -l8
[10.918s] Invoking command in '/home/yumjunstar/Desktop/YJW/RoboticsProgram/Project/LostChildProject-ROS2_SLAM_Toolbox-Yolov8/build/slam_toolbox': CMAKE_PREFIX_PATH=${CMAKE_PREFIX_PATH}:/home/yumjunstar/Desktop/YJW/RoboticsProgram/Project/LostChildProject-ROS2_SLAM_Toolbox-Yolov8/install/robot_localization:/home/yumjunstar/Desktop/YJW/RoboticsProgram/Project/LostChildProject-ROS2_SLAM_Toolbox-Yolov8/install/beagle_sub_pub:/home/yumjunstar/Desktop/YJW/RoboticsProgram/Project/LostChildProject-ROS2_SLAM_Toolbox-Yolov8/install/tf_transformations:/home/yumjunstar/Desktop/YJW/RoboticsProgram/Project/LostChildProject-ROS2_SLAM_Toolbox-Yolov8/install/static_tf:/home/yumjunstar/Desktop/YJW/RoboticsProgram/Project/LostChildProject-ROS2_SLAM_Toolbox-Yolov8/install/object_detection:/home/yumjunstar/Desktop/YJW/RoboticsProgram/Project/LostChildProject-ROS2_SLAM_Toolbox-Yolov8/install/motor:/home/yumjunstar/Desktop/YJW/RoboticsProgram/Project/LostChildProject-ROS2_SLAM_Toolbox-Yolov8/install/lidar:/home/yumjunstar/Desktop/YJW/RoboticsProgram/Project/LostChildProject-ROS2_SLAM_Toolbox-Yolov8/install/camera:/opt/ros/foxy /home/yumjunstar/.local/bin/cmake --install /home/yumjunstar/Desktop/YJW/RoboticsProgram/Project/LostChildProject-ROS2_SLAM_Toolbox-Yolov8/build/slam_toolbox
[11.308s] -- Install configuration: "Release"
[11.324s] -- Execute custom install script
[11.328s] -- Up-to-date symlink: /home/yumjunstar/Desktop/YJW/RoboticsProgram/Project/LostChildProject-ROS2_SLAM_Toolbox-Yolov8/install/slam_toolbox/include//karto_sdk/Karto.h
[11.329s] -- Up-to-date symlink: /home/yumjunstar/Desktop/YJW/RoboticsProgram/Project/LostChildProject-ROS2_SLAM_Toolbox-Yolov8/install/slam_toolbox/include//karto_sdk/Macros.h
[11.329s] -- Up-to-date symlink: /home/yumjunstar/Desktop/YJW/RoboticsProgram/Project/LostChildProject-ROS2_SLAM_Toolbox-Yolov8/install/slam_toolbox/include//karto_sdk/Mapper.h
[11.330s] -- Up-to-date symlink: /home/yumjunstar/Desktop/YJW/RoboticsProgram/Project/LostChildProject-ROS2_SLAM_Toolbox-Yolov8/install/slam_toolbox/include//karto_sdk/Math.h
[11.331s] -- Up-to-date symlink: /home/yumjunstar/Desktop/YJW/RoboticsProgram/Project/LostChildProject-ROS2_SLAM_Toolbox-Yolov8/install/slam_toolbox/include//karto_sdk/Types.h
[11.337s] -- Up-to-date symlink: /home/yumjunstar/Desktop/YJW/RoboticsProgram/Project/LostChildProject-ROS2_SLAM_Toolbox-Yolov8/install/slam_toolbox/include//karto_sdk/nanoflann.hpp
[11.337s] -- Up-to-date symlink: /home/yumjunstar/Desktop/YJW/RoboticsProgram/Project/LostChildProject-ROS2_SLAM_Toolbox-Yolov8/install/slam_toolbox/include//karto_sdk/nanoflann_adaptors.h
[11.338s] -- Up-to-date symlink: /home/yumjunstar/Desktop/YJW/RoboticsProgram/Project/LostChildProject-ROS2_SLAM_Toolbox-Yolov8/install/slam_toolbox/lib/libkartoSlamToolbox.so
[11.339s] -- Up-to-date symlink: /home/yumjunstar/Desktop/YJW/RoboticsProgram/Project/LostChildProject-ROS2_SLAM_Toolbox-Yolov8/install/slam_toolbox/share/karto_sdk/environment/library_path.sh
[11.348s] -- Up-to-date symlink: /home/yumjunstar/Desktop/YJW/RoboticsProgram/Project/LostChildProject-ROS2_SLAM_Toolbox-Yolov8/install/slam_toolbox/share/karto_sdk/environment/library_path.dsv
[11.348s] -- Up-to-date symlink: /home/yumjunstar/Desktop/YJW/RoboticsProgram/Project/LostChildProject-ROS2_SLAM_Toolbox-Yolov8/install/slam_toolbox/share/ament_index/resource_index/package_run_dependencies/karto_sdk
[11.349s] -- Up-to-date symlink: /home/yumjunstar/Desktop/YJW/RoboticsProgram/Project/LostChildProject-ROS2_SLAM_Toolbox-Yolov8/install/slam_toolbox/share/ament_index/resource_index/parent_prefix_path/karto_sdk
[11.356s] -- Up-to-date symlink: /home/yumjunstar/Desktop/YJW/RoboticsProgram/Project/LostChildProject-ROS2_SLAM_Toolbox-Yolov8/install/slam_toolbox/share/karto_sdk/environment/ament_prefix_path.sh
[11.357s] -- Up-to-date symlink: /home/yumjunstar/Desktop/YJW/RoboticsProgram/Project/LostChildProject-ROS2_SLAM_Toolbox-Yolov8/install/slam_toolbox/share/karto_sdk/environment/ament_prefix_path.dsv
[11.357s] -- Up-to-date symlink: /home/yumjunstar/Desktop/YJW/RoboticsProgram/Project/LostChildProject-ROS2_SLAM_Toolbox-Yolov8/install/slam_toolbox/share/karto_sdk/environment/path.sh
[11.364s] -- Up-to-date symlink: /home/yumjunstar/Desktop/YJW/RoboticsProgram/Project/LostChildProject-ROS2_SLAM_Toolbox-Yolov8/install/slam_toolbox/share/karto_sdk/environment/path.dsv
[11.364s] -- Up-to-date symlink: /home/yumjunstar/Desktop/YJW/RoboticsProgram/Project/LostChildProject-ROS2_SLAM_Toolbox-Yolov8/install/slam_toolbox/share/karto_sdk/local_setup.bash
[11.373s] -- Up-to-date symlink: /home/yumjunstar/Desktop/YJW/RoboticsProgram/Project/LostChildProject-ROS2_SLAM_Toolbox-Yolov8/install/slam_toolbox/share/karto_sdk/local_setup.sh
[11.374s] -- Up-to-date symlink: /home/yumjunstar/Desktop/YJW/RoboticsProgram/Project/LostChildProject-ROS2_SLAM_Toolbox-Yolov8/install/slam_toolbox/share/karto_sdk/local_setup.zsh
[11.374s] -- Up-to-date symlink: /home/yumjunstar/Desktop/YJW/RoboticsProgram/Project/LostChildProject-ROS2_SLAM_Toolbox-Yolov8/install/slam_toolbox/share/karto_sdk/local_setup.dsv
[11.375s] -- Up-to-date symlink: /home/yumjunstar/Desktop/YJW/RoboticsProgram/Project/LostChildProject-ROS2_SLAM_Toolbox-Yolov8/install/slam_toolbox/share/karto_sdk/package.dsv
[11.380s] -- Up-to-date symlink: /home/yumjunstar/Desktop/YJW/RoboticsProgram/Project/LostChildProject-ROS2_SLAM_Toolbox-Yolov8/install/slam_toolbox/share/ament_index/resource_index/packages/karto_sdk
[11.381s] -- Up-to-date symlink: /home/yumjunstar/Desktop/YJW/RoboticsProgram/Project/LostChildProject-ROS2_SLAM_Toolbox-Yolov8/install/slam_toolbox/share/karto_sdk/cmake/ament_cmake_export_libraries-extras.cmake
[11.381s] -- Up-to-date symlink: /home/yumjunstar/Desktop/YJW/RoboticsProgram/Project/LostChildProject-ROS2_SLAM_Toolbox-Yolov8/install/slam_toolbox/share/karto_sdk/cmake/ament_cmake_export_include_directories-extras.cmake
[11.381s] -- Up-to-date symlink: /home/yumjunstar/Desktop/YJW/RoboticsProgram/Project/LostChildProject-ROS2_SLAM_Toolbox-Yolov8/install/slam_toolbox/share/karto_sdk/cmake/ament_cmake_export_dependencies-extras.cmake
[11.393s] -- Up-to-date symlink: /home/yumjunstar/Desktop/YJW/RoboticsProgram/Project/LostChildProject-ROS2_SLAM_Toolbox-Yolov8/install/slam_toolbox/share/karto_sdk/cmake/karto_sdkConfig.cmake
[11.393s] -- Up-to-date symlink: /home/yumjunstar/Desktop/YJW/RoboticsProgram/Project/LostChildProject-ROS2_SLAM_Toolbox-Yolov8/install/slam_toolbox/share/karto_sdk/cmake/karto_sdkConfig-version.cmake
[11.393s] -- Up-to-date symlink: /home/yumjunstar/Desktop/YJW/RoboticsProgram/Project/LostChildProject-ROS2_SLAM_Toolbox-Yolov8/install/slam_toolbox/share/karto_sdk/package.xml
[11.394s] -- Up-to-date symlink: /home/yumjunstar/Desktop/YJW/RoboticsProgram/Project/LostChildProject-ROS2_SLAM_Toolbox-Yolov8/install/slam_toolbox/share/ament_index/resource_index/rosidl_interfaces/slam_toolbox
[11.397s] -- Up-to-date symlink: /home/yumjunstar/Desktop/YJW/RoboticsProgram/Project/LostChildProject-ROS2_SLAM_Toolbox-Yolov8/install/slam_toolbox/include/slam_toolbox/msg/rosidl_generator_c__visibility_control.h
[11.400s] -- Up-to-date symlink: /home/yumjunstar/Desktop/YJW/RoboticsProgram/Project/LostChildProject-ROS2_SLAM_Toolbox-Yolov8/install/slam_toolbox/include/slam_toolbox/srv/add_submap.h
[11.412s] -- Up-to-date symlink: /home/yumjunstar/Desktop/YJW/RoboticsProgram/Project/LostChildProject-ROS2_SLAM_Toolbox-Yolov8/install/slam_toolbox/include/slam_toolbox/srv/clear.h
[11.412s] -- Up-to-date symlink: /home/yumjunstar/Desktop/YJW/RoboticsProgram/Project/LostChildProject-ROS2_SLAM_Toolbox-Yolov8/install/slam_toolbox/include/slam_toolbox/srv/clear_queue.h
[11.413s] -- Up-to-date symlink: /home/yumjunstar/Desktop/YJW/RoboticsProgram/Project/LostChildProject-ROS2_SLAM_Toolbox-Yolov8/install/slam_toolbox/include/slam_toolbox/srv/deserialize_pose_graph.h
[11.414s] -- Up-to-date symlink: /home/yumjunstar/Desktop/YJW/RoboticsProgram/Project/LostChildProject-ROS2_SLAM_Toolbox-Yolov8/install/slam_toolbox/include/slam_toolbox/srv/detail/add_submap__functions.h
[11.415s] -- Up-to-date symlink: /home/yumjunstar/Desktop/YJW/RoboticsProgram/Project/LostChildProject-ROS2_SLAM_Toolbox-Yolov8/install/slam_toolbox/include/slam_toolbox/srv/detail/add_submap__struct.h
[11.416s] -- Up-to-date symlink: /home/yumjunstar/Desktop/YJW/RoboticsProgram/Project/LostChildProject-ROS2_SLAM_Toolbox-Yolov8/install/slam_toolbox/include/slam_toolbox/srv/detail/add_submap__type_support.h
[11.416s] -- Up-to-date symlink: /home/yumjunstar/Desktop/YJW/RoboticsProgram/Project/LostChildProject-ROS2_SLAM_Toolbox-Yolov8/install/slam_toolbox/include/slam_toolbox/srv/detail/clear__functions.h
[11.417s] -- Up-to-date symlink: /home/yumjunstar/Desktop/YJW/RoboticsProgram/Project/LostChildProject-ROS2_SLAM_Toolbox-Yolov8/install/slam_toolbox/include/slam_toolbox/srv/detail/clear__struct.h
[11.418s] -- Up-to-date symlink: /home/yumjunstar/Desktop/YJW/RoboticsProgram/Project/LostChildProject-ROS2_SLAM_Toolbox-Yolov8/install/slam_toolbox/include/slam_toolbox/srv/detail/clear__type_support.h
[11.419s] -- Up-to-date symlink: /home/yumjunstar/Desktop/YJW/RoboticsProgram/Project/LostChildProject-ROS2_SLAM_Toolbox-Yolov8/install/slam_toolbox/include/slam_toolbox/srv/detail/clear_queue__functions.h
[11.419s] -- Up-to-date symlink: /home/yumjunstar/Desktop/YJW/RoboticsProgram/Project/LostChildProject-ROS2_SLAM_Toolbox-Yolov8/install/slam_toolbox/include/slam_toolbox/srv/detail/clear_queue__struct.h
[11.424s] -- Up-to-date symlink: /home/yumjunstar/Desktop/YJW/RoboticsProgram/Project/LostChildProject-ROS2_SLAM_Toolbox-Yolov8/install/slam_toolbox/include/slam_toolbox/srv/detail/clear_queue__type_support.h
[11.426s] -- Up-to-date symlink: /home/yumjunstar/Desktop/YJW/RoboticsProgram/Project/LostChildProject-ROS2_SLAM_Toolbox-Yolov8/install/slam_toolbox/include/slam_toolbox/srv/detail/deserialize_pose_graph__functions.h
[11.426s] -- Up-to-date symlink: /home/yumjunstar/Desktop/YJW/RoboticsProgram/Project/LostChildProject-ROS2_SLAM_Toolbox-Yolov8/install/slam_toolbox/include/slam_toolbox/srv/detail/deserialize_pose_graph__struct.h
[11.426s] -- Up-to-date symlink: /home/yumjunstar/Desktop/YJW/RoboticsProgram/Project/LostChildProject-ROS2_SLAM_Toolbox-Yolov8/install/slam_toolbox/include/slam_toolbox/srv/detail/deserialize_pose_graph__type_support.h
[11.427s] -- Up-to-date symlink: /home/yumjunstar/Desktop/YJW/RoboticsProgram/Project/LostChildProject-ROS2_SLAM_Toolbox-Yolov8/install/slam_toolbox/include/slam_toolbox/srv/detail/loop_closure__functions.h
[11.427s] -- Up-to-date symlink: /home/yumjunstar/Desktop/YJW/RoboticsProgram/Project/LostChildProject-ROS2_SLAM_Toolbox-Yolov8/install/slam_toolbox/include/slam_toolbox/srv/detail/loop_closure__struct.h
[11.427s] -- Up-to-date symlink: /home/yumjunstar/Desktop/YJW/RoboticsProgram/Project/LostChildProject-ROS2_SLAM_Toolbox-Yolov8/install/slam_toolbox/include/slam_toolbox/srv/detail/loop_closure__type_support.h
[11.428s] -- Up-to-date symlink: /home/yumjunstar/Desktop/YJW/RoboticsProgram/Project/LostChildProject-ROS2_SLAM_Toolbox-Yolov8/install/slam_toolbox/include/slam_toolbox/srv/detail/merge_maps__functions.h
[11.428s] -- Up-to-date symlink: /home/yumjunstar/Desktop/YJW/RoboticsProgram/Project/LostChildProject-ROS2_SLAM_Toolbox-Yolov8/install/slam_toolbox/include/slam_toolbox/srv/detail/merge_maps__struct.h
[11.428s] -- Up-to-date symlink: /home/yumjunstar/Desktop/YJW/RoboticsProgram/Project/LostChildProject-ROS2_SLAM_Toolbox-Yolov8/install/slam_toolbox/include/slam_toolbox/srv/detail/merge_maps__type_support.h
[11.428s] -- Up-to-date symlink: /home/yumjunstar/Desktop/YJW/RoboticsProgram/Project/LostChildProject-ROS2_SLAM_Toolbox-Yolov8/install/slam_toolbox/include/slam_toolbox/srv/detail/pause__functions.h
[11.448s] -- Up-to-date symlink: /home/yumjunstar/Desktop/YJW/RoboticsProgram/Project/LostChildProject-ROS2_SLAM_Toolbox-Yolov8/install/slam_toolbox/include/slam_toolbox/srv/detail/pause__struct.h
[11.448s] -- Up-to-date symlink: /home/yumjunstar/Desktop/YJW/RoboticsProgram/Project/LostChildProject-ROS2_SLAM_Toolbox-Yolov8/install/slam_toolbox/include/slam_toolbox/srv/detail/pause__type_support.h
[11.448s] -- Up-to-date symlink: /home/yumjunstar/Desktop/YJW/RoboticsProgram/Project/LostChildProject-ROS2_SLAM_Toolbox-Yolov8/install/slam_toolbox/include/slam_toolbox/srv/detail/save_map__functions.h
[11.449s] -- Up-to-date symlink: /home/yumjunstar/Desktop/YJW/RoboticsProgram/Project/LostChildProject-ROS2_SLAM_Toolbox-Yolov8/install/slam_toolbox/include/slam_toolbox/srv/detail/save_map__struct.h
[11.449s] -- Up-to-date symlink: /home/yumjunstar/Desktop/YJW/RoboticsProgram/Project/LostChildProject-ROS2_SLAM_Toolbox-Yolov8/install/slam_toolbox/include/slam_toolbox/srv/detail/save_map__type_support.h
[11.449s] -- Up-to-date symlink: /home/yumjunstar/Desktop/YJW/RoboticsProgram/Project/LostChildProject-ROS2_SLAM_Toolbox-Yolov8/install/slam_toolbox/include/slam_toolbox/srv/detail/serialize_pose_graph__functions.h
[11.449s] -- Up-to-date symlink: /home/yumjunstar/Desktop/YJW/RoboticsProgram/Project/LostChildProject-ROS2_SLAM_Toolbox-Yolov8/install/slam_toolbox/include/slam_toolbox/srv/detail/serialize_pose_graph__struct.h
[11.450s] -- Up-to-date symlink: /home/yumjunstar/Desktop/YJW/RoboticsProgram/Project/LostChildProject-ROS2_SLAM_Toolbox-Yolov8/install/slam_toolbox/include/slam_toolbox/srv/detail/serialize_pose_graph__type_support.h
[11.450s] -- Up-to-date symlink: /home/yumjunstar/Desktop/YJW/RoboticsProgram/Project/LostChildProject-ROS2_SLAM_Toolbox-Yolov8/install/slam_toolbox/include/slam_toolbox/srv/detail/toggle_interactive__functions.h
[11.450s] -- Up-to-date symlink: /home/yumjunstar/Desktop/YJW/RoboticsProgram/Project/LostChildProject-ROS2_SLAM_Toolbox-Yolov8/install/slam_toolbox/include/slam_toolbox/srv/detail/toggle_interactive__struct.h
[11.450s] -- Up-to-date symlink: /home/yumjunstar/Desktop/YJW/RoboticsProgram/Project/LostChildProject-ROS2_SLAM_Toolbox-Yolov8/install/slam_toolbox/include/slam_toolbox/srv/detail/toggle_interactive__type_support.h
[11.451s] -- Up-to-date symlink: /home/yumjunstar/Desktop/YJW/RoboticsProgram/Project/LostChildProject-ROS2_SLAM_Toolbox-Yolov8/install/slam_toolbox/include/slam_toolbox/srv/loop_closure.h
[11.452s] -- Up-to-date symlink: /home/yumjunstar/Desktop/YJW/RoboticsProgram/Project/LostChildProject-ROS2_SLAM_Toolbox-Yolov8/install/slam_toolbox/include/slam_toolbox/srv/merge_maps.h
[11.452s] -- Up-to-date symlink: /home/yumjunstar/Desktop/YJW/RoboticsProgram/Project/LostChildProject-ROS2_SLAM_Toolbox-Yolov8/install/slam_toolbox/include/slam_toolbox/srv/pause.h
[11.452s] -- Up-to-date symlink: /home/yumjunstar/Desktop/YJW/RoboticsProgram/Project/LostChildProject-ROS2_SLAM_Toolbox-Yolov8/install/slam_toolbox/include/slam_toolbox/srv/save_map.h
[11.453s] -- Up-to-date symlink: /home/yumjunstar/Desktop/YJW/RoboticsProgram/Project/LostChildProject-ROS2_SLAM_Toolbox-Yolov8/install/slam_toolbox/include/slam_toolbox/srv/serialize_pose_graph.h
[11.453s] -- Up-to-date symlink: /home/yumjunstar/Desktop/YJW/RoboticsProgram/Project/LostChildProject-ROS2_SLAM_Toolbox-Yolov8/install/slam_toolbox/include/slam_toolbox/srv/toggle_interactive.h
[11.453s] -- Up-to-date symlink: /home/yumjunstar/Desktop/YJW/RoboticsProgram/Project/LostChildProject-ROS2_SLAM_Toolbox-Yolov8/install/slam_toolbox/share/slam_toolbox/environment/library_path.sh
[11.453s] -- Up-to-date symlink: /home/yumjunstar/Desktop/YJW/RoboticsProgram/Project/LostChildProject-ROS2_SLAM_Toolbox-Yolov8/install/slam_toolbox/share/slam_toolbox/environment/library_path.dsv
[11.461s] -- Up-to-date symlink: /home/yumjunstar/Desktop/YJW/RoboticsProgram/Project/LostChildProject-ROS2_SLAM_Toolbox-Yolov8/install/slam_toolbox/include/slam_toolbox/msg/rosidl_typesupport_fastrtps_c__visibility_control.h
[11.461s] -- Up-to-date symlink: /home/yumjunstar/Desktop/YJW/RoboticsProgram/Project/LostChildProject-ROS2_SLAM_Toolbox-Yolov8/install/slam_toolbox/include/slam_toolbox/srv/detail/add_submap__rosidl_typesupport_fastrtps_c.h
[11.462s] -- Up-to-date symlink: /home/yumjunstar/Desktop/YJW/RoboticsProgram/Project/LostChildProject-ROS2_SLAM_Toolbox-Yolov8/install/slam_toolbox/include/slam_toolbox/srv/detail/clear__rosidl_typesupport_fastrtps_c.h
[11.463s] -- Up-to-date symlink: /home/yumjunstar/Desktop/YJW/RoboticsProgram/Project/LostChildProject-ROS2_SLAM_Toolbox-Yolov8/install/slam_toolbox/include/slam_toolbox/srv/detail/clear_queue__rosidl_typesupport_fastrtps_c.h
[11.463s] -- Up-to-date symlink: /home/yumjunstar/Desktop/YJW/RoboticsProgram/Project/LostChildProject-ROS2_SLAM_Toolbox-Yolov8/install/slam_toolbox/include/slam_toolbox/srv/detail/deserialize_pose_graph__rosidl_typesupport_fastrtps_c.h
[11.464s] -- Up-to-date symlink: /home/yumjunstar/Desktop/YJW/RoboticsProgram/Project/LostChildProject-ROS2_SLAM_Toolbox-Yolov8/install/slam_toolbox/include/slam_toolbox/srv/detail/loop_closure__rosidl_typesupport_fastrtps_c.h
[11.464s] -- Up-to-date symlink: /home/yumjunstar/Desktop/YJW/RoboticsProgram/Project/LostChildProject-ROS2_SLAM_Toolbox-Yolov8/install/slam_toolbox/include/slam_toolbox/srv/detail/merge_maps__rosidl_typesupport_fastrtps_c.h
[11.465s] -- Up-to-date symlink: /home/yumjunstar/Desktop/YJW/RoboticsProgram/Project/LostChildProject-ROS2_SLAM_Toolbox-Yolov8/install/slam_toolbox/include/slam_toolbox/srv/detail/pause__rosidl_typesupport_fastrtps_c.h
[11.484s] -- Up-to-date symlink: /home/yumjunstar/Desktop/YJW/RoboticsProgram/Project/LostChildProject-ROS2_SLAM_Toolbox-Yolov8/install/slam_toolbox/include/slam_toolbox/srv/detail/save_map__rosidl_typesupport_fastrtps_c.h
[11.484s] -- Up-to-date symlink: /home/yumjunstar/Desktop/YJW/RoboticsProgram/Project/LostChildProject-ROS2_SLAM_Toolbox-Yolov8/install/slam_toolbox/include/slam_toolbox/srv/detail/serialize_pose_graph__rosidl_typesupport_fastrtps_c.h
[11.485s] -- Up-to-date symlink: /home/yumjunstar/Desktop/YJW/RoboticsProgram/Project/LostChildProject-ROS2_SLAM_Toolbox-Yolov8/install/slam_toolbox/include/slam_toolbox/srv/detail/toggle_interactive__rosidl_typesupport_fastrtps_c.h
[11.485s] -- Up-to-date symlink: /home/yumjunstar/Desktop/YJW/RoboticsProgram/Project/LostChildProject-ROS2_SLAM_Toolbox-Yolov8/install/slam_toolbox/lib/libslam_toolbox__rosidl_typesupport_fastrtps_c.so
[11.485s] -- Up-to-date symlink: /home/yumjunstar/Desktop/YJW/RoboticsProgram/Project/LostChildProject-ROS2_SLAM_Toolbox-Yolov8/install/slam_toolbox/include/slam_toolbox/msg/rosidl_typesupport_fastrtps_cpp__visibility_control.h
[11.486s] -- Up-to-date symlink: /home/yumjunstar/Desktop/YJW/RoboticsProgram/Project/LostChildProject-ROS2_SLAM_Toolbox-Yolov8/install/slam_toolbox/include/slam_toolbox/srv/detail/add_submap__rosidl_typesupport_fastrtps_cpp.hpp
[11.486s] -- Up-to-date symlink: /home/yumjunstar/Desktop/YJW/RoboticsProgram/Project/LostChildProject-ROS2_SLAM_Toolbox-Yolov8/install/slam_toolbox/include/slam_toolbox/srv/detail/clear__rosidl_typesupport_fastrtps_cpp.hpp
[11.486s] -- Up-to-date symlink: /home/yumjunstar/Desktop/YJW/RoboticsProgram/Project/LostChildProject-ROS2_SLAM_Toolbox-Yolov8/install/slam_toolbox/include/slam_toolbox/srv/detail/clear_queue__rosidl_typesupport_fastrtps_cpp.hpp
[11.497s] -- Up-to-date symlink: /home/yumjunstar/Desktop/YJW/RoboticsProgram/Project/LostChildProject-ROS2_SLAM_Toolbox-Yolov8/install/slam_toolbox/include/slam_toolbox/srv/detail/deserialize_pose_graph__rosidl_typesupport_fastrtps_cpp.hpp
[11.497s] -- Up-to-date symlink: /home/yumjunstar/Desktop/YJW/RoboticsProgram/Project/LostChildProject-ROS2_SLAM_Toolbox-Yolov8/install/slam_toolbox/include/slam_toolbox/srv/detail/loop_closure__rosidl_typesupport_fastrtps_cpp.hpp
[11.497s] -- Up-to-date symlink: /home/yumjunstar/Desktop/YJW/RoboticsProgram/Project/LostChildProject-ROS2_SLAM_Toolbox-Yolov8/install/slam_toolbox/include/slam_toolbox/srv/detail/merge_maps__rosidl_typesupport_fastrtps_cpp.hpp
[11.498s] -- Up-to-date symlink: /home/yumjunstar/Desktop/YJW/RoboticsProgram/Project/LostChildProject-ROS2_SLAM_Toolbox-Yolov8/install/slam_toolbox/include/slam_toolbox/srv/detail/pause__rosidl_typesupport_fastrtps_cpp.hpp
[11.498s] -- Up-to-date symlink: /home/yumjunstar/Desktop/YJW/RoboticsProgram/Project/LostChildProject-ROS2_SLAM_Toolbox-Yolov8/install/slam_toolbox/include/slam_toolbox/srv/detail/save_map__rosidl_typesupport_fastrtps_cpp.hpp
[11.498s] -- Up-to-date symlink: /home/yumjunstar/Desktop/YJW/RoboticsProgram/Project/LostChildProject-ROS2_SLAM_Toolbox-Yolov8/install/slam_toolbox/include/slam_toolbox/srv/detail/serialize_pose_graph__rosidl_typesupport_fastrtps_cpp.hpp
[11.499s] -- Up-to-date symlink: /home/yumjunstar/Desktop/YJW/RoboticsProgram/Project/LostChildProject-ROS2_SLAM_Toolbox-Yolov8/install/slam_toolbox/include/slam_toolbox/srv/detail/toggle_interactive__rosidl_typesupport_fastrtps_cpp.hpp
[11.513s] -- Up-to-date symlink: /home/yumjunstar/Desktop/YJW/RoboticsProgram/Project/LostChildProject-ROS2_SLAM_Toolbox-Yolov8/install/slam_toolbox/lib/libslam_toolbox__rosidl_typesupport_fastrtps_cpp.so
[11.513s] -- Up-to-date symlink: /home/yumjunstar/Desktop/YJW/RoboticsProgram/Project/LostChildProject-ROS2_SLAM_Toolbox-Yolov8/install/slam_toolbox/include/slam_toolbox/msg/rosidl_typesupport_introspection_c__visibility_control.h
[11.513s] -- Up-to-date symlink: /home/yumjunstar/Desktop/YJW/RoboticsProgram/Project/LostChildProject-ROS2_SLAM_Toolbox-Yolov8/install/slam_toolbox/include/slam_toolbox/srv/detail/add_submap__rosidl_typesupport_introspection_c.h
[11.514s] -- Up-to-date symlink: /home/yumjunstar/Desktop/YJW/RoboticsProgram/Project/LostChildProject-ROS2_SLAM_Toolbox-Yolov8/install/slam_toolbox/include/slam_toolbox/srv/detail/clear__rosidl_typesupport_introspection_c.h
[11.514s] -- Up-to-date symlink: /home/yumjunstar/Desktop/YJW/RoboticsProgram/Project/LostChildProject-ROS2_SLAM_Toolbox-Yolov8/install/slam_toolbox/include/slam_toolbox/srv/detail/clear_queue__rosidl_typesupport_introspection_c.h
[11.514s] -- Up-to-date symlink: /home/yumjunstar/Desktop/YJW/RoboticsProgram/Project/LostChildProject-ROS2_SLAM_Toolbox-Yolov8/install/slam_toolbox/include/slam_toolbox/srv/detail/deserialize_pose_graph__rosidl_typesupport_introspection_c.h
[11.515s] -- Up-to-date symlink: /home/yumjunstar/Desktop/YJW/RoboticsProgram/Project/LostChildProject-ROS2_SLAM_Toolbox-Yolov8/install/slam_toolbox/include/slam_toolbox/srv/detail/loop_closure__rosidl_typesupport_introspection_c.h
[11.515s] -- Up-to-date symlink: /home/yumjunstar/Desktop/YJW/RoboticsProgram/Project/LostChildProject-ROS2_SLAM_Toolbox-Yolov8/install/slam_toolbox/include/slam_toolbox/srv/detail/merge_maps__rosidl_typesupport_introspection_c.h
[11.515s] -- Up-to-date symlink: /home/yumjunstar/Desktop/YJW/RoboticsProgram/Project/LostChildProject-ROS2_SLAM_Toolbox-Yolov8/install/slam_toolbox/include/slam_toolbox/srv/detail/pause__rosidl_typesupport_introspection_c.h
[11.516s] -- Up-to-date symlink: /home/yumjunstar/Desktop/YJW/RoboticsProgram/Project/LostChildProject-ROS2_SLAM_Toolbox-Yolov8/install/slam_toolbox/include/slam_toolbox/srv/detail/save_map__rosidl_typesupport_introspection_c.h
[11.523s] -- Up-to-date symlink: /home/yumjunstar/Desktop/YJW/RoboticsProgram/Project/LostChildProject-ROS2_SLAM_Toolbox-Yolov8/install/slam_toolbox/include/slam_toolbox/srv/detail/serialize_pose_graph__rosidl_typesupport_introspection_c.h
[11.524s] -- Up-to-date symlink: /home/yumjunstar/Desktop/YJW/RoboticsProgram/Project/LostChildProject-ROS2_SLAM_Toolbox-Yolov8/install/slam_toolbox/include/slam_toolbox/srv/detail/toggle_interactive__rosidl_typesupport_introspection_c.h
[11.527s] -- Up-to-date symlink: /home/yumjunstar/Desktop/YJW/RoboticsProgram/Project/LostChildProject-ROS2_SLAM_Toolbox-Yolov8/install/slam_toolbox/include/slam_toolbox/srv/add_submap.hpp
[11.528s] -- Up-to-date symlink: /home/yumjunstar/Desktop/YJW/RoboticsProgram/Project/LostChildProject-ROS2_SLAM_Toolbox-Yolov8/install/slam_toolbox/include/slam_toolbox/srv/clear.hpp
[11.529s] -- Up-to-date symlink: /home/yumjunstar/Desktop/YJW/RoboticsProgram/Project/LostChildProject-ROS2_SLAM_Toolbox-Yolov8/install/slam_toolbox/include/slam_toolbox/srv/clear_queue.hpp
[11.530s] -- Up-to-date symlink: /home/yumjunstar/Desktop/YJW/RoboticsProgram/Project/LostChildProject-ROS2_SLAM_Toolbox-Yolov8/install/slam_toolbox/include/slam_toolbox/srv/deserialize_pose_graph.hpp
[11.531s] -- Up-to-date symlink: /home/yumjunstar/Desktop/YJW/RoboticsProgram/Project/LostChildProject-ROS2_SLAM_Toolbox-Yolov8/install/slam_toolbox/include/slam_toolbox/srv/detail/add_submap__builder.hpp
[11.532s] -- Up-to-date symlink: /home/yumjunstar/Desktop/YJW/RoboticsProgram/Project/LostChildProject-ROS2_SLAM_Toolbox-Yolov8/install/slam_toolbox/include/slam_toolbox/srv/detail/add_submap__struct.hpp
[11.532s] -- Up-to-date symlink: /home/yumjunstar/Desktop/YJW/RoboticsProgram/Project/LostChildProject-ROS2_SLAM_Toolbox-Yolov8/install/slam_toolbox/include/slam_toolbox/srv/detail/add_submap__traits.hpp
[11.533s] -- Up-to-date symlink: /home/yumjunstar/Desktop/YJW/RoboticsProgram/Project/LostChildProject-ROS2_SLAM_Toolbox-Yolov8/install/slam_toolbox/include/slam_toolbox/srv/detail/clear__builder.hpp
[11.533s] -- Up-to-date symlink: /home/yumjunstar/Desktop/YJW/RoboticsProgram/Project/LostChildProject-ROS2_SLAM_Toolbox-Yolov8/install/slam_toolbox/include/slam_toolbox/srv/detail/clear__struct.hpp
[11.540s] -- Up-to-date symlink: /home/yumjunstar/Desktop/YJW/RoboticsProgram/Project/LostChildProject-ROS2_SLAM_Toolbox-Yolov8/install/slam_toolbox/include/slam_toolbox/srv/detail/clear__traits.hpp
[11.540s] -- Up-to-date symlink: /home/yumjunstar/Desktop/YJW/RoboticsProgram/Project/LostChildProject-ROS2_SLAM_Toolbox-Yolov8/install/slam_toolbox/include/slam_toolbox/srv/detail/clear_queue__builder.hpp
[11.541s] -- Up-to-date symlink: /home/yumjunstar/Desktop/YJW/RoboticsProgram/Project/LostChildProject-ROS2_SLAM_Toolbox-Yolov8/install/slam_toolbox/include/slam_toolbox/srv/detail/clear_queue__struct.hpp
[11.541s] -- Up-to-date symlink: /home/yumjunstar/Desktop/YJW/RoboticsProgram/Project/LostChildProject-ROS2_SLAM_Toolbox-Yolov8/install/slam_toolbox/include/slam_toolbox/srv/detail/clear_queue__traits.hpp
[11.542s] -- Up-to-date symlink: /home/yumjunstar/Desktop/YJW/RoboticsProgram/Project/LostChildProject-ROS2_SLAM_Toolbox-Yolov8/install/slam_toolbox/include/slam_toolbox/srv/detail/deserialize_pose_graph__builder.hpp
[11.542s] -- Up-to-date symlink: /home/yumjunstar/Desktop/YJW/RoboticsProgram/Project/LostChildProject-ROS2_SLAM_Toolbox-Yolov8/install/slam_toolbox/include/slam_toolbox/srv/detail/deserialize_pose_graph__struct.hpp
[11.543s] -- Up-to-date symlink: /home/yumjunstar/Desktop/YJW/RoboticsProgram/Project/LostChildProject-ROS2_SLAM_Toolbox-Yolov8/install/slam_toolbox/include/slam_toolbox/srv/detail/deserialize_pose_graph__traits.hpp
[11.544s] -- Up-to-date symlink: /home/yumjunstar/Desktop/YJW/RoboticsProgram/Project/LostChildProject-ROS2_SLAM_Toolbox-Yolov8/install/slam_toolbox/include/slam_toolbox/srv/detail/loop_closure__builder.hpp
[11.544s] -- Up-to-date symlink: /home/yumjunstar/Desktop/YJW/RoboticsProgram/Project/LostChildProject-ROS2_SLAM_Toolbox-Yolov8/install/slam_toolbox/include/slam_toolbox/srv/detail/loop_closure__struct.hpp
[11.558s] -- Up-to-date symlink: /home/yumjunstar/Desktop/YJW/RoboticsProgram/Project/LostChildProject-ROS2_SLAM_Toolbox-Yolov8/install/slam_toolbox/include/slam_toolbox/srv/detail/loop_closure__traits.hpp
[11.560s] -- Up-to-date symlink: /home/yumjunstar/Desktop/YJW/RoboticsProgram/Project/LostChildProject-ROS2_SLAM_Toolbox-Yolov8/install/slam_toolbox/include/slam_toolbox/srv/detail/merge_maps__builder.hpp
[11.562s] -- Up-to-date symlink: /home/yumjunstar/Desktop/YJW/RoboticsProgram/Project/LostChildProject-ROS2_SLAM_Toolbox-Yolov8/install/slam_toolbox/include/slam_toolbox/srv/detail/merge_maps__struct.hpp
[11.563s] -- Up-to-date symlink: /home/yumjunstar/Desktop/YJW/RoboticsProgram/Project/LostChildProject-ROS2_SLAM_Toolbox-Yolov8/install/slam_toolbox/include/slam_toolbox/srv/detail/merge_maps__traits.hpp
[11.564s] -- Up-to-date symlink: /home/yumjunstar/Desktop/YJW/RoboticsProgram/Project/LostChildProject-ROS2_SLAM_Toolbox-Yolov8/install/slam_toolbox/include/slam_toolbox/srv/detail/pause__builder.hpp
[11.564s] -- Up-to-date symlink: /home/yumjunstar/Desktop/YJW/RoboticsProgram/Project/LostChildProject-ROS2_SLAM_Toolbox-Yolov8/install/slam_toolbox/include/slam_toolbox/srv/detail/pause__struct.hpp
[11.565s] -- Up-to-date symlink: /home/yumjunstar/Desktop/YJW/RoboticsProgram/Project/LostChildProject-ROS2_SLAM_Toolbox-Yolov8/install/slam_toolbox/include/slam_toolbox/srv/detail/pause__traits.hpp
[11.565s] -- Up-to-date symlink: /home/yumjunstar/Desktop/YJW/RoboticsProgram/Project/LostChildProject-ROS2_SLAM_Toolbox-Yolov8/install/slam_toolbox/include/slam_toolbox/srv/detail/save_map__builder.hpp
[11.565s] -- Up-to-date symlink: /home/yumjunstar/Desktop/YJW/RoboticsProgram/Project/LostChildProject-ROS2_SLAM_Toolbox-Yolov8/install/slam_toolbox/include/slam_toolbox/srv/detail/save_map__struct.hpp
[11.566s] -- Up-to-date symlink: /home/yumjunstar/Desktop/YJW/RoboticsProgram/Project/LostChildProject-ROS2_SLAM_Toolbox-Yolov8/install/slam_toolbox/include/slam_toolbox/srv/detail/save_map__traits.hpp
[11.566s] -- Up-to-date symlink: /home/yumjunstar/Desktop/YJW/RoboticsProgram/Project/LostChildProject-ROS2_SLAM_Toolbox-Yolov8/install/slam_toolbox/include/slam_toolbox/srv/detail/serialize_pose_graph__builder.hpp
[11.566s] -- Up-to-date symlink: /home/yumjunstar/Desktop/YJW/RoboticsProgram/Project/LostChildProject-ROS2_SLAM_Toolbox-Yolov8/install/slam_toolbox/include/slam_toolbox/srv/detail/serialize_pose_graph__struct.hpp
[11.567s] -- Up-to-date symlink: /home/yumjunstar/Desktop/YJW/RoboticsProgram/Project/LostChildProject-ROS2_SLAM_Toolbox-Yolov8/install/slam_toolbox/include/slam_toolbox/srv/detail/serialize_pose_graph__traits.hpp
[11.567s] -- Up-to-date symlink: /home/yumjunstar/Desktop/YJW/RoboticsProgram/Project/LostChildProject-ROS2_SLAM_Toolbox-Yolov8/install/slam_toolbox/include/slam_toolbox/srv/detail/toggle_interactive__builder.hpp
[11.581s] -- Up-to-date symlink: /home/yumjunstar/Desktop/YJW/RoboticsProgram/Project/LostChildProject-ROS2_SLAM_Toolbox-Yolov8/install/slam_toolbox/include/slam_toolbox/srv/detail/toggle_interactive__struct.hpp
[11.581s] -- Up-to-date symlink: /home/yumjunstar/Desktop/YJW/RoboticsProgram/Project/LostChildProject-ROS2_SLAM_Toolbox-Yolov8/install/slam_toolbox/include/slam_toolbox/srv/detail/toggle_interactive__traits.hpp
[11.582s] -- Up-to-date symlink: /home/yumjunstar/Desktop/YJW/RoboticsProgram/Project/LostChildProject-ROS2_SLAM_Toolbox-Yolov8/install/slam_toolbox/include/slam_toolbox/srv/loop_closure.hpp
[11.582s] -- Up-to-date symlink: /home/yumjunstar/Desktop/YJW/RoboticsProgram/Project/LostChildProject-ROS2_SLAM_Toolbox-Yolov8/install/slam_toolbox/include/slam_toolbox/srv/merge_maps.hpp
[11.583s] -- Up-to-date symlink: /home/yumjunstar/Desktop/YJW/RoboticsProgram/Project/LostChildProject-ROS2_SLAM_Toolbox-Yolov8/install/slam_toolbox/include/slam_toolbox/srv/pause.hpp
[11.583s] -- Up-to-date symlink: /home/yumjunstar/Desktop/YJW/RoboticsProgram/Project/LostChildProject-ROS2_SLAM_Toolbox-Yolov8/install/slam_toolbox/include/slam_toolbox/srv/save_map.hpp
[11.583s] -- Up-to-date symlink: /home/yumjunstar/Desktop/YJW/RoboticsProgram/Project/LostChildProject-ROS2_SLAM_Toolbox-Yolov8/install/slam_toolbox/include/slam_toolbox/srv/serialize_pose_graph.hpp
[11.584s] -- Up-to-date symlink: /home/yumjunstar/Desktop/YJW/RoboticsProgram/Project/LostChildProject-ROS2_SLAM_Toolbox-Yolov8/install/slam_toolbox/include/slam_toolbox/srv/toggle_interactive.hpp
[11.584s] -- Up-to-date symlink: /home/yumjunstar/Desktop/YJW/RoboticsProgram/Project/LostChildProject-ROS2_SLAM_Toolbox-Yolov8/install/slam_toolbox/include/slam_toolbox/srv/detail/add_submap__rosidl_typesupport_introspection_cpp.hpp
[11.585s] -- Up-to-date symlink: /home/yumjunstar/Desktop/YJW/RoboticsProgram/Project/LostChildProject-ROS2_SLAM_Toolbox-Yolov8/install/slam_toolbox/include/slam_toolbox/srv/detail/clear__rosidl_typesupport_introspection_cpp.hpp
[11.585s] -- Up-to-date symlink: /home/yumjunstar/Desktop/YJW/RoboticsProgram/Project/LostChildProject-ROS2_SLAM_Toolbox-Yolov8/install/slam_toolbox/include/slam_toolbox/srv/detail/clear_queue__rosidl_typesupport_introspection_cpp.hpp
[11.596s] -- Up-to-date symlink: /home/yumjunstar/Desktop/YJW/RoboticsProgram/Project/LostChildProject-ROS2_SLAM_Toolbox-Yolov8/install/slam_toolbox/include/slam_toolbox/srv/detail/deserialize_pose_graph__rosidl_typesupport_introspection_cpp.hpp
[11.596s] -- Up-to-date symlink: /home/yumjunstar/Desktop/YJW/RoboticsProgram/Project/LostChildProject-ROS2_SLAM_Toolbox-Yolov8/install/slam_toolbox/include/slam_toolbox/srv/detail/loop_closure__rosidl_typesupport_introspection_cpp.hpp
[11.597s] -- Up-to-date symlink: /home/yumjunstar/Desktop/YJW/RoboticsProgram/Project/LostChildProject-ROS2_SLAM_Toolbox-Yolov8/install/slam_toolbox/include/slam_toolbox/srv/detail/merge_maps__rosidl_typesupport_introspection_cpp.hpp
[11.597s] -- Up-to-date symlink: /home/yumjunstar/Desktop/YJW/RoboticsProgram/Project/LostChildProject-ROS2_SLAM_Toolbox-Yolov8/install/slam_toolbox/include/slam_toolbox/srv/detail/pause__rosidl_typesupport_introspection_cpp.hpp
[11.597s] -- Up-to-date symlink: /home/yumjunstar/Desktop/YJW/RoboticsProgram/Project/LostChildProject-ROS2_SLAM_Toolbox-Yolov8/install/slam_toolbox/include/slam_toolbox/srv/detail/save_map__rosidl_typesupport_introspection_cpp.hpp
[11.597s] -- Up-to-date symlink: /home/yumjunstar/Desktop/YJW/RoboticsProgram/Project/LostChildProject-ROS2_SLAM_Toolbox-Yolov8/install/slam_toolbox/include/slam_toolbox/srv/detail/serialize_pose_graph__rosidl_typesupport_introspection_cpp.hpp
[11.598s] -- Up-to-date symlink: /home/yumjunstar/Desktop/YJW/RoboticsProgram/Project/LostChildProject-ROS2_SLAM_Toolbox-Yolov8/install/slam_toolbox/include/slam_toolbox/srv/detail/toggle_interactive__rosidl_typesupport_introspection_cpp.hpp
[11.598s] -- Up-to-date symlink: /home/yumjunstar/Desktop/YJW/RoboticsProgram/Project/LostChildProject-ROS2_SLAM_Toolbox-Yolov8/install/slam_toolbox/share/slam_toolbox/environment/pythonpath.sh
[11.598s] -- Up-to-date symlink: /home/yumjunstar/Desktop/YJW/RoboticsProgram/Project/LostChildProject-ROS2_SLAM_Toolbox-Yolov8/install/slam_toolbox/share/slam_toolbox/environment/pythonpath.dsv
[11.599s] -- Up-to-date symlink: /home/yumjunstar/Desktop/YJW/RoboticsProgram/Project/LostChildProject-ROS2_SLAM_Toolbox-Yolov8/install/slam_toolbox/lib/python3.8/site-packages/slam_toolbox/__init__.py
[11.612s] -- Up-to-date symlink: /home/yumjunstar/Desktop/YJW/RoboticsProgram/Project/LostChildProject-ROS2_SLAM_Toolbox-Yolov8/install/slam_toolbox/lib/python3.8/site-packages/slam_toolbox/srv/__init__.py
[11.624s] -- Up-to-date symlink: /home/yumjunstar/Desktop/YJW/RoboticsProgram/Project/LostChildProject-ROS2_SLAM_Toolbox-Yolov8/install/slam_toolbox/lib/python3.8/site-packages/slam_toolbox/srv/_add_submap.py
[11.624s] -- Up-to-date symlink: /home/yumjunstar/Desktop/YJW/RoboticsProgram/Project/LostChildProject-ROS2_SLAM_Toolbox-Yolov8/install/slam_toolbox/lib/python3.8/site-packages/slam_toolbox/srv/_clear.py
[11.624s] -- Up-to-date symlink: /home/yumjunstar/Desktop/YJW/RoboticsProgram/Project/LostChildProject-ROS2_SLAM_Toolbox-Yolov8/install/slam_toolbox/lib/python3.8/site-packages/slam_toolbox/srv/_clear_queue.py
[11.625s] -- Up-to-date symlink: /home/yumjunstar/Desktop/YJW/RoboticsProgram/Project/LostChildProject-ROS2_SLAM_Toolbox-Yolov8/install/slam_toolbox/lib/python3.8/site-packages/slam_toolbox/srv/_deserialize_pose_graph.py
[11.625s] -- Up-to-date symlink: /home/yumjunstar/Desktop/YJW/RoboticsProgram/Project/LostChildProject-ROS2_SLAM_Toolbox-Yolov8/install/slam_toolbox/lib/python3.8/site-packages/slam_toolbox/srv/_loop_closure.py
[11.625s] -- Up-to-date symlink: /home/yumjunstar/Desktop/YJW/RoboticsProgram/Project/LostChildProject-ROS2_SLAM_Toolbox-Yolov8/install/slam_toolbox/lib/python3.8/site-packages/slam_toolbox/srv/_merge_maps.py
[11.626s] -- Up-to-date symlink: /home/yumjunstar/Desktop/YJW/RoboticsProgram/Project/LostChildProject-ROS2_SLAM_Toolbox-Yolov8/install/slam_toolbox/lib/python3.8/site-packages/slam_toolbox/srv/_pause.py
[11.627s] -- Up-to-date symlink: /home/yumjunstar/Desktop/YJW/RoboticsProgram/Project/LostChildProject-ROS2_SLAM_Toolbox-Yolov8/install/slam_toolbox/lib/python3.8/site-packages/slam_toolbox/srv/_save_map.py
[11.627s] -- Up-to-date symlink: /home/yumjunstar/Desktop/YJW/RoboticsProgram/Project/LostChildProject-ROS2_SLAM_Toolbox-Yolov8/install/slam_toolbox/lib/python3.8/site-packages/slam_toolbox/srv/_serialize_pose_graph.py
[11.627s] -- Up-to-date symlink: /home/yumjunstar/Desktop/YJW/RoboticsProgram/Project/LostChildProject-ROS2_SLAM_Toolbox-Yolov8/install/slam_toolbox/lib/python3.8/site-packages/slam_toolbox/srv/_toggle_interactive.py
[11.628s] -- Up-to-date symlink: /home/yumjunstar/Desktop/YJW/RoboticsProgram/Project/LostChildProject-ROS2_SLAM_Toolbox-Yolov8/install/slam_toolbox/lib/python3.8/site-packages/slam_toolbox/slam_toolbox_s__rosidl_typesupport_fastrtps_c.cpython-38-x86_64-linux-gnu.so
[11.628s] -- Up-to-date symlink: /home/yumjunstar/Desktop/YJW/RoboticsProgram/Project/LostChildProject-ROS2_SLAM_Toolbox-Yolov8/install/slam_toolbox/lib/python3.8/site-packages/slam_toolbox/slam_toolbox_s__rosidl_typesupport_introspection_c.cpython-38-x86_64-linux-gnu.so
[11.628s] -- Up-to-date symlink: /home/yumjunstar/Desktop/YJW/RoboticsProgram/Project/LostChildProject-ROS2_SLAM_Toolbox-Yolov8/install/slam_toolbox/lib/python3.8/site-packages/slam_toolbox/slam_toolbox_s__rosidl_typesupport_c.cpython-38-x86_64-linux-gnu.so
[11.628s] -- Up-to-date symlink: /home/yumjunstar/Desktop/YJW/RoboticsProgram/Project/LostChildProject-ROS2_SLAM_Toolbox-Yolov8/install/slam_toolbox/lib/libslam_toolbox__python.so
[11.633s] -- Up-to-date symlink: /home/yumjunstar/Desktop/YJW/RoboticsProgram/Project/LostChildProject-ROS2_SLAM_Toolbox-Yolov8/install/slam_toolbox/share/slam_toolbox/srv/Pause.idl
[11.633s] -- Up-to-date symlink: /home/yumjunstar/Desktop/YJW/RoboticsProgram/Project/LostChildProject-ROS2_SLAM_Toolbox-Yolov8/install/slam_toolbox/share/slam_toolbox/srv/ClearQueue.idl
[11.635s] -- Up-to-date symlink: /home/yumjunstar/Desktop/YJW/RoboticsProgram/Project/LostChildProject-ROS2_SLAM_Toolbox-Yolov8/install/slam_toolbox/share/slam_toolbox/srv/ToggleInteractive.idl
[11.636s] -- Up-to-date symlink: /home/yumjunstar/Desktop/YJW/RoboticsProgram/Project/LostChildProject-ROS2_SLAM_Toolbox-Yolov8/install/slam_toolbox/share/slam_toolbox/srv/Clear.idl
[11.638s] -- Up-to-date symlink: /home/yumjunstar/Desktop/YJW/RoboticsProgram/Project/LostChildProject-ROS2_SLAM_Toolbox-Yolov8/install/slam_toolbox/share/slam_toolbox/srv/SaveMap.idl
[11.639s] -- Up-to-date symlink: /home/yumjunstar/Desktop/YJW/RoboticsProgram/Project/LostChildProject-ROS2_SLAM_Toolbox-Yolov8/install/slam_toolbox/share/slam_toolbox/srv/LoopClosure.idl
[11.640s] -- Up-to-date symlink: /home/yumjunstar/Desktop/YJW/RoboticsProgram/Project/LostChildProject-ROS2_SLAM_Toolbox-Yolov8/install/slam_toolbox/share/slam_toolbox/srv/MergeMaps.idl
[11.642s] -- Up-to-date symlink: /home/yumjunstar/Desktop/YJW/RoboticsProgram/Project/LostChildProject-ROS2_SLAM_Toolbox-Yolov8/install/slam_toolbox/share/slam_toolbox/srv/AddSubmap.idl
[11.643s] -- Up-to-date symlink: /home/yumjunstar/Desktop/YJW/RoboticsProgram/Project/LostChildProject-ROS2_SLAM_Toolbox-Yolov8/install/slam_toolbox/share/slam_toolbox/srv/DeserializePoseGraph.idl
[11.660s] -- Up-to-date symlink: /home/yumjunstar/Desktop/YJW/RoboticsProgram/Project/LostChildProject-ROS2_SLAM_Toolbox-Yolov8/install/slam_toolbox/share/slam_toolbox/srv/SerializePoseGraph.idl
[11.662s] -- Up-to-date symlink: /home/yumjunstar/Desktop/YJW/RoboticsProgram/Project/LostChildProject-ROS2_SLAM_Toolbox-Yolov8/install/slam_toolbox/share/slam_toolbox/srvs/Pause.srv
[11.664s] -- Up-to-date symlink: /home/yumjunstar/Desktop/YJW/RoboticsProgram/Project/LostChildProject-ROS2_SLAM_Toolbox-Yolov8/install/slam_toolbox/share/slam_toolbox/srvs/Pause_Request.msg
[11.666s] -- Up-to-date symlink: /home/yumjunstar/Desktop/YJW/RoboticsProgram/Project/LostChildProject-ROS2_SLAM_Toolbox-Yolov8/install/slam_toolbox/share/slam_toolbox/srvs/Pause_Response.msg
[11.667s] -- Up-to-date symlink: /home/yumjunstar/Desktop/YJW/RoboticsProgram/Project/LostChildProject-ROS2_SLAM_Toolbox-Yolov8/install/slam_toolbox/share/slam_toolbox/srvs/ClearQueue.srv
[11.669s] -- Up-to-date symlink: /home/yumjunstar/Desktop/YJW/RoboticsProgram/Project/LostChildProject-ROS2_SLAM_Toolbox-Yolov8/install/slam_toolbox/share/slam_toolbox/srvs/ClearQueue_Request.msg
[11.671s] -- Up-to-date symlink: /home/yumjunstar/Desktop/YJW/RoboticsProgram/Project/LostChildProject-ROS2_SLAM_Toolbox-Yolov8/install/slam_toolbox/share/slam_toolbox/srvs/ClearQueue_Response.msg
[11.674s] -- Up-to-date symlink: /home/yumjunstar/Desktop/YJW/RoboticsProgram/Project/LostChildProject-ROS2_SLAM_Toolbox-Yolov8/install/slam_toolbox/share/slam_toolbox/srvs/ToggleInteractive.srv
[11.676s] -- Up-to-date symlink: /home/yumjunstar/Desktop/YJW/RoboticsProgram/Project/LostChildProject-ROS2_SLAM_Toolbox-Yolov8/install/slam_toolbox/share/slam_toolbox/srvs/ToggleInteractive_Request.msg
[11.677s] -- Up-to-date symlink: /home/yumjunstar/Desktop/YJW/RoboticsProgram/Project/LostChildProject-ROS2_SLAM_Toolbox-Yolov8/install/slam_toolbox/share/slam_toolbox/srvs/ToggleInteractive_Response.msg
[11.680s] -- Up-to-date symlink: /home/yumjunstar/Desktop/YJW/RoboticsProgram/Project/LostChildProject-ROS2_SLAM_Toolbox-Yolov8/install/slam_toolbox/share/slam_toolbox/srvs/Clear.srv
[11.681s] -- Up-to-date symlink: /home/yumjunstar/Desktop/YJW/RoboticsProgram/Project/LostChildProject-ROS2_SLAM_Toolbox-Yolov8/install/slam_toolbox/share/slam_toolbox/srvs/Clear_Request.msg
[11.682s] -- Up-to-date symlink: /home/yumjunstar/Desktop/YJW/RoboticsProgram/Project/LostChildProject-ROS2_SLAM_Toolbox-Yolov8/install/slam_toolbox/share/slam_toolbox/srvs/Clear_Response.msg
[11.684s] -- Up-to-date symlink: /home/yumjunstar/Desktop/YJW/RoboticsProgram/Project/LostChildProject-ROS2_SLAM_Toolbox-Yolov8/install/slam_toolbox/share/slam_toolbox/srvs/SaveMap.srv
[11.685s] -- Up-to-date symlink: /home/yumjunstar/Desktop/YJW/RoboticsProgram/Project/LostChildProject-ROS2_SLAM_Toolbox-Yolov8/install/slam_toolbox/share/slam_toolbox/srvs/SaveMap_Request.msg
[11.686s] -- Up-to-date symlink: /home/yumjunstar/Desktop/YJW/RoboticsProgram/Project/LostChildProject-ROS2_SLAM_Toolbox-Yolov8/install/slam_toolbox/share/slam_toolbox/srvs/SaveMap_Response.msg
[11.688s] -- Up-to-date symlink: /home/yumjunstar/Desktop/YJW/RoboticsProgram/Project/LostChildProject-ROS2_SLAM_Toolbox-Yolov8/install/slam_toolbox/share/slam_toolbox/srvs/LoopClosure.srv
[11.689s] -- Up-to-date symlink: /home/yumjunstar/Desktop/YJW/RoboticsProgram/Project/LostChildProject-ROS2_SLAM_Toolbox-Yolov8/install/slam_toolbox/share/slam_toolbox/srvs/LoopClosure_Request.msg
[11.690s] -- Up-to-date symlink: /home/yumjunstar/Desktop/YJW/RoboticsProgram/Project/LostChildProject-ROS2_SLAM_Toolbox-Yolov8/install/slam_toolbox/share/slam_toolbox/srvs/LoopClosure_Response.msg
[11.692s] -- Up-to-date symlink: /home/yumjunstar/Desktop/YJW/RoboticsProgram/Project/LostChildProject-ROS2_SLAM_Toolbox-Yolov8/install/slam_toolbox/share/slam_toolbox/srvs/MergeMaps.srv
[11.693s] -- Up-to-date symlink: /home/yumjunstar/Desktop/YJW/RoboticsProgram/Project/LostChildProject-ROS2_SLAM_Toolbox-Yolov8/install/slam_toolbox/share/slam_toolbox/srvs/MergeMaps_Request.msg
[11.695s] -- Up-to-date symlink: /home/yumjunstar/Desktop/YJW/RoboticsProgram/Project/LostChildProject-ROS2_SLAM_Toolbox-Yolov8/install/slam_toolbox/share/slam_toolbox/srvs/MergeMaps_Response.msg
[11.697s] -- Up-to-date symlink: /home/yumjunstar/Desktop/YJW/RoboticsProgram/Project/LostChildProject-ROS2_SLAM_Toolbox-Yolov8/install/slam_toolbox/share/slam_toolbox/srvs/AddSubmap.srv
[11.703s] -- Up-to-date symlink: /home/yumjunstar/Desktop/YJW/RoboticsProgram/Project/LostChildProject-ROS2_SLAM_Toolbox-Yolov8/install/slam_toolbox/share/slam_toolbox/srvs/AddSubmap_Request.msg
[11.705s] -- Up-to-date symlink: /home/yumjunstar/Desktop/YJW/RoboticsProgram/Project/LostChildProject-ROS2_SLAM_Toolbox-Yolov8/install/slam_toolbox/share/slam_toolbox/srvs/AddSubmap_Response.msg
[11.708s] -- Up-to-date symlink: /home/yumjunstar/Desktop/YJW/RoboticsProgram/Project/LostChildProject-ROS2_SLAM_Toolbox-Yolov8/install/slam_toolbox/share/slam_toolbox/srvs/DeserializePoseGraph.srv
[11.712s] -- Up-to-date symlink: /home/yumjunstar/Desktop/YJW/RoboticsProgram/Project/LostChildProject-ROS2_SLAM_Toolbox-Yolov8/install/slam_toolbox/share/slam_toolbox/srvs/DeserializePoseGraph_Request.msg
[11.714s] -- Up-to-date symlink: /home/yumjunstar/Desktop/YJW/RoboticsProgram/Project/LostChildProject-ROS2_SLAM_Toolbox-Yolov8/install/slam_toolbox/share/slam_toolbox/srvs/DeserializePoseGraph_Response.msg
[11.715s] -- Up-to-date symlink: /home/yumjunstar/Desktop/YJW/RoboticsProgram/Project/LostChildProject-ROS2_SLAM_Toolbox-Yolov8/install/slam_toolbox/share/slam_toolbox/srvs/SerializePoseGraph.srv
[11.719s] -- Up-to-date symlink: /home/yumjunstar/Desktop/YJW/RoboticsProgram/Project/LostChildProject-ROS2_SLAM_Toolbox-Yolov8/install/slam_toolbox/share/slam_toolbox/srvs/SerializePoseGraph_Request.msg
[11.721s] -- Up-to-date symlink: /home/yumjunstar/Desktop/YJW/RoboticsProgram/Project/LostChildProject-ROS2_SLAM_Toolbox-Yolov8/install/slam_toolbox/share/slam_toolbox/srvs/SerializePoseGraph_Response.msg
[11.727s] -- Up-to-date symlink: /home/yumjunstar/Desktop/YJW/RoboticsProgram/Project/LostChildProject-ROS2_SLAM_Toolbox-Yolov8/install/slam_toolbox/share/slam_toolbox//rviz_plugins.xml
[11.728s] -- Up-to-date symlink: /home/yumjunstar/Desktop/YJW/RoboticsProgram/Project/LostChildProject-ROS2_SLAM_Toolbox-Yolov8/install/slam_toolbox/share/slam_toolbox//solver_plugins.xml
[11.731s] -- Up-to-date symlink: /home/yumjunstar/Desktop/YJW/RoboticsProgram/Project/LostChildProject-ROS2_SLAM_Toolbox-Yolov8/install/slam_toolbox/lib/slam_toolbox/async_slam_toolbox_node
[11.736s] -- Up-to-date symlink: /home/yumjunstar/Desktop/YJW/RoboticsProgram/Project/LostChildProject-ROS2_SLAM_Toolbox-Yolov8/install/slam_toolbox/lib/slam_toolbox/sync_slam_toolbox_node
[11.737s] -- Up-to-date symlink: /home/yumjunstar/Desktop/YJW/RoboticsProgram/Project/LostChildProject-ROS2_SLAM_Toolbox-Yolov8/install/slam_toolbox/lib/slam_toolbox/localization_slam_toolbox_node
[11.739s] -- Up-to-date symlink: /home/yumjunstar/Desktop/YJW/RoboticsProgram/Project/LostChildProject-ROS2_SLAM_Toolbox-Yolov8/install/slam_toolbox/lib/slam_toolbox/lifelong_slam_toolbox_node
[11.743s] -- Up-to-date symlink: /home/yumjunstar/Desktop/YJW/RoboticsProgram/Project/LostChildProject-ROS2_SLAM_Toolbox-Yolov8/install/slam_toolbox/lib/slam_toolbox/merge_maps_kinematic
[11.746s] -- Up-to-date symlink: /home/yumjunstar/Desktop/YJW/RoboticsProgram/Project/LostChildProject-ROS2_SLAM_Toolbox-Yolov8/install/slam_toolbox/lib/libtoolbox_common.so
[11.750s] -- Up-to-date symlink: /home/yumjunstar/Desktop/YJW/RoboticsProgram/Project/LostChildProject-ROS2_SLAM_Toolbox-Yolov8/install/slam_toolbox/lib/libSlamToolboxPlugin.so
[11.756s] -- Up-to-date symlink: /home/yumjunstar/Desktop/YJW/RoboticsProgram/Project/LostChildProject-ROS2_SLAM_Toolbox-Yolov8/install/slam_toolbox/lib/libceres_solver_plugin.so
[11.757s] -- Up-to-date symlink: /home/yumjunstar/Desktop/YJW/RoboticsProgram/Project/LostChildProject-ROS2_SLAM_Toolbox-Yolov8/install/slam_toolbox/lib/libasync_slam_toolbox.so
[11.759s] -- Up-to-date symlink: /home/yumjunstar/Desktop/YJW/RoboticsProgram/Project/LostChildProject-ROS2_SLAM_Toolbox-Yolov8/install/slam_toolbox/lib/libsync_slam_toolbox.so
[11.760s] -- Up-to-date symlink: /home/yumjunstar/Desktop/YJW/RoboticsProgram/Project/LostChildProject-ROS2_SLAM_Toolbox-Yolov8/install/slam_toolbox/lib/liblocalization_slam_toolbox.so
[11.762s] -- Up-to-date symlink: /home/yumjunstar/Desktop/YJW/RoboticsProgram/Project/LostChildProject-ROS2_SLAM_Toolbox-Yolov8/install/slam_toolbox/lib/liblifelong_slam_toolbox.so
[11.768s] -- Up-to-date symlink: /home/yumjunstar/Desktop/YJW/RoboticsProgram/Project/LostChildProject-ROS2_SLAM_Toolbox-Yolov8/install/slam_toolbox/include/slam_toolbox/experimental/slam_toolbox_lifelong.hpp
[11.769s] -- Up-to-date symlink: /home/yumjunstar/Desktop/YJW/RoboticsProgram/Project/LostChildProject-ROS2_SLAM_Toolbox-Yolov8/install/slam_toolbox/include/slam_toolbox/get_pose_helper.hpp
[11.770s] -- Up-to-date symlink: /home/yumjunstar/Desktop/YJW/RoboticsProgram/Project/LostChildProject-ROS2_SLAM_Toolbox-Yolov8/install/slam_toolbox/include/slam_toolbox/laser_utils.hpp
[11.773s] -- Up-to-date symlink: /home/yumjunstar/Desktop/YJW/RoboticsProgram/Project/LostChildProject-ROS2_SLAM_Toolbox-Yolov8/install/slam_toolbox/include/slam_toolbox/loop_closure_assistant.hpp
[11.775s] -- Up-to-date symlink: /home/yumjunstar/Desktop/YJW/RoboticsProgram/Project/LostChildProject-ROS2_SLAM_Toolbox-Yolov8/install/slam_toolbox/include/slam_toolbox/map_saver.hpp
[11.779s] -- Up-to-date symlink: /home/yumjunstar/Desktop/YJW/RoboticsProgram/Project/LostChildProject-ROS2_SLAM_Toolbox-Yolov8/install/slam_toolbox/include/slam_toolbox/merge_maps_kinematic.hpp
[11.785s] -- Up-to-date symlink: /home/yumjunstar/Desktop/YJW/RoboticsProgram/Project/LostChildProject-ROS2_SLAM_Toolbox-Yolov8/install/slam_toolbox/include/slam_toolbox/serialization.hpp
[11.785s] -- Up-to-date symlink: /home/yumjunstar/Desktop/YJW/RoboticsProgram/Project/LostChildProject-ROS2_SLAM_Toolbox-Yolov8/install/slam_toolbox/include/slam_toolbox/slam_mapper.hpp
[11.786s] -- Up-to-date symlink: /home/yumjunstar/Desktop/YJW/RoboticsProgram/Project/LostChildProject-ROS2_SLAM_Toolbox-Yolov8/install/slam_toolbox/include/slam_toolbox/slam_toolbox_async.hpp
[11.788s] -- Up-to-date symlink: /home/yumjunstar/Desktop/YJW/RoboticsProgram/Project/LostChildProject-ROS2_SLAM_Toolbox-Yolov8/install/slam_toolbox/include/slam_toolbox/slam_toolbox_common.hpp
[11.788s] -- Up-to-date symlink: /home/yumjunstar/Desktop/YJW/RoboticsProgram/Project/LostChildProject-ROS2_SLAM_Toolbox-Yolov8/install/slam_toolbox/include/slam_toolbox/slam_toolbox_localization.hpp
[11.789s] -- Up-to-date symlink: /home/yumjunstar/Desktop/YJW/RoboticsProgram/Project/LostChildProject-ROS2_SLAM_Toolbox-Yolov8/install/slam_toolbox/include/slam_toolbox/slam_toolbox_sync.hpp
[11.794s] -- Up-to-date symlink: /home/yumjunstar/Desktop/YJW/RoboticsProgram/Project/LostChildProject-ROS2_SLAM_Toolbox-Yolov8/install/slam_toolbox/include/slam_toolbox/snap_utils.hpp
[11.794s] -- Up-to-date symlink: /home/yumjunstar/Desktop/YJW/RoboticsProgram/Project/LostChildProject-ROS2_SLAM_Toolbox-Yolov8/install/slam_toolbox/include/slam_toolbox/toolbox_msgs.hpp
[11.795s] -- Up-to-date symlink: /home/yumjunstar/Desktop/YJW/RoboticsProgram/Project/LostChildProject-ROS2_SLAM_Toolbox-Yolov8/install/slam_toolbox/include/slam_toolbox/toolbox_types.hpp
[11.795s] -- Up-to-date symlink: /home/yumjunstar/Desktop/YJW/RoboticsProgram/Project/LostChildProject-ROS2_SLAM_Toolbox-Yolov8/install/slam_toolbox/include/slam_toolbox/visualization_utils.hpp
[11.797s] -- Up-to-date symlink: /home/yumjunstar/Desktop/YJW/RoboticsProgram/Project/LostChildProject-ROS2_SLAM_Toolbox-Yolov8/install/slam_toolbox/share/slam_toolbox/launch/__pycache__/lifelong_launch.cpython-38.pyc
[11.800s] -- Up-to-date symlink: /home/yumjunstar/Desktop/YJW/RoboticsProgram/Project/LostChildProject-ROS2_SLAM_Toolbox-Yolov8/install/slam_toolbox/share/slam_toolbox/launch/__pycache__/localization_launch.cpython-38.pyc
[11.801s] -- Up-to-date symlink: /home/yumjunstar/Desktop/YJW/RoboticsProgram/Project/LostChildProject-ROS2_SLAM_Toolbox-Yolov8/install/slam_toolbox/share/slam_toolbox/launch/__pycache__/online_async_launch.cpython-38.pyc
[11.801s] -- Up-to-date symlink: /home/yumjunstar/Desktop/YJW/RoboticsProgram/Project/LostChildProject-ROS2_SLAM_Toolbox-Yolov8/install/slam_toolbox/share/slam_toolbox/launch/__pycache__/online_sync_launch.cpython-38.pyc
[11.805s] -- Up-to-date symlink: /home/yumjunstar/Desktop/YJW/RoboticsProgram/Project/LostChildProject-ROS2_SLAM_Toolbox-Yolov8/install/slam_toolbox/share/slam_toolbox/launch/lifelong_launch.py
[11.806s] -- Up-to-date symlink: /home/yumjunstar/Desktop/YJW/RoboticsProgram/Project/LostChildProject-ROS2_SLAM_Toolbox-Yolov8/install/slam_toolbox/share/slam_toolbox/launch/localization_launch.py
[11.807s] -- Up-to-date symlink: /home/yumjunstar/Desktop/YJW/RoboticsProgram/Project/LostChildProject-ROS2_SLAM_Toolbox-Yolov8/install/slam_toolbox/share/slam_toolbox/launch/merge_maps_kinematic_launch.py
[11.808s] -- Up-to-date symlink: /home/yumjunstar/Desktop/YJW/RoboticsProgram/Project/LostChildProject-ROS2_SLAM_Toolbox-Yolov8/install/slam_toolbox/share/slam_toolbox/launch/offline_launch.py
[11.809s] -- Up-to-date symlink: /home/yumjunstar/Desktop/YJW/RoboticsProgram/Project/LostChildProject-ROS2_SLAM_Toolbox-Yolov8/install/slam_toolbox/share/slam_toolbox/launch/online_async_launch.py
[11.812s] -- Up-to-date symlink: /home/yumjunstar/Desktop/YJW/RoboticsProgram/Project/LostChildProject-ROS2_SLAM_Toolbox-Yolov8/install/slam_toolbox/share/slam_toolbox/launch/online_sync_launch.py
[11.822s] -- Up-to-date symlink: /home/yumjunstar/Desktop/YJW/RoboticsProgram/Project/LostChildProject-ROS2_SLAM_Toolbox-Yolov8/install/slam_toolbox/share/slam_toolbox/config/mapper_params_lifelong.yaml
[11.822s] -- Up-to-date symlink: /home/yumjunstar/Desktop/YJW/RoboticsProgram/Project/LostChildProject-ROS2_SLAM_Toolbox-Yolov8/install/slam_toolbox/share/slam_toolbox/config/mapper_params_localization.yaml
[11.822s] -- Up-to-date symlink: /home/yumjunstar/Desktop/YJW/RoboticsProgram/Project/LostChildProject-ROS2_SLAM_Toolbox-Yolov8/install/slam_toolbox/share/slam_toolbox/config/mapper_params_offline.yaml
[11.823s] -- Up-to-date symlink: /home/yumjunstar/Desktop/YJW/RoboticsProgram/Project/LostChildProject-ROS2_SLAM_Toolbox-Yolov8/install/slam_toolbox/share/slam_toolbox/config/mapper_params_online_async.yaml
[11.823s] -- Up-to-date symlink: /home/yumjunstar/Desktop/YJW/RoboticsProgram/Project/LostChildProject-ROS2_SLAM_Toolbox-Yolov8/install/slam_toolbox/share/slam_toolbox/config/mapper_params_online_sync.yaml
[11.827s] -- Up-to-date symlink: /home/yumjunstar/Desktop/YJW/RoboticsProgram/Project/LostChildProject-ROS2_SLAM_Toolbox-Yolov8/install/slam_toolbox/share/solver_plugins.xml
[11.827s] -- Up-to-date symlink: /home/yumjunstar/Desktop/YJW/RoboticsProgram/Project/LostChildProject-ROS2_SLAM_Toolbox-Yolov8/install/slam_toolbox/share/rviz_plugins.xml
[11.829s] -- Up-to-date symlink: /home/yumjunstar/Desktop/YJW/RoboticsProgram/Project/LostChildProject-ROS2_SLAM_Toolbox-Yolov8/install/slam_toolbox/share/ament_index/resource_index/package_run_dependencies/slam_toolbox
[11.830s] -- Up-to-date symlink: /home/yumjunstar/Desktop/YJW/RoboticsProgram/Project/LostChildProject-ROS2_SLAM_Toolbox-Yolov8/install/slam_toolbox/share/ament_index/resource_index/parent_prefix_path/slam_toolbox
[11.831s] -- Up-to-date symlink: /home/yumjunstar/Desktop/YJW/RoboticsProgram/Project/LostChildProject-ROS2_SLAM_Toolbox-Yolov8/install/slam_toolbox/share/slam_toolbox/environment/ament_prefix_path.sh
[11.832s] -- Up-to-date symlink: /home/yumjunstar/Desktop/YJW/RoboticsProgram/Project/LostChildProject-ROS2_SLAM_Toolbox-Yolov8/install/slam_toolbox/share/slam_toolbox/environment/ament_prefix_path.dsv
[11.833s] -- Up-to-date symlink: /home/yumjunstar/Desktop/YJW/RoboticsProgram/Project/LostChildProject-ROS2_SLAM_Toolbox-Yolov8/install/slam_toolbox/share/slam_toolbox/environment/path.sh
[11.833s] -- Up-to-date symlink: /home/yumjunstar/Desktop/YJW/RoboticsProgram/Project/LostChildProject-ROS2_SLAM_Toolbox-Yolov8/install/slam_toolbox/share/slam_toolbox/environment/path.dsv
[11.835s] -- Up-to-date symlink: /home/yumjunstar/Desktop/YJW/RoboticsProgram/Project/LostChildProject-ROS2_SLAM_Toolbox-Yolov8/install/slam_toolbox/share/slam_toolbox/local_setup.bash
[11.835s] -- Up-to-date symlink: /home/yumjunstar/Desktop/YJW/RoboticsProgram/Project/LostChildProject-ROS2_SLAM_Toolbox-Yolov8/install/slam_toolbox/share/slam_toolbox/local_setup.sh
[11.836s] -- Up-to-date symlink: /home/yumjunstar/Desktop/YJW/RoboticsProgram/Project/LostChildProject-ROS2_SLAM_Toolbox-Yolov8/install/slam_toolbox/share/slam_toolbox/local_setup.zsh
[11.848s] -- Up-to-date symlink: /home/yumjunstar/Desktop/YJW/RoboticsProgram/Project/LostChildProject-ROS2_SLAM_Toolbox-Yolov8/install/slam_toolbox/share/slam_toolbox/local_setup.dsv
[11.848s] -- Symlinking: /home/yumjunstar/Desktop/YJW/RoboticsProgram/Project/LostChildProject-ROS2_SLAM_Toolbox-Yolov8/install/slam_toolbox/share/slam_toolbox/package.dsv
[11.883s] -- Up-to-date symlink: /home/yumjunstar/Desktop/YJW/RoboticsProgram/Project/LostChildProject-ROS2_SLAM_Toolbox-Yolov8/install/slam_toolbox/share/ament_index/resource_index/packages/slam_toolbox
[11.883s] -- Up-to-date symlink: /home/yumjunstar/Desktop/YJW/RoboticsProgram/Project/LostChildProject-ROS2_SLAM_Toolbox-Yolov8/install/slam_toolbox/share/ament_index/resource_index/rviz_common__pluginlib__plugin/slam_toolbox
[11.884s] -- Up-to-date symlink: /home/yumjunstar/Desktop/YJW/RoboticsProgram/Project/LostChildProject-ROS2_SLAM_Toolbox-Yolov8/install/slam_toolbox/share/ament_index/resource_index/slam_toolbox__pluginlib__plugin/slam_toolbox
[11.884s] -- Up-to-date symlink: /home/yumjunstar/Desktop/YJW/RoboticsProgram/Project/LostChildProject-ROS2_SLAM_Toolbox-Yolov8/install/slam_toolbox/share/slam_toolbox/cmake/rosidl_cmake-extras.cmake
[11.885s] -- Up-to-date symlink: /home/yumjunstar/Desktop/YJW/RoboticsProgram/Project/LostChildProject-ROS2_SLAM_Toolbox-Yolov8/install/slam_toolbox/share/slam_toolbox/cmake/ament_cmake_export_dependencies-extras.cmake
[11.885s] -- Up-to-date symlink: /home/yumjunstar/Desktop/YJW/RoboticsProgram/Project/LostChildProject-ROS2_SLAM_Toolbox-Yolov8/install/slam_toolbox/share/slam_toolbox/cmake/ament_cmake_export_libraries-extras.cmake
[11.886s] -- Up-to-date symlink: /home/yumjunstar/Desktop/YJW/RoboticsProgram/Project/LostChildProject-ROS2_SLAM_Toolbox-Yolov8/install/slam_toolbox/share/slam_toolbox/cmake/ament_cmake_export_targets-extras.cmake
[11.888s] -- Up-to-date symlink: /home/yumjunstar/Desktop/YJW/RoboticsProgram/Project/LostChildProject-ROS2_SLAM_Toolbox-Yolov8/install/slam_toolbox/share/slam_toolbox/cmake/ament_cmake_export_include_directories-extras.cmake
[11.889s] -- Up-to-date symlink: /home/yumjunstar/Desktop/YJW/RoboticsProgram/Project/LostChildProject-ROS2_SLAM_Toolbox-Yolov8/install/slam_toolbox/share/slam_toolbox/cmake/rosidl_cmake_export_typesupport_libraries-extras.cmake
[11.890s] -- Up-to-date symlink: /home/yumjunstar/Desktop/YJW/RoboticsProgram/Project/LostChildProject-ROS2_SLAM_Toolbox-Yolov8/install/slam_toolbox/share/slam_toolbox/cmake/rosidl_cmake_export_typesupport_targets-extras.cmake
[11.890s] -- Up-to-date symlink: /home/yumjunstar/Desktop/YJW/RoboticsProgram/Project/LostChildProject-ROS2_SLAM_Toolbox-Yolov8/install/slam_toolbox/share/slam_toolbox/cmake/slam_toolboxConfig.cmake
[11.891s] -- Up-to-date symlink: /home/yumjunstar/Desktop/YJW/RoboticsProgram/Project/LostChildProject-ROS2_SLAM_Toolbox-Yolov8/install/slam_toolbox/share/slam_toolbox/cmake/slam_toolboxConfig-version.cmake
[11.891s] -- Up-to-date symlink: /home/yumjunstar/Desktop/YJW/RoboticsProgram/Project/LostChildProject-ROS2_SLAM_Toolbox-Yolov8/install/slam_toolbox/share/slam_toolbox/package.xml
[11.891s] -- Up-to-date: /home/yumjunstar/Desktop/YJW/RoboticsProgram/Project/LostChildProject-ROS2_SLAM_Toolbox-Yolov8/install/slam_toolbox/lib/libslam_toolbox__rosidl_generator_c.so
[11.905s] -- Up-to-date: /home/yumjunstar/Desktop/YJW/RoboticsProgram/Project/LostChildProject-ROS2_SLAM_Toolbox-Yolov8/install/slam_toolbox/lib/libslam_toolbox__rosidl_typesupport_introspection_c.so
[11.905s] -- Up-to-date: /home/yumjunstar/Desktop/YJW/RoboticsProgram/Project/LostChildProject-ROS2_SLAM_Toolbox-Yolov8/install/slam_toolbox/lib/libslam_toolbox__rosidl_typesupport_c.so
[11.906s] -- Up-to-date: /home/yumjunstar/Desktop/YJW/RoboticsProgram/Project/LostChildProject-ROS2_SLAM_Toolbox-Yolov8/install/slam_toolbox/lib/libslam_toolbox__rosidl_typesupport_introspection_cpp.so
[11.906s] -- Up-to-date: /home/yumjunstar/Desktop/YJW/RoboticsProgram/Project/LostChildProject-ROS2_SLAM_Toolbox-Yolov8/install/slam_toolbox/lib/libslam_toolbox__rosidl_typesupport_cpp.so
[12.309s] -- Up-to-date: /home/yumjunstar/Desktop/YJW/RoboticsProgram/Project/LostChildProject-ROS2_SLAM_Toolbox-Yolov8/install/slam_toolbox/share/slam_toolbox/cmake/slam_toolbox__rosidl_generator_cExport.cmake
[12.309s] -- Up-to-date: /home/yumjunstar/Desktop/YJW/RoboticsProgram/Project/LostChildProject-ROS2_SLAM_Toolbox-Yolov8/install/slam_toolbox/share/slam_toolbox/cmake/slam_toolbox__rosidl_generator_cExport-release.cmake
[12.309s] -- Up-to-date: /home/yumjunstar/Desktop/YJW/RoboticsProgram/Project/LostChildProject-ROS2_SLAM_Toolbox-Yolov8/install/slam_toolbox/share/slam_toolbox/cmake/slam_toolbox__rosidl_typesupport_introspection_cExport.cmake
[12.310s] -- Up-to-date: /home/yumjunstar/Desktop/YJW/RoboticsProgram/Project/LostChildProject-ROS2_SLAM_Toolbox-Yolov8/install/slam_toolbox/share/slam_toolbox/cmake/slam_toolbox__rosidl_typesupport_introspection_cExport-release.cmake
[12.310s] -- Up-to-date: /home/yumjunstar/Desktop/YJW/RoboticsProgram/Project/LostChildProject-ROS2_SLAM_Toolbox-Yolov8/install/slam_toolbox/share/slam_toolbox/cmake/slam_toolbox__rosidl_typesupport_cExport.cmake
[12.311s] -- Up-to-date: /home/yumjunstar/Desktop/YJW/RoboticsProgram/Project/LostChildProject-ROS2_SLAM_Toolbox-Yolov8/install/slam_toolbox/share/slam_toolbox/cmake/slam_toolbox__rosidl_typesupport_cExport-release.cmake
[12.311s] -- Up-to-date: /home/yumjunstar/Desktop/YJW/RoboticsProgram/Project/LostChildProject-ROS2_SLAM_Toolbox-Yolov8/install/slam_toolbox/share/slam_toolbox/cmake/slam_toolbox__rosidl_generator_cppExport.cmake
[12.311s] -- Up-to-date: /home/yumjunstar/Desktop/YJW/RoboticsProgram/Project/LostChildProject-ROS2_SLAM_Toolbox-Yolov8/install/slam_toolbox/share/slam_toolbox/cmake/slam_toolbox__rosidl_typesupport_introspection_cppExport.cmake
[12.312s] -- Up-to-date: /home/yumjunstar/Desktop/YJW/RoboticsProgram/Project/LostChildProject-ROS2_SLAM_Toolbox-Yolov8/install/slam_toolbox/share/slam_toolbox/cmake/slam_toolbox__rosidl_typesupport_introspection_cppExport-release.cmake
[12.312s] -- Up-to-date: /home/yumjunstar/Desktop/YJW/RoboticsProgram/Project/LostChildProject-ROS2_SLAM_Toolbox-Yolov8/install/slam_toolbox/share/slam_toolbox/cmake/slam_toolbox__rosidl_typesupport_cppExport.cmake
[12.312s] -- Up-to-date: /home/yumjunstar/Desktop/YJW/RoboticsProgram/Project/LostChildProject-ROS2_SLAM_Toolbox-Yolov8/install/slam_toolbox/share/slam_toolbox/cmake/slam_toolbox__rosidl_typesupport_cppExport-release.cmake
[12.313s] -- Up-to-date: /home/yumjunstar/Desktop/YJW/RoboticsProgram/Project/LostChildProject-ROS2_SLAM_Toolbox-Yolov8/install/slam_toolbox/share/slam_toolbox/cmake/SlamToolboxPluginExport.cmake
[12.313s] -- Up-to-date: /home/yumjunstar/Desktop/YJW/RoboticsProgram/Project/LostChildProject-ROS2_SLAM_Toolbox-Yolov8/install/slam_toolbox/share/slam_toolbox/cmake/SlamToolboxPluginExport-release.cmake
[12.472s] Invoked command in '/home/yumjunstar/Desktop/YJW/RoboticsProgram/Project/LostChildProject-ROS2_SLAM_Toolbox-Yolov8/build/slam_toolbox' returned '0': CMAKE_PREFIX_PATH=${CMAKE_PREFIX_PATH}:/home/yumjunstar/Desktop/YJW/RoboticsProgram/Project/LostChildProject-ROS2_SLAM_Toolbox-Yolov8/install/robot_localization:/home/yumjunstar/Desktop/YJW/RoboticsProgram/Project/LostChildProject-ROS2_SLAM_Toolbox-Yolov8/install/beagle_sub_pub:/home/yumjunstar/Desktop/YJW/RoboticsProgram/Project/LostChildProject-ROS2_SLAM_Toolbox-Yolov8/install/tf_transformations:/home/yumjunstar/Desktop/YJW/RoboticsProgram/Project/LostChildProject-ROS2_SLAM_Toolbox-Yolov8/install/static_tf:/home/yumjunstar/Desktop/YJW/RoboticsProgram/Project/LostChildProject-ROS2_SLAM_Toolbox-Yolov8/install/object_detection:/home/yumjunstar/Desktop/YJW/RoboticsProgram/Project/LostChildProject-ROS2_SLAM_Toolbox-Yolov8/install/motor:/home/yumjunstar/Desktop/YJW/RoboticsProgram/Project/LostChildProject-ROS2_SLAM_Toolbox-Yolov8/install/lidar:/home/yumjunstar/Desktop/YJW/RoboticsProgram/Project/LostChildProject-ROS2_SLAM_Toolbox-Yolov8/install/camera:/opt/ros/foxy /home/yumjunstar/.local/bin/cmake --install /home/yumjunstar/Desktop/YJW/RoboticsProgram/Project/LostChildProject-ROS2_SLAM_Toolbox-Yolov8/build/slam_toolbox
