In file included from [01m[K/usr/include/x86_64-linux-gnu/c++/9/bits/c++allocator.h:33[m[K,
                 from [01m[K/usr/include/c++/9/bits/allocator.h:46[m[K,
                 from [01m[K/usr/include/c++/9/string:41[m[K,
                 from [01m[K/usr/include/c++/9/bits/locale_classes.h:40[m[K,
                 from [01m[K/usr/include/c++/9/bits/ios_base.h:41[m[K,
                 from [01m[K/usr/include/c++/9/ios:42[m[K,
                 from [01m[K/usr/include/c++/9/ostream:38[m[K,
                 from [01m[K/usr/include/c++/9/iostream:39[m[K,
                 from [01m[K/home/yumjunstar/Desktop/YJW/RoboticsProgram/Project/LostChildProject-ROS2_SLAM_Toolbox-Yolov8/src/keyboard_control/src/keyboard_control.cpp:1[m[K:
/usr/include/c++/9/ext/new_allocator.h: In instantiation of ‘[01m[Kvoid __gnu_cxx::new_allocator<_Tp>::destroy(_Up*) [with _Up = KeyboardPublisher; _Tp = KeyboardPublisher][m[K’:
[01m[K/usr/include/c++/9/bits/alloc_traits.h:496:4:[m[K   required from ‘[01m[Kstatic void std::allocator_traits<std::allocator<_CharT> >::destroy(std::allocator_traits<std::allocator<_CharT> >::allocator_type&, _Up*) [with _Up = KeyboardPublisher; _Tp = KeyboardPublisher; std::allocator_traits<std::allocator<_CharT> >::allocator_type = std::allocator<KeyboardPublisher>][m[K’
[01m[K/usr/include/c++/9/bits/shared_ptr_base.h:557:35:[m[K   required from ‘[01m[Kvoid std::_Sp_counted_ptr_inplace<_Tp, _Alloc, _Lp>::_M_dispose() [with _Tp = KeyboardPublisher; _Alloc = std::allocator<KeyboardPublisher>; __gnu_cxx::_Lock_policy _Lp = __gnu_cxx::_S_atomic][m[K’
[01m[K/usr/include/c++/9/bits/shared_ptr_base.h:555:7:[m[K   required from here
[01m[K/usr/include/c++/9/ext/new_allocator.h:152:4:[m[K [01;31m[Kerror: [m[K‘[01m[Kvirtual KeyboardPublisher::~KeyboardPublisher()[m[K’ is private within this context
  152 |  { [01;31m[K__p[m[K->~_Up(); }
      |    [01;31m[K^~~[m[K
[01m[K/home/yumjunstar/Desktop/YJW/RoboticsProgram/Project/LostChildProject-ROS2_SLAM_Toolbox-Yolov8/src/keyboard_control/src/keyboard_control.cpp:32:5:[m[K [01;36m[Knote: [m[Kdeclared private here
   32 |     [01;36m[K~[m[KKeyboardPublisher()
      |     [01;36m[K^[m[K
make[2]: *** [CMakeFiles/keyboard_publisher.dir/build.make:76: CMakeFiles/keyboard_publisher.dir/src/keyboard_control.cpp.o] Error 1
make[1]: *** [CMakeFiles/Makefile2:137: CMakeFiles/keyboard_publisher.dir/all] Error 2
make: *** [Makefile:146: all] Error 2
