running develop
running egg_info
creating add_queue.egg-info
writing add_queue.egg-info/PKG-INFO
writing dependency_links to add_queue.egg-info/dependency_links.txt
writing entry points to add_queue.egg-info/entry_points.txt
writing requirements to add_queue.egg-info/requires.txt
writing top-level names to add_queue.egg-info/top_level.txt
writing manifest file 'add_queue.egg-info/SOURCES.txt'
reading manifest file 'add_queue.egg-info/SOURCES.txt'
writing manifest file 'add_queue.egg-info/SOURCES.txt'
running build_ext
Creating /home/yumjunstar/Desktop/YJW/RoboticsProgram/Project/LostChildProject-ROS2_SLAM_Toolbox-Yolov8/install/add_queue/lib/python3.8/site-packages/site.py
Creating /home/yumjunstar/Desktop/YJW/RoboticsProgram/Project/LostChildProject-ROS2_SLAM_Toolbox-Yolov8/install/add_queue/lib/python3.8/site-packages/add-queue.egg-link (link to .)

Installed /home/yumjunstar/Desktop/YJW/RoboticsProgram/Project/LostChildProject-ROS2_SLAM_Toolbox-Yolov8/build/add_queue
running install_data
creating /home/yumjunstar/Desktop/YJW/RoboticsProgram/Project/LostChildProject-ROS2_SLAM_Toolbox-Yolov8/install/add_queue/share
creating /home/yumjunstar/Desktop/YJW/RoboticsProgram/Project/LostChildProject-ROS2_SLAM_Toolbox-Yolov8/install/add_queue/share/ament_index
creating /home/yumjunstar/Desktop/YJW/RoboticsProgram/Project/LostChildProject-ROS2_SLAM_Toolbox-Yolov8/install/add_queue/share/ament_index/resource_index
creating /home/yumjunstar/Desktop/YJW/RoboticsProgram/Project/LostChildProject-ROS2_SLAM_Toolbox-Yolov8/install/add_queue/share/ament_index/resource_index/packages
copying resource/add_queue -> /home/yumjunstar/Desktop/YJW/RoboticsProgram/Project/LostChildProject-ROS2_SLAM_Toolbox-Yolov8/install/add_queue/share/ament_index/resource_index/packages
creating /home/yumjunstar/Desktop/YJW/RoboticsProgram/Project/LostChildProject-ROS2_SLAM_Toolbox-Yolov8/install/add_queue/share/add_queue
copying package.xml -> /home/yumjunstar/Desktop/YJW/RoboticsProgram/Project/LostChildProject-ROS2_SLAM_Toolbox-Yolov8/install/add_queue/share/add_queue
