[1.629s] Invoking command in '/home/yumjunstar/Desktop/YJW/RoboticsProgram/Project/LostChildProject-ROS2_SLAM_Toolbox-Yolov8/build/add_queue': PYTHONPATH=/home/yumjunstar/Desktop/YJW/RoboticsProgram/Project/LostChildProject-ROS2_SLAM_Toolbox-Yolov8/build/add_queue/prefix_override:/home/yumjunstar/Desktop/YJW/RoboticsProgram/Project/LostChildProject-ROS2_SLAM_Toolbox-Yolov8/install/add_queue/lib/python3.8/site-packages:${PYTHONPATH} /usr/bin/python3 setup.py develop --editable --build-directory /home/yumjunstar/Desktop/YJW/RoboticsProgram/Project/LostChildProject-ROS2_SLAM_Toolbox-Yolov8/build/add_queue/build --no-deps install_data
[2.108s] running develop
[2.467s] running egg_info
[2.467s] creating add_queue.egg-info
[2.468s] writing add_queue.egg-info/PKG-INFO
[2.468s] writing dependency_links to add_queue.egg-info/dependency_links.txt
[2.469s] writing entry points to add_queue.egg-info/entry_points.txt
[2.476s] writing requirements to add_queue.egg-info/requires.txt
[2.476s] writing top-level names to add_queue.egg-info/top_level.txt
[2.476s] writing manifest file 'add_queue.egg-info/SOURCES.txt'
[2.524s] reading manifest file 'add_queue.egg-info/SOURCES.txt'
[2.525s] writing manifest file 'add_queue.egg-info/SOURCES.txt'
[2.583s] running build_ext
[2.584s] Creating /home/yumjunstar/Desktop/YJW/RoboticsProgram/Project/LostChildProject-ROS2_SLAM_Toolbox-Yolov8/install/add_queue/lib/python3.8/site-packages/site.py
[2.585s] Creating /home/yumjunstar/Desktop/YJW/RoboticsProgram/Project/LostChildProject-ROS2_SLAM_Toolbox-Yolov8/install/add_queue/lib/python3.8/site-packages/add-queue.egg-link (link to .)
[2.586s] 
[2.587s] Installed /home/yumjunstar/Desktop/YJW/RoboticsProgram/Project/LostChildProject-ROS2_SLAM_Toolbox-Yolov8/build/add_queue
[2.587s] running install_data
[2.587s] creating /home/yumjunstar/Desktop/YJW/RoboticsProgram/Project/LostChildProject-ROS2_SLAM_Toolbox-Yolov8/install/add_queue/share
[2.587s] creating /home/yumjunstar/Desktop/YJW/RoboticsProgram/Project/LostChildProject-ROS2_SLAM_Toolbox-Yolov8/install/add_queue/share/ament_index
[2.587s] creating /home/yumjunstar/Desktop/YJW/RoboticsProgram/Project/LostChildProject-ROS2_SLAM_Toolbox-Yolov8/install/add_queue/share/ament_index/resource_index
[2.587s] creating /home/yumjunstar/Desktop/YJW/RoboticsProgram/Project/LostChildProject-ROS2_SLAM_Toolbox-Yolov8/install/add_queue/share/ament_index/resource_index/packages
[2.587s] copying resource/add_queue -> /home/yumjunstar/Desktop/YJW/RoboticsProgram/Project/LostChildProject-ROS2_SLAM_Toolbox-Yolov8/install/add_queue/share/ament_index/resource_index/packages
[2.588s] creating /home/yumjunstar/Desktop/YJW/RoboticsProgram/Project/LostChildProject-ROS2_SLAM_Toolbox-Yolov8/install/add_queue/share/add_queue
[2.588s] copying package.xml -> /home/yumjunstar/Desktop/YJW/RoboticsProgram/Project/LostChildProject-ROS2_SLAM_Toolbox-Yolov8/install/add_queue/share/add_queue
[2.907s] Invoked command in '/home/yumjunstar/Desktop/YJW/RoboticsProgram/Project/LostChildProject-ROS2_SLAM_Toolbox-Yolov8/build/add_queue' returned '0': PYTHONPATH=/home/yumjunstar/Desktop/YJW/RoboticsProgram/Project/LostChildProject-ROS2_SLAM_Toolbox-Yolov8/build/add_queue/prefix_override:/home/yumjunstar/Desktop/YJW/RoboticsProgram/Project/LostChildProject-ROS2_SLAM_Toolbox-Yolov8/install/add_queue/lib/python3.8/site-packages:${PYTHONPATH} /usr/bin/python3 setup.py develop --editable --build-directory /home/yumjunstar/Desktop/YJW/RoboticsProgram/Project/LostChildProject-ROS2_SLAM_Toolbox-Yolov8/build/add_queue/build --no-deps install_data
