[0.864s] Invoking command in '/home/kim/lostchild/src/lidar': PYTHONPATH=/home/kim/lostchild/src/build/lidar/prefix_override:/home/kim/lostchild/src/install/lidar/lib/python3.8/site-packages:${PYTHONPATH} /usr/bin/python3 setup.py egg_info --egg-base ../build/lidar build --build-base /home/kim/lostchild/src/build/lidar/build install --record /home/kim/lostchild/src/build/lidar/install.log --install-scripts $base/lib/lidar --single-version-externally-managed
[1.035s] running egg_info
[1.035s] creating ../build/lidar/lidar.egg-info
[1.036s] writing ../build/lidar/lidar.egg-info/PKG-INFO
[1.036s] writing dependency_links to ../build/lidar/lidar.egg-info/dependency_links.txt
[1.036s] writing entry points to ../build/lidar/lidar.egg-info/entry_points.txt
[1.036s] writing requirements to ../build/lidar/lidar.egg-info/requires.txt
[1.036s] writing top-level names to ../build/lidar/lidar.egg-info/top_level.txt
[1.037s] writing manifest file '../build/lidar/lidar.egg-info/SOURCES.txt'
[1.061s] reading manifest file '../build/lidar/lidar.egg-info/SOURCES.txt'
[1.062s] writing manifest file '../build/lidar/lidar.egg-info/SOURCES.txt'
[1.062s] running build
[1.062s] running build_py
[1.062s] creating /home/kim/lostchild/src/build/lidar/build
[1.062s] creating /home/kim/lostchild/src/build/lidar/build/lib
[1.062s] creating /home/kim/lostchild/src/build/lidar/build/lib/lidar
[1.062s] copying lidar/__init__.py -> /home/kim/lostchild/src/build/lidar/build/lib/lidar
[1.062s] copying lidar/lidar.py -> /home/kim/lostchild/src/build/lidar/build/lib/lidar
[1.062s] copying lidar/lidar_subscriber.py -> /home/kim/lostchild/src/build/lidar/build/lib/lidar
[1.063s] running install
[1.063s] running install_lib
[1.064s] creating /home/kim/lostchild/src/install/lidar/lib/python3.8/site-packages/lidar
[1.064s] copying /home/kim/lostchild/src/build/lidar/build/lib/lidar/__init__.py -> /home/kim/lostchild/src/install/lidar/lib/python3.8/site-packages/lidar
[1.064s] copying /home/kim/lostchild/src/build/lidar/build/lib/lidar/lidar.py -> /home/kim/lostchild/src/install/lidar/lib/python3.8/site-packages/lidar
[1.064s] copying /home/kim/lostchild/src/build/lidar/build/lib/lidar/lidar_subscriber.py -> /home/kim/lostchild/src/install/lidar/lib/python3.8/site-packages/lidar
[1.064s] byte-compiling /home/kim/lostchild/src/install/lidar/lib/python3.8/site-packages/lidar/__init__.py to __init__.cpython-38.pyc
[1.065s] byte-compiling /home/kim/lostchild/src/install/lidar/lib/python3.8/site-packages/lidar/lidar.py to lidar.cpython-38.pyc
[1.065s] byte-compiling /home/kim/lostchild/src/install/lidar/lib/python3.8/site-packages/lidar/lidar_subscriber.py to lidar_subscriber.cpython-38.pyc
[1.065s] running install_data
[1.066s] creating /home/kim/lostchild/src/install/lidar/share/ament_index
[1.066s] creating /home/kim/lostchild/src/install/lidar/share/ament_index/resource_index
[1.066s] creating /home/kim/lostchild/src/install/lidar/share/ament_index/resource_index/packages
[1.066s] copying resource/lidar -> /home/kim/lostchild/src/install/lidar/share/ament_index/resource_index/packages
[1.066s] copying package.xml -> /home/kim/lostchild/src/install/lidar/share/lidar
[1.066s] running install_egg_info
[1.067s] Copying ../build/lidar/lidar.egg-info to /home/kim/lostchild/src/install/lidar/lib/python3.8/site-packages/lidar-0.0.0-py3.8.egg-info
[1.068s] running install_scripts
[1.079s] writing list of installed files to '/home/kim/lostchild/src/build/lidar/install.log'
[1.094s] Invoked command in '/home/kim/lostchild/src/lidar' returned '0': PYTHONPATH=/home/kim/lostchild/src/build/lidar/prefix_override:/home/kim/lostchild/src/install/lidar/lib/python3.8/site-packages:${PYTHONPATH} /usr/bin/python3 setup.py egg_info --egg-base ../build/lidar build --build-base /home/kim/lostchild/src/build/lidar/build install --record /home/kim/lostchild/src/build/lidar/install.log --install-scripts $base/lib/lidar --single-version-externally-managed
