[1.873s] Invoking command in '/home/yumjunstar/Desktop/YJW/RoboticsProgram/Project/LostChildProject-ROS2_SLAM_Toolbox-Yolov8/build/tf_transformations': PYTHONPATH=/home/yumjunstar/Desktop/YJW/RoboticsProgram/Project/LostChildProject-ROS2_SLAM_Toolbox-Yolov8/build/tf_transformations/prefix_override:/home/yumjunstar/Desktop/YJW/RoboticsProgram/Project/LostChildProject-ROS2_SLAM_Toolbox-Yolov8/install/tf_transformations/lib/python3.8/site-packages:${PYTHONPATH} /usr/bin/python3 setup.py develop --editable --build-directory /home/yumjunstar/Desktop/YJW/RoboticsProgram/Project/LostChildProject-ROS2_SLAM_Toolbox-Yolov8/build/tf_transformations/build --no-deps install_data
[2.351s] running develop
[2.652s] running egg_info
[2.652s] creating tf_transformations.egg-info
[2.653s] writing tf_transformations.egg-info/PKG-INFO
[2.653s] writing dependency_links to tf_transformations.egg-info/dependency_links.txt
[2.653s] writing requirements to tf_transformations.egg-info/requires.txt
[2.653s] writing top-level names to tf_transformations.egg-info/top_level.txt
[2.655s] writing manifest file 'tf_transformations.egg-info/SOURCES.txt'
[2.704s] reading manifest file 'tf_transformations.egg-info/SOURCES.txt'
[2.705s] writing manifest file 'tf_transformations.egg-info/SOURCES.txt'
[2.741s] running build_ext
[2.741s] Creating /home/yumjunstar/Desktop/YJW/RoboticsProgram/Project/LostChildProject-ROS2_SLAM_Toolbox-Yolov8/install/tf_transformations/lib/python3.8/site-packages/site.py
[2.743s] Creating /home/yumjunstar/Desktop/YJW/RoboticsProgram/Project/LostChildProject-ROS2_SLAM_Toolbox-Yolov8/install/tf_transformations/lib/python3.8/site-packages/tf-transformations.egg-link (link to .)
[2.744s] 
[2.744s] Installed /home/yumjunstar/Desktop/YJW/RoboticsProgram/Project/LostChildProject-ROS2_SLAM_Toolbox-Yolov8/build/tf_transformations
[2.746s] running install_data
[2.746s] creating /home/yumjunstar/Desktop/YJW/RoboticsProgram/Project/LostChildProject-ROS2_SLAM_Toolbox-Yolov8/install/tf_transformations/share/ament_index
[2.746s] creating /home/yumjunstar/Desktop/YJW/RoboticsProgram/Project/LostChildProject-ROS2_SLAM_Toolbox-Yolov8/install/tf_transformations/share/ament_index/resource_index
[2.746s] creating /home/yumjunstar/Desktop/YJW/RoboticsProgram/Project/LostChildProject-ROS2_SLAM_Toolbox-Yolov8/install/tf_transformations/share/ament_index/resource_index/packages
[2.746s] copying resource/tf_transformations -> /home/yumjunstar/Desktop/YJW/RoboticsProgram/Project/LostChildProject-ROS2_SLAM_Toolbox-Yolov8/install/tf_transformations/share/ament_index/resource_index/packages
[2.746s] copying package.xml -> /home/yumjunstar/Desktop/YJW/RoboticsProgram/Project/LostChildProject-ROS2_SLAM_Toolbox-Yolov8/install/tf_transformations/share/tf_transformations
[2.779s] Invoked command in '/home/yumjunstar/Desktop/YJW/RoboticsProgram/Project/LostChildProject-ROS2_SLAM_Toolbox-Yolov8/build/tf_transformations' returned '0': PYTHONPATH=/home/yumjunstar/Desktop/YJW/RoboticsProgram/Project/LostChildProject-ROS2_SLAM_Toolbox-Yolov8/build/tf_transformations/prefix_override:/home/yumjunstar/Desktop/YJW/RoboticsProgram/Project/LostChildProject-ROS2_SLAM_Toolbox-Yolov8/install/tf_transformations/lib/python3.8/site-packages:${PYTHONPATH} /usr/bin/python3 setup.py develop --editable --build-directory /home/yumjunstar/Desktop/YJW/RoboticsProgram/Project/LostChildProject-ROS2_SLAM_Toolbox-Yolov8/build/tf_transformations/build --no-deps install_data
