[1.618s] Invoking command in '/home/yumjunstar/Desktop/YJW/RoboticsProgram/Project/LostChildProject-ROS2_SLAM_Toolbox-Yolov8/build/camera': PYTHONPATH=/home/yumjunstar/Desktop/YJW/RoboticsProgram/Project/LostChildProject-ROS2_SLAM_Toolbox-Yolov8/build/camera/prefix_override:/home/yumjunstar/Desktop/YJW/RoboticsProgram/Project/LostChildProject-ROS2_SLAM_Toolbox-Yolov8/install/camera/lib/python3.8/site-packages:${PYTHONPATH} /usr/bin/python3 setup.py develop --editable --build-directory /home/yumjunstar/Desktop/YJW/RoboticsProgram/Project/LostChildProject-ROS2_SLAM_Toolbox-Yolov8/build/camera/build --no-deps install_data
[1.927s] running develop
[2.160s] running egg_info
[2.162s] creating camera.egg-info
[2.163s] writing camera.egg-info/PKG-INFO
[2.163s] writing dependency_links to camera.egg-info/dependency_links.txt
[2.163s] writing entry points to camera.egg-info/entry_points.txt
[2.163s] writing requirements to camera.egg-info/requires.txt
[2.163s] writing top-level names to camera.egg-info/top_level.txt
[2.163s] writing manifest file 'camera.egg-info/SOURCES.txt'
[2.210s] reading manifest file 'camera.egg-info/SOURCES.txt'
[2.211s] writing manifest file 'camera.egg-info/SOURCES.txt'
[2.258s] running build_ext
[2.259s] Creating /home/yumjunstar/Desktop/YJW/RoboticsProgram/Project/LostChildProject-ROS2_SLAM_Toolbox-Yolov8/install/camera/lib/python3.8/site-packages/site.py
[2.262s] Creating /home/yumjunstar/Desktop/YJW/RoboticsProgram/Project/LostChildProject-ROS2_SLAM_Toolbox-Yolov8/install/camera/lib/python3.8/site-packages/camera.egg-link (link to .)
[2.263s] 
[2.263s] Installed /home/yumjunstar/Desktop/YJW/RoboticsProgram/Project/LostChildProject-ROS2_SLAM_Toolbox-Yolov8/build/camera
[2.263s] running install_data
[2.263s] creating /home/yumjunstar/Desktop/YJW/RoboticsProgram/Project/LostChildProject-ROS2_SLAM_Toolbox-Yolov8/install/camera/share/ament_index
[2.263s] creating /home/yumjunstar/Desktop/YJW/RoboticsProgram/Project/LostChildProject-ROS2_SLAM_Toolbox-Yolov8/install/camera/share/ament_index/resource_index
[2.263s] creating /home/yumjunstar/Desktop/YJW/RoboticsProgram/Project/LostChildProject-ROS2_SLAM_Toolbox-Yolov8/install/camera/share/ament_index/resource_index/packages
[2.264s] copying resource/camera -> /home/yumjunstar/Desktop/YJW/RoboticsProgram/Project/LostChildProject-ROS2_SLAM_Toolbox-Yolov8/install/camera/share/ament_index/resource_index/packages
[2.264s] copying package.xml -> /home/yumjunstar/Desktop/YJW/RoboticsProgram/Project/LostChildProject-ROS2_SLAM_Toolbox-Yolov8/install/camera/share/camera
[2.321s] Invoked command in '/home/yumjunstar/Desktop/YJW/RoboticsProgram/Project/LostChildProject-ROS2_SLAM_Toolbox-Yolov8/build/camera' returned '0': PYTHONPATH=/home/yumjunstar/Desktop/YJW/RoboticsProgram/Project/LostChildProject-ROS2_SLAM_Toolbox-Yolov8/build/camera/prefix_override:/home/yumjunstar/Desktop/YJW/RoboticsProgram/Project/LostChildProject-ROS2_SLAM_Toolbox-Yolov8/install/camera/lib/python3.8/site-packages:${PYTHONPATH} /usr/bin/python3 setup.py develop --editable --build-directory /home/yumjunstar/Desktop/YJW/RoboticsProgram/Project/LostChildProject-ROS2_SLAM_Toolbox-Yolov8/build/camera/build --no-deps install_data
