[0.381s] Invoking command in '/home/kim/lostchild/src/build/slam_toolbox': CMAKE_PREFIX_PATH=/home/kim/robot_ws/install/lidar:/opt/ros/foxy /usr/local/bin/cmake /home/kim/lostchild/src/slam_toolbox-foxy-devel -DCMAKE_INSTALL_PREFIX=/home/kim/lostchild/src/install/slam_toolbox
[0.564s] -- The C compiler identification is GNU 9.4.0
[0.565s] -- The CXX compiler identification is GNU 9.4.0
[0.566s] -- Detecting C compiler ABI info
[0.566s] -- Detecting C compiler ABI info - done
[0.570s] -- Check for working C compiler: /usr/bin/cc - skipped
[0.570s] -- Detecting C compile features
[0.570s] -- Detecting C compile features - done
[0.574s] -- Detecting CXX compiler ABI info
[0.620s] -- Detecting CXX compiler ABI info - done
[0.629s] -- Check for working CXX compiler: /usr/bin/c++ - skipped
[0.629s] -- Detecting CXX compile features
[0.630s] -- Detecting CXX compile features - done
[0.634s] -- Found ament_cmake: 0.9.11 (/opt/ros/foxy/share/ament_cmake/cmake)
[0.655s] -- Found PythonInterp: /usr/bin/python3 (found suitable version "3.8.10", minimum required is "3") 
[0.655s] -- Using PYTHON_EXECUTABLE: /usr/bin/python3
[0.846s] -- Found message_filters: 3.2.5 (/opt/ros/foxy/share/message_filters/cmake)
[0.853s] -- Found nav_msgs: 2.0.5 (/opt/ros/foxy/share/nav_msgs/cmake)
[0.897s] -- Using all available rosidl_typesupport_c: rosidl_typesupport_fastrtps_c;rosidl_typesupport_introspection_c
[0.903s] -- Found rosidl_adapter: 1.3.0 (/opt/ros/foxy/share/rosidl_adapter/cmake)
[0.958s] -- Found OpenSSL: /usr/lib/x86_64-linux-gnu/libcrypto.so (found version "1.1.1f")  
[0.984s] -- Found FastRTPS: /opt/ros/foxy/include  
[1.058s] -- Using all available rosidl_typesupport_cpp: rosidl_typesupport_fastrtps_cpp;rosidl_typesupport_introspection_cpp
[1.205s] -- Found rclcpp: 2.4.2 (/opt/ros/foxy/share/rclcpp/cmake)
[1.248s] -- Found rmw_implementation_cmake: 1.0.4 (/opt/ros/foxy/share/rmw_implementation_cmake/cmake)
[1.250s] -- Using RMW implementation 'rmw_fastrtps_cpp' as default
[1.251s] -- Performing Test CMAKE_HAVE_LIBC_PTHREAD
[1.293s] -- Performing Test CMAKE_HAVE_LIBC_PTHREAD - Failed
[1.293s] -- Looking for pthread_create in pthreads
[1.325s] -- Looking for pthread_create in pthreads - not found
[1.325s] -- Looking for pthread_create in pthread
[1.363s] -- Looking for pthread_create in pthread - found
[1.364s] -- Found Threads: TRUE  
[1.476s] -- Found sensor_msgs: 2.0.5 (/opt/ros/foxy/share/sensor_msgs/cmake)
[1.535s] -- Found tf2: 0.13.14 (/opt/ros/foxy/share/tf2/cmake)
[1.544s] -- Found tf2_ros: 0.13.14 (/opt/ros/foxy/share/tf2_ros/cmake)
[1.820s] -- Found visualization_msgs: 2.0.5 (/opt/ros/foxy/share/visualization_msgs/cmake)
[1.877s] -- Found pluginlib: 2.5.4 (/opt/ros/foxy/share/pluginlib/cmake)
[1.893s] -- Found tf2_geometry_msgs: 0.13.14 (/opt/ros/foxy/share/tf2_geometry_msgs/cmake)
[1.900s] -- Found eigen3_cmake_module: 0.1.1 (/opt/ros/foxy/share/eigen3_cmake_module/cmake)
[1.903s] -- Found Eigen3: TRUE (found version "3.3.7") 
[1.923s] -- Found tf2_sensor_msgs: 0.13.14 (/opt/ros/foxy/share/tf2_sensor_msgs/cmake)
[1.936s] -- Found std_srvs: 2.0.5 (/opt/ros/foxy/share/std_srvs/cmake)
[1.946s] -- Found rosidl_default_generators: 1.0.1 (/opt/ros/foxy/share/rosidl_default_generators/cmake)
[1.956s] -- Found nav2_map_server: 0.4.7 (/opt/ros/foxy/share/nav2_map_server/cmake)
[1.959s] -- Found rviz_common: 8.2.8 (/opt/ros/foxy/share/rviz_common/cmake)
[2.000s] -- Setting OGRE_DIR to: '/opt/ros/foxy/share/rviz_ogre_vendor/cmake/../../../opt/rviz_ogre_vendor/lib/OGRE/cmake'
[2.002s] -- Found OGRE
[2.002s] --   static     : OFF
[2.002s] --   components : HLMS;MeshLodGenerator;Overlay;Paging;Property;RTShaderSystem;Terrain;Volume
[2.002s] --   plugins    : Plugin_BSPSceneManager;Plugin_OctreeSceneManager;Plugin_PCZSceneManager;Plugin_ParticleFX;RenderSystem_GL;RenderSystem_GL3Plus;Codec_STBI
[2.002s] --   media      : /opt/ros/foxy/opt/rviz_ogre_vendor/share/OGRE/Media
[2.002s] -- OGRE_LIBRARIES: OgreHLMS;OgreMeshLodGenerator;OgreOverlay;OgrePaging;OgreProperty;OgreRTShaderSystem;OgreTerrain;OgreVolume;OgreMain
[2.002s] -- OGRE_LIBRARY_DIRS: /opt/ros/foxy/opt/rviz_ogre_vendor/lib
[2.002s] -- OGRE_PLUGINS: Plugin_BSPSceneManager;Plugin_OctreeSceneManager;Plugin_PCZSceneManager;Plugin_ParticleFX;RenderSystem_GL;RenderSystem_GL3Plus;Codec_STBI
[2.002s] -- OGRE_PLUGIN_DIR: /opt/ros/foxy/opt/rviz_ogre_vendor/lib/OGRE
[2.003s] -- rviz_ogre_vendor::OgreOverlay for IMPORTED_LOCATION_RELEASE: /opt/ros/foxy/opt/rviz_ogre_vendor/lib/libOgreOverlay.so
[2.003s] -- rviz_ogre_vendor::OgreOverlay for IMPORTED_LOCATION_DEBUG: /opt/ros/foxy/opt/rviz_ogre_vendor/lib/libOgreOverlay.so
[2.003s] -- rviz_ogre_vendor::OgreMain for IMPORTED_LOCATION_RELEASE: /opt/ros/foxy/opt/rviz_ogre_vendor/lib/libOgreMain.so
[2.003s] -- rviz_ogre_vendor::OgreMain for IMPORTED_LOCATION_DEBUG: /opt/ros/foxy/opt/rviz_ogre_vendor/lib/libOgreMain.so
[2.032s] -- Found ZLIB: /usr/lib/x86_64-linux-gnu/libz.so (found version "1.2.11")  
[2.037s] -- Found OpenGL: /usr/lib/x86_64-linux-gnu/libOpenGL.so   
[2.121s] -- Found X11: /usr/include   
[2.121s] -- Looking for XOpenDisplay in /usr/lib/x86_64-linux-gnu/libX11.so;/usr/lib/x86_64-linux-gnu/libXext.so
[2.168s] -- Looking for XOpenDisplay in /usr/lib/x86_64-linux-gnu/libX11.so;/usr/lib/x86_64-linux-gnu/libXext.so - found
[2.168s] -- Looking for gethostbyname
[2.214s] -- Looking for gethostbyname - found
[2.214s] -- Looking for connect
[2.254s] -- Looking for connect - found
[2.254s] -- Looking for remove
[2.295s] -- Looking for remove - found
[2.295s] -- Looking for shmat
[2.337s] -- Looking for shmat - found
[2.337s] -- Looking for IceConnectionNumber in ICE
[2.381s] -- Looking for IceConnectionNumber in ICE - found
[2.384s] -- rviz_ogre_vendor::RenderSystem_GL for IMPORTED_LOCATION_RELEASE: _render_system_gl_static_library_abs-NOTFOUND
[2.384s] -- rviz_ogre_vendor::RenderSystem_GL for IMPORTED_LOCATION_DEBUG: _render_system_gl_static_library_abs-NOTFOUND
[2.389s] -- library: libassimp.so.5
[2.445s] -- library: /usr/lib/x86_64-linux-gnu/libcurl.so
[2.507s] -- Setting yaml-cpp_DIR to: '/opt/ros/foxy/share/yaml_cpp_vendor/cmake/../../../opt/yaml_cpp_vendor/lib/cmake/yaml-cpp'
[2.511s] -- Found rviz_default_plugins: 8.2.8 (/opt/ros/foxy/share/rviz_default_plugins/cmake)
[2.797s] -- Found Boost: /usr/lib/x86_64-linux-gnu/cmake/Boost-1.71.0/BoostConfig.cmake (found version "1.71.0") found components: system serialization filesystem thread 
[2.871s] -- Found PkgConfig: /usr/bin/pkg-config (found version "0.29.1") 
[2.875s] [33mCMake Warning (dev) at /usr/local/lib/python3.8/dist-packages/cmake/data/share/cmake-3.26/Modules/FindPackageHandleStandardArgs.cmake:438 (message):
[2.875s]   The package name passed to `find_package_handle_standard_args` (CSPARSE)
[2.875s]   does not match the name of the calling package (CSparse).  This can lead to
[2.875s]   problems in calling code that expects `find_package` result variables
[2.875s]   (e.g., `_FOUND`) to follow a certain pattern.
[2.875s] Call Stack (most recent call first):
[2.875s]   CMake/FindCSparse.cmake:24 (find_package_handle_standard_args)
[2.875s]   CMakeLists.txt:77 (find_package)
[2.875s] This warning is for project developers.  Use -Wno-dev to suppress it.
[2.875s] [0m
[2.875s] -- Found CSPARSE: /usr/include/suitesparse  
[2.925s] [33mCMake Warning (dev) at /usr/local/lib/python3.8/dist-packages/cmake/data/share/cmake-3.26/Modules/FindPackageHandleStandardArgs.cmake:438 (message):
[2.925s]   The package name passed to `find_package_handle_standard_args` (CHOLMOD)
[2.925s]   does not match the name of the calling package (Cholmod).  This can lead to
[2.925s]   problems in calling code that expects `find_package` result variables
[2.926s]   (e.g., `_FOUND`) to follow a certain pattern.
[2.926s] Call Stack (most recent call first):
[2.926s]   CMake/FindCholmod.cmake:86 (find_package_handle_standard_args)
[2.926s]   CMakeLists.txt:79 (find_package)
[2.926s] This warning is for project developers.  Use -Wno-dev to suppress it.
[2.926s] [0m
[2.926s] -- Found CHOLMOD: /usr/include/suitesparse  
[2.928s] -- Looking for sgemm_
[2.968s] -- Looking for sgemm_ - not found
[3.038s] -- Looking for sgemm_
[3.082s] -- Looking for sgemm_ - found
[3.082s] -- Found BLAS: /usr/lib/x86_64-linux-gnu/libblas.so  
[3.084s] -- Looking for cheev_
[3.128s] -- Looking for cheev_ - not found
[3.150s] -- Looking for cheev_
[3.199s] -- Looking for cheev_ - found
[3.199s] -- Found LAPACK: /usr/lib/x86_64-linux-gnu/liblapack.so;/usr/lib/x86_64-linux-gnu/libblas.so  
[3.203s] -- Found installed version of Eigen: /usr/lib/cmake/eigen3
[3.204s] -- Found required Ceres dependency: Eigen version 3.3.7 in /usr/include/eigen3
[3.207s] -- Found required Ceres dependency: glog
[3.210s] -- Found installed version of gflags: /usr/lib/x86_64-linux-gnu/cmake/gflags
[3.210s] -- Detected gflags version: 2.2.2
[3.211s] -- Found required Ceres dependency: gflags
[3.212s] -- Found Ceres version: 1.14.0 installed in: /usr with components: [EigenSparse, SparseLinearAlgebraLibrary, LAPACK, SuiteSparse, CXSparse, SchurSpecializations, OpenMP, Multithreading]
[3.242s] -- Found PythonInterp: /usr/bin/python3 (found version "3.8.10") 
[3.452s] -- Found ament_cmake_ros: 0.9.2 (/opt/ros/foxy/share/ament_cmake_ros/cmake)
[3.685s] -- Using all available rosidl_typesupport_c: rosidl_typesupport_fastrtps_c;rosidl_typesupport_introspection_c
[3.795s] -- Using all available rosidl_typesupport_cpp: rosidl_typesupport_fastrtps_cpp;rosidl_typesupport_introspection_cpp
[3.817s] -- Found PythonInterp: /usr/bin/python3 (found suitable version "3.8.10", minimum required is "3.5") 
[3.818s] -- Found python_cmake_module: 0.8.1 (/opt/ros/foxy/share/python_cmake_module/cmake)
[3.844s] -- Found PythonLibs: /usr/lib/x86_64-linux-gnu/libpython3.8.so (found suitable version "3.8.10", minimum required is "3.5") 
[3.844s] -- Using PYTHON_EXECUTABLE: /usr/bin/python3
[3.844s] -- Using PYTHON_INCLUDE_DIRS: /usr/include/python3.8
[3.844s] -- Using PYTHON_LIBRARIES: /usr/lib/x86_64-linux-gnu/libpython3.8.so
[3.863s] -- Found PythonExtra: .so  
[3.982s] -- Configuring done (3.6s)
[4.165s] -- Generating done (0.2s)
[4.168s] -- Build files have been written to: /home/kim/lostchild/src/build/slam_toolbox
[4.182s] Invoked command in '/home/kim/lostchild/src/build/slam_toolbox' returned '0': CMAKE_PREFIX_PATH=/home/kim/robot_ws/install/lidar:/opt/ros/foxy /usr/local/bin/cmake /home/kim/lostchild/src/slam_toolbox-foxy-devel -DCMAKE_INSTALL_PREFIX=/home/kim/lostchild/src/install/slam_toolbox
[4.186s] Invoking command in '/home/kim/lostchild/src/build/slam_toolbox': CMAKE_PREFIX_PATH=/home/kim/robot_ws/install/lidar:/opt/ros/foxy /usr/local/bin/cmake --build /home/kim/lostchild/src/build/slam_toolbox -- -j12 -l12
[4.227s] [  1%] [34m[1mGenerating C code for ROS interfaces[0m
[4.230s] [  2%] [32mBuilding CXX object lib/karto_sdk/CMakeFiles/kartoSlamToolbox.dir/src/Karto.cpp.o[0m
[4.230s] [  2%] [32mBuilding CXX object lib/karto_sdk/CMakeFiles/kartoSlamToolbox.dir/src/Mapper.cpp.o[0m
[4.231s] [  3%] [34m[1mGenerating C++ code for ROS interfaces[0m
[4.823s] [  3%] Built target slam_toolbox__cpp
[4.826s] [  4%] [34m[1mGenerating C++ type support dispatch for ROS interfaces[0m
[4.827s] [  5%] [34m[1mGenerating C++ type support for eProsima Fast-RTPS[0m
[4.827s] [  6%] [34m[1mGenerating C++ introspection for ROS interfaces[0m
[4.915s] [  6%] [32mBuilding C object CMakeFiles/slam_toolbox__rosidl_generator_c.dir/rosidl_generator_c/slam_toolbox/srv/detail/pause__functions.c.o[0m
[4.916s] [  7%] [32mBuilding C object CMakeFiles/slam_toolbox__rosidl_generator_c.dir/rosidl_generator_c/slam_toolbox/srv/detail/clear__functions.c.o[0m
[4.916s] [  8%] [32mBuilding C object CMakeFiles/slam_toolbox__rosidl_generator_c.dir/rosidl_generator_c/slam_toolbox/srv/detail/toggle_interactive__functions.c.o[0m
[4.916s] [  9%] [32mBuilding C object CMakeFiles/slam_toolbox__rosidl_generator_c.dir/rosidl_generator_c/slam_toolbox/srv/detail/clear_queue__functions.c.o[0m
[4.916s] [  9%] [32mBuilding C object CMakeFiles/slam_toolbox__rosidl_generator_c.dir/rosidl_generator_c/slam_toolbox/srv/detail/save_map__functions.c.o[0m
[4.916s] [ 10%] [32mBuilding C object CMakeFiles/slam_toolbox__rosidl_generator_c.dir/rosidl_generator_c/slam_toolbox/srv/detail/loop_closure__functions.c.o[0m
[4.918s] [ 11%] [32mBuilding C object CMakeFiles/slam_toolbox__rosidl_generator_c.dir/rosidl_generator_c/slam_toolbox/srv/detail/merge_maps__functions.c.o[0m
[5.052s] [ 12%] [32mBuilding C object CMakeFiles/slam_toolbox__rosidl_generator_c.dir/rosidl_generator_c/slam_toolbox/srv/detail/add_submap__functions.c.o[0m
[5.055s] [ 12%] [32mBuilding C object CMakeFiles/slam_toolbox__rosidl_generator_c.dir/rosidl_generator_c/slam_toolbox/srv/detail/deserialize_pose_graph__functions.c.o[0m
[5.055s] [ 13%] [32mBuilding C object CMakeFiles/slam_toolbox__rosidl_generator_c.dir/rosidl_generator_c/slam_toolbox/srv/detail/serialize_pose_graph__functions.c.o[0m
[5.205s] [ 14%] [32m[1mLinking C shared library libslam_toolbox__rosidl_generator_c.so[0m
[5.236s] [ 14%] Built target slam_toolbox__rosidl_generator_c
[5.239s] [ 15%] [34m[1mGenerating C introspection for ROS interfaces[0m
[5.241s] [ 16%] [34m[1mGenerating C type support dispatch for ROS interfaces[0m
[5.259s] [ 17%] [32mBuilding CXX object CMakeFiles/slam_toolbox__rosidl_typesupport_cpp.dir/rosidl_typesupport_cpp/slam_toolbox/srv/pause__type_support.cpp.o[0m
[5.259s] [ 17%] [32mBuilding CXX object CMakeFiles/slam_toolbox__rosidl_typesupport_cpp.dir/rosidl_typesupport_cpp/slam_toolbox/srv/clear_queue__type_support.cpp.o[0m
[5.259s] [ 18%] [32mBuilding CXX object CMakeFiles/slam_toolbox__rosidl_typesupport_cpp.dir/rosidl_typesupport_cpp/slam_toolbox/srv/clear__type_support.cpp.o[0m
[5.259s] [ 19%] [32mBuilding CXX object CMakeFiles/slam_toolbox__rosidl_typesupport_cpp.dir/rosidl_typesupport_cpp/slam_toolbox/srv/toggle_interactive__type_support.cpp.o[0m
[5.259s] [ 19%] [32mBuilding CXX object CMakeFiles/slam_toolbox__rosidl_typesupport_cpp.dir/rosidl_typesupport_cpp/slam_toolbox/srv/loop_closure__type_support.cpp.o[0m
[5.283s] [ 20%] [32mBuilding CXX object CMakeFiles/slam_toolbox__rosidl_typesupport_cpp.dir/rosidl_typesupport_cpp/slam_toolbox/srv/save_map__type_support.cpp.o[0m
[5.531s] [ 21%] [32mBuilding CXX object CMakeFiles/slam_toolbox__rosidl_typesupport_introspection_cpp.dir/rosidl_typesupport_introspection_cpp/slam_toolbox/srv/detail/pause__type_support.cpp.o[0m
[5.600s] [ 22%] [32mBuilding CXX object CMakeFiles/slam_toolbox__rosidl_typesupport_cpp.dir/rosidl_typesupport_cpp/slam_toolbox/srv/merge_maps__type_support.cpp.o[0m
[5.611s] [ 23%] [32mBuilding CXX object CMakeFiles/slam_toolbox__rosidl_typesupport_cpp.dir/rosidl_typesupport_cpp/slam_toolbox/srv/add_submap__type_support.cpp.o[0m
[5.611s] [ 23%] [32mBuilding CXX object CMakeFiles/slam_toolbox__rosidl_typesupport_cpp.dir/rosidl_typesupport_cpp/slam_toolbox/srv/deserialize_pose_graph__type_support.cpp.o[0m
[5.616s] [ 24%] [32mBuilding CXX object CMakeFiles/slam_toolbox__rosidl_typesupport_cpp.dir/rosidl_typesupport_cpp/slam_toolbox/srv/serialize_pose_graph__type_support.cpp.o[0m
[5.616s] [ 25%] [32mBuilding CXX object CMakeFiles/slam_toolbox__rosidl_typesupport_introspection_cpp.dir/rosidl_typesupport_introspection_cpp/slam_toolbox/srv/detail/clear_queue__type_support.cpp.o[0m
[5.629s] [ 26%] [32mBuilding CXX object CMakeFiles/slam_toolbox__rosidl_typesupport_fastrtps_cpp.dir/rosidl_typesupport_fastrtps_cpp/slam_toolbox/srv/detail/dds_fastrtps/pause__type_support.cpp.o[0m
[5.634s] [ 26%] [32mBuilding CXX object CMakeFiles/slam_toolbox__rosidl_typesupport_fastrtps_cpp.dir/rosidl_typesupport_fastrtps_cpp/slam_toolbox/srv/detail/dds_fastrtps/clear_queue__type_support.cpp.o[0m
[5.887s] [ 26%] [32mBuilding CXX object CMakeFiles/slam_toolbox__rosidl_typesupport_c.dir/rosidl_typesupport_c/slam_toolbox/srv/pause__type_support.cpp.o[0m
[5.889s] [ 27%] [32mBuilding CXX object CMakeFiles/slam_toolbox__rosidl_typesupport_fastrtps_cpp.dir/rosidl_typesupport_fastrtps_cpp/slam_toolbox/srv/detail/dds_fastrtps/toggle_interactive__type_support.cpp.o[0m
[5.917s] [ 28%] [32mBuilding CXX object CMakeFiles/slam_toolbox__rosidl_typesupport_c.dir/rosidl_typesupport_c/slam_toolbox/srv/clear_queue__type_support.cpp.o[0m
[5.942s] [ 29%] [32mBuilding CXX object CMakeFiles/slam_toolbox__rosidl_typesupport_c.dir/rosidl_typesupport_c/slam_toolbox/srv/toggle_interactive__type_support.cpp.o[0m
[5.947s] [ 29%] [32mBuilding CXX object CMakeFiles/slam_toolbox__rosidl_typesupport_c.dir/rosidl_typesupport_c/slam_toolbox/srv/clear__type_support.cpp.o[0m
[5.963s] [ 29%] [32mBuilding CXX object CMakeFiles/slam_toolbox__rosidl_typesupport_introspection_cpp.dir/rosidl_typesupport_introspection_cpp/slam_toolbox/srv/detail/toggle_interactive__type_support.cpp.o[0m
[5.971s] [ 30%] [32mBuilding CXX object CMakeFiles/slam_toolbox__rosidl_typesupport_c.dir/rosidl_typesupport_c/slam_toolbox/srv/save_map__type_support.cpp.o[0m
[5.976s] [ 31%] [32mBuilding CXX object CMakeFiles/slam_toolbox__rosidl_typesupport_c.dir/rosidl_typesupport_c/slam_toolbox/srv/loop_closure__type_support.cpp.o[0m
[5.980s] [ 32%] [32mBuilding CXX object CMakeFiles/slam_toolbox__rosidl_typesupport_introspection_cpp.dir/rosidl_typesupport_introspection_cpp/slam_toolbox/srv/detail/clear__type_support.cpp.o[0m
[5.981s] [ 33%] [32mBuilding CXX object CMakeFiles/slam_toolbox__rosidl_typesupport_c.dir/rosidl_typesupport_c/slam_toolbox/srv/merge_maps__type_support.cpp.o[0m
[5.982s] [ 34%] [32m[1mLinking CXX shared library libslam_toolbox__rosidl_typesupport_cpp.so[0m
[6.004s] [ 35%] [32mBuilding CXX object CMakeFiles/slam_toolbox__rosidl_typesupport_introspection_cpp.dir/rosidl_typesupport_introspection_cpp/slam_toolbox/srv/detail/loop_closure__type_support.cpp.o[0m
[6.004s] [ 35%] [32mBuilding CXX object CMakeFiles/slam_toolbox__rosidl_typesupport_introspection_cpp.dir/rosidl_typesupport_introspection_cpp/slam_toolbox/srv/detail/save_map__type_support.cpp.o[0m
[6.006s] [ 35%] [32mBuilding CXX object CMakeFiles/slam_toolbox__rosidl_typesupport_c.dir/rosidl_typesupport_c/slam_toolbox/srv/add_submap__type_support.cpp.o[0m
[6.021s] [ 35%] Built target slam_toolbox__rosidl_typesupport_cpp
[6.023s] [ 36%] [32mBuilding CXX object CMakeFiles/slam_toolbox__rosidl_typesupport_c.dir/rosidl_typesupport_c/slam_toolbox/srv/deserialize_pose_graph__type_support.cpp.o[0m
[6.036s] [ 37%] [32mBuilding CXX object CMakeFiles/slam_toolbox__rosidl_typesupport_c.dir/rosidl_typesupport_c/slam_toolbox/srv/serialize_pose_graph__type_support.cpp.o[0m
[6.053s] [ 38%] [32mBuilding CXX object CMakeFiles/slam_toolbox__rosidl_typesupport_introspection_cpp.dir/rosidl_typesupport_introspection_cpp/slam_toolbox/srv/detail/merge_maps__type_support.cpp.o[0m
[6.064s] [ 39%] [32m[1mLinking CXX shared library libslam_toolbox__rosidl_typesupport_c.so[0m
[6.097s] [ 39%] Built target slam_toolbox__rosidl_typesupport_c
[6.099s] [ 40%] [32mBuilding CXX object CMakeFiles/slam_toolbox__rosidl_typesupport_introspection_cpp.dir/rosidl_typesupport_introspection_cpp/slam_toolbox/srv/detail/add_submap__type_support.cpp.o[0m
[6.148s] [ 41%] [32mBuilding CXX object CMakeFiles/slam_toolbox__rosidl_typesupport_fastrtps_cpp.dir/rosidl_typesupport_fastrtps_cpp/slam_toolbox/srv/detail/dds_fastrtps/clear__type_support.cpp.o[0m
[6.150s] [ 42%] [32mBuilding C object CMakeFiles/slam_toolbox__rosidl_typesupport_introspection_c.dir/rosidl_typesupport_introspection_c/slam_toolbox/srv/detail/pause__type_support.c.o[0m
[6.160s] [ 43%] [32mBuilding CXX object CMakeFiles/slam_toolbox__rosidl_typesupport_introspection_cpp.dir/rosidl_typesupport_introspection_cpp/slam_toolbox/srv/detail/deserialize_pose_graph__type_support.cpp.o[0m
[6.195s] [ 43%] [32mBuilding C object CMakeFiles/slam_toolbox__rosidl_typesupport_introspection_c.dir/rosidl_typesupport_introspection_c/slam_toolbox/srv/detail/clear_queue__type_support.c.o[0m
[6.241s] [ 44%] [32mBuilding C object CMakeFiles/slam_toolbox__rosidl_typesupport_introspection_c.dir/rosidl_typesupport_introspection_c/slam_toolbox/srv/detail/toggle_interactive__type_support.c.o[0m
[6.287s] [ 45%] [32mBuilding C object CMakeFiles/slam_toolbox__rosidl_typesupport_introspection_c.dir/rosidl_typesupport_introspection_c/slam_toolbox/srv/detail/clear__type_support.c.o[0m
[6.316s] [ 45%] [32mBuilding CXX object CMakeFiles/slam_toolbox__rosidl_typesupport_introspection_cpp.dir/rosidl_typesupport_introspection_cpp/slam_toolbox/srv/detail/serialize_pose_graph__type_support.cpp.o[0m
[6.329s] [ 45%] [32mBuilding C object CMakeFiles/slam_toolbox__rosidl_typesupport_introspection_c.dir/rosidl_typesupport_introspection_c/slam_toolbox/srv/detail/save_map__type_support.c.o[0m
[6.355s] [ 46%] [32mBuilding C object CMakeFiles/slam_toolbox__rosidl_typesupport_introspection_c.dir/rosidl_typesupport_introspection_c/slam_toolbox/srv/detail/loop_closure__type_support.c.o[0m
[6.364s] [ 47%] [32mBuilding C object CMakeFiles/slam_toolbox__rosidl_typesupport_introspection_c.dir/rosidl_typesupport_introspection_c/slam_toolbox/srv/detail/merge_maps__type_support.c.o[0m
[6.377s] [ 48%] [32mBuilding C object CMakeFiles/slam_toolbox__rosidl_typesupport_introspection_c.dir/rosidl_typesupport_introspection_c/slam_toolbox/srv/detail/deserialize_pose_graph__type_support.c.o[0m
[6.377s] [ 48%] [32mBuilding C object CMakeFiles/slam_toolbox__rosidl_typesupport_introspection_c.dir/rosidl_typesupport_introspection_c/slam_toolbox/srv/detail/add_submap__type_support.c.o[0m
[6.396s] [ 49%] [32mBuilding C object CMakeFiles/slam_toolbox__rosidl_typesupport_introspection_c.dir/rosidl_typesupport_introspection_c/slam_toolbox/srv/detail/serialize_pose_graph__type_support.c.o[0m
[6.405s] [ 50%] [32mBuilding CXX object CMakeFiles/slam_toolbox__rosidl_typesupport_fastrtps_cpp.dir/rosidl_typesupport_fastrtps_cpp/slam_toolbox/srv/detail/dds_fastrtps/save_map__type_support.cpp.o[0m
[6.408s] [ 50%] [32mBuilding CXX object CMakeFiles/slam_toolbox__rosidl_typesupport_fastrtps_cpp.dir/rosidl_typesupport_fastrtps_cpp/slam_toolbox/srv/detail/dds_fastrtps/loop_closure__type_support.cpp.o[0m
[6.420s] [ 51%] [32mBuilding CXX object CMakeFiles/slam_toolbox__rosidl_typesupport_fastrtps_cpp.dir/rosidl_typesupport_fastrtps_cpp/slam_toolbox/srv/detail/dds_fastrtps/merge_maps__type_support.cpp.o[0m
[6.421s] [ 52%] [32mBuilding CXX object CMakeFiles/slam_toolbox__rosidl_typesupport_fastrtps_cpp.dir/rosidl_typesupport_fastrtps_cpp/slam_toolbox/srv/detail/dds_fastrtps/add_submap__type_support.cpp.o[0m
[6.422s] [ 53%] [32mBuilding CXX object CMakeFiles/slam_toolbox__rosidl_typesupport_fastrtps_cpp.dir/rosidl_typesupport_fastrtps_cpp/slam_toolbox/srv/detail/dds_fastrtps/deserialize_pose_graph__type_support.cpp.o[0m
[6.439s] [ 54%] [32m[1mLinking C shared library libslam_toolbox__rosidl_typesupport_introspection_c.so[0m
[6.466s] [ 54%] Built target slam_toolbox__rosidl_typesupport_introspection_c
[6.468s] [ 54%] [32mBuilding CXX object CMakeFiles/slam_toolbox__rosidl_typesupport_fastrtps_cpp.dir/rosidl_typesupport_fastrtps_cpp/slam_toolbox/srv/detail/dds_fastrtps/serialize_pose_graph__type_support.cpp.o[0m
[6.680s] [ 55%] [32m[1mLinking CXX shared library libslam_toolbox__rosidl_typesupport_introspection_cpp.so[0m
[6.735s] [ 55%] Built target slam_toolbox__rosidl_typesupport_introspection_cpp
[6.994s] [ 56%] [32m[1mLinking CXX shared library libslam_toolbox__rosidl_typesupport_fastrtps_cpp.so[0m
[7.050s] [ 56%] Built target slam_toolbox__rosidl_typesupport_fastrtps_cpp
[7.053s] [ 57%] [34m[1mGenerating C type support for eProsima Fast-RTPS[0m
[7.594s] [ 57%] [32mBuilding CXX object CMakeFiles/slam_toolbox__rosidl_typesupport_fastrtps_c.dir/rosidl_typesupport_fastrtps_c/slam_toolbox/srv/detail/pause__type_support_c.cpp.o[0m
[7.594s] [ 59%] [32mBuilding CXX object CMakeFiles/slam_toolbox__rosidl_typesupport_fastrtps_c.dir/rosidl_typesupport_fastrtps_c/slam_toolbox/srv/detail/clear__type_support_c.cpp.o[0m
[7.595s] [ 60%] [32mBuilding CXX object CMakeFiles/slam_toolbox__rosidl_typesupport_fastrtps_c.dir/rosidl_typesupport_fastrtps_c/slam_toolbox/srv/detail/clear_queue__type_support_c.cpp.o[0m
[7.595s] [ 60%] [32mBuilding CXX object CMakeFiles/slam_toolbox__rosidl_typesupport_fastrtps_c.dir/rosidl_typesupport_fastrtps_c/slam_toolbox/srv/detail/toggle_interactive__type_support_c.cpp.o[0m
[7.595s] [ 62%] [32mBuilding CXX object CMakeFiles/slam_toolbox__rosidl_typesupport_fastrtps_c.dir/rosidl_typesupport_fastrtps_c/slam_toolbox/srv/detail/merge_maps__type_support_c.cpp.o[0m
[7.595s] [ 62%] [32mBuilding CXX object CMakeFiles/slam_toolbox__rosidl_typesupport_fastrtps_c.dir/rosidl_typesupport_fastrtps_c/slam_toolbox/srv/detail/loop_closure__type_support_c.cpp.o[0m
[7.595s] [ 62%] [32mBuilding CXX object CMakeFiles/slam_toolbox__rosidl_typesupport_fastrtps_c.dir/rosidl_typesupport_fastrtps_c/slam_toolbox/srv/detail/save_map__type_support_c.cpp.o[0m
[7.596s] [ 62%] [32mBuilding CXX object CMakeFiles/slam_toolbox__rosidl_typesupport_fastrtps_c.dir/rosidl_typesupport_fastrtps_c/slam_toolbox/srv/detail/deserialize_pose_graph__type_support_c.cpp.o[0m
[7.596s] [ 63%] [32mBuilding CXX object CMakeFiles/slam_toolbox__rosidl_typesupport_fastrtps_c.dir/rosidl_typesupport_fastrtps_c/slam_toolbox/srv/detail/add_submap__type_support_c.cpp.o[0m
[7.596s] [ 64%] [32mBuilding CXX object CMakeFiles/slam_toolbox__rosidl_typesupport_fastrtps_c.dir/rosidl_typesupport_fastrtps_c/slam_toolbox/srv/detail/serialize_pose_graph__type_support_c.cpp.o[0m
[8.111s] [ 65%] [32m[1mLinking CXX shared library libslam_toolbox__rosidl_typesupport_fastrtps_c.so[0m
[8.165s] [ 65%] Built target slam_toolbox__rosidl_typesupport_fastrtps_c
[8.172s] [ 65%] Built target slam_toolbox
[8.175s] [ 65%] [34m[1mGenerating rviz_plugin/moc_slam_toolbox_rviz_plugin.cpp[0m
[8.178s] [ 66%] [34m[1mGenerating Python code for ROS interfaces[0m
[8.184s] [ 67%] [32mBuilding CXX object CMakeFiles/SlamToolboxPlugin.dir/rviz_plugin/slam_toolbox_rviz_plugin.cpp.o[0m
[8.185s] [ 68%] [32mBuilding CXX object CMakeFiles/SlamToolboxPlugin.dir/rviz_plugin/moc_slam_toolbox_rviz_plugin.cpp.o[0m
[9.448s] [ 68%] Built target slam_toolbox__py
[9.455s] [ 70%] [32mBuilding C object CMakeFiles/slam_toolbox__python.dir/rosidl_generator_py/slam_toolbox/srv/_pause_s.c.o[0m
[9.455s] [ 70%] [32mBuilding C object CMakeFiles/slam_toolbox__python.dir/rosidl_generator_py/slam_toolbox/srv/_toggle_interactive_s.c.o[0m
[9.455s] [ 70%] [32mBuilding C object CMakeFiles/slam_toolbox__python.dir/rosidl_generator_py/slam_toolbox/srv/_clear_queue_s.c.o[0m
[9.455s] [ 72%] [32mBuilding C object CMakeFiles/slam_toolbox__python.dir/rosidl_generator_py/slam_toolbox/srv/_save_map_s.c.o[0m
[9.455s] [ 72%] [32mBuilding C object CMakeFiles/slam_toolbox__python.dir/rosidl_generator_py/slam_toolbox/srv/_clear_s.c.o[0m
[9.456s] [ 73%] [32mBuilding C object CMakeFiles/slam_toolbox__python.dir/rosidl_generator_py/slam_toolbox/srv/_merge_maps_s.c.o[0m
[9.456s] [ 73%] [32mBuilding C object CMakeFiles/slam_toolbox__python.dir/rosidl_generator_py/slam_toolbox/srv/_loop_closure_s.c.o[0m
[9.457s] [ 74%] [32mBuilding C object CMakeFiles/slam_toolbox__python.dir/rosidl_generator_py/slam_toolbox/srv/_add_submap_s.c.o[0m
[9.580s] [ 75%] [32mBuilding C object CMakeFiles/slam_toolbox__python.dir/rosidl_generator_py/slam_toolbox/srv/_deserialize_pose_graph_s.c.o[0m
[9.582s] [ 75%] [32mBuilding C object CMakeFiles/slam_toolbox__python.dir/rosidl_generator_py/slam_toolbox/srv/_serialize_pose_graph_s.c.o[0m
[9.671s] [ 76%] [32m[1mLinking C shared library rosidl_generator_py/slam_toolbox/libslam_toolbox__python.so[0m
[9.695s] [ 76%] Built target slam_toolbox__python
[9.701s] [ 77%] [32mBuilding C object CMakeFiles/slam_toolbox__rosidl_typesupport_introspection_c__pyext.dir/rosidl_generator_py/slam_toolbox/_slam_toolbox_s.ep.rosidl_typesupport_introspection_c.c.o[0m
[9.701s] [ 77%] [32mBuilding C object CMakeFiles/slam_toolbox__rosidl_typesupport_c__pyext.dir/rosidl_generator_py/slam_toolbox/_slam_toolbox_s.ep.rosidl_typesupport_c.c.o[0m
[9.702s] [ 77%] [32mBuilding C object CMakeFiles/slam_toolbox__rosidl_typesupport_fastrtps_c__pyext.dir/rosidl_generator_py/slam_toolbox/_slam_toolbox_s.ep.rosidl_typesupport_fastrtps_c.c.o[0m
[9.960s] [ 78%] [32m[1mLinking CXX shared library rosidl_generator_py/slam_toolbox/slam_toolbox_s__rosidl_typesupport_fastrtps_c.cpython-38-x86_64-linux-gnu.so[0m
[9.964s] [ 78%] [32m[1mLinking C shared library rosidl_generator_py/slam_toolbox/slam_toolbox_s__rosidl_typesupport_introspection_c.cpython-38-x86_64-linux-gnu.so[0m
[9.985s] [ 78%] Built target slam_toolbox__rosidl_typesupport_introspection_c__pyext
[10.004s] [ 78%] Built target slam_toolbox__rosidl_typesupport_fastrtps_c__pyext
[10.109s] [ 79%] [32m[1mLinking C shared library rosidl_generator_py/slam_toolbox/slam_toolbox_s__rosidl_typesupport_c.cpython-38-x86_64-linux-gnu.so[0m
[10.132s] [ 79%] Built target slam_toolbox__rosidl_typesupport_c__pyext
[19.925s] [ 79%] [32m[1mLinking CXX shared library libSlamToolboxPlugin.so[0m
[20.542s] [ 79%] Built target SlamToolboxPlugin
[21.469s] [ 80%] [32m[1mLinking CXX shared library libkartoSlamToolbox.so[0m
[21.683s] [ 80%] Built target kartoSlamToolbox
[21.689s] [ 81%] [32mBuilding CXX object CMakeFiles/ceres_solver_plugin.dir/solvers/ceres_solver.cpp.o[0m
[21.689s] [ 82%] [32mBuilding CXX object CMakeFiles/toolbox_common.dir/src/map_saver.cpp.o[0m
[21.690s] [ 83%] [32mBuilding CXX object CMakeFiles/toolbox_common.dir/src/loop_closure_assistant.cpp.o[0m
[21.690s] [ 83%] [32mBuilding CXX object CMakeFiles/toolbox_common.dir/src/slam_toolbox_common.cpp.o[0m
[21.690s] [ 84%] [32mBuilding CXX object CMakeFiles/toolbox_common.dir/src/laser_utils.cpp.o[0m
[21.690s] [ 85%] [32mBuilding CXX object CMakeFiles/toolbox_common.dir/src/slam_mapper.cpp.o[0m
[31.264s] [ 86%] [32m[1mLinking CXX shared library libceres_solver_plugin.so[0m
[31.515s] [ 86%] Built target ceres_solver_plugin
[43.141s] [ 87%] [32m[1mLinking CXX shared library libtoolbox_common.so[0m
[43.528s] [ 87%] Built target toolbox_common
[43.534s] [ 88%] [32mBuilding CXX object CMakeFiles/lifelong_slam_toolbox.dir/src/experimental/slam_toolbox_lifelong.cpp.o[0m
[43.534s] [ 89%] [32mBuilding CXX object CMakeFiles/async_slam_toolbox.dir/src/slam_toolbox_async.cpp.o[0m
[43.534s] [ 90%] [32mBuilding CXX object CMakeFiles/localization_slam_toolbox.dir/src/slam_toolbox_localization.cpp.o[0m
[43.534s] [ 91%] [32mBuilding CXX object CMakeFiles/sync_slam_toolbox.dir/src/slam_toolbox_sync.cpp.o[0m
[43.535s] [ 92%] [32mBuilding CXX object CMakeFiles/merge_maps_kinematic.dir/src/merge_maps_kinematic.cpp.o[0m
[52.134s] [ 93%] [32m[1mLinking CXX shared library libasync_slam_toolbox.so[0m
[52.403s] [ 93%] Built target async_slam_toolbox
[52.409s] [ 94%] [32mBuilding CXX object CMakeFiles/async_slam_toolbox_node.dir/src/slam_toolbox_async_node.cpp.o[0m
[52.612s] [ 95%] [32m[1mLinking CXX shared library liblifelong_slam_toolbox.so[0m
[52.884s] [ 95%] Built target lifelong_slam_toolbox
[52.890s] [ 95%] [32mBuilding CXX object CMakeFiles/lifelong_slam_toolbox_node.dir/src/experimental/slam_toolbox_lifelong_node.cpp.o[0m
[52.914s] [ 96%] [32m[1mLinking CXX shared library libsync_slam_toolbox.so[0m
[53.183s] [ 96%] Built target sync_slam_toolbox
[53.189s] [ 96%] [32mBuilding CXX object CMakeFiles/sync_slam_toolbox_node.dir/src/slam_toolbox_sync_node.cpp.o[0m
[55.489s] [ 96%] [32m[1mLinking CXX executable merge_maps_kinematic[0m
[55.995s] [ 96%] [32m[1mLinking CXX shared library liblocalization_slam_toolbox.so[0m
[56.022s] [ 96%] Built target merge_maps_kinematic
[56.278s] [ 96%] Built target localization_slam_toolbox
[56.283s] [ 97%] [32mBuilding CXX object CMakeFiles/localization_slam_toolbox_node.dir/src/slam_toolbox_localization_node.cpp.o[0m
[61.059s] [ 97%] [32m[1mLinking CXX executable async_slam_toolbox_node[0m
[61.472s] [ 98%] [32m[1mLinking CXX executable lifelong_slam_toolbox_node[0m
[61.506s] [ 98%] Built target async_slam_toolbox_node
[61.882s] [ 99%] [32m[1mLinking CXX executable sync_slam_toolbox_node[0m
[61.913s] [ 99%] Built target lifelong_slam_toolbox_node
[62.299s] [ 99%] Built target sync_slam_toolbox_node
[64.755s] [100%] [32m[1mLinking CXX executable localization_slam_toolbox_node[0m
[65.161s] [100%] Built target localization_slam_toolbox_node
[65.169s] Invoked command in '/home/kim/lostchild/src/build/slam_toolbox' returned '0': CMAKE_PREFIX_PATH=/home/kim/robot_ws/install/lidar:/opt/ros/foxy /usr/local/bin/cmake --build /home/kim/lostchild/src/build/slam_toolbox -- -j12 -l12
[65.331s] Invoking command in '/home/kim/lostchild/src/build/slam_toolbox': CMAKE_PREFIX_PATH=/home/kim/robot_ws/install/lidar:/opt/ros/foxy /usr/local/bin/cmake --install /home/kim/lostchild/src/build/slam_toolbox
[65.353s] -- Install configuration: "Release"
[65.353s] -- Installing: /home/kim/lostchild/src/install/slam_toolbox/share/ament_index/resource_index/rosidl_interfaces/slam_toolbox
[65.353s] -- Installing: /home/kim/lostchild/src/install/slam_toolbox/include/slam_toolbox
[65.353s] -- Installing: /home/kim/lostchild/src/install/slam_toolbox/include/slam_toolbox/msg
[65.354s] -- Installing: /home/kim/lostchild/src/install/slam_toolbox/include/slam_toolbox/msg/rosidl_generator_c__visibility_control.h
[65.354s] -- Installing: /home/kim/lostchild/src/install/slam_toolbox/include/slam_toolbox/srv
[65.354s] -- Installing: /home/kim/lostchild/src/install/slam_toolbox/include/slam_toolbox/srv/loop_closure.h
[65.354s] -- Installing: /home/kim/lostchild/src/install/slam_toolbox/include/slam_toolbox/srv/clear_queue.h
[65.354s] -- Installing: /home/kim/lostchild/src/install/slam_toolbox/include/slam_toolbox/srv/deserialize_pose_graph.h
[65.354s] -- Installing: /home/kim/lostchild/src/install/slam_toolbox/include/slam_toolbox/srv/save_map.h
[65.354s] -- Installing: /home/kim/lostchild/src/install/slam_toolbox/include/slam_toolbox/srv/serialize_pose_graph.h
[65.354s] -- Installing: /home/kim/lostchild/src/install/slam_toolbox/include/slam_toolbox/srv/detail
[65.354s] -- Installing: /home/kim/lostchild/src/install/slam_toolbox/include/slam_toolbox/srv/detail/clear__functions.c
[65.354s] -- Installing: /home/kim/lostchild/src/install/slam_toolbox/include/slam_toolbox/srv/detail/loop_closure__functions.h
[65.355s] -- Installing: /home/kim/lostchild/src/install/slam_toolbox/include/slam_toolbox/srv/detail/add_submap__type_support.h
[65.355s] -- Installing: /home/kim/lostchild/src/install/slam_toolbox/include/slam_toolbox/srv/detail/clear_queue__struct.h
[65.355s] -- Installing: /home/kim/lostchild/src/install/slam_toolbox/include/slam_toolbox/srv/detail/deserialize_pose_graph__functions.c
[65.355s] -- Installing: /home/kim/lostchild/src/install/slam_toolbox/include/slam_toolbox/srv/detail/save_map__type_support.h
[65.355s] -- Installing: /home/kim/lostchild/src/install/slam_toolbox/include/slam_toolbox/srv/detail/toggle_interactive__functions.c
[65.355s] -- Installing: /home/kim/lostchild/src/install/slam_toolbox/include/slam_toolbox/srv/detail/toggle_interactive__functions.h
[65.355s] -- Installing: /home/kim/lostchild/src/install/slam_toolbox/include/slam_toolbox/srv/detail/deserialize_pose_graph__functions.h
[65.355s] -- Installing: /home/kim/lostchild/src/install/slam_toolbox/include/slam_toolbox/srv/detail/pause__type_support.h
[65.355s] -- Installing: /home/kim/lostchild/src/install/slam_toolbox/include/slam_toolbox/srv/detail/toggle_interactive__type_support.h
[65.355s] -- Installing: /home/kim/lostchild/src/install/slam_toolbox/include/slam_toolbox/srv/detail/clear_queue__functions.h
[65.355s] -- Installing: /home/kim/lostchild/src/install/slam_toolbox/include/slam_toolbox/srv/detail/pause__struct.h
[65.356s] -- Installing: /home/kim/lostchild/src/install/slam_toolbox/include/slam_toolbox/srv/detail/clear__struct.h
[65.356s] -- Installing: /home/kim/lostchild/src/install/slam_toolbox/include/slam_toolbox/srv/detail/pause__functions.h
[65.356s] -- Installing: /home/kim/lostchild/src/install/slam_toolbox/include/slam_toolbox/srv/detail/serialize_pose_graph__type_support.h
[65.356s] -- Installing: /home/kim/lostchild/src/install/slam_toolbox/include/slam_toolbox/srv/detail/serialize_pose_graph__functions.c
[65.356s] -- Installing: /home/kim/lostchild/src/install/slam_toolbox/include/slam_toolbox/srv/detail/clear_queue__type_support.h
[65.356s] -- Installing: /home/kim/lostchild/src/install/slam_toolbox/include/slam_toolbox/srv/detail/merge_maps__functions.h
[65.356s] -- Installing: /home/kim/lostchild/src/install/slam_toolbox/include/slam_toolbox/srv/detail/merge_maps__functions.c
[65.356s] -- Installing: /home/kim/lostchild/src/install/slam_toolbox/include/slam_toolbox/srv/detail/save_map__functions.c
[65.356s] -- Installing: /home/kim/lostchild/src/install/slam_toolbox/include/slam_toolbox/srv/detail/add_submap__functions.h
[65.356s] -- Installing: /home/kim/lostchild/src/install/slam_toolbox/include/slam_toolbox/srv/detail/add_submap__struct.h
[65.356s] -- Installing: /home/kim/lostchild/src/install/slam_toolbox/include/slam_toolbox/srv/detail/merge_maps__type_support.h
[65.357s] -- Installing: /home/kim/lostchild/src/install/slam_toolbox/include/slam_toolbox/srv/detail/deserialize_pose_graph__struct.h
[65.357s] -- Installing: /home/kim/lostchild/src/install/slam_toolbox/include/slam_toolbox/srv/detail/clear_queue__functions.c
[65.357s] -- Installing: /home/kim/lostchild/src/install/slam_toolbox/include/slam_toolbox/srv/detail/serialize_pose_graph__struct.h
[65.357s] -- Installing: /home/kim/lostchild/src/install/slam_toolbox/include/slam_toolbox/srv/detail/loop_closure__struct.h
[65.357s] -- Installing: /home/kim/lostchild/src/install/slam_toolbox/include/slam_toolbox/srv/detail/loop_closure__functions.c
[65.357s] -- Installing: /home/kim/lostchild/src/install/slam_toolbox/include/slam_toolbox/srv/detail/save_map__struct.h
[65.357s] -- Installing: /home/kim/lostchild/src/install/slam_toolbox/include/slam_toolbox/srv/detail/pause__functions.c
[65.357s] -- Installing: /home/kim/lostchild/src/install/slam_toolbox/include/slam_toolbox/srv/detail/serialize_pose_graph__functions.h
[65.357s] -- Installing: /home/kim/lostchild/src/install/slam_toolbox/include/slam_toolbox/srv/detail/loop_closure__type_support.h
[65.357s] -- Installing: /home/kim/lostchild/src/install/slam_toolbox/include/slam_toolbox/srv/detail/merge_maps__struct.h
[65.357s] -- Installing: /home/kim/lostchild/src/install/slam_toolbox/include/slam_toolbox/srv/detail/clear__type_support.h
[65.358s] -- Installing: /home/kim/lostchild/src/install/slam_toolbox/include/slam_toolbox/srv/detail/clear__functions.h
[65.358s] -- Installing: /home/kim/lostchild/src/install/slam_toolbox/include/slam_toolbox/srv/detail/add_submap__functions.c
[65.358s] -- Installing: /home/kim/lostchild/src/install/slam_toolbox/include/slam_toolbox/srv/detail/save_map__functions.h
[65.358s] -- Installing: /home/kim/lostchild/src/install/slam_toolbox/include/slam_toolbox/srv/detail/toggle_interactive__struct.h
[65.358s] -- Installing: /home/kim/lostchild/src/install/slam_toolbox/include/slam_toolbox/srv/detail/deserialize_pose_graph__type_support.h
[65.358s] -- Installing: /home/kim/lostchild/src/install/slam_toolbox/include/slam_toolbox/srv/pause.h
[65.358s] -- Installing: /home/kim/lostchild/src/install/slam_toolbox/include/slam_toolbox/srv/toggle_interactive.h
[65.358s] -- Installing: /home/kim/lostchild/src/install/slam_toolbox/include/slam_toolbox/srv/merge_maps.h
[65.358s] -- Installing: /home/kim/lostchild/src/install/slam_toolbox/include/slam_toolbox/srv/clear.h
[65.358s] -- Installing: /home/kim/lostchild/src/install/slam_toolbox/include/slam_toolbox/srv/add_submap.h
[65.359s] -- Installing: /home/kim/lostchild/src/install/slam_toolbox/share/slam_toolbox/environment/library_path.sh
[65.359s] -- Installing: /home/kim/lostchild/src/install/slam_toolbox/share/slam_toolbox/environment/library_path.dsv
[65.359s] -- Installing: /home/kim/lostchild/src/install/slam_toolbox/lib/libslam_toolbox__rosidl_generator_c.so
[65.359s] -- Set runtime path of "/home/kim/lostchild/src/install/slam_toolbox/lib/libslam_toolbox__rosidl_generator_c.so" to ""
[65.359s] -- Up-to-date: /home/kim/lostchild/src/install/slam_toolbox/include/slam_toolbox
[65.359s] -- Up-to-date: /home/kim/lostchild/src/install/slam_toolbox/include/slam_toolbox/msg
[65.359s] -- Installing: /home/kim/lostchild/src/install/slam_toolbox/include/slam_toolbox/msg/rosidl_typesupport_fastrtps_c__visibility_control.h
[65.360s] -- Up-to-date: /home/kim/lostchild/src/install/slam_toolbox/include/slam_toolbox/srv
[65.360s] -- Up-to-date: /home/kim/lostchild/src/install/slam_toolbox/include/slam_toolbox/srv/detail
[65.360s] -- Installing: /home/kim/lostchild/src/install/slam_toolbox/include/slam_toolbox/srv/detail/clear_queue__rosidl_typesupport_fastrtps_c.h
[65.360s] -- Installing: /home/kim/lostchild/src/install/slam_toolbox/include/slam_toolbox/srv/detail/loop_closure__rosidl_typesupport_fastrtps_c.h
[65.360s] -- Installing: /home/kim/lostchild/src/install/slam_toolbox/include/slam_toolbox/srv/detail/save_map__rosidl_typesupport_fastrtps_c.h
[65.360s] -- Installing: /home/kim/lostchild/src/install/slam_toolbox/include/slam_toolbox/srv/detail/deserialize_pose_graph__rosidl_typesupport_fastrtps_c.h
[65.360s] -- Installing: /home/kim/lostchild/src/install/slam_toolbox/include/slam_toolbox/srv/detail/toggle_interactive__rosidl_typesupport_fastrtps_c.h
[65.360s] -- Installing: /home/kim/lostchild/src/install/slam_toolbox/include/slam_toolbox/srv/detail/serialize_pose_graph__rosidl_typesupport_fastrtps_c.h
[65.360s] -- Installing: /home/kim/lostchild/src/install/slam_toolbox/include/slam_toolbox/srv/detail/add_submap__rosidl_typesupport_fastrtps_c.h
[65.360s] -- Installing: /home/kim/lostchild/src/install/slam_toolbox/include/slam_toolbox/srv/detail/clear__rosidl_typesupport_fastrtps_c.h
[65.360s] -- Installing: /home/kim/lostchild/src/install/slam_toolbox/include/slam_toolbox/srv/detail/merge_maps__rosidl_typesupport_fastrtps_c.h
[65.361s] -- Installing: /home/kim/lostchild/src/install/slam_toolbox/include/slam_toolbox/srv/detail/pause__rosidl_typesupport_fastrtps_c.h
[65.361s] -- Installing: /home/kim/lostchild/src/install/slam_toolbox/lib/libslam_toolbox__rosidl_typesupport_fastrtps_c.so
[65.361s] -- Set runtime path of "/home/kim/lostchild/src/install/slam_toolbox/lib/libslam_toolbox__rosidl_typesupport_fastrtps_c.so" to ""
[65.361s] -- Up-to-date: /home/kim/lostchild/src/install/slam_toolbox/include/slam_toolbox
[65.361s] -- Up-to-date: /home/kim/lostchild/src/install/slam_toolbox/include/slam_toolbox/msg
[65.361s] -- Installing: /home/kim/lostchild/src/install/slam_toolbox/include/slam_toolbox/msg/rosidl_typesupport_fastrtps_cpp__visibility_control.h
[65.361s] -- Up-to-date: /home/kim/lostchild/src/install/slam_toolbox/include/slam_toolbox/srv
[65.361s] -- Up-to-date: /home/kim/lostchild/src/install/slam_toolbox/include/slam_toolbox/srv/detail
[65.361s] -- Installing: /home/kim/lostchild/src/install/slam_toolbox/include/slam_toolbox/srv/detail/clear_queue__rosidl_typesupport_fastrtps_cpp.hpp
[65.362s] -- Installing: /home/kim/lostchild/src/install/slam_toolbox/include/slam_toolbox/srv/detail/merge_maps__rosidl_typesupport_fastrtps_cpp.hpp
[65.362s] -- Installing: /home/kim/lostchild/src/install/slam_toolbox/include/slam_toolbox/srv/detail/toggle_interactive__rosidl_typesupport_fastrtps_cpp.hpp
[65.362s] -- Installing: /home/kim/lostchild/src/install/slam_toolbox/include/slam_toolbox/srv/detail/loop_closure__rosidl_typesupport_fastrtps_cpp.hpp
[65.362s] -- Installing: /home/kim/lostchild/src/install/slam_toolbox/include/slam_toolbox/srv/detail/dds_fastrtps
[65.362s] -- Installing: /home/kim/lostchild/src/install/slam_toolbox/include/slam_toolbox/srv/detail/deserialize_pose_graph__rosidl_typesupport_fastrtps_cpp.hpp
[65.362s] -- Installing: /home/kim/lostchild/src/install/slam_toolbox/include/slam_toolbox/srv/detail/serialize_pose_graph__rosidl_typesupport_fastrtps_cpp.hpp
[65.362s] -- Installing: /home/kim/lostchild/src/install/slam_toolbox/include/slam_toolbox/srv/detail/save_map__rosidl_typesupport_fastrtps_cpp.hpp
[65.362s] -- Installing: /home/kim/lostchild/src/install/slam_toolbox/include/slam_toolbox/srv/detail/clear__rosidl_typesupport_fastrtps_cpp.hpp
[65.362s] -- Installing: /home/kim/lostchild/src/install/slam_toolbox/include/slam_toolbox/srv/detail/pause__rosidl_typesupport_fastrtps_cpp.hpp
[65.362s] -- Installing: /home/kim/lostchild/src/install/slam_toolbox/include/slam_toolbox/srv/detail/add_submap__rosidl_typesupport_fastrtps_cpp.hpp
[65.362s] -- Installing: /home/kim/lostchild/src/install/slam_toolbox/lib/libslam_toolbox__rosidl_typesupport_fastrtps_cpp.so
[65.363s] -- Set runtime path of "/home/kim/lostchild/src/install/slam_toolbox/lib/libslam_toolbox__rosidl_typesupport_fastrtps_cpp.so" to ""
[65.363s] -- Up-to-date: /home/kim/lostchild/src/install/slam_toolbox/include/slam_toolbox
[65.363s] -- Up-to-date: /home/kim/lostchild/src/install/slam_toolbox/include/slam_toolbox/msg
[65.363s] -- Installing: /home/kim/lostchild/src/install/slam_toolbox/include/slam_toolbox/msg/rosidl_typesupport_introspection_c__visibility_control.h
[65.363s] -- Up-to-date: /home/kim/lostchild/src/install/slam_toolbox/include/slam_toolbox/srv
[65.363s] -- Up-to-date: /home/kim/lostchild/src/install/slam_toolbox/include/slam_toolbox/srv/detail
[65.363s] -- Installing: /home/kim/lostchild/src/install/slam_toolbox/include/slam_toolbox/srv/detail/serialize_pose_graph__rosidl_typesupport_introspection_c.h
[65.363s] -- Installing: /home/kim/lostchild/src/install/slam_toolbox/include/slam_toolbox/srv/detail/save_map__rosidl_typesupport_introspection_c.h
[65.363s] -- Installing: /home/kim/lostchild/src/install/slam_toolbox/include/slam_toolbox/srv/detail/clear_queue__type_support.c
[65.363s] -- Installing: /home/kim/lostchild/src/install/slam_toolbox/include/slam_toolbox/srv/detail/loop_closure__type_support.c
[65.363s] -- Installing: /home/kim/lostchild/src/install/slam_toolbox/include/slam_toolbox/srv/detail/merge_maps__rosidl_typesupport_introspection_c.h
[65.364s] -- Installing: /home/kim/lostchild/src/install/slam_toolbox/include/slam_toolbox/srv/detail/merge_maps__type_support.c
[65.364s] -- Installing: /home/kim/lostchild/src/install/slam_toolbox/include/slam_toolbox/srv/detail/pause__rosidl_typesupport_introspection_c.h
[65.364s] -- Installing: /home/kim/lostchild/src/install/slam_toolbox/include/slam_toolbox/srv/detail/deserialize_pose_graph__rosidl_typesupport_introspection_c.h
[65.364s] -- Installing: /home/kim/lostchild/src/install/slam_toolbox/include/slam_toolbox/srv/detail/toggle_interactive__type_support.c
[65.364s] -- Installing: /home/kim/lostchild/src/install/slam_toolbox/include/slam_toolbox/srv/detail/clear__rosidl_typesupport_introspection_c.h
[65.364s] -- Installing: /home/kim/lostchild/src/install/slam_toolbox/include/slam_toolbox/srv/detail/add_submap__type_support.c
[65.364s] -- Installing: /home/kim/lostchild/src/install/slam_toolbox/include/slam_toolbox/srv/detail/clear__type_support.c
[65.364s] -- Installing: /home/kim/lostchild/src/install/slam_toolbox/include/slam_toolbox/srv/detail/pause__type_support.c
[65.364s] -- Installing: /home/kim/lostchild/src/install/slam_toolbox/include/slam_toolbox/srv/detail/toggle_interactive__rosidl_typesupport_introspection_c.h
[65.364s] -- Installing: /home/kim/lostchild/src/install/slam_toolbox/include/slam_toolbox/srv/detail/save_map__type_support.c
[65.364s] -- Installing: /home/kim/lostchild/src/install/slam_toolbox/include/slam_toolbox/srv/detail/add_submap__rosidl_typesupport_introspection_c.h
[65.365s] -- Installing: /home/kim/lostchild/src/install/slam_toolbox/include/slam_toolbox/srv/detail/serialize_pose_graph__type_support.c
[65.365s] -- Installing: /home/kim/lostchild/src/install/slam_toolbox/include/slam_toolbox/srv/detail/clear_queue__rosidl_typesupport_introspection_c.h
[65.365s] -- Installing: /home/kim/lostchild/src/install/slam_toolbox/include/slam_toolbox/srv/detail/deserialize_pose_graph__type_support.c
[65.365s] -- Installing: /home/kim/lostchild/src/install/slam_toolbox/include/slam_toolbox/srv/detail/loop_closure__rosidl_typesupport_introspection_c.h
[65.365s] -- Installing: /home/kim/lostchild/src/install/slam_toolbox/lib/libslam_toolbox__rosidl_typesupport_introspection_c.so
[65.365s] -- Set runtime path of "/home/kim/lostchild/src/install/slam_toolbox/lib/libslam_toolbox__rosidl_typesupport_introspection_c.so" to ""
[65.365s] -- Installing: /home/kim/lostchild/src/install/slam_toolbox/lib/libslam_toolbox__rosidl_typesupport_c.so
[65.366s] -- Set runtime path of "/home/kim/lostchild/src/install/slam_toolbox/lib/libslam_toolbox__rosidl_typesupport_c.so" to ""
[65.366s] -- Up-to-date: /home/kim/lostchild/src/install/slam_toolbox/include/slam_toolbox
[65.366s] -- Up-to-date: /home/kim/lostchild/src/install/slam_toolbox/include/slam_toolbox/srv
[65.366s] -- Installing: /home/kim/lostchild/src/install/slam_toolbox/include/slam_toolbox/srv/pause.hpp
[65.366s] -- Installing: /home/kim/lostchild/src/install/slam_toolbox/include/slam_toolbox/srv/clear.hpp
[65.366s] -- Installing: /home/kim/lostchild/src/install/slam_toolbox/include/slam_toolbox/srv/save_map.hpp
[65.366s] -- Installing: /home/kim/lostchild/src/install/slam_toolbox/include/slam_toolbox/srv/deserialize_pose_graph.hpp
[65.366s] -- Installing: /home/kim/lostchild/src/install/slam_toolbox/include/slam_toolbox/srv/loop_closure.hpp
[65.366s] -- Installing: /home/kim/lostchild/src/install/slam_toolbox/include/slam_toolbox/srv/merge_maps.hpp
[65.366s] -- Installing: /home/kim/lostchild/src/install/slam_toolbox/include/slam_toolbox/srv/add_submap.hpp
[65.366s] -- Installing: /home/kim/lostchild/src/install/slam_toolbox/include/slam_toolbox/srv/serialize_pose_graph.hpp
[65.366s] -- Up-to-date: /home/kim/lostchild/src/install/slam_toolbox/include/slam_toolbox/srv/detail
[65.366s] -- Installing: /home/kim/lostchild/src/install/slam_toolbox/include/slam_toolbox/srv/detail/serialize_pose_graph__traits.hpp
[65.367s] -- Installing: /home/kim/lostchild/src/install/slam_toolbox/include/slam_toolbox/srv/detail/pause__traits.hpp
[65.367s] -- Installing: /home/kim/lostchild/src/install/slam_toolbox/include/slam_toolbox/srv/detail/pause__builder.hpp
[65.367s] -- Installing: /home/kim/lostchild/src/install/slam_toolbox/include/slam_toolbox/srv/detail/toggle_interactive__struct.hpp
[65.367s] -- Installing: /home/kim/lostchild/src/install/slam_toolbox/include/slam_toolbox/srv/detail/serialize_pose_graph__builder.hpp
[65.367s] -- Installing: /home/kim/lostchild/src/install/slam_toolbox/include/slam_toolbox/srv/detail/save_map__traits.hpp
[65.367s] -- Installing: /home/kim/lostchild/src/install/slam_toolbox/include/slam_toolbox/srv/detail/toggle_interactive__builder.hpp
[65.367s] -- Installing: /home/kim/lostchild/src/install/slam_toolbox/include/slam_toolbox/srv/detail/save_map__struct.hpp
[65.367s] -- Installing: /home/kim/lostchild/src/install/slam_toolbox/include/slam_toolbox/srv/detail/toggle_interactive__traits.hpp
[65.367s] -- Installing: /home/kim/lostchild/src/install/slam_toolbox/include/slam_toolbox/srv/detail/pause__struct.hpp
[65.367s] -- Installing: /home/kim/lostchild/src/install/slam_toolbox/include/slam_toolbox/srv/detail/add_submap__builder.hpp
[65.367s] -- Installing: /home/kim/lostchild/src/install/slam_toolbox/include/slam_toolbox/srv/detail/clear__traits.hpp
[65.367s] -- Installing: /home/kim/lostchild/src/install/slam_toolbox/include/slam_toolbox/srv/detail/loop_closure__builder.hpp
[65.368s] -- Installing: /home/kim/lostchild/src/install/slam_toolbox/include/slam_toolbox/srv/detail/merge_maps__builder.hpp
[65.368s] -- Installing: /home/kim/lostchild/src/install/slam_toolbox/include/slam_toolbox/srv/detail/save_map__builder.hpp
[65.368s] -- Installing: /home/kim/lostchild/src/install/slam_toolbox/include/slam_toolbox/srv/detail/deserialize_pose_graph__struct.hpp
[65.368s] -- Installing: /home/kim/lostchild/src/install/slam_toolbox/include/slam_toolbox/srv/detail/loop_closure__traits.hpp
[65.368s] -- Installing: /home/kim/lostchild/src/install/slam_toolbox/include/slam_toolbox/srv/detail/merge_maps__traits.hpp
[65.368s] -- Installing: /home/kim/lostchild/src/install/slam_toolbox/include/slam_toolbox/srv/detail/add_submap__struct.hpp
[65.368s] -- Installing: /home/kim/lostchild/src/install/slam_toolbox/include/slam_toolbox/srv/detail/merge_maps__struct.hpp
[65.368s] -- Installing: /home/kim/lostchild/src/install/slam_toolbox/include/slam_toolbox/srv/detail/loop_closure__struct.hpp
[65.368s] -- Installing: /home/kim/lostchild/src/install/slam_toolbox/include/slam_toolbox/srv/detail/clear__struct.hpp
[65.368s] -- Installing: /home/kim/lostchild/src/install/slam_toolbox/include/slam_toolbox/srv/detail/clear__builder.hpp
[65.368s] -- Installing: /home/kim/lostchild/src/install/slam_toolbox/include/slam_toolbox/srv/detail/clear_queue__traits.hpp
[65.369s] -- Installing: /home/kim/lostchild/src/install/slam_toolbox/include/slam_toolbox/srv/detail/clear_queue__struct.hpp
[65.369s] -- Installing: /home/kim/lostchild/src/install/slam_toolbox/include/slam_toolbox/srv/detail/serialize_pose_graph__struct.hpp
[65.369s] -- Installing: /home/kim/lostchild/src/install/slam_toolbox/include/slam_toolbox/srv/detail/add_submap__traits.hpp
[65.369s] -- Installing: /home/kim/lostchild/src/install/slam_toolbox/include/slam_toolbox/srv/detail/clear_queue__builder.hpp
[65.369s] -- Installing: /home/kim/lostchild/src/install/slam_toolbox/include/slam_toolbox/srv/detail/deserialize_pose_graph__builder.hpp
[65.369s] -- Installing: /home/kim/lostchild/src/install/slam_toolbox/include/slam_toolbox/srv/detail/deserialize_pose_graph__traits.hpp
[65.369s] -- Installing: /home/kim/lostchild/src/install/slam_toolbox/include/slam_toolbox/srv/clear_queue.hpp
[65.369s] -- Installing: /home/kim/lostchild/src/install/slam_toolbox/include/slam_toolbox/srv/toggle_interactive.hpp
[65.369s] -- Up-to-date: /home/kim/lostchild/src/install/slam_toolbox/include/slam_toolbox
[65.369s] -- Up-to-date: /home/kim/lostchild/src/install/slam_toolbox/include/slam_toolbox/srv
[65.369s] -- Up-to-date: /home/kim/lostchild/src/install/slam_toolbox/include/slam_toolbox/srv/detail
[65.369s] -- Installing: /home/kim/lostchild/src/install/slam_toolbox/include/slam_toolbox/srv/detail/serialize_pose_graph__rosidl_typesupport_introspection_cpp.hpp
[65.370s] -- Installing: /home/kim/lostchild/src/install/slam_toolbox/include/slam_toolbox/srv/detail/add_submap__type_support.cpp
[65.370s] -- Installing: /home/kim/lostchild/src/install/slam_toolbox/include/slam_toolbox/srv/detail/serialize_pose_graph__type_support.cpp
[65.370s] -- Installing: /home/kim/lostchild/src/install/slam_toolbox/include/slam_toolbox/srv/detail/clear__type_support.cpp
[65.370s] -- Installing: /home/kim/lostchild/src/install/slam_toolbox/include/slam_toolbox/srv/detail/deserialize_pose_graph__rosidl_typesupport_introspection_cpp.hpp
[65.370s] -- Installing: /home/kim/lostchild/src/install/slam_toolbox/include/slam_toolbox/srv/detail/deserialize_pose_graph__type_support.cpp
[65.370s] -- Installing: /home/kim/lostchild/src/install/slam_toolbox/include/slam_toolbox/srv/detail/clear__rosidl_typesupport_introspection_cpp.hpp
[65.370s] -- Installing: /home/kim/lostchild/src/install/slam_toolbox/include/slam_toolbox/srv/detail/clear_queue__type_support.cpp
[65.370s] -- Installing: /home/kim/lostchild/src/install/slam_toolbox/include/slam_toolbox/srv/detail/loop_closure__type_support.cpp
[65.370s] -- Installing: /home/kim/lostchild/src/install/slam_toolbox/include/slam_toolbox/srv/detail/save_map__type_support.cpp
[65.370s] -- Installing: /home/kim/lostchild/src/install/slam_toolbox/include/slam_toolbox/srv/detail/add_submap__rosidl_typesupport_introspection_cpp.hpp
[65.370s] -- Installing: /home/kim/lostchild/src/install/slam_toolbox/include/slam_toolbox/srv/detail/loop_closure__rosidl_typesupport_introspection_cpp.hpp
[65.370s] -- Installing: /home/kim/lostchild/src/install/slam_toolbox/include/slam_toolbox/srv/detail/merge_maps__type_support.cpp
[65.370s] -- Installing: /home/kim/lostchild/src/install/slam_toolbox/include/slam_toolbox/srv/detail/merge_maps__rosidl_typesupport_introspection_cpp.hpp
[65.371s] -- Installing: /home/kim/lostchild/src/install/slam_toolbox/include/slam_toolbox/srv/detail/pause__type_support.cpp
[65.371s] -- Installing: /home/kim/lostchild/src/install/slam_toolbox/include/slam_toolbox/srv/detail/toggle_interactive__rosidl_typesupport_introspection_cpp.hpp
[65.371s] -- Installing: /home/kim/lostchild/src/install/slam_toolbox/include/slam_toolbox/srv/detail/clear_queue__rosidl_typesupport_introspection_cpp.hpp
[65.371s] -- Installing: /home/kim/lostchild/src/install/slam_toolbox/include/slam_toolbox/srv/detail/toggle_interactive__type_support.cpp
[65.371s] -- Installing: /home/kim/lostchild/src/install/slam_toolbox/include/slam_toolbox/srv/detail/pause__rosidl_typesupport_introspection_cpp.hpp
[65.371s] -- Installing: /home/kim/lostchild/src/install/slam_toolbox/include/slam_toolbox/srv/detail/save_map__rosidl_typesupport_introspection_cpp.hpp
[65.371s] -- Installing: /home/kim/lostchild/src/install/slam_toolbox/lib/libslam_toolbox__rosidl_typesupport_introspection_cpp.so
[65.371s] -- Set runtime path of "/home/kim/lostchild/src/install/slam_toolbox/lib/libslam_toolbox__rosidl_typesupport_introspection_cpp.so" to ""
[65.371s] -- Installing: /home/kim/lostchild/src/install/slam_toolbox/lib/libslam_toolbox__rosidl_typesupport_cpp.so
[65.371s] -- Set runtime path of "/home/kim/lostchild/src/install/slam_toolbox/lib/libslam_toolbox__rosidl_typesupport_cpp.so" to ""
[65.371s] -- Installing: /home/kim/lostchild/src/install/slam_toolbox/share/slam_toolbox/environment/pythonpath.sh
[65.372s] -- Installing: /home/kim/lostchild/src/install/slam_toolbox/share/slam_toolbox/environment/pythonpath.dsv
[65.372s] -- Installing: /home/kim/lostchild/src/install/slam_toolbox/lib/python3.8/site-packages/slam_toolbox/__init__.py
[65.396s] Compiling '/home/kim/lostchild/src/install/slam_toolbox/lib/python3.8/site-packages/slam_toolbox/__init__.py'...
[65.398s] -- Installing: /home/kim/lostchild/src/install/slam_toolbox/lib/python3.8/site-packages/slam_toolbox/srv
[65.398s] -- Installing: /home/kim/lostchild/src/install/slam_toolbox/lib/python3.8/site-packages/slam_toolbox/srv/_loop_closure_s.c
[65.398s] -- Installing: /home/kim/lostchild/src/install/slam_toolbox/lib/python3.8/site-packages/slam_toolbox/srv/_serialize_pose_graph_s.c
[65.398s] -- Installing: /home/kim/lostchild/src/install/slam_toolbox/lib/python3.8/site-packages/slam_toolbox/srv/__init__.py
[65.398s] -- Installing: /home/kim/lostchild/src/install/slam_toolbox/lib/python3.8/site-packages/slam_toolbox/srv/_deserialize_pose_graph.py
[65.399s] -- Installing: /home/kim/lostchild/src/install/slam_toolbox/lib/python3.8/site-packages/slam_toolbox/srv/_clear_queue_s.c
[65.399s] -- Installing: /home/kim/lostchild/src/install/slam_toolbox/lib/python3.8/site-packages/slam_toolbox/srv/_add_submap.py
[65.399s] -- Installing: /home/kim/lostchild/src/install/slam_toolbox/lib/python3.8/site-packages/slam_toolbox/srv/_serialize_pose_graph.py
[65.399s] -- Installing: /home/kim/lostchild/src/install/slam_toolbox/lib/python3.8/site-packages/slam_toolbox/srv/_deserialize_pose_graph_s.c
[65.399s] -- Installing: /home/kim/lostchild/src/install/slam_toolbox/lib/python3.8/site-packages/slam_toolbox/srv/_toggle_interactive.py
[65.399s] -- Installing: /home/kim/lostchild/src/install/slam_toolbox/lib/python3.8/site-packages/slam_toolbox/srv/_merge_maps_s.c
[65.399s] -- Installing: /home/kim/lostchild/src/install/slam_toolbox/lib/python3.8/site-packages/slam_toolbox/srv/_clear_queue.py
[65.399s] -- Installing: /home/kim/lostchild/src/install/slam_toolbox/lib/python3.8/site-packages/slam_toolbox/srv/_save_map.py
[65.399s] -- Installing: /home/kim/lostchild/src/install/slam_toolbox/lib/python3.8/site-packages/slam_toolbox/srv/_loop_closure.py
[65.399s] -- Installing: /home/kim/lostchild/src/install/slam_toolbox/lib/python3.8/site-packages/slam_toolbox/srv/_clear_s.c
[65.399s] -- Installing: /home/kim/lostchild/src/install/slam_toolbox/lib/python3.8/site-packages/slam_toolbox/srv/_pause.py
[65.399s] -- Installing: /home/kim/lostchild/src/install/slam_toolbox/lib/python3.8/site-packages/slam_toolbox/srv/_clear.py
[65.399s] -- Installing: /home/kim/lostchild/src/install/slam_toolbox/lib/python3.8/site-packages/slam_toolbox/srv/_merge_maps.py
[65.399s] -- Installing: /home/kim/lostchild/src/install/slam_toolbox/lib/python3.8/site-packages/slam_toolbox/srv/_add_submap_s.c
[65.400s] -- Installing: /home/kim/lostchild/src/install/slam_toolbox/lib/python3.8/site-packages/slam_toolbox/srv/_pause_s.c
[65.400s] -- Installing: /home/kim/lostchild/src/install/slam_toolbox/lib/python3.8/site-packages/slam_toolbox/srv/_toggle_interactive_s.c
[65.400s] -- Installing: /home/kim/lostchild/src/install/slam_toolbox/lib/python3.8/site-packages/slam_toolbox/srv/_save_map_s.c
[65.400s] -- Installing: /home/kim/lostchild/src/install/slam_toolbox/lib/python3.8/site-packages/slam_toolbox/slam_toolbox_s__rosidl_typesupport_fastrtps_c.cpython-38-x86_64-linux-gnu.so
[65.400s] -- Set runtime path of "/home/kim/lostchild/src/install/slam_toolbox/lib/python3.8/site-packages/slam_toolbox/slam_toolbox_s__rosidl_typesupport_fastrtps_c.cpython-38-x86_64-linux-gnu.so" to ""
[65.400s] -- Installing: /home/kim/lostchild/src/install/slam_toolbox/lib/python3.8/site-packages/slam_toolbox/slam_toolbox_s__rosidl_typesupport_introspection_c.cpython-38-x86_64-linux-gnu.so
[65.400s] -- Set runtime path of "/home/kim/lostchild/src/install/slam_toolbox/lib/python3.8/site-packages/slam_toolbox/slam_toolbox_s__rosidl_typesupport_introspection_c.cpython-38-x86_64-linux-gnu.so" to ""
[65.400s] -- Installing: /home/kim/lostchild/src/install/slam_toolbox/lib/python3.8/site-packages/slam_toolbox/slam_toolbox_s__rosidl_typesupport_c.cpython-38-x86_64-linux-gnu.so
[65.401s] -- Set runtime path of "/home/kim/lostchild/src/install/slam_toolbox/lib/python3.8/site-packages/slam_toolbox/slam_toolbox_s__rosidl_typesupport_c.cpython-38-x86_64-linux-gnu.so" to ""
[65.401s] -- Installing: /home/kim/lostchild/src/install/slam_toolbox/lib/libslam_toolbox__python.so
[65.401s] -- Set runtime path of "/home/kim/lostchild/src/install/slam_toolbox/lib/libslam_toolbox__python.so" to ""
[65.401s] -- Installing: /home/kim/lostchild/src/install/slam_toolbox/share/slam_toolbox/srv/Pause.idl
[65.401s] -- Installing: /home/kim/lostchild/src/install/slam_toolbox/share/slam_toolbox/srv/ClearQueue.idl
[65.401s] -- Installing: /home/kim/lostchild/src/install/slam_toolbox/share/slam_toolbox/srv/ToggleInteractive.idl
[65.401s] -- Installing: /home/kim/lostchild/src/install/slam_toolbox/share/slam_toolbox/srv/Clear.idl
[65.402s] -- Installing: /home/kim/lostchild/src/install/slam_toolbox/share/slam_toolbox/srv/SaveMap.idl
[65.402s] -- Installing: /home/kim/lostchild/src/install/slam_toolbox/share/slam_toolbox/srv/LoopClosure.idl
[65.402s] -- Installing: /home/kim/lostchild/src/install/slam_toolbox/share/slam_toolbox/srv/MergeMaps.idl
[65.402s] -- Installing: /home/kim/lostchild/src/install/slam_toolbox/share/slam_toolbox/srv/AddSubmap.idl
[65.402s] -- Installing: /home/kim/lostchild/src/install/slam_toolbox/share/slam_toolbox/srv/DeserializePoseGraph.idl
[65.402s] -- Installing: /home/kim/lostchild/src/install/slam_toolbox/share/slam_toolbox/srv/SerializePoseGraph.idl
[65.402s] -- Installing: /home/kim/lostchild/src/install/slam_toolbox/share/slam_toolbox/srvs/Pause.srv
[65.402s] -- Installing: /home/kim/lostchild/src/install/slam_toolbox/share/slam_toolbox/srvs/Pause_Request.msg
[65.402s] -- Installing: /home/kim/lostchild/src/install/slam_toolbox/share/slam_toolbox/srvs/Pause_Response.msg
[65.402s] -- Installing: /home/kim/lostchild/src/install/slam_toolbox/share/slam_toolbox/srvs/ClearQueue.srv
[65.402s] -- Installing: /home/kim/lostchild/src/install/slam_toolbox/share/slam_toolbox/srvs/ClearQueue_Request.msg
[65.403s] -- Installing: /home/kim/lostchild/src/install/slam_toolbox/share/slam_toolbox/srvs/ClearQueue_Response.msg
[65.403s] -- Installing: /home/kim/lostchild/src/install/slam_toolbox/share/slam_toolbox/srvs/ToggleInteractive.srv
[65.403s] -- Installing: /home/kim/lostchild/src/install/slam_toolbox/share/slam_toolbox/srvs/ToggleInteractive_Request.msg
[65.403s] -- Installing: /home/kim/lostchild/src/install/slam_toolbox/share/slam_toolbox/srvs/ToggleInteractive_Response.msg
[65.403s] -- Installing: /home/kim/lostchild/src/install/slam_toolbox/share/slam_toolbox/srvs/Clear.srv
[65.403s] -- Installing: /home/kim/lostchild/src/install/slam_toolbox/share/slam_toolbox/srvs/Clear_Request.msg
[65.403s] -- Installing: /home/kim/lostchild/src/install/slam_toolbox/share/slam_toolbox/srvs/Clear_Response.msg
[65.403s] -- Installing: /home/kim/lostchild/src/install/slam_toolbox/share/slam_toolbox/srvs/SaveMap.srv
[65.403s] -- Installing: /home/kim/lostchild/src/install/slam_toolbox/share/slam_toolbox/srvs/SaveMap_Request.msg
[65.403s] -- Installing: /home/kim/lostchild/src/install/slam_toolbox/share/slam_toolbox/srvs/SaveMap_Response.msg
[65.403s] -- Installing: /home/kim/lostchild/src/install/slam_toolbox/share/slam_toolbox/srvs/LoopClosure.srv
[65.404s] -- Installing: /home/kim/lostchild/src/install/slam_toolbox/share/slam_toolbox/srvs/LoopClosure_Request.msg
[65.404s] -- Installing: /home/kim/lostchild/src/install/slam_toolbox/share/slam_toolbox/srvs/LoopClosure_Response.msg
[65.404s] -- Installing: /home/kim/lostchild/src/install/slam_toolbox/share/slam_toolbox/srvs/MergeMaps.srv
[65.404s] -- Installing: /home/kim/lostchild/src/install/slam_toolbox/share/slam_toolbox/srvs/MergeMaps_Request.msg
[65.404s] -- Installing: /home/kim/lostchild/src/install/slam_toolbox/share/slam_toolbox/srvs/MergeMaps_Response.msg
[65.404s] -- Installing: /home/kim/lostchild/src/install/slam_toolbox/share/slam_toolbox/srvs/AddSubmap.srv
[65.404s] -- Installing: /home/kim/lostchild/src/install/slam_toolbox/share/slam_toolbox/srvs/AddSubmap_Request.msg
[65.404s] -- Installing: /home/kim/lostchild/src/install/slam_toolbox/share/slam_toolbox/srvs/AddSubmap_Response.msg
[65.404s] -- Installing: /home/kim/lostchild/src/install/slam_toolbox/share/slam_toolbox/srvs/DeserializePoseGraph.srv
[65.404s] -- Installing: /home/kim/lostchild/src/install/slam_toolbox/share/slam_toolbox/srvs/DeserializePoseGraph_Request.msg
[65.405s] -- Installing: /home/kim/lostchild/src/install/slam_toolbox/share/slam_toolbox/srvs/DeserializePoseGraph_Response.msg
[65.405s] -- Installing: /home/kim/lostchild/src/install/slam_toolbox/share/slam_toolbox/srvs/SerializePoseGraph.srv
[65.405s] -- Installing: /home/kim/lostchild/src/install/slam_toolbox/share/slam_toolbox/srvs/SerializePoseGraph_Request.msg
[65.405s] -- Installing: /home/kim/lostchild/src/install/slam_toolbox/share/slam_toolbox/srvs/SerializePoseGraph_Response.msg
[65.405s] -- Installing: /home/kim/lostchild/src/install/slam_toolbox/share/slam_toolbox/rviz_plugins.xml
[65.405s] -- Installing: /home/kim/lostchild/src/install/slam_toolbox/share/slam_toolbox/solver_plugins.xml
[65.405s] -- Installing: /home/kim/lostchild/src/install/slam_toolbox/lib/slam_toolbox/async_slam_toolbox_node
[65.406s] -- Set runtime path of "/home/kim/lostchild/src/install/slam_toolbox/lib/slam_toolbox/async_slam_toolbox_node" to ""
[65.406s] -- Installing: /home/kim/lostchild/src/install/slam_toolbox/lib/slam_toolbox/sync_slam_toolbox_node
[65.407s] -- Set runtime path of "/home/kim/lostchild/src/install/slam_toolbox/lib/slam_toolbox/sync_slam_toolbox_node" to ""
[65.407s] -- Installing: /home/kim/lostchild/src/install/slam_toolbox/lib/slam_toolbox/localization_slam_toolbox_node
[65.408s] -- Set runtime path of "/home/kim/lostchild/src/install/slam_toolbox/lib/slam_toolbox/localization_slam_toolbox_node" to ""
[65.408s] -- Installing: /home/kim/lostchild/src/install/slam_toolbox/lib/slam_toolbox/lifelong_slam_toolbox_node
[65.409s] -- Set runtime path of "/home/kim/lostchild/src/install/slam_toolbox/lib/slam_toolbox/lifelong_slam_toolbox_node" to ""
[65.409s] -- Installing: /home/kim/lostchild/src/install/slam_toolbox/lib/slam_toolbox/merge_maps_kinematic
[65.410s] -- Set runtime path of "/home/kim/lostchild/src/install/slam_toolbox/lib/slam_toolbox/merge_maps_kinematic" to ""
[65.410s] -- Installing: /home/kim/lostchild/src/install/slam_toolbox/lib/libtoolbox_common.so
[65.412s] -- Set runtime path of "/home/kim/lostchild/src/install/slam_toolbox/lib/libtoolbox_common.so" to ""
[65.412s] -- Installing: /home/kim/lostchild/src/install/slam_toolbox/lib/libSlamToolboxPlugin.so
[65.413s] -- Set runtime path of "/home/kim/lostchild/src/install/slam_toolbox/lib/libSlamToolboxPlugin.so" to ""
[65.413s] -- Installing: /home/kim/lostchild/src/install/slam_toolbox/lib/libceres_solver_plugin.so
[65.414s] -- Set runtime path of "/home/kim/lostchild/src/install/slam_toolbox/lib/libceres_solver_plugin.so" to ""
[65.414s] -- Installing: /home/kim/lostchild/src/install/slam_toolbox/lib/libasync_slam_toolbox.so
[65.415s] -- Set runtime path of "/home/kim/lostchild/src/install/slam_toolbox/lib/libasync_slam_toolbox.so" to ""
[65.415s] -- Installing: /home/kim/lostchild/src/install/slam_toolbox/lib/libsync_slam_toolbox.so
[65.416s] -- Set runtime path of "/home/kim/lostchild/src/install/slam_toolbox/lib/libsync_slam_toolbox.so" to ""
[65.416s] -- Installing: /home/kim/lostchild/src/install/slam_toolbox/lib/liblocalization_slam_toolbox.so
[65.417s] -- Set runtime path of "/home/kim/lostchild/src/install/slam_toolbox/lib/liblocalization_slam_toolbox.so" to ""
[65.417s] -- Installing: /home/kim/lostchild/src/install/slam_toolbox/lib/liblifelong_slam_toolbox.so
[65.418s] -- Set runtime path of "/home/kim/lostchild/src/install/slam_toolbox/lib/liblifelong_slam_toolbox.so" to ""
[65.418s] -- Up-to-date: /home/kim/lostchild/src/install/slam_toolbox/lib/libSlamToolboxPlugin.so
[65.418s] -- Up-to-date: /home/kim/lostchild/src/install/slam_toolbox/include
[65.418s] -- Up-to-date: /home/kim/lostchild/src/install/slam_toolbox/include/slam_toolbox
[65.418s] -- Installing: /home/kim/lostchild/src/install/slam_toolbox/include/slam_toolbox/slam_toolbox_async.hpp
[65.418s] -- Installing: /home/kim/lostchild/src/install/slam_toolbox/include/slam_toolbox/visualization_utils.hpp
[65.418s] -- Installing: /home/kim/lostchild/src/install/slam_toolbox/include/slam_toolbox/laser_utils.hpp
[65.418s] -- Installing: /home/kim/lostchild/src/install/slam_toolbox/include/slam_toolbox/map_saver.hpp
[65.418s] -- Installing: /home/kim/lostchild/src/install/slam_toolbox/include/slam_toolbox/serialization.hpp
[65.418s] -- Installing: /home/kim/lostchild/src/install/slam_toolbox/include/slam_toolbox/slam_toolbox_common.hpp
[65.419s] -- Installing: /home/kim/lostchild/src/install/slam_toolbox/include/slam_toolbox/slam_toolbox_localization.hpp
[65.419s] -- Installing: /home/kim/lostchild/src/install/slam_toolbox/include/slam_toolbox/loop_closure_assistant.hpp
[65.419s] -- Installing: /home/kim/lostchild/src/install/slam_toolbox/include/slam_toolbox/get_pose_helper.hpp
[65.419s] -- Installing: /home/kim/lostchild/src/install/slam_toolbox/include/slam_toolbox/merge_maps_kinematic.hpp
[65.419s] -- Installing: /home/kim/lostchild/src/install/slam_toolbox/include/slam_toolbox/slam_mapper.hpp
[65.419s] -- Installing: /home/kim/lostchild/src/install/slam_toolbox/include/slam_toolbox/toolbox_types.hpp
[65.419s] -- Installing: /home/kim/lostchild/src/install/slam_toolbox/include/slam_toolbox/experimental
[65.419s] -- Installing: /home/kim/lostchild/src/install/slam_toolbox/include/slam_toolbox/experimental/slam_toolbox_lifelong.hpp
[65.419s] -- Installing: /home/kim/lostchild/src/install/slam_toolbox/include/slam_toolbox/toolbox_msgs.hpp
[65.419s] -- Installing: /home/kim/lostchild/src/install/slam_toolbox/include/slam_toolbox/snap_utils.hpp
[65.419s] -- Installing: /home/kim/lostchild/src/install/slam_toolbox/include/slam_toolbox/slam_toolbox_sync.hpp
[65.419s] -- Installing: /home/kim/lostchild/src/install/slam_toolbox/share/slam_toolbox/launch
[65.420s] -- Installing: /home/kim/lostchild/src/install/slam_toolbox/share/slam_toolbox/launch/online_async_launch.py
[65.420s] -- Installing: /home/kim/lostchild/src/install/slam_toolbox/share/slam_toolbox/launch/online_sync_launch.py
[65.420s] -- Installing: /home/kim/lostchild/src/install/slam_toolbox/share/slam_toolbox/launch/localization_launch.py
[65.420s] -- Installing: /home/kim/lostchild/src/install/slam_toolbox/share/slam_toolbox/launch/offline_launch.py
[65.420s] -- Installing: /home/kim/lostchild/src/install/slam_toolbox/share/slam_toolbox/launch/merge_maps_kinematic_launch.py
[65.420s] -- Installing: /home/kim/lostchild/src/install/slam_toolbox/share/slam_toolbox/launch/lifelong_launch.py
[65.420s] -- Installing: /home/kim/lostchild/src/install/slam_toolbox/share/slam_toolbox/launch/__pycache__
[65.420s] -- Installing: /home/kim/lostchild/src/install/slam_toolbox/share/slam_toolbox/launch/__pycache__/online_async_launch.cpython-38.pyc
[65.420s] -- Installing: /home/kim/lostchild/src/install/slam_toolbox/share/slam_toolbox/launch/__pycache__/online_sync_launch.cpython-38.pyc
[65.420s] -- Installing: /home/kim/lostchild/src/install/slam_toolbox/share/slam_toolbox/config
[65.420s] -- Installing: /home/kim/lostchild/src/install/slam_toolbox/share/slam_toolbox/config/mapper_params_lifelong.yaml
[65.420s] -- Installing: /home/kim/lostchild/src/install/slam_toolbox/share/slam_toolbox/config/mapper_params_localization.yaml
[65.420s] -- Installing: /home/kim/lostchild/src/install/slam_toolbox/share/slam_toolbox/config/mapper_params_online_sync.yaml
[65.421s] -- Installing: /home/kim/lostchild/src/install/slam_toolbox/share/slam_toolbox/config/mapper_params_offline.yaml
[65.421s] -- Installing: /home/kim/lostchild/src/install/slam_toolbox/share/slam_toolbox/config/mapper_params_online_async.yaml
[65.421s] -- Installing: /home/kim/lostchild/src/install/slam_toolbox/share/solver_plugins.xml
[65.421s] -- Installing: /home/kim/lostchild/src/install/slam_toolbox/share/rviz_plugins.xml
[65.421s] -- Installing: /home/kim/lostchild/src/install/slam_toolbox/share/ament_index/resource_index/package_run_dependencies/slam_toolbox
[65.421s] -- Installing: /home/kim/lostchild/src/install/slam_toolbox/share/ament_index/resource_index/parent_prefix_path/slam_toolbox
[65.421s] -- Installing: /home/kim/lostchild/src/install/slam_toolbox/share/slam_toolbox/environment/ament_prefix_path.sh
[65.421s] -- Installing: /home/kim/lostchild/src/install/slam_toolbox/share/slam_toolbox/environment/ament_prefix_path.dsv
[65.421s] -- Installing: /home/kim/lostchild/src/install/slam_toolbox/share/slam_toolbox/environment/path.sh
[65.421s] -- Installing: /home/kim/lostchild/src/install/slam_toolbox/share/slam_toolbox/environment/path.dsv
[65.421s] -- Installing: /home/kim/lostchild/src/install/slam_toolbox/share/slam_toolbox/local_setup.bash
[65.421s] -- Installing: /home/kim/lostchild/src/install/slam_toolbox/share/slam_toolbox/local_setup.sh
[65.422s] -- Installing: /home/kim/lostchild/src/install/slam_toolbox/share/slam_toolbox/local_setup.zsh
[65.422s] -- Installing: /home/kim/lostchild/src/install/slam_toolbox/share/slam_toolbox/local_setup.dsv
[65.422s] -- Installing: /home/kim/lostchild/src/install/slam_toolbox/share/slam_toolbox/package.dsv
[65.422s] -- Installing: /home/kim/lostchild/src/install/slam_toolbox/share/ament_index/resource_index/packages/slam_toolbox
[65.422s] -- Installing: /home/kim/lostchild/src/install/slam_toolbox/share/ament_index/resource_index/rviz_common__pluginlib__plugin/slam_toolbox
[65.422s] -- Installing: /home/kim/lostchild/src/install/slam_toolbox/share/ament_index/resource_index/slam_toolbox__pluginlib__plugin/slam_toolbox
[65.422s] -- Installing: /home/kim/lostchild/src/install/slam_toolbox/share/slam_toolbox/cmake/slam_toolbox__rosidl_generator_cExport.cmake
[65.422s] -- Installing: /home/kim/lostchild/src/install/slam_toolbox/share/slam_toolbox/cmake/slam_toolbox__rosidl_generator_cExport-release.cmake
[65.422s] -- Installing: /home/kim/lostchild/src/install/slam_toolbox/share/slam_toolbox/cmake/slam_toolbox__rosidl_typesupport_introspection_cExport.cmake
[65.422s] -- Installing: /home/kim/lostchild/src/install/slam_toolbox/share/slam_toolbox/cmake/slam_toolbox__rosidl_typesupport_introspection_cExport-release.cmake
[65.422s] -- Installing: /home/kim/lostchild/src/install/slam_toolbox/share/slam_toolbox/cmake/slam_toolbox__rosidl_typesupport_cExport.cmake
[65.422s] -- Installing: /home/kim/lostchild/src/install/slam_toolbox/share/slam_toolbox/cmake/slam_toolbox__rosidl_typesupport_cExport-release.cmake
[65.423s] -- Installing: /home/kim/lostchild/src/install/slam_toolbox/share/slam_toolbox/cmake/slam_toolbox__rosidl_generator_cppExport.cmake
[65.423s] -- Installing: /home/kim/lostchild/src/install/slam_toolbox/share/slam_toolbox/cmake/slam_toolbox__rosidl_typesupport_introspection_cppExport.cmake
[65.423s] -- Installing: /home/kim/lostchild/src/install/slam_toolbox/share/slam_toolbox/cmake/slam_toolbox__rosidl_typesupport_introspection_cppExport-release.cmake
[65.423s] -- Installing: /home/kim/lostchild/src/install/slam_toolbox/share/slam_toolbox/cmake/slam_toolbox__rosidl_typesupport_cppExport.cmake
[65.423s] -- Installing: /home/kim/lostchild/src/install/slam_toolbox/share/slam_toolbox/cmake/slam_toolbox__rosidl_typesupport_cppExport-release.cmake
[65.423s] -- Installing: /home/kim/lostchild/src/install/slam_toolbox/share/slam_toolbox/cmake/SlamToolboxPluginExport.cmake
[65.423s] -- Installing: /home/kim/lostchild/src/install/slam_toolbox/share/slam_toolbox/cmake/SlamToolboxPluginExport-release.cmake
[65.423s] -- Installing: /home/kim/lostchild/src/install/slam_toolbox/share/slam_toolbox/cmake/rosidl_cmake-extras.cmake
[65.423s] -- Installing: /home/kim/lostchild/src/install/slam_toolbox/share/slam_toolbox/cmake/ament_cmake_export_dependencies-extras.cmake
[65.423s] -- Installing: /home/kim/lostchild/src/install/slam_toolbox/share/slam_toolbox/cmake/ament_cmake_export_libraries-extras.cmake
[65.423s] -- Installing: /home/kim/lostchild/src/install/slam_toolbox/share/slam_toolbox/cmake/ament_cmake_export_targets-extras.cmake
[65.424s] -- Installing: /home/kim/lostchild/src/install/slam_toolbox/share/slam_toolbox/cmake/ament_cmake_export_include_directories-extras.cmake
[65.424s] -- Installing: /home/kim/lostchild/src/install/slam_toolbox/share/slam_toolbox/cmake/rosidl_cmake_export_typesupport_libraries-extras.cmake
[65.424s] -- Installing: /home/kim/lostchild/src/install/slam_toolbox/share/slam_toolbox/cmake/rosidl_cmake_export_typesupport_targets-extras.cmake
[65.424s] -- Installing: /home/kim/lostchild/src/install/slam_toolbox/share/slam_toolbox/cmake/slam_toolboxConfig.cmake
[65.424s] -- Installing: /home/kim/lostchild/src/install/slam_toolbox/share/slam_toolbox/cmake/slam_toolboxConfig-version.cmake
[65.424s] -- Installing: /home/kim/lostchild/src/install/slam_toolbox/share/slam_toolbox/package.xml
[65.424s] -- Up-to-date: /home/kim/lostchild/src/install/slam_toolbox/include/
[65.424s] -- Installing: /home/kim/lostchild/src/install/slam_toolbox/include//karto_sdk
[65.424s] -- Installing: /home/kim/lostchild/src/install/slam_toolbox/include//karto_sdk/Karto.h
[65.424s] -- Installing: /home/kim/lostchild/src/install/slam_toolbox/include//karto_sdk/nanoflann.hpp
[65.425s] -- Installing: /home/kim/lostchild/src/install/slam_toolbox/include//karto_sdk/Mapper.h
[65.425s] -- Installing: /home/kim/lostchild/src/install/slam_toolbox/include//karto_sdk/nanoflann_adaptors.h
[65.425s] -- Installing: /home/kim/lostchild/src/install/slam_toolbox/include//karto_sdk/Math.h
[65.425s] -- Installing: /home/kim/lostchild/src/install/slam_toolbox/include//karto_sdk/Macros.h
[65.425s] -- Installing: /home/kim/lostchild/src/install/slam_toolbox/include//karto_sdk/Types.h
[65.425s] -- Installing: /home/kim/lostchild/src/install/slam_toolbox/lib/libkartoSlamToolbox.so
[65.427s] -- Set runtime path of "/home/kim/lostchild/src/install/slam_toolbox/lib/libkartoSlamToolbox.so" to ""
[65.427s] -- Installing: /home/kim/lostchild/src/install/slam_toolbox/share/karto_sdk/environment/library_path.sh
[65.427s] -- Installing: /home/kim/lostchild/src/install/slam_toolbox/share/karto_sdk/environment/library_path.dsv
[65.428s] -- Installing: /home/kim/lostchild/src/install/slam_toolbox/share/ament_index/resource_index/package_run_dependencies/karto_sdk
[65.428s] -- Installing: /home/kim/lostchild/src/install/slam_toolbox/share/ament_index/resource_index/parent_prefix_path/karto_sdk
[65.428s] -- Installing: /home/kim/lostchild/src/install/slam_toolbox/share/karto_sdk/environment/ament_prefix_path.sh
[65.428s] -- Installing: /home/kim/lostchild/src/install/slam_toolbox/share/karto_sdk/environment/ament_prefix_path.dsv
[65.428s] -- Installing: /home/kim/lostchild/src/install/slam_toolbox/share/karto_sdk/environment/path.sh
[65.428s] -- Installing: /home/kim/lostchild/src/install/slam_toolbox/share/karto_sdk/environment/path.dsv
[65.428s] -- Installing: /home/kim/lostchild/src/install/slam_toolbox/share/karto_sdk/local_setup.bash
[65.428s] -- Installing: /home/kim/lostchild/src/install/slam_toolbox/share/karto_sdk/local_setup.sh
[65.428s] -- Installing: /home/kim/lostchild/src/install/slam_toolbox/share/karto_sdk/local_setup.zsh
[65.428s] -- Installing: /home/kim/lostchild/src/install/slam_toolbox/share/karto_sdk/local_setup.dsv
[65.429s] -- Installing: /home/kim/lostchild/src/install/slam_toolbox/share/karto_sdk/package.dsv
[65.429s] -- Installing: /home/kim/lostchild/src/install/slam_toolbox/share/ament_index/resource_index/packages/karto_sdk
[65.429s] -- Installing: /home/kim/lostchild/src/install/slam_toolbox/share/karto_sdk/cmake/ament_cmake_export_libraries-extras.cmake
[65.429s] -- Installing: /home/kim/lostchild/src/install/slam_toolbox/share/karto_sdk/cmake/ament_cmake_export_include_directories-extras.cmake
[65.429s] -- Installing: /home/kim/lostchild/src/install/slam_toolbox/share/karto_sdk/cmake/ament_cmake_export_dependencies-extras.cmake
[65.429s] -- Installing: /home/kim/lostchild/src/install/slam_toolbox/share/karto_sdk/cmake/karto_sdkConfig.cmake
[65.429s] -- Installing: /home/kim/lostchild/src/install/slam_toolbox/share/karto_sdk/cmake/karto_sdkConfig-version.cmake
[65.429s] -- Installing: /home/kim/lostchild/src/install/slam_toolbox/share/karto_sdk/package.xml
[65.437s] Invoked command in '/home/kim/lostchild/src/build/slam_toolbox' returned '0': CMAKE_PREFIX_PATH=/home/kim/robot_ws/install/lidar:/opt/ros/foxy /usr/local/bin/cmake --install /home/kim/lostchild/src/build/slam_toolbox
