[1.239s] Invoking command in '/home/yumjunstar/Desktop/YJW/RoboticsProgram/Project/LostChildProject-ROS2_SLAM_Toolbox-Yolov8/build/msg_interface': CMAKE_PREFIX_PATH=${CMAKE_PREFIX_PATH}:/home/yumjunstar/Desktop/YJW/RoboticsProgram/Project/LostChildProject-ROS2_SLAM_Toolbox-Yolov8/install/robot_localization:/home/yumjunstar/Desktop/YJW/RoboticsProgram/Project/LostChildProject-ROS2_SLAM_Toolbox-Yolov8/install/beagle_sub_pub:/home/yumjunstar/Desktop/YJW/RoboticsProgram/Project/LostChildProject-ROS2_SLAM_Toolbox-Yolov8/install/tf_transformations:/home/yumjunstar/Desktop/YJW/RoboticsProgram/Project/LostChildProject-ROS2_SLAM_Toolbox-Yolov8/install/static_tf:/home/yumjunstar/Desktop/YJW/RoboticsProgram/Project/LostChildProject-ROS2_SLAM_Toolbox-Yolov8/install/object_detection:/home/yumjunstar/Desktop/YJW/RoboticsProgram/Project/LostChildProject-ROS2_SLAM_Toolbox-Yolov8/install/motor:/home/yumjunstar/Desktop/YJW/RoboticsProgram/Project/LostChildProject-ROS2_SLAM_Toolbox-Yolov8/install/lidar:/home/yumjunstar/Desktop/YJW/RoboticsProgram/Project/LostChildProject-ROS2_SLAM_Toolbox-Yolov8/install/camera:/opt/ros/foxy /home/yumjunstar/.local/bin/cmake --build /home/yumjunstar/Desktop/YJW/RoboticsProgram/Project/LostChildProject-ROS2_SLAM_Toolbox-Yolov8/build/msg_interface -- -j8 -l8
[1.492s] [  2%] Built target msg_interface__cpp
[1.493s] [ 12%] Built target msg_interface__rosidl_generator_c
[1.493s] [ 34%] Built target msg_interface__rosidl_typesupport_introspection_c
[1.494s] [ 34%] Built target msg_interface__rosidl_typesupport_cpp
[1.494s] [ 44%] Built target msg_interface__rosidl_typesupport_introspection_cpp
[1.495s] [ 55%] Built target msg_interface__rosidl_typesupport_c
[1.495s] [ 65%] Built target msg_interface__rosidl_typesupport_fastrtps_cpp
[1.495s] [ 76%] Built target msg_interface__rosidl_typesupport_fastrtps_c
[1.496s] [ 76%] Built target msg_interface
[1.496s] [ 78%] Built target msg_interface__py
[1.496s] [ 87%] Built target msg_interface__python
[1.497s] [100%] Built target msg_interface__rosidl_typesupport_fastrtps_c__pyext
[1.497s] [100%] Built target msg_interface__rosidl_typesupport_c__pyext
[1.498s] [100%] Built target msg_interface__rosidl_typesupport_introspection_c__pyext
[1.499s] Invoked command in '/home/yumjunstar/Desktop/YJW/RoboticsProgram/Project/LostChildProject-ROS2_SLAM_Toolbox-Yolov8/build/msg_interface' returned '0': CMAKE_PREFIX_PATH=${CMAKE_PREFIX_PATH}:/home/yumjunstar/Desktop/YJW/RoboticsProgram/Project/LostChildProject-ROS2_SLAM_Toolbox-Yolov8/install/robot_localization:/home/yumjunstar/Desktop/YJW/RoboticsProgram/Project/LostChildProject-ROS2_SLAM_Toolbox-Yolov8/install/beagle_sub_pub:/home/yumjunstar/Desktop/YJW/RoboticsProgram/Project/LostChildProject-ROS2_SLAM_Toolbox-Yolov8/install/tf_transformations:/home/yumjunstar/Desktop/YJW/RoboticsProgram/Project/LostChildProject-ROS2_SLAM_Toolbox-Yolov8/install/static_tf:/home/yumjunstar/Desktop/YJW/RoboticsProgram/Project/LostChildProject-ROS2_SLAM_Toolbox-Yolov8/install/object_detection:/home/yumjunstar/Desktop/YJW/RoboticsProgram/Project/LostChildProject-ROS2_SLAM_Toolbox-Yolov8/install/motor:/home/yumjunstar/Desktop/YJW/RoboticsProgram/Project/LostChildProject-ROS2_SLAM_Toolbox-Yolov8/install/lidar:/home/yumjunstar/Desktop/YJW/RoboticsProgram/Project/LostChildProject-ROS2_SLAM_Toolbox-Yolov8/install/camera:/opt/ros/foxy /home/yumjunstar/.local/bin/cmake --build /home/yumjunstar/Desktop/YJW/RoboticsProgram/Project/LostChildProject-ROS2_SLAM_Toolbox-Yolov8/build/msg_interface -- -j8 -l8
[1.648s] Invoking command in '/home/yumjunstar/Desktop/YJW/RoboticsProgram/Project/LostChildProject-ROS2_SLAM_Toolbox-Yolov8/build/msg_interface': CMAKE_PREFIX_PATH=${CMAKE_PREFIX_PATH}:/home/yumjunstar/Desktop/YJW/RoboticsProgram/Project/LostChildProject-ROS2_SLAM_Toolbox-Yolov8/install/robot_localization:/home/yumjunstar/Desktop/YJW/RoboticsProgram/Project/LostChildProject-ROS2_SLAM_Toolbox-Yolov8/install/beagle_sub_pub:/home/yumjunstar/Desktop/YJW/RoboticsProgram/Project/LostChildProject-ROS2_SLAM_Toolbox-Yolov8/install/tf_transformations:/home/yumjunstar/Desktop/YJW/RoboticsProgram/Project/LostChildProject-ROS2_SLAM_Toolbox-Yolov8/install/static_tf:/home/yumjunstar/Desktop/YJW/RoboticsProgram/Project/LostChildProject-ROS2_SLAM_Toolbox-Yolov8/install/object_detection:/home/yumjunstar/Desktop/YJW/RoboticsProgram/Project/LostChildProject-ROS2_SLAM_Toolbox-Yolov8/install/motor:/home/yumjunstar/Desktop/YJW/RoboticsProgram/Project/LostChildProject-ROS2_SLAM_Toolbox-Yolov8/install/lidar:/home/yumjunstar/Desktop/YJW/RoboticsProgram/Project/LostChildProject-ROS2_SLAM_Toolbox-Yolov8/install/camera:/opt/ros/foxy /home/yumjunstar/.local/bin/cmake --install /home/yumjunstar/Desktop/YJW/RoboticsProgram/Project/LostChildProject-ROS2_SLAM_Toolbox-Yolov8/build/msg_interface
[1.716s] -- Install configuration: ""
[1.717s] -- Execute custom install script
[1.717s] -- Up-to-date symlink: /home/yumjunstar/Desktop/YJW/RoboticsProgram/Project/LostChildProject-ROS2_SLAM_Toolbox-Yolov8/install/msg_interface/share/ament_index/resource_index/rosidl_interfaces/msg_interface
[1.718s] -- Up-to-date symlink: /home/yumjunstar/Desktop/YJW/RoboticsProgram/Project/LostChildProject-ROS2_SLAM_Toolbox-Yolov8/install/msg_interface/include/msg_interface/action/a_string.h
[1.718s] -- Up-to-date symlink: /home/yumjunstar/Desktop/YJW/RoboticsProgram/Project/LostChildProject-ROS2_SLAM_Toolbox-Yolov8/install/msg_interface/include/msg_interface/action/detail/a_string__functions.h
[1.719s] -- Up-to-date symlink: /home/yumjunstar/Desktop/YJW/RoboticsProgram/Project/LostChildProject-ROS2_SLAM_Toolbox-Yolov8/install/msg_interface/include/msg_interface/action/detail/a_string__struct.h
[1.719s] -- Up-to-date symlink: /home/yumjunstar/Desktop/YJW/RoboticsProgram/Project/LostChildProject-ROS2_SLAM_Toolbox-Yolov8/install/msg_interface/include/msg_interface/action/detail/a_string__type_support.h
[1.719s] -- Up-to-date symlink: /home/yumjunstar/Desktop/YJW/RoboticsProgram/Project/LostChildProject-ROS2_SLAM_Toolbox-Yolov8/install/msg_interface/include/msg_interface/msg/arithmetic.h
[1.720s] -- Up-to-date symlink: /home/yumjunstar/Desktop/YJW/RoboticsProgram/Project/LostChildProject-ROS2_SLAM_Toolbox-Yolov8/install/msg_interface/include/msg_interface/msg/detail/arithmetic__functions.h
[1.720s] -- Up-to-date symlink: /home/yumjunstar/Desktop/YJW/RoboticsProgram/Project/LostChildProject-ROS2_SLAM_Toolbox-Yolov8/install/msg_interface/include/msg_interface/msg/detail/arithmetic__struct.h
[1.720s] -- Up-to-date symlink: /home/yumjunstar/Desktop/YJW/RoboticsProgram/Project/LostChildProject-ROS2_SLAM_Toolbox-Yolov8/install/msg_interface/include/msg_interface/msg/detail/arithmetic__type_support.h
[1.720s] -- Up-to-date symlink: /home/yumjunstar/Desktop/YJW/RoboticsProgram/Project/LostChildProject-ROS2_SLAM_Toolbox-Yolov8/install/msg_interface/include/msg_interface/msg/rosidl_generator_c__visibility_control.h
[1.721s] -- Up-to-date symlink: /home/yumjunstar/Desktop/YJW/RoboticsProgram/Project/LostChildProject-ROS2_SLAM_Toolbox-Yolov8/install/msg_interface/include/msg_interface/srv/add_to_queue.h
[1.721s] -- Up-to-date symlink: /home/yumjunstar/Desktop/YJW/RoboticsProgram/Project/LostChildProject-ROS2_SLAM_Toolbox-Yolov8/install/msg_interface/include/msg_interface/srv/detail/add_to_queue__functions.h
[1.721s] -- Up-to-date symlink: /home/yumjunstar/Desktop/YJW/RoboticsProgram/Project/LostChildProject-ROS2_SLAM_Toolbox-Yolov8/install/msg_interface/include/msg_interface/srv/detail/add_to_queue__struct.h
[1.721s] -- Up-to-date symlink: /home/yumjunstar/Desktop/YJW/RoboticsProgram/Project/LostChildProject-ROS2_SLAM_Toolbox-Yolov8/install/msg_interface/include/msg_interface/srv/detail/add_to_queue__type_support.h
[1.722s] -- Up-to-date symlink: /home/yumjunstar/Desktop/YJW/RoboticsProgram/Project/LostChildProject-ROS2_SLAM_Toolbox-Yolov8/install/msg_interface/share/msg_interface/environment/library_path.sh
[1.722s] -- Up-to-date symlink: /home/yumjunstar/Desktop/YJW/RoboticsProgram/Project/LostChildProject-ROS2_SLAM_Toolbox-Yolov8/install/msg_interface/share/msg_interface/environment/library_path.dsv
[1.723s] -- Up-to-date symlink: /home/yumjunstar/Desktop/YJW/RoboticsProgram/Project/LostChildProject-ROS2_SLAM_Toolbox-Yolov8/install/msg_interface/include/msg_interface/action/detail/a_string__rosidl_typesupport_fastrtps_c.h
[1.723s] -- Up-to-date symlink: /home/yumjunstar/Desktop/YJW/RoboticsProgram/Project/LostChildProject-ROS2_SLAM_Toolbox-Yolov8/install/msg_interface/include/msg_interface/msg/detail/arithmetic__rosidl_typesupport_fastrtps_c.h
[1.724s] -- Up-to-date symlink: /home/yumjunstar/Desktop/YJW/RoboticsProgram/Project/LostChildProject-ROS2_SLAM_Toolbox-Yolov8/install/msg_interface/include/msg_interface/msg/rosidl_typesupport_fastrtps_c__visibility_control.h
[1.724s] -- Up-to-date symlink: /home/yumjunstar/Desktop/YJW/RoboticsProgram/Project/LostChildProject-ROS2_SLAM_Toolbox-Yolov8/install/msg_interface/include/msg_interface/srv/detail/add_to_queue__rosidl_typesupport_fastrtps_c.h
[1.725s] -- Up-to-date symlink: /home/yumjunstar/Desktop/YJW/RoboticsProgram/Project/LostChildProject-ROS2_SLAM_Toolbox-Yolov8/install/msg_interface/lib/libmsg_interface__rosidl_typesupport_fastrtps_c.so
[1.726s] -- Up-to-date symlink: /home/yumjunstar/Desktop/YJW/RoboticsProgram/Project/LostChildProject-ROS2_SLAM_Toolbox-Yolov8/install/msg_interface/include/msg_interface/action/detail/a_string__rosidl_typesupport_fastrtps_cpp.hpp
[1.726s] -- Up-to-date symlink: /home/yumjunstar/Desktop/YJW/RoboticsProgram/Project/LostChildProject-ROS2_SLAM_Toolbox-Yolov8/install/msg_interface/include/msg_interface/msg/detail/arithmetic__rosidl_typesupport_fastrtps_cpp.hpp
[1.726s] -- Up-to-date symlink: /home/yumjunstar/Desktop/YJW/RoboticsProgram/Project/LostChildProject-ROS2_SLAM_Toolbox-Yolov8/install/msg_interface/include/msg_interface/msg/rosidl_typesupport_fastrtps_cpp__visibility_control.h
[1.728s] -- Up-to-date symlink: /home/yumjunstar/Desktop/YJW/RoboticsProgram/Project/LostChildProject-ROS2_SLAM_Toolbox-Yolov8/install/msg_interface/include/msg_interface/srv/detail/add_to_queue__rosidl_typesupport_fastrtps_cpp.hpp
[1.728s] -- Up-to-date symlink: /home/yumjunstar/Desktop/YJW/RoboticsProgram/Project/LostChildProject-ROS2_SLAM_Toolbox-Yolov8/install/msg_interface/lib/libmsg_interface__rosidl_typesupport_fastrtps_cpp.so
[1.729s] -- Up-to-date symlink: /home/yumjunstar/Desktop/YJW/RoboticsProgram/Project/LostChildProject-ROS2_SLAM_Toolbox-Yolov8/install/msg_interface/include/msg_interface/action/detail/a_string__rosidl_typesupport_introspection_c.h
[1.729s] -- Up-to-date symlink: /home/yumjunstar/Desktop/YJW/RoboticsProgram/Project/LostChildProject-ROS2_SLAM_Toolbox-Yolov8/install/msg_interface/include/msg_interface/msg/detail/arithmetic__rosidl_typesupport_introspection_c.h
[1.729s] -- Up-to-date symlink: /home/yumjunstar/Desktop/YJW/RoboticsProgram/Project/LostChildProject-ROS2_SLAM_Toolbox-Yolov8/install/msg_interface/include/msg_interface/msg/rosidl_typesupport_introspection_c__visibility_control.h
[1.730s] -- Up-to-date symlink: /home/yumjunstar/Desktop/YJW/RoboticsProgram/Project/LostChildProject-ROS2_SLAM_Toolbox-Yolov8/install/msg_interface/include/msg_interface/srv/detail/add_to_queue__rosidl_typesupport_introspection_c.h
[1.730s] -- Up-to-date symlink: /home/yumjunstar/Desktop/YJW/RoboticsProgram/Project/LostChildProject-ROS2_SLAM_Toolbox-Yolov8/install/msg_interface/include/msg_interface/action/a_string.hpp
[1.731s] -- Up-to-date symlink: /home/yumjunstar/Desktop/YJW/RoboticsProgram/Project/LostChildProject-ROS2_SLAM_Toolbox-Yolov8/install/msg_interface/include/msg_interface/action/detail/a_string__builder.hpp
[1.731s] -- Up-to-date symlink: /home/yumjunstar/Desktop/YJW/RoboticsProgram/Project/LostChildProject-ROS2_SLAM_Toolbox-Yolov8/install/msg_interface/include/msg_interface/action/detail/a_string__struct.hpp
[1.731s] -- Up-to-date symlink: /home/yumjunstar/Desktop/YJW/RoboticsProgram/Project/LostChildProject-ROS2_SLAM_Toolbox-Yolov8/install/msg_interface/include/msg_interface/action/detail/a_string__traits.hpp
[1.731s] -- Up-to-date symlink: /home/yumjunstar/Desktop/YJW/RoboticsProgram/Project/LostChildProject-ROS2_SLAM_Toolbox-Yolov8/install/msg_interface/include/msg_interface/msg/arithmetic.hpp
[1.732s] -- Up-to-date symlink: /home/yumjunstar/Desktop/YJW/RoboticsProgram/Project/LostChildProject-ROS2_SLAM_Toolbox-Yolov8/install/msg_interface/include/msg_interface/msg/detail/arithmetic__builder.hpp
[1.732s] -- Up-to-date symlink: /home/yumjunstar/Desktop/YJW/RoboticsProgram/Project/LostChildProject-ROS2_SLAM_Toolbox-Yolov8/install/msg_interface/include/msg_interface/msg/detail/arithmetic__struct.hpp
[1.732s] -- Up-to-date symlink: /home/yumjunstar/Desktop/YJW/RoboticsProgram/Project/LostChildProject-ROS2_SLAM_Toolbox-Yolov8/install/msg_interface/include/msg_interface/msg/detail/arithmetic__traits.hpp
[1.732s] -- Up-to-date symlink: /home/yumjunstar/Desktop/YJW/RoboticsProgram/Project/LostChildProject-ROS2_SLAM_Toolbox-Yolov8/install/msg_interface/include/msg_interface/srv/add_to_queue.hpp
[1.733s] -- Up-to-date symlink: /home/yumjunstar/Desktop/YJW/RoboticsProgram/Project/LostChildProject-ROS2_SLAM_Toolbox-Yolov8/install/msg_interface/include/msg_interface/srv/detail/add_to_queue__builder.hpp
[1.733s] -- Up-to-date symlink: /home/yumjunstar/Desktop/YJW/RoboticsProgram/Project/LostChildProject-ROS2_SLAM_Toolbox-Yolov8/install/msg_interface/include/msg_interface/srv/detail/add_to_queue__struct.hpp
[1.733s] -- Up-to-date symlink: /home/yumjunstar/Desktop/YJW/RoboticsProgram/Project/LostChildProject-ROS2_SLAM_Toolbox-Yolov8/install/msg_interface/include/msg_interface/srv/detail/add_to_queue__traits.hpp
[1.734s] -- Up-to-date symlink: /home/yumjunstar/Desktop/YJW/RoboticsProgram/Project/LostChildProject-ROS2_SLAM_Toolbox-Yolov8/install/msg_interface/include/msg_interface/action/detail/a_string__rosidl_typesupport_introspection_cpp.hpp
[1.734s] -- Up-to-date symlink: /home/yumjunstar/Desktop/YJW/RoboticsProgram/Project/LostChildProject-ROS2_SLAM_Toolbox-Yolov8/install/msg_interface/include/msg_interface/msg/detail/arithmetic__rosidl_typesupport_introspection_cpp.hpp
[1.734s] -- Up-to-date symlink: /home/yumjunstar/Desktop/YJW/RoboticsProgram/Project/LostChildProject-ROS2_SLAM_Toolbox-Yolov8/install/msg_interface/include/msg_interface/srv/detail/add_to_queue__rosidl_typesupport_introspection_cpp.hpp
[1.735s] -- Up-to-date symlink: /home/yumjunstar/Desktop/YJW/RoboticsProgram/Project/LostChildProject-ROS2_SLAM_Toolbox-Yolov8/install/msg_interface/share/msg_interface/environment/pythonpath.sh
[1.735s] -- Up-to-date symlink: /home/yumjunstar/Desktop/YJW/RoboticsProgram/Project/LostChildProject-ROS2_SLAM_Toolbox-Yolov8/install/msg_interface/share/msg_interface/environment/pythonpath.dsv
[1.735s] -- Up-to-date symlink: /home/yumjunstar/Desktop/YJW/RoboticsProgram/Project/LostChildProject-ROS2_SLAM_Toolbox-Yolov8/install/msg_interface/lib/python3.8/site-packages/msg_interface/__init__.py
[1.736s] -- Up-to-date symlink: /home/yumjunstar/Desktop/YJW/RoboticsProgram/Project/LostChildProject-ROS2_SLAM_Toolbox-Yolov8/install/msg_interface/lib/python3.8/site-packages/msg_interface/msg/__init__.py
[1.736s] -- Up-to-date symlink: /home/yumjunstar/Desktop/YJW/RoboticsProgram/Project/LostChildProject-ROS2_SLAM_Toolbox-Yolov8/install/msg_interface/lib/python3.8/site-packages/msg_interface/msg/_arithmetic.py
[1.737s] -- Up-to-date symlink: /home/yumjunstar/Desktop/YJW/RoboticsProgram/Project/LostChildProject-ROS2_SLAM_Toolbox-Yolov8/install/msg_interface/lib/python3.8/site-packages/msg_interface/srv/__init__.py
[1.737s] -- Up-to-date symlink: /home/yumjunstar/Desktop/YJW/RoboticsProgram/Project/LostChildProject-ROS2_SLAM_Toolbox-Yolov8/install/msg_interface/lib/python3.8/site-packages/msg_interface/srv/_add_to_queue.py
[1.738s] -- Up-to-date symlink: /home/yumjunstar/Desktop/YJW/RoboticsProgram/Project/LostChildProject-ROS2_SLAM_Toolbox-Yolov8/install/msg_interface/lib/python3.8/site-packages/msg_interface/action/__init__.py
[1.738s] -- Up-to-date symlink: /home/yumjunstar/Desktop/YJW/RoboticsProgram/Project/LostChildProject-ROS2_SLAM_Toolbox-Yolov8/install/msg_interface/lib/python3.8/site-packages/msg_interface/action/_a_string.py
[1.739s] -- Up-to-date symlink: /home/yumjunstar/Desktop/YJW/RoboticsProgram/Project/LostChildProject-ROS2_SLAM_Toolbox-Yolov8/install/msg_interface/lib/python3.8/site-packages/msg_interface/msg_interface_s__rosidl_typesupport_fastrtps_c.cpython-38-x86_64-linux-gnu.so
[1.739s] -- Up-to-date symlink: /home/yumjunstar/Desktop/YJW/RoboticsProgram/Project/LostChildProject-ROS2_SLAM_Toolbox-Yolov8/install/msg_interface/lib/python3.8/site-packages/msg_interface/msg_interface_s__rosidl_typesupport_introspection_c.cpython-38-x86_64-linux-gnu.so
[1.739s] -- Up-to-date symlink: /home/yumjunstar/Desktop/YJW/RoboticsProgram/Project/LostChildProject-ROS2_SLAM_Toolbox-Yolov8/install/msg_interface/lib/python3.8/site-packages/msg_interface/msg_interface_s__rosidl_typesupport_c.cpython-38-x86_64-linux-gnu.so
[1.740s] -- Up-to-date symlink: /home/yumjunstar/Desktop/YJW/RoboticsProgram/Project/LostChildProject-ROS2_SLAM_Toolbox-Yolov8/install/msg_interface/lib/libmsg_interface__python.so
[1.740s] -- Up-to-date symlink: /home/yumjunstar/Desktop/YJW/RoboticsProgram/Project/LostChildProject-ROS2_SLAM_Toolbox-Yolov8/install/msg_interface/share/msg_interface/msg/Arithmetic.idl
[1.741s] -- Up-to-date symlink: /home/yumjunstar/Desktop/YJW/RoboticsProgram/Project/LostChildProject-ROS2_SLAM_Toolbox-Yolov8/install/msg_interface/share/msg_interface/srv/AddToQueue.idl
[1.741s] -- Up-to-date symlink: /home/yumjunstar/Desktop/YJW/RoboticsProgram/Project/LostChildProject-ROS2_SLAM_Toolbox-Yolov8/install/msg_interface/share/msg_interface/action/AString.idl
[1.741s] -- Up-to-date symlink: /home/yumjunstar/Desktop/YJW/RoboticsProgram/Project/LostChildProject-ROS2_SLAM_Toolbox-Yolov8/install/msg_interface/share/msg_interface/msg/Arithmetic.msg
[1.742s] -- Up-to-date symlink: /home/yumjunstar/Desktop/YJW/RoboticsProgram/Project/LostChildProject-ROS2_SLAM_Toolbox-Yolov8/install/msg_interface/share/msg_interface/srv/AddToQueue.srv
[1.742s] -- Up-to-date symlink: /home/yumjunstar/Desktop/YJW/RoboticsProgram/Project/LostChildProject-ROS2_SLAM_Toolbox-Yolov8/install/msg_interface/share/msg_interface/srv/AddToQueue_Request.msg
[1.742s] -- Up-to-date symlink: /home/yumjunstar/Desktop/YJW/RoboticsProgram/Project/LostChildProject-ROS2_SLAM_Toolbox-Yolov8/install/msg_interface/share/msg_interface/srv/AddToQueue_Response.msg
[1.742s] -- Up-to-date symlink: /home/yumjunstar/Desktop/YJW/RoboticsProgram/Project/LostChildProject-ROS2_SLAM_Toolbox-Yolov8/install/msg_interface/share/msg_interface/action/AString.action
[1.743s] -- Up-to-date symlink: /home/yumjunstar/Desktop/YJW/RoboticsProgram/Project/LostChildProject-ROS2_SLAM_Toolbox-Yolov8/install/msg_interface/share/ament_index/resource_index/package_run_dependencies/msg_interface
[1.743s] -- Up-to-date symlink: /home/yumjunstar/Desktop/YJW/RoboticsProgram/Project/LostChildProject-ROS2_SLAM_Toolbox-Yolov8/install/msg_interface/share/ament_index/resource_index/parent_prefix_path/msg_interface
[1.744s] -- Up-to-date symlink: /home/yumjunstar/Desktop/YJW/RoboticsProgram/Project/LostChildProject-ROS2_SLAM_Toolbox-Yolov8/install/msg_interface/share/msg_interface/environment/ament_prefix_path.sh
[1.745s] -- Up-to-date symlink: /home/yumjunstar/Desktop/YJW/RoboticsProgram/Project/LostChildProject-ROS2_SLAM_Toolbox-Yolov8/install/msg_interface/share/msg_interface/environment/ament_prefix_path.dsv
[1.745s] -- Up-to-date symlink: /home/yumjunstar/Desktop/YJW/RoboticsProgram/Project/LostChildProject-ROS2_SLAM_Toolbox-Yolov8/install/msg_interface/share/msg_interface/environment/path.sh
[1.745s] -- Up-to-date symlink: /home/yumjunstar/Desktop/YJW/RoboticsProgram/Project/LostChildProject-ROS2_SLAM_Toolbox-Yolov8/install/msg_interface/share/msg_interface/environment/path.dsv
[1.746s] -- Up-to-date symlink: /home/yumjunstar/Desktop/YJW/RoboticsProgram/Project/LostChildProject-ROS2_SLAM_Toolbox-Yolov8/install/msg_interface/share/msg_interface/local_setup.bash
[1.746s] -- Up-to-date symlink: /home/yumjunstar/Desktop/YJW/RoboticsProgram/Project/LostChildProject-ROS2_SLAM_Toolbox-Yolov8/install/msg_interface/share/msg_interface/local_setup.sh
[1.746s] -- Up-to-date symlink: /home/yumjunstar/Desktop/YJW/RoboticsProgram/Project/LostChildProject-ROS2_SLAM_Toolbox-Yolov8/install/msg_interface/share/msg_interface/local_setup.zsh
[1.747s] -- Up-to-date symlink: /home/yumjunstar/Desktop/YJW/RoboticsProgram/Project/LostChildProject-ROS2_SLAM_Toolbox-Yolov8/install/msg_interface/share/msg_interface/local_setup.dsv
[1.747s] -- Symlinking: /home/yumjunstar/Desktop/YJW/RoboticsProgram/Project/LostChildProject-ROS2_SLAM_Toolbox-Yolov8/install/msg_interface/share/msg_interface/package.dsv
[1.756s] -- Up-to-date symlink: /home/yumjunstar/Desktop/YJW/RoboticsProgram/Project/LostChildProject-ROS2_SLAM_Toolbox-Yolov8/install/msg_interface/share/ament_index/resource_index/packages/msg_interface
[1.756s] -- Up-to-date symlink: /home/yumjunstar/Desktop/YJW/RoboticsProgram/Project/LostChildProject-ROS2_SLAM_Toolbox-Yolov8/install/msg_interface/share/msg_interface/cmake/rosidl_cmake-extras.cmake
[1.756s] -- Up-to-date symlink: /home/yumjunstar/Desktop/YJW/RoboticsProgram/Project/LostChildProject-ROS2_SLAM_Toolbox-Yolov8/install/msg_interface/share/msg_interface/cmake/ament_cmake_export_dependencies-extras.cmake
[1.756s] -- Up-to-date symlink: /home/yumjunstar/Desktop/YJW/RoboticsProgram/Project/LostChildProject-ROS2_SLAM_Toolbox-Yolov8/install/msg_interface/share/msg_interface/cmake/ament_cmake_export_libraries-extras.cmake
[1.756s] -- Up-to-date symlink: /home/yumjunstar/Desktop/YJW/RoboticsProgram/Project/LostChildProject-ROS2_SLAM_Toolbox-Yolov8/install/msg_interface/share/msg_interface/cmake/ament_cmake_export_targets-extras.cmake
[1.757s] -- Up-to-date symlink: /home/yumjunstar/Desktop/YJW/RoboticsProgram/Project/LostChildProject-ROS2_SLAM_Toolbox-Yolov8/install/msg_interface/share/msg_interface/cmake/ament_cmake_export_include_directories-extras.cmake
[1.757s] -- Up-to-date symlink: /home/yumjunstar/Desktop/YJW/RoboticsProgram/Project/LostChildProject-ROS2_SLAM_Toolbox-Yolov8/install/msg_interface/share/msg_interface/cmake/rosidl_cmake_export_typesupport_libraries-extras.cmake
[1.757s] -- Up-to-date symlink: /home/yumjunstar/Desktop/YJW/RoboticsProgram/Project/LostChildProject-ROS2_SLAM_Toolbox-Yolov8/install/msg_interface/share/msg_interface/cmake/rosidl_cmake_export_typesupport_targets-extras.cmake
[1.757s] -- Up-to-date symlink: /home/yumjunstar/Desktop/YJW/RoboticsProgram/Project/LostChildProject-ROS2_SLAM_Toolbox-Yolov8/install/msg_interface/share/msg_interface/cmake/msg_interfaceConfig.cmake
[1.757s] -- Up-to-date symlink: /home/yumjunstar/Desktop/YJW/RoboticsProgram/Project/LostChildProject-ROS2_SLAM_Toolbox-Yolov8/install/msg_interface/share/msg_interface/cmake/msg_interfaceConfig-version.cmake
[1.757s] -- Up-to-date symlink: /home/yumjunstar/Desktop/YJW/RoboticsProgram/Project/LostChildProject-ROS2_SLAM_Toolbox-Yolov8/install/msg_interface/share/msg_interface/package.xml
[1.757s] -- Up-to-date: /home/yumjunstar/Desktop/YJW/RoboticsProgram/Project/LostChildProject-ROS2_SLAM_Toolbox-Yolov8/install/msg_interface/lib/libmsg_interface__rosidl_generator_c.so
[1.757s] -- Up-to-date: /home/yumjunstar/Desktop/YJW/RoboticsProgram/Project/LostChildProject-ROS2_SLAM_Toolbox-Yolov8/install/msg_interface/lib/libmsg_interface__rosidl_typesupport_introspection_c.so
[1.761s] -- Up-to-date: /home/yumjunstar/Desktop/YJW/RoboticsProgram/Project/LostChildProject-ROS2_SLAM_Toolbox-Yolov8/install/msg_interface/lib/libmsg_interface__rosidl_typesupport_c.so
[1.761s] -- Up-to-date: /home/yumjunstar/Desktop/YJW/RoboticsProgram/Project/LostChildProject-ROS2_SLAM_Toolbox-Yolov8/install/msg_interface/lib/libmsg_interface__rosidl_typesupport_introspection_cpp.so
[1.761s] -- Up-to-date: /home/yumjunstar/Desktop/YJW/RoboticsProgram/Project/LostChildProject-ROS2_SLAM_Toolbox-Yolov8/install/msg_interface/lib/libmsg_interface__rosidl_typesupport_cpp.so
[1.846s] -- Up-to-date: /home/yumjunstar/Desktop/YJW/RoboticsProgram/Project/LostChildProject-ROS2_SLAM_Toolbox-Yolov8/install/msg_interface/share/msg_interface/cmake/msg_interface__rosidl_generator_cExport.cmake
[1.849s] -- Up-to-date: /home/yumjunstar/Desktop/YJW/RoboticsProgram/Project/LostChildProject-ROS2_SLAM_Toolbox-Yolov8/install/msg_interface/share/msg_interface/cmake/msg_interface__rosidl_generator_cExport-noconfig.cmake
[1.849s] -- Up-to-date: /home/yumjunstar/Desktop/YJW/RoboticsProgram/Project/LostChildProject-ROS2_SLAM_Toolbox-Yolov8/install/msg_interface/share/msg_interface/cmake/msg_interface__rosidl_typesupport_introspection_cExport.cmake
[1.849s] -- Up-to-date: /home/yumjunstar/Desktop/YJW/RoboticsProgram/Project/LostChildProject-ROS2_SLAM_Toolbox-Yolov8/install/msg_interface/share/msg_interface/cmake/msg_interface__rosidl_typesupport_introspection_cExport-noconfig.cmake
[1.849s] -- Up-to-date: /home/yumjunstar/Desktop/YJW/RoboticsProgram/Project/LostChildProject-ROS2_SLAM_Toolbox-Yolov8/install/msg_interface/share/msg_interface/cmake/msg_interface__rosidl_typesupport_cExport.cmake
[1.849s] -- Up-to-date: /home/yumjunstar/Desktop/YJW/RoboticsProgram/Project/LostChildProject-ROS2_SLAM_Toolbox-Yolov8/install/msg_interface/share/msg_interface/cmake/msg_interface__rosidl_typesupport_cExport-noconfig.cmake
[1.849s] -- Up-to-date: /home/yumjunstar/Desktop/YJW/RoboticsProgram/Project/LostChildProject-ROS2_SLAM_Toolbox-Yolov8/install/msg_interface/share/msg_interface/cmake/msg_interface__rosidl_generator_cppExport.cmake
[1.850s] -- Up-to-date: /home/yumjunstar/Desktop/YJW/RoboticsProgram/Project/LostChildProject-ROS2_SLAM_Toolbox-Yolov8/install/msg_interface/share/msg_interface/cmake/msg_interface__rosidl_typesupport_introspection_cppExport.cmake
[1.850s] -- Up-to-date: /home/yumjunstar/Desktop/YJW/RoboticsProgram/Project/LostChildProject-ROS2_SLAM_Toolbox-Yolov8/install/msg_interface/share/msg_interface/cmake/msg_interface__rosidl_typesupport_introspection_cppExport-noconfig.cmake
[1.850s] -- Up-to-date: /home/yumjunstar/Desktop/YJW/RoboticsProgram/Project/LostChildProject-ROS2_SLAM_Toolbox-Yolov8/install/msg_interface/share/msg_interface/cmake/msg_interface__rosidl_typesupport_cppExport.cmake
[1.850s] -- Up-to-date: /home/yumjunstar/Desktop/YJW/RoboticsProgram/Project/LostChildProject-ROS2_SLAM_Toolbox-Yolov8/install/msg_interface/share/msg_interface/cmake/msg_interface__rosidl_typesupport_cppExport-noconfig.cmake
[1.862s] Invoked command in '/home/yumjunstar/Desktop/YJW/RoboticsProgram/Project/LostChildProject-ROS2_SLAM_Toolbox-Yolov8/build/msg_interface' returned '0': CMAKE_PREFIX_PATH=${CMAKE_PREFIX_PATH}:/home/yumjunstar/Desktop/YJW/RoboticsProgram/Project/LostChildProject-ROS2_SLAM_Toolbox-Yolov8/install/robot_localization:/home/yumjunstar/Desktop/YJW/RoboticsProgram/Project/LostChildProject-ROS2_SLAM_Toolbox-Yolov8/install/beagle_sub_pub:/home/yumjunstar/Desktop/YJW/RoboticsProgram/Project/LostChildProject-ROS2_SLAM_Toolbox-Yolov8/install/tf_transformations:/home/yumjunstar/Desktop/YJW/RoboticsProgram/Project/LostChildProject-ROS2_SLAM_Toolbox-Yolov8/install/static_tf:/home/yumjunstar/Desktop/YJW/RoboticsProgram/Project/LostChildProject-ROS2_SLAM_Toolbox-Yolov8/install/object_detection:/home/yumjunstar/Desktop/YJW/RoboticsProgram/Project/LostChildProject-ROS2_SLAM_Toolbox-Yolov8/install/motor:/home/yumjunstar/Desktop/YJW/RoboticsProgram/Project/LostChildProject-ROS2_SLAM_Toolbox-Yolov8/install/lidar:/home/yumjunstar/Desktop/YJW/RoboticsProgram/Project/LostChildProject-ROS2_SLAM_Toolbox-Yolov8/install/camera:/opt/ros/foxy /home/yumjunstar/.local/bin/cmake --install /home/yumjunstar/Desktop/YJW/RoboticsProgram/Project/LostChildProject-ROS2_SLAM_Toolbox-Yolov8/build/msg_interface
