[0.476s] Invoking command in '/home/kim/lostchild/src/robot_localization': AMENT_PREFIX_PATH=/home/kim/lostchild/src/install/tf_transformations:${AMENT_PREFIX_PATH} PYTHONPATH=/home/kim/lostchild/src/build/robot_localization/prefix_override:/home/kim/lostchild/src/install/robot_localization/lib/python3.8/site-packages:/home/kim/lostchild/src/install/tf_transformations/lib/python3.8/site-packages:${PYTHONPATH} /usr/bin/python3 setup.py egg_info --egg-base ../build/robot_localization build --build-base /home/kim/lostchild/src/build/robot_localization/build install --record /home/kim/lostchild/src/build/robot_localization/install.log --install-scripts $base/lib/robot_localization --single-version-externally-managed
[0.642s] running egg_info
[0.642s] creating ../build/robot_localization/robot_localization.egg-info
[0.642s] writing ../build/robot_localization/robot_localization.egg-info/PKG-INFO
[0.642s] writing dependency_links to ../build/robot_localization/robot_localization.egg-info/dependency_links.txt
[0.642s] writing entry points to ../build/robot_localization/robot_localization.egg-info/entry_points.txt
[0.642s] writing requirements to ../build/robot_localization/robot_localization.egg-info/requires.txt
[0.642s] writing top-level names to ../build/robot_localization/robot_localization.egg-info/top_level.txt
[0.643s] writing manifest file '../build/robot_localization/robot_localization.egg-info/SOURCES.txt'
[0.667s] reading manifest file '../build/robot_localization/robot_localization.egg-info/SOURCES.txt'
[0.668s] writing manifest file '../build/robot_localization/robot_localization.egg-info/SOURCES.txt'
[0.668s] running build
[0.668s] running build_py
[0.668s] creating /home/kim/lostchild/src/build/robot_localization/build
[0.668s] creating /home/kim/lostchild/src/build/robot_localization/build/lib
[0.668s] creating /home/kim/lostchild/src/build/robot_localization/build/lib/robot_localization
[0.668s] copying robot_localization/__init__.py -> /home/kim/lostchild/src/build/robot_localization/build/lib/robot_localization
[0.668s] copying robot_localization/Odometry.py -> /home/kim/lostchild/src/build/robot_localization/build/lib/robot_localization
[0.668s] copying robot_localization/Pulse_publisher.py -> /home/kim/lostchild/src/build/robot_localization/build/lib/robot_localization
[0.668s] copying robot_localization/IMU_publisher.py -> /home/kim/lostchild/src/build/robot_localization/build/lib/robot_localization
[0.669s] running install
[0.669s] running install_lib
[0.669s] creating /home/kim/lostchild/src/install/robot_localization/lib/python3.8/site-packages/robot_localization
[0.669s] copying /home/kim/lostchild/src/build/robot_localization/build/lib/robot_localization/__init__.py -> /home/kim/lostchild/src/install/robot_localization/lib/python3.8/site-packages/robot_localization
[0.670s] copying /home/kim/lostchild/src/build/robot_localization/build/lib/robot_localization/Odometry.py -> /home/kim/lostchild/src/install/robot_localization/lib/python3.8/site-packages/robot_localization
[0.670s] copying /home/kim/lostchild/src/build/robot_localization/build/lib/robot_localization/Pulse_publisher.py -> /home/kim/lostchild/src/install/robot_localization/lib/python3.8/site-packages/robot_localization
[0.670s] copying /home/kim/lostchild/src/build/robot_localization/build/lib/robot_localization/IMU_publisher.py -> /home/kim/lostchild/src/install/robot_localization/lib/python3.8/site-packages/robot_localization
[0.670s] byte-compiling /home/kim/lostchild/src/install/robot_localization/lib/python3.8/site-packages/robot_localization/__init__.py to __init__.cpython-38.pyc
[0.671s] byte-compiling /home/kim/lostchild/src/install/robot_localization/lib/python3.8/site-packages/robot_localization/Odometry.py to Odometry.cpython-38.pyc
[0.671s] byte-compiling /home/kim/lostchild/src/install/robot_localization/lib/python3.8/site-packages/robot_localization/Pulse_publisher.py to Pulse_publisher.cpython-38.pyc
[0.672s] byte-compiling /home/kim/lostchild/src/install/robot_localization/lib/python3.8/site-packages/robot_localization/IMU_publisher.py to IMU_publisher.cpython-38.pyc
[0.672s] running install_data
[0.672s] creating /home/kim/lostchild/src/install/robot_localization/share/ament_index
[0.672s] creating /home/kim/lostchild/src/install/robot_localization/share/ament_index/resource_index
[0.672s] creating /home/kim/lostchild/src/install/robot_localization/share/ament_index/resource_index/packages
[0.672s] copying resource/robot_localization -> /home/kim/lostchild/src/install/robot_localization/share/ament_index/resource_index/packages
[0.673s] copying package.xml -> /home/kim/lostchild/src/install/robot_localization/share/robot_localization
[0.673s] running install_egg_info
[0.674s] Copying ../build/robot_localization/robot_localization.egg-info to /home/kim/lostchild/src/install/robot_localization/lib/python3.8/site-packages/robot_localization-0.0.0-py3.8.egg-info
[0.674s] running install_scripts
[0.685s] Installing robot_localization script to /home/kim/lostchild/src/install/robot_localization/lib/robot_localization
[0.686s] writing list of installed files to '/home/kim/lostchild/src/build/robot_localization/install.log'
[0.701s] Invoked command in '/home/kim/lostchild/src/robot_localization' returned '0': AMENT_PREFIX_PATH=/home/kim/lostchild/src/install/tf_transformations:${AMENT_PREFIX_PATH} PYTHONPATH=/home/kim/lostchild/src/build/robot_localization/prefix_override:/home/kim/lostchild/src/install/robot_localization/lib/python3.8/site-packages:/home/kim/lostchild/src/install/tf_transformations/lib/python3.8/site-packages:${PYTHONPATH} /usr/bin/python3 setup.py egg_info --egg-base ../build/robot_localization build --build-base /home/kim/lostchild/src/build/robot_localization/build install --record /home/kim/lostchild/src/build/robot_localization/install.log --install-scripts $base/lib/robot_localization --single-version-externally-managed
