running egg_info
creating ../build/static_tf/static_tf.egg-info
writing ../build/static_tf/static_tf.egg-info/PKG-INFO
writing dependency_links to ../build/static_tf/static_tf.egg-info/dependency_links.txt
writing entry points to ../build/static_tf/static_tf.egg-info/entry_points.txt
writing requirements to ../build/static_tf/static_tf.egg-info/requires.txt
writing top-level names to ../build/static_tf/static_tf.egg-info/top_level.txt
writing manifest file '../build/static_tf/static_tf.egg-info/SOURCES.txt'
reading manifest file '../build/static_tf/static_tf.egg-info/SOURCES.txt'
writing manifest file '../build/static_tf/static_tf.egg-info/SOURCES.txt'
running build
running build_py
creating /home/kim/lostchild/src/build/static_tf/build
creating /home/kim/lostchild/src/build/static_tf/build/lib
creating /home/kim/lostchild/src/build/static_tf/build/lib/static_tf
copying static_tf/__init__.py -> /home/kim/lostchild/src/build/static_tf/build/lib/static_tf
running install
running install_lib
creating /home/kim/lostchild/src/install/static_tf/lib/python3.8/site-packages/static_tf
copying /home/kim/lostchild/src/build/static_tf/build/lib/static_tf/__init__.py -> /home/kim/lostchild/src/install/static_tf/lib/python3.8/site-packages/static_tf
byte-compiling /home/kim/lostchild/src/install/static_tf/lib/python3.8/site-packages/static_tf/__init__.py to __init__.cpython-38.pyc
running install_data
creating /home/kim/lostchild/src/install/static_tf/share/ament_index
creating /home/kim/lostchild/src/install/static_tf/share/ament_index/resource_index
creating /home/kim/lostchild/src/install/static_tf/share/ament_index/resource_index/packages
copying resource/static_tf -> /home/kim/lostchild/src/install/static_tf/share/ament_index/resource_index/packages
copying package.xml -> /home/kim/lostchild/src/install/static_tf/share/static_tf
running install_egg_info
Copying ../build/static_tf/static_tf.egg-info to /home/kim/lostchild/src/install/static_tf/lib/python3.8/site-packages/static_tf-0.0.0-py3.8.egg-info
running install_scripts
writing list of installed files to '/home/kim/lostchild/src/build/static_tf/install.log'
