[0.850s] Invoking command in '/home/kim/lostchild/src/static_tf': PYTHONPATH=/home/kim/lostchild/src/build/static_tf/prefix_override:/home/kim/lostchild/src/install/static_tf/lib/python3.8/site-packages:${PYTHONPATH} /usr/bin/python3 setup.py egg_info --egg-base ../build/static_tf build --build-base /home/kim/lostchild/src/build/static_tf/build install --record /home/kim/lostchild/src/build/static_tf/install.log --install-scripts $base/lib/static_tf --single-version-externally-managed
[1.025s] running egg_info
[1.025s] creating ../build/static_tf/static_tf.egg-info
[1.025s] writing ../build/static_tf/static_tf.egg-info/PKG-INFO
[1.026s] writing dependency_links to ../build/static_tf/static_tf.egg-info/dependency_links.txt
[1.026s] writing entry points to ../build/static_tf/static_tf.egg-info/entry_points.txt
[1.026s] writing requirements to ../build/static_tf/static_tf.egg-info/requires.txt
[1.026s] writing top-level names to ../build/static_tf/static_tf.egg-info/top_level.txt
[1.027s] writing manifest file '../build/static_tf/static_tf.egg-info/SOURCES.txt'
[1.051s] reading manifest file '../build/static_tf/static_tf.egg-info/SOURCES.txt'
[1.052s] writing manifest file '../build/static_tf/static_tf.egg-info/SOURCES.txt'
[1.052s] running build
[1.052s] running build_py
[1.052s] creating /home/kim/lostchild/src/build/static_tf/build
[1.052s] creating /home/kim/lostchild/src/build/static_tf/build/lib
[1.052s] creating /home/kim/lostchild/src/build/static_tf/build/lib/static_tf
[1.052s] copying static_tf/__init__.py -> /home/kim/lostchild/src/build/static_tf/build/lib/static_tf
[1.052s] running install
[1.053s] running install_lib
[1.053s] creating /home/kim/lostchild/src/install/static_tf/lib/python3.8/site-packages/static_tf
[1.053s] copying /home/kim/lostchild/src/build/static_tf/build/lib/static_tf/__init__.py -> /home/kim/lostchild/src/install/static_tf/lib/python3.8/site-packages/static_tf
[1.053s] byte-compiling /home/kim/lostchild/src/install/static_tf/lib/python3.8/site-packages/static_tf/__init__.py to __init__.cpython-38.pyc
[1.054s] running install_data
[1.054s] creating /home/kim/lostchild/src/install/static_tf/share/ament_index
[1.055s] creating /home/kim/lostchild/src/install/static_tf/share/ament_index/resource_index
[1.055s] creating /home/kim/lostchild/src/install/static_tf/share/ament_index/resource_index/packages
[1.055s] copying resource/static_tf -> /home/kim/lostchild/src/install/static_tf/share/ament_index/resource_index/packages
[1.055s] copying package.xml -> /home/kim/lostchild/src/install/static_tf/share/static_tf
[1.055s] running install_egg_info
[1.056s] Copying ../build/static_tf/static_tf.egg-info to /home/kim/lostchild/src/install/static_tf/lib/python3.8/site-packages/static_tf-0.0.0-py3.8.egg-info
[1.057s] running install_scripts
[1.068s] writing list of installed files to '/home/kim/lostchild/src/build/static_tf/install.log'
[1.113s] Invoked command in '/home/kim/lostchild/src/static_tf' returned '0': PYTHONPATH=/home/kim/lostchild/src/build/static_tf/prefix_override:/home/kim/lostchild/src/install/static_tf/lib/python3.8/site-packages:${PYTHONPATH} /usr/bin/python3 setup.py egg_info --egg-base ../build/static_tf build --build-base /home/kim/lostchild/src/build/static_tf/build install --record /home/kim/lostchild/src/build/static_tf/install.log --install-scripts $base/lib/static_tf --single-version-externally-managed
