running develop
running egg_info
creating beagle_sub_pub.egg-info
writing beagle_sub_pub.egg-info/PKG-INFO
writing dependency_links to beagle_sub_pub.egg-info/dependency_links.txt
writing entry points to beagle_sub_pub.egg-info/entry_points.txt
writing requirements to beagle_sub_pub.egg-info/requires.txt
writing top-level names to beagle_sub_pub.egg-info/top_level.txt
writing manifest file 'beagle_sub_pub.egg-info/SOURCES.txt'
reading manifest file 'beagle_sub_pub.egg-info/SOURCES.txt'
writing manifest file 'beagle_sub_pub.egg-info/SOURCES.txt'
running build_ext
Creating /home/yumjunstar/Desktop/YJW/RoboticsProgram/Project/LostChildProject-ROS2_SLAM_Toolbox-Yolov8/install/beagle_sub_pub/lib/python3.8/site-packages/site.py
Creating /home/yumjunstar/Desktop/YJW/RoboticsProgram/Project/LostChildProject-ROS2_SLAM_Toolbox-Yolov8/install/beagle_sub_pub/lib/python3.8/site-packages/beagle-sub-pub.egg-link (link to .)

Installed /home/yumjunstar/Desktop/YJW/RoboticsProgram/Project/LostChildProject-ROS2_SLAM_Toolbox-Yolov8/build/beagle_sub_pub
running install_data
creating /home/yumjunstar/Desktop/YJW/RoboticsProgram/Project/LostChildProject-ROS2_SLAM_Toolbox-Yolov8/install/beagle_sub_pub/share/ament_index
creating /home/yumjunstar/Desktop/YJW/RoboticsProgram/Project/LostChildProject-ROS2_SLAM_Toolbox-Yolov8/install/beagle_sub_pub/share/ament_index/resource_index
creating /home/yumjunstar/Desktop/YJW/RoboticsProgram/Project/LostChildProject-ROS2_SLAM_Toolbox-Yolov8/install/beagle_sub_pub/share/ament_index/resource_index/packages
copying resource/beagle_sub_pub -> /home/yumjunstar/Desktop/YJW/RoboticsProgram/Project/LostChildProject-ROS2_SLAM_Toolbox-Yolov8/install/beagle_sub_pub/share/ament_index/resource_index/packages
copying package.xml -> /home/yumjunstar/Desktop/YJW/RoboticsProgram/Project/LostChildProject-ROS2_SLAM_Toolbox-Yolov8/install/beagle_sub_pub/share/beagle_sub_pub
