[6.175s] Invoking command in '/home/yumjunstar/Desktop/YJW/RoboticsProgram/Project/LostChildProject-ROS2_SLAM_Toolbox-Yolov8/build/tf_transformations': PYTHONPATH=/home/yumjunstar/Desktop/YJW/RoboticsProgram/Project/LostChildProject-ROS2_SLAM_Toolbox-Yolov8/build/tf_transformations/prefix_override:/home/yumjunstar/Desktop/YJW/RoboticsProgram/Project/LostChildProject-ROS2_SLAM_Toolbox-Yolov8/install/tf_transformations/lib/python3.8/site-packages:${PYTHONPATH} /usr/bin/python3 setup.py develop --editable --build-directory /home/yumjunstar/Desktop/YJW/RoboticsProgram/Project/LostChildProject-ROS2_SLAM_Toolbox-Yolov8/build/tf_transformations/build --no-deps install_data
[7.752s] running develop
[8.944s] running egg_info
[8.945s] creating tf_transformations.egg-info
[8.945s] writing tf_transformations.egg-info/PKG-INFO
[8.945s] writing dependency_links to tf_transformations.egg-info/dependency_links.txt
[8.945s] writing requirements to tf_transformations.egg-info/requires.txt
[8.946s] writing top-level names to tf_transformations.egg-info/top_level.txt
[8.946s] writing manifest file 'tf_transformations.egg-info/SOURCES.txt'
[9.141s] reading manifest file 'tf_transformations.egg-info/SOURCES.txt'
[9.146s] writing manifest file 'tf_transformations.egg-info/SOURCES.txt'
[9.333s] running build_ext
[9.333s] Creating /home/yumjunstar/Desktop/YJW/RoboticsProgram/Project/LostChildProject-ROS2_SLAM_Toolbox-Yolov8/install/tf_transformations/lib/python3.8/site-packages/site.py
[9.340s] Creating /home/yumjunstar/Desktop/YJW/RoboticsProgram/Project/LostChildProject-ROS2_SLAM_Toolbox-Yolov8/install/tf_transformations/lib/python3.8/site-packages/tf-transformations.egg-link (link to .)
[9.341s] 
[9.342s] Installed /home/yumjunstar/Desktop/YJW/RoboticsProgram/Project/LostChildProject-ROS2_SLAM_Toolbox-Yolov8/build/tf_transformations
[9.343s] running install_data
[9.347s] creating /home/yumjunstar/Desktop/YJW/RoboticsProgram/Project/LostChildProject-ROS2_SLAM_Toolbox-Yolov8/install/tf_transformations/share/ament_index
[9.348s] creating /home/yumjunstar/Desktop/YJW/RoboticsProgram/Project/LostChildProject-ROS2_SLAM_Toolbox-Yolov8/install/tf_transformations/share/ament_index/resource_index
[9.349s] creating /home/yumjunstar/Desktop/YJW/RoboticsProgram/Project/LostChildProject-ROS2_SLAM_Toolbox-Yolov8/install/tf_transformations/share/ament_index/resource_index/packages
[9.349s] copying resource/tf_transformations -> /home/yumjunstar/Desktop/YJW/RoboticsProgram/Project/LostChildProject-ROS2_SLAM_Toolbox-Yolov8/install/tf_transformations/share/ament_index/resource_index/packages
[9.350s] copying package.xml -> /home/yumjunstar/Desktop/YJW/RoboticsProgram/Project/LostChildProject-ROS2_SLAM_Toolbox-Yolov8/install/tf_transformations/share/tf_transformations
[9.627s] Invoked command in '/home/yumjunstar/Desktop/YJW/RoboticsProgram/Project/LostChildProject-ROS2_SLAM_Toolbox-Yolov8/build/tf_transformations' returned '0': PYTHONPATH=/home/yumjunstar/Desktop/YJW/RoboticsProgram/Project/LostChildProject-ROS2_SLAM_Toolbox-Yolov8/build/tf_transformations/prefix_override:/home/yumjunstar/Desktop/YJW/RoboticsProgram/Project/LostChildProject-ROS2_SLAM_Toolbox-Yolov8/install/tf_transformations/lib/python3.8/site-packages:${PYTHONPATH} /usr/bin/python3 setup.py develop --editable --build-directory /home/yumjunstar/Desktop/YJW/RoboticsProgram/Project/LostChildProject-ROS2_SLAM_Toolbox-Yolov8/build/tf_transformations/build --no-deps install_data
