[ 50%] [32mBuilding CXX object CMakeFiles/keyboard_publisher.dir/src/keyboard_control.cpp.o[0m
[100%] [32m[1mLinking CXX executable keyboard_publisher[0m
[100%] Built target keyboard_publisher
-- Install configuration: ""
-- Execute custom install script
-- Up-to-date symlink: /home/yumjunstar/Desktop/YJW/RoboticsProgram/Project/LostChildProject-ROS2_SLAM_Toolbox-Yolov8/install/keyboard_control/lib/keyboard_control/keyboard_publisher
-- Up-to-date symlink: /home/yumjunstar/Desktop/YJW/RoboticsProgram/Project/LostChildProject-ROS2_SLAM_Toolbox-Yolov8/install/keyboard_control/share/ament_index/resource_index/package_run_dependencies/keyboard_control
-- Up-to-date symlink: /home/yumjunstar/Desktop/YJW/RoboticsProgram/Project/LostChildProject-ROS2_SLAM_Toolbox-Yolov8/install/keyboard_control/share/ament_index/resource_index/parent_prefix_path/keyboard_control
-- Up-to-date symlink: /home/yumjunstar/Desktop/YJW/RoboticsProgram/Project/LostChildProject-ROS2_SLAM_Toolbox-Yolov8/install/keyboard_control/share/keyboard_control/environment/ament_prefix_path.sh
-- Up-to-date symlink: /home/yumjunstar/Desktop/YJW/RoboticsProgram/Project/LostChildProject-ROS2_SLAM_Toolbox-Yolov8/install/keyboard_control/share/keyboard_control/environment/ament_prefix_path.dsv
-- Up-to-date symlink: /home/yumjunstar/Desktop/YJW/RoboticsProgram/Project/LostChildProject-ROS2_SLAM_Toolbox-Yolov8/install/keyboard_control/share/keyboard_control/environment/path.sh
-- Up-to-date symlink: /home/yumjunstar/Desktop/YJW/RoboticsProgram/Project/LostChildProject-ROS2_SLAM_Toolbox-Yolov8/install/keyboard_control/share/keyboard_control/environment/path.dsv
-- Up-to-date symlink: /home/yumjunstar/Desktop/YJW/RoboticsProgram/Project/LostChildProject-ROS2_SLAM_Toolbox-Yolov8/install/keyboard_control/share/keyboard_control/local_setup.bash
-- Up-to-date symlink: /home/yumjunstar/Desktop/YJW/RoboticsProgram/Project/LostChildProject-ROS2_SLAM_Toolbox-Yolov8/install/keyboard_control/share/keyboard_control/local_setup.sh
-- Up-to-date symlink: /home/yumjunstar/Desktop/YJW/RoboticsProgram/Project/LostChildProject-ROS2_SLAM_Toolbox-Yolov8/install/keyboard_control/share/keyboard_control/local_setup.zsh
-- Up-to-date symlink: /home/yumjunstar/Desktop/YJW/RoboticsProgram/Project/LostChildProject-ROS2_SLAM_Toolbox-Yolov8/install/keyboard_control/share/keyboard_control/local_setup.dsv
-- Symlinking: /home/yumjunstar/Desktop/YJW/RoboticsProgram/Project/LostChildProject-ROS2_SLAM_Toolbox-Yolov8/install/keyboard_control/share/keyboard_control/package.dsv
-- Up-to-date symlink: /home/yumjunstar/Desktop/YJW/RoboticsProgram/Project/LostChildProject-ROS2_SLAM_Toolbox-Yolov8/install/keyboard_control/share/ament_index/resource_index/packages/keyboard_control
-- Up-to-date symlink: /home/yumjunstar/Desktop/YJW/RoboticsProgram/Project/LostChildProject-ROS2_SLAM_Toolbox-Yolov8/install/keyboard_control/share/keyboard_control/cmake/keyboard_controlConfig.cmake
-- Up-to-date symlink: /home/yumjunstar/Desktop/YJW/RoboticsProgram/Project/LostChildProject-ROS2_SLAM_Toolbox-Yolov8/install/keyboard_control/share/keyboard_control/cmake/keyboard_controlConfig-version.cmake
-- Up-to-date symlink: /home/yumjunstar/Desktop/YJW/RoboticsProgram/Project/LostChildProject-ROS2_SLAM_Toolbox-Yolov8/install/keyboard_control/share/keyboard_control/package.xml
